<?xml version="1.0" encoding="UTF-8"?>
<coverage generated="1714970095909" clover="3.2.0">
  <project timestamp="1714970095909" name="All files">
    <metrics statements="1062" coveredstatements="906" conditionals="526" coveredconditionals="391" methods="149" coveredmethods="106" elements="1737" coveredelements="1403" complexity="0" loc="1062" ncloc="1062" packages="7" files="15" classes="15"/>
    <package name="src">
      <metrics statements="189" coveredstatements="144" conditionals="84" coveredconditionals="54" methods="26" coveredmethods="17"/>
      <file name="Tree.ts" path="/home/runner/work/sonic-forest/sonic-forest/src/Tree.ts">
        <metrics statements="42" coveredstatements="18" conditionals="22" coveredconditionals="3" methods="13" coveredmethods="5"/>
        <line num="2" count="2" type="stmt"/>
        <line num="3" count="2" type="stmt"/>
        <line num="4" count="2" type="stmt"/>
        <line num="5" count="2" type="stmt"/>
        <line num="6" count="2" type="stmt"/>
        <line num="7" count="26" type="stmt"/>
        <line num="10" count="2" type="stmt"/>
        <line num="11" count="2" type="stmt"/>
        <line num="12" count="2" type="stmt"/>
        <line num="15" count="6" type="stmt"/>
        <line num="16" count="6" type="stmt"/>
        <line num="17" count="6" type="stmt"/>
        <line num="18" count="6" type="stmt"/>
        <line num="24" count="0" type="stmt"/>
        <line num="25" count="0" type="stmt"/>
        <line num="26" count="0" type="stmt"/>
        <line num="29" count="3" type="stmt"/>
        <line num="30" count="3" type="cond" truecount="1" falsecount="1"/>
        <line num="33" count="11" type="stmt"/>
        <line num="34" count="11" type="cond" truecount="1" falsecount="1"/>
        <line num="37" count="0" type="stmt"/>
        <line num="40" count="0" type="stmt"/>
        <line num="41" count="0" type="cond" truecount="0" falsecount="2"/>
        <line num="42" count="0" type="stmt"/>
        <line num="43" count="0" type="stmt"/>
        <line num="44" count="0" type="stmt"/>
        <line num="45" count="0" type="stmt"/>
        <line num="48" count="0" type="stmt"/>
        <line num="51" count="0" type="stmt"/>
        <line num="52" count="0" type="stmt"/>
        <line num="53" count="0" type="stmt"/>
        <line num="54" count="0" type="cond" truecount="0" falsecount="2"/>
        <line num="55" count="0" type="stmt"/>
        <line num="56" count="0" type="cond" truecount="0" falsecount="2"/>
        <line num="60" count="0" type="cond" truecount="0" falsecount="2"/>
        <line num="63" count="0" type="cond" truecount="0" falsecount="4"/>
        <line num="64" count="0" type="cond" truecount="0" falsecount="2"/>
        <line num="65" count="0" type="stmt"/>
        <line num="66" count="0" type="cond" truecount="0" falsecount="2"/>
        <line num="67" count="0" type="stmt"/>
        <line num="68" count="0" type="stmt"/>
        <line num="71" count="2" type="stmt"/>
      </file>
      <file name="TreeNode.ts" path="/home/runner/work/sonic-forest/sonic-forest/src/TreeNode.ts">
        <metrics statements="8" coveredstatements="8" conditionals="0" coveredconditionals="0" methods="1" coveredmethods="1"/>
        <line num="2" count="2" type="stmt"/>
        <line num="3" count="2" type="stmt"/>
        <line num="6" count="45" type="stmt"/>
        <line num="7" count="45" type="stmt"/>
        <line num="8" count="45" type="stmt"/>
        <line num="9" count="45" type="stmt"/>
        <line num="10" count="45" type="stmt"/>
        <line num="13" count="2" type="stmt"/>
      </file>
      <file name="util.ts" path="/home/runner/work/sonic-forest/sonic-forest/src/util.ts">
        <metrics statements="139" coveredstatements="118" conditionals="62" coveredconditionals="51" methods="12" coveredmethods="11"/>
        <line num="2" count="10" type="stmt"/>
        <line num="3" count="10" type="stmt"/>
        <line num="4" count="10" type="stmt"/>
        <line num="5" count="1234" type="stmt"/>
        <line num="6" count="1234" type="stmt"/>
        <line num="7" count="5741" type="cond" truecount="2" falsecount="0"/>
        <line num="8" count="4535" type="stmt"/>
        <line num="10" count="1206" type="stmt"/>
        <line num="11" count="28" type="stmt"/>
        <line num="13" count="10" type="stmt"/>
        <line num="14" count="10" type="stmt"/>
        <line num="15" count="7" type="stmt"/>
        <line num="16" count="7" type="stmt"/>
        <line num="17" count="11" type="cond" truecount="2" falsecount="0"/>
        <line num="18" count="4" type="stmt"/>
        <line num="20" count="7" type="stmt"/>
        <line num="21" count="0" type="stmt"/>
        <line num="23" count="10" type="stmt"/>
        <line num="24" count="10" type="stmt"/>
        <line num="25" count="50379" type="cond" truecount="2" falsecount="0"/>
        <line num="26" count="24938" type="stmt"/>
        <line num="27" count="24938" type="stmt"/>
        <line num="28" count="19712" type="stmt"/>
        <line num="29" count="24938" type="stmt"/>
        <line num="31" count="25441" type="stmt"/>
        <line num="32" count="25441" type="cond" truecount="2" falsecount="0"/>
        <line num="33" count="24938" type="stmt"/>
        <line num="34" count="24938" type="stmt"/>
        <line num="36" count="25441" type="stmt"/>
        <line num="38" count="10" type="stmt"/>
        <line num="39" count="10" type="stmt"/>
        <line num="40" count="0" type="cond" truecount="0" falsecount="2"/>
        <line num="41" count="0" type="stmt"/>
        <line num="42" count="0" type="stmt"/>
        <line num="43" count="0" type="stmt"/>
        <line num="44" count="0" type="stmt"/>
        <line num="46" count="0" type="stmt"/>
        <line num="47" count="0" type="cond" truecount="0" falsecount="2"/>
        <line num="48" count="0" type="stmt"/>
        <line num="49" count="0" type="stmt"/>
        <line num="51" count="0" type="stmt"/>
        <line num="53" count="10" type="stmt"/>
        <line num="54" count="10" type="stmt"/>
        <line num="55" count="602" type="stmt"/>
        <line num="56" count="602" type="stmt"/>
        <line num="57" count="602" type="cond" truecount="4" falsecount="0"/>
        <line num="59" count="10" type="stmt"/>
        <line num="60" count="58" type="cond" truecount="2" falsecount="0"/>
        <line num="62" count="10" type="stmt"/>
        <line num="63" count="10" type="stmt"/>
        <line num="64" count="2218" type="stmt"/>
        <line num="65" count="2218" type="stmt"/>
        <line num="66" count="14551" type="stmt"/>
        <line num="67" count="14551" type="cond" truecount="2" falsecount="0"/>
        <line num="68" count="2202" type="stmt"/>
        <line num="69" count="12349" type="cond" truecount="2" falsecount="0"/>
        <line num="71" count="16" type="stmt"/>
        <line num="73" count="10" type="stmt"/>
        <line num="74" count="10" type="stmt"/>
        <line num="75" count="110" type="stmt"/>
        <line num="76" count="110" type="stmt"/>
        <line num="77" count="110" type="stmt"/>
        <line num="78" count="172" type="stmt"/>
        <line num="79" count="172" type="cond" truecount="2" falsecount="0"/>
        <line num="80" count="10" type="stmt"/>
        <line num="81" count="162" type="cond" truecount="2" falsecount="0"/>
        <line num="82" count="53" type="stmt"/>
        <line num="84" count="109" type="stmt"/>
        <line num="85" count="109" type="stmt"/>
        <line num="86" count="109" type="cond" truecount="2" falsecount="0"/>
        <line num="87" count="60" type="stmt"/>
        <line num="88" count="49" type="stmt"/>
        <line num="91" count="40" type="stmt"/>
        <line num="93" count="10" type="stmt"/>
        <line num="94" count="10" type="stmt"/>
        <line num="95" count="42" type="stmt"/>
        <line num="96" count="42" type="stmt"/>
        <line num="97" count="42" type="stmt"/>
        <line num="98" count="42" type="cond" truecount="1" falsecount="1"/>
        <line num="99" count="0" type="stmt"/>
        <line num="101" count="10" type="stmt"/>
        <line num="102" count="10" type="stmt"/>
        <line num="103" count="25" type="stmt"/>
        <line num="104" count="25" type="stmt"/>
        <line num="105" count="25" type="stmt"/>
        <line num="106" count="25" type="cond" truecount="1" falsecount="1"/>
        <line num="107" count="0" type="stmt"/>
        <line num="109" count="10" type="stmt"/>
        <line num="110" count="10" type="stmt"/>
        <line num="111" count="41" type="cond" truecount="2" falsecount="0"/>
        <line num="112" count="12" type="stmt"/>
        <line num="113" count="29" type="stmt"/>
        <line num="114" count="29" type="stmt"/>
        <line num="115" count="29" type="stmt"/>
        <line num="116" count="50" type="stmt"/>
        <line num="117" count="50" type="cond" truecount="2" falsecount="0"/>
        <line num="119" count="50" type="cond" truecount="2" falsecount="0"/>
        <line num="120" count="29" type="cond" truecount="2" falsecount="0"/>
        <line num="121" count="10" type="stmt"/>
        <line num="123" count="19" type="stmt"/>
        <line num="124" count="29" type="stmt"/>
        <line num="127" count="21" type="stmt"/>
        <line num="129" count="29" type="stmt"/>
        <line num="131" count="10" type="stmt"/>
        <line num="132" count="10" type="stmt"/>
        <line num="133" count="9" type="stmt"/>
        <line num="134" count="9" type="stmt"/>
        <line num="135" count="9" type="stmt"/>
        <line num="136" count="9" type="stmt"/>
        <line num="137" count="9" type="cond" truecount="4" falsecount="0"/>
        <line num="138" count="4" type="cond" truecount="2" falsecount="0"/>
        <line num="139" count="3" type="stmt"/>
        <line num="140" count="1" type="cond" truecount="1" falsecount="1"/>
        <line num="141" count="1" type="stmt"/>
        <line num="143" count="0" type="stmt"/>
        <line num="144" count="1" type="stmt"/>
        <line num="146" count="5" type="cond" truecount="4" falsecount="0"/>
        <line num="147" count="2" type="stmt"/>
        <line num="148" count="2" type="stmt"/>
        <line num="149" count="0" type="stmt"/>
        <line num="150" count="2" type="stmt"/>
        <line num="151" count="2" type="stmt"/>
        <line num="152" count="2" type="cond" truecount="1" falsecount="1"/>
        <line num="153" count="2" type="stmt"/>
        <line num="154" count="2" type="stmt"/>
        <line num="156" count="0" type="cond" truecount="0" falsecount="2"/>
        <line num="157" count="0" type="stmt"/>
        <line num="159" count="0" type="stmt"/>
        <line num="160" count="0" type="stmt"/>
        <line num="161" count="0" type="stmt"/>
        <line num="163" count="3" type="cond" truecount="2" falsecount="0"/>
        <line num="164" count="3" type="stmt"/>
        <line num="165" count="3" type="cond" truecount="2" falsecount="0"/>
        <line num="166" count="2" type="stmt"/>
        <line num="167" count="1" type="cond" truecount="1" falsecount="1"/>
        <line num="168" count="1" type="stmt"/>
        <line num="170" count="0" type="stmt"/>
        <line num="171" count="1" type="stmt"/>
        <line num="173" count="10" type="stmt"/>
      </file>
    </package>
    <package name="src.avl">
      <metrics statements="386" coveredstatements="354" conditionals="214" coveredconditionals="185" methods="71" coveredmethods="53"/>
      <file name="AvlBstNumNumMap.ts" path="/home/runner/work/sonic-forest/sonic-forest/src/avl/AvlBstNumNumMap.ts">
        <metrics statements="48" coveredstatements="43" conditionals="16" coveredconditionals="10" methods="12" coveredmethods="8"/>
        <line num="2" count="1" type="stmt"/>
        <line num="3" count="1" type="stmt"/>
        <line num="4" count="1" type="stmt"/>
        <line num="5" count="1" type="stmt"/>
        <line num="6" count="1" type="stmt"/>
        <line num="9" count="5" type="stmt"/>
        <line num="10" count="5" type="stmt"/>
        <line num="11" count="5" type="stmt"/>
        <line num="12" count="5" type="stmt"/>
        <line num="13" count="5" type="stmt"/>
        <line num="14" count="5" type="stmt"/>
        <line num="17" count="1" type="stmt"/>
        <line num="18" count="12" type="stmt"/>
        <line num="21" count="1" type="stmt"/>
        <line num="24" count="1" type="stmt"/>
        <line num="25" count="1" type="stmt"/>
        <line num="26" count="1" type="stmt"/>
        <line num="29" count="6" type="stmt"/>
        <line num="30" count="6" type="cond" truecount="2" falsecount="0"/>
        <line num="31" count="1" type="stmt"/>
        <line num="32" count="5" type="stmt"/>
        <line num="33" count="5" type="stmt"/>
        <line num="34" count="5" type="stmt"/>
        <line num="35" count="9" type="stmt"/>
        <line num="36" count="9" type="stmt"/>
        <line num="37" count="9" type="cond" truecount="2" falsecount="0"/>
        <line num="38" count="1" type="stmt"/>
        <line num="40" count="4" type="stmt"/>
        <line num="41" count="4" type="cond" truecount="1" falsecount="1"/>
        <line num="42" count="4" type="stmt"/>
        <line num="45" count="1" type="stmt"/>
        <line num="46" count="1" type="stmt"/>
        <line num="47" count="3" type="stmt"/>
        <line num="48" count="3" type="cond" truecount="2" falsecount="0"/>
        <line num="49" count="1" type="stmt"/>
        <line num="50" count="2" type="cond" truecount="1" falsecount="1"/>
        <line num="52" count="0" type="stmt"/>
        <line num="55" count="1" type="stmt"/>
        <line num="58" count="0" type="stmt"/>
        <line num="61" count="0" type="cond" truecount="0" falsecount="2"/>
        <line num="64" count="1" type="stmt"/>
        <line num="65" count="1" type="cond" truecount="1" falsecount="1"/>
        <line num="66" count="0" type="stmt"/>
        <line num="67" count="1" type="stmt"/>
        <line num="68" count="1" type="stmt"/>
        <line num="69" count="5" type="stmt"/>
        <line num="73" count="0" type="stmt"/>
        <line num="76" count="1" type="stmt"/>
      </file>
      <file name="AvlMap.ts" path="/home/runner/work/sonic-forest/sonic-forest/src/avl/AvlMap.ts">
        <metrics statements="79" coveredstatements="64" conditionals="28" coveredconditionals="19" methods="23" coveredmethods="15"/>
        <line num="2" count="1" type="stmt"/>
        <line num="3" count="1" type="stmt"/>
        <line num="4" count="1" type="stmt"/>
        <line num="5" count="1" type="stmt"/>
        <line num="6" count="1" type="stmt"/>
        <line num="9" count="17" type="stmt"/>
        <line num="10" count="17" type="stmt"/>
        <line num="11" count="17" type="stmt"/>
        <line num="12" count="17" type="stmt"/>
        <line num="13" count="17" type="stmt"/>
        <line num="14" count="17" type="stmt"/>
        <line num="17" count="1" type="stmt"/>
        <line num="18" count="24" type="cond" truecount="3" falsecount="1"/>
        <line num="21" count="8" type="stmt"/>
        <line num="22" count="8" type="stmt"/>
        <line num="23" count="8" type="stmt"/>
        <line num="24" count="8" type="cond" truecount="2" falsecount="0"/>
        <line num="27" count="5" type="stmt"/>
        <line num="28" count="5" type="stmt"/>
        <line num="29" count="5" type="stmt"/>
        <line num="30" count="5" type="stmt"/>
        <line num="33" count="18" type="stmt"/>
        <line num="34" count="18" type="cond" truecount="2" falsecount="0"/>
        <line num="35" count="5" type="stmt"/>
        <line num="36" count="13" type="stmt"/>
        <line num="37" count="13" type="stmt"/>
        <line num="38" count="13" type="stmt"/>
        <line num="39" count="13" type="stmt"/>
        <line num="40" count="21" type="stmt"/>
        <line num="41" count="21" type="stmt"/>
        <line num="42" count="21" type="cond" truecount="2" falsecount="0"/>
        <line num="43" count="1" type="stmt"/>
        <line num="45" count="12" type="stmt"/>
        <line num="46" count="12" type="stmt"/>
        <line num="48" count="12" type="stmt"/>
        <line num="49" count="12" type="stmt"/>
        <line num="52" count="1" type="stmt"/>
        <line num="53" count="1" type="stmt"/>
        <line num="54" count="1" type="stmt"/>
        <line num="55" count="3" type="stmt"/>
        <line num="56" count="3" type="cond" truecount="2" falsecount="0"/>
        <line num="57" count="1" type="stmt"/>
        <line num="58" count="2" type="cond" truecount="1" falsecount="1"/>
        <line num="60" count="0" type="stmt"/>
        <line num="63" count="1" type="stmt"/>
        <line num="66" count="0" type="stmt"/>
        <line num="67" count="0" type="cond" truecount="0" falsecount="2"/>
        <line num="68" count="0" type="stmt"/>
        <line num="69" count="0" type="stmt"/>
        <line num="70" count="0" type="stmt"/>
        <line num="71" count="0" type="stmt"/>
        <line num="74" count="0" type="stmt"/>
        <line num="75" count="0" type="stmt"/>
        <line num="78" count="0" type="stmt"/>
        <line num="81" count="0" type="stmt"/>
        <line num="84" count="0" type="stmt"/>
        <line num="87" count="0" type="cond" truecount="0" falsecount="2"/>
        <line num="90" count="1" type="stmt"/>
        <line num="91" count="1" type="cond" truecount="1" falsecount="1"/>
        <line num="92" count="0" type="stmt"/>
        <line num="93" count="1" type="stmt"/>
        <line num="94" count="5" type="stmt"/>
        <line num="98" count="8" type="stmt"/>
        <line num="99" count="8" type="cond" truecount="2" falsecount="0"/>
        <line num="102" count="5" type="stmt"/>
        <line num="103" count="5" type="stmt"/>
        <line num="104" count="14" type="cond" truecount="2" falsecount="0"/>
        <line num="105" count="5" type="stmt"/>
        <line num="106" count="9" type="stmt"/>
        <line num="107" count="9" type="stmt"/>
        <line num="108" count="9" type="stmt"/>
        <line num="112" count="3" type="stmt"/>
        <line num="113" count="3" type="stmt"/>
        <line num="115" count="9" type="stmt"/>
        <line num="116" count="9" type="stmt"/>
        <line num="117" count="9" type="stmt"/>
        <line num="122" count="1" type="stmt"/>
        <line num="125" count="0" type="stmt"/>
        <line num="128" count="1" type="stmt"/>
      </file>
      <file name="AvlSet.ts" path="/home/runner/work/sonic-forest/sonic-forest/src/avl/AvlSet.ts">
        <metrics statements="79" coveredstatements="69" conditionals="30" coveredconditionals="23" methods="22" coveredmethods="16"/>
        <line num="2" count="1" type="stmt"/>
        <line num="3" count="1" type="stmt"/>
        <line num="4" count="1" type="stmt"/>
        <line num="5" count="1" type="stmt"/>
        <line num="6" count="1" type="stmt"/>
        <line num="9" count="22" type="stmt"/>
        <line num="10" count="22" type="stmt"/>
        <line num="11" count="22" type="stmt"/>
        <line num="12" count="22" type="stmt"/>
        <line num="13" count="22" type="stmt"/>
        <line num="14" count="22" type="stmt"/>
        <line num="17" count="1" type="stmt"/>
        <line num="18" count="42" type="cond" truecount="4" falsecount="0"/>
        <line num="21" count="10" type="stmt"/>
        <line num="22" count="10" type="stmt"/>
        <line num="23" count="10" type="cond" truecount="2" falsecount="0"/>
        <line num="26" count="7" type="stmt"/>
        <line num="27" count="7" type="stmt"/>
        <line num="28" count="7" type="stmt"/>
        <line num="31" count="23" type="stmt"/>
        <line num="32" count="23" type="cond" truecount="2" falsecount="0"/>
        <line num="33" count="7" type="stmt"/>
        <line num="34" count="16" type="stmt"/>
        <line num="35" count="16" type="stmt"/>
        <line num="36" count="16" type="stmt"/>
        <line num="37" count="16" type="stmt"/>
        <line num="38" count="24" type="stmt"/>
        <line num="39" count="24" type="stmt"/>
        <line num="40" count="24" type="cond" truecount="2" falsecount="0"/>
        <line num="41" count="1" type="stmt"/>
        <line num="43" count="15" type="stmt"/>
        <line num="44" count="15" type="stmt"/>
        <line num="46" count="15" type="stmt"/>
        <line num="49" count="25" type="stmt"/>
        <line num="50" count="25" type="stmt"/>
        <line num="51" count="25" type="stmt"/>
        <line num="52" count="28" type="stmt"/>
        <line num="53" count="28" type="cond" truecount="2" falsecount="0"/>
        <line num="54" count="16" type="stmt"/>
        <line num="55" count="12" type="cond" truecount="2" falsecount="0"/>
        <line num="57" count="9" type="stmt"/>
        <line num="60" count="4" type="stmt"/>
        <line num="61" count="4" type="cond" truecount="1" falsecount="1"/>
        <line num="62" count="0" type="stmt"/>
        <line num="63" count="4" type="stmt"/>
        <line num="66" count="0" type="stmt"/>
        <line num="69" count="21" type="stmt"/>
        <line num="72" count="8" type="stmt"/>
        <line num="73" count="8" type="cond" truecount="2" falsecount="0"/>
        <line num="74" count="2" type="stmt"/>
        <line num="75" count="6" type="stmt"/>
        <line num="76" count="6" type="stmt"/>
        <line num="77" count="6" type="stmt"/>
        <line num="78" count="5" type="stmt"/>
        <line num="79" count="6" type="stmt"/>
        <line num="82" count="0" type="stmt"/>
        <line num="85" count="0" type="cond" truecount="0" falsecount="2"/>
        <line num="88" count="0" type="stmt"/>
        <line num="89" count="0" type="cond" truecount="0" falsecount="2"/>
        <line num="90" count="0" type="stmt"/>
        <line num="91" count="0" type="stmt"/>
        <line num="92" count="0" type="stmt"/>
        <line num="96" count="7" type="stmt"/>
        <line num="97" count="7" type="cond" truecount="2" falsecount="0"/>
        <line num="100" count="5" type="stmt"/>
        <line num="101" count="5" type="stmt"/>
        <line num="102" count="14" type="cond" truecount="2" falsecount="0"/>
        <line num="103" count="5" type="stmt"/>
        <line num="104" count="9" type="stmt"/>
        <line num="105" count="9" type="stmt"/>
        <line num="106" count="9" type="stmt"/>
        <line num="110" count="3" type="stmt"/>
        <line num="111" count="3" type="stmt"/>
        <line num="113" count="9" type="stmt"/>
        <line num="114" count="9" type="stmt"/>
        <line num="115" count="9" type="stmt"/>
        <line num="120" count="1" type="stmt"/>
        <line num="123" count="0" type="stmt"/>
        <line num="126" count="1" type="stmt"/>
      </file>
      <file name="util.ts" path="/home/runner/work/sonic-forest/sonic-forest/src/avl/util.ts">
        <metrics statements="180" coveredstatements="178" conditionals="140" coveredconditionals="133" methods="14" coveredmethods="14"/>
        <line num="2" count="4" type="stmt"/>
        <line num="3" count="4" type="stmt"/>
        <line num="4" count="4" type="stmt"/>
        <line num="5" count="4" type="stmt"/>
        <line num="6" count="4" type="stmt"/>
        <line num="7" count="2485" type="stmt"/>
        <line num="8" count="2485" type="cond" truecount="2" falsecount="0"/>
        <line num="9" count="164" type="stmt"/>
        <line num="10" count="2321" type="stmt"/>
        <line num="11" count="2321" type="stmt"/>
        <line num="12" count="2321" type="cond" truecount="2" falsecount="0"/>
        <line num="13" count="632" type="stmt"/>
        <line num="15" count="1689" type="stmt"/>
        <line num="16" count="2321" type="cond" truecount="4" falsecount="0"/>
        <line num="18" count="217" type="stmt"/>
        <line num="21" count="1162" type="stmt"/>
        <line num="23" count="942" type="stmt"/>
        <line num="24" count="942" type="cond" truecount="2" falsecount="0"/>
        <line num="25" count="194" type="cond" truecount="2" falsecount="0"/>
        <line num="26" count="125" type="cond" truecount="2" falsecount="0"/>
        <line num="28" count="69" type="cond" truecount="2" falsecount="0"/>
        <line num="31" count="748" type="cond" truecount="2" falsecount="0"/>
        <line num="32" count="72" type="cond" truecount="2" falsecount="0"/>
        <line num="34" count="676" type="cond" truecount="2" falsecount="0"/>
        <line num="39" count="4" type="stmt"/>
        <line num="40" count="338" type="stmt"/>
        <line num="41" count="338" type="stmt"/>
        <line num="42" count="338" type="stmt"/>
        <line num="43" count="338" type="stmt"/>
        <line num="44" count="338" type="stmt"/>
        <line num="45" count="338" type="stmt"/>
        <line num="46" count="338" type="cond" truecount="2" falsecount="0"/>
        <line num="47" count="338" type="cond" truecount="4" falsecount="0"/>
        <line num="48" count="338" type="stmt"/>
        <line num="49" count="338" type="stmt"/>
        <line num="50" count="338" type="cond" truecount="2" falsecount="0"/>
        <line num="51" count="338" type="cond" truecount="2" falsecount="0"/>
        <line num="52" count="338" type="stmt"/>
        <line num="53" count="338" type="stmt"/>
        <line num="55" count="4" type="stmt"/>
        <line num="56" count="896" type="stmt"/>
        <line num="57" count="896" type="stmt"/>
        <line num="58" count="896" type="stmt"/>
        <line num="59" count="896" type="stmt"/>
        <line num="60" count="896" type="stmt"/>
        <line num="61" count="896" type="stmt"/>
        <line num="62" count="896" type="cond" truecount="2" falsecount="0"/>
        <line num="63" count="896" type="cond" truecount="4" falsecount="0"/>
        <line num="64" count="896" type="stmt"/>
        <line num="65" count="896" type="stmt"/>
        <line num="66" count="896" type="cond" truecount="2" falsecount="0"/>
        <line num="67" count="896" type="cond" truecount="2" falsecount="0"/>
        <line num="68" count="896" type="stmt"/>
        <line num="69" count="896" type="stmt"/>
        <line num="71" count="4" type="stmt"/>
        <line num="72" count="88" type="stmt"/>
        <line num="73" count="88" type="stmt"/>
        <line num="75" count="4" type="stmt"/>
        <line num="76" count="97" type="stmt"/>
        <line num="77" count="97" type="stmt"/>
        <line num="79" count="4" type="stmt"/>
        <line num="80" count="1017" type="stmt"/>
        <line num="81" count="1017" type="stmt"/>
        <line num="82" count="1017" type="stmt"/>
        <line num="83" count="1017" type="cond" truecount="2" falsecount="0"/>
        <line num="85" count="4" type="stmt"/>
        <line num="86" count="4" type="stmt"/>
        <line num="87" count="405" type="stmt"/>
        <line num="88" count="405" type="stmt"/>
        <line num="89" count="405" type="stmt"/>
        <line num="90" count="405" type="cond" truecount="2" falsecount="0"/>
        <line num="92" count="4" type="stmt"/>
        <line num="93" count="4" type="stmt"/>
        <line num="94" count="1447" type="cond" truecount="2" falsecount="0"/>
        <line num="95" count="56" type="stmt"/>
        <line num="96" count="1391" type="stmt"/>
        <line num="97" count="1391" type="stmt"/>
        <line num="98" count="1391" type="stmt"/>
        <line num="99" count="1391" type="stmt"/>
        <line num="100" count="1391" type="cond" truecount="2" falsecount="0"/>
        <line num="101" count="6573" type="stmt"/>
        <line num="102" count="1391" type="cond" truecount="2" falsecount="0"/>
        <line num="104" count="4" type="stmt"/>
        <line num="105" count="4" type="stmt"/>
        <line num="106" count="605" type="cond" truecount="1" falsecount="1"/>
        <line num="107" count="0" type="stmt"/>
        <line num="108" count="605" type="stmt"/>
        <line num="109" count="605" type="stmt"/>
        <line num="110" count="605" type="stmt"/>
        <line num="111" count="605" type="stmt"/>
        <line num="112" count="605" type="cond" truecount="4" falsecount="0"/>
        <line num="113" count="214" type="stmt"/>
        <line num="114" count="214" type="cond" truecount="2" falsecount="0"/>
        <line num="115" count="96" type="cond" truecount="4" falsecount="0"/>
        <line num="116" count="96" type="stmt"/>
        <line num="117" count="96" type="stmt"/>
        <line num="118" count="96" type="stmt"/>
        <line num="119" count="96" type="stmt"/>
        <line num="120" count="96" type="cond" truecount="2" falsecount="0"/>
        <line num="121" count="81" type="stmt"/>
        <line num="122" count="15" type="stmt"/>
        <line num="123" count="15" type="stmt"/>
        <line num="124" count="15" type="cond" truecount="2" falsecount="0"/>
        <line num="125" count="9" type="stmt"/>
        <line num="126" count="6" type="stmt"/>
        <line num="127" count="6" type="cond" truecount="2" falsecount="0"/>
        <line num="130" count="118" type="stmt"/>
        <line num="131" count="118" type="stmt"/>
        <line num="132" count="118" type="stmt"/>
        <line num="133" count="197" type="stmt"/>
        <line num="134" count="118" type="stmt"/>
        <line num="135" count="118" type="stmt"/>
        <line num="136" count="118" type="stmt"/>
        <line num="137" count="118" type="cond" truecount="4" falsecount="0"/>
        <line num="138" count="118" type="stmt"/>
        <line num="139" count="118" type="stmt"/>
        <line num="140" count="118" type="stmt"/>
        <line num="141" count="118" type="cond" truecount="2" falsecount="0"/>
        <line num="142" count="118" type="stmt"/>
        <line num="143" count="118" type="cond" truecount="3" falsecount="1"/>
        <line num="144" count="118" type="cond" truecount="2" falsecount="0"/>
        <line num="145" count="118" type="cond" truecount="2" falsecount="0"/>
        <line num="148" count="391" type="cond" truecount="2" falsecount="0"/>
        <line num="149" count="391" type="cond" truecount="2" falsecount="0"/>
        <line num="150" count="391" type="cond" truecount="2" falsecount="0"/>
        <line num="151" count="33" type="stmt"/>
        <line num="152" count="358" type="cond" truecount="2" falsecount="0"/>
        <line num="154" count="4" type="stmt"/>
        <line num="155" count="4" type="stmt"/>
        <line num="156" count="432" type="stmt"/>
        <line num="157" count="432" type="stmt"/>
        <line num="158" count="432" type="stmt"/>
        <line num="159" count="432" type="stmt"/>
        <line num="160" count="432" type="cond" truecount="2" falsecount="0"/>
        <line num="161" count="245" type="stmt"/>
        <line num="162" count="187" type="cond" truecount="2" falsecount="0"/>
        <line num="163" count="54" type="stmt"/>
        <line num="164" count="54" type="cond" truecount="2" falsecount="0"/>
        <line num="165" count="31" type="cond" truecount="4" falsecount="0"/>
        <line num="166" count="12" type="stmt"/>
        <line num="167" count="31" type="stmt"/>
        <line num="168" count="31" type="stmt"/>
        <line num="171" count="23" type="stmt"/>
        <line num="172" count="23" type="stmt"/>
        <line num="173" count="23" type="stmt"/>
        <line num="176" count="187" type="stmt"/>
        <line num="177" count="187" type="cond" truecount="2" falsecount="0"/>
        <line num="178" count="34" type="stmt"/>
        <line num="179" count="153" type="cond" truecount="2" falsecount="0"/>
        <line num="181" count="4" type="stmt"/>
        <line num="182" count="479" type="stmt"/>
        <line num="183" count="479" type="stmt"/>
        <line num="184" count="479" type="stmt"/>
        <line num="185" count="479" type="stmt"/>
        <line num="186" count="479" type="cond" truecount="2" falsecount="0"/>
        <line num="187" count="237" type="stmt"/>
        <line num="188" count="242" type="cond" truecount="2" falsecount="0"/>
        <line num="189" count="47" type="stmt"/>
        <line num="190" count="47" type="cond" truecount="2" falsecount="0"/>
        <line num="191" count="28" type="cond" truecount="4" falsecount="0"/>
        <line num="192" count="11" type="stmt"/>
        <line num="193" count="28" type="stmt"/>
        <line num="194" count="28" type="stmt"/>
        <line num="197" count="19" type="stmt"/>
        <line num="198" count="19" type="stmt"/>
        <line num="199" count="19" type="stmt"/>
        <line num="202" count="242" type="stmt"/>
        <line num="203" count="242" type="cond" truecount="2" falsecount="0"/>
        <line num="204" count="41" type="stmt"/>
        <line num="205" count="201" type="cond" truecount="2" falsecount="0"/>
        <line num="207" count="4" type="cond" truecount="1" falsecount="0"/>
        <line num="208" count="20329" type="cond" truecount="1" falsecount="1"/>
        <line num="209" count="0" type="stmt"/>
        <line num="210" count="20329" type="stmt"/>
        <line num="211" count="20329" type="cond" truecount="3" falsecount="2"/>
        <line num="216" count="20329" type="cond" truecount="1" falsecount="1"/>
        <line num="217" count="20329" type="cond" truecount="2" falsecount="0"/>
        <line num="218" count="20329" type="stmt"/>
        <line num="221" count="10051" type="cond" truecount="4" falsecount="0"/>
        <line num="223" count="4" type="stmt"/>
      </file>
    </package>
    <package name="src.print">
      <metrics statements="6" coveredstatements="6" conditionals="0" coveredconditionals="0" methods="0" coveredmethods="0"/>
      <file name="printBinary.ts" path="/home/runner/work/sonic-forest/sonic-forest/src/print/printBinary.ts">
        <metrics statements="3" coveredstatements="3" conditionals="0" coveredconditionals="0" methods="0" coveredmethods="0"/>
        <line num="2" count="6" type="stmt"/>
        <line num="3" count="6" type="stmt"/>
        <line num="4" count="6" type="stmt"/>
      </file>
      <file name="printTree.ts" path="/home/runner/work/sonic-forest/sonic-forest/src/print/printTree.ts">
        <metrics statements="3" coveredstatements="3" conditionals="0" coveredconditionals="0" methods="0" coveredmethods="0"/>
        <line num="2" count="6" type="stmt"/>
        <line num="3" count="6" type="stmt"/>
        <line num="4" count="6" type="stmt"/>
      </file>
    </package>
    <package name="src.radix">
      <metrics statements="173" coveredstatements="154" conditionals="88" coveredconditionals="62" methods="17" coveredmethods="12"/>
      <file name="RadixTree.ts" path="/home/runner/work/sonic-forest/sonic-forest/src/radix/RadixTree.ts">
        <metrics statements="14" coveredstatements="14" conditionals="4" coveredconditionals="4" methods="4" coveredmethods="4"/>
        <line num="2" count="1" type="stmt"/>
        <line num="3" count="1" type="stmt"/>
        <line num="4" count="1" type="stmt"/>
        <line num="5" count="1" type="stmt"/>
        <line num="8" count="19" type="stmt"/>
        <line num="9" count="19" type="stmt"/>
        <line num="12" count="54" type="stmt"/>
        <line num="15" count="29" type="stmt"/>
        <line num="16" count="29" type="cond" truecount="2" falsecount="0"/>
        <line num="19" count="11" type="stmt"/>
        <line num="20" count="11" type="cond" truecount="2" falsecount="0"/>
        <line num="21" count="8" type="stmt"/>
        <line num="22" count="11" type="stmt"/>
        <line num="25" count="1" type="stmt"/>
      </file>
      <file name="radix.ts" path="/home/runner/work/sonic-forest/sonic-forest/src/radix/radix.ts">
        <metrics statements="159" coveredstatements="140" conditionals="84" coveredconditionals="58" methods="13" coveredmethods="8"/>
        <line num="2" count="2" type="stmt"/>
        <line num="3" count="2" type="stmt"/>
        <line num="4" count="2" type="stmt"/>
        <line num="5" count="2" type="stmt"/>
        <line num="6" count="2" type="stmt"/>
        <line num="7" count="2" type="stmt"/>
        <line num="8" count="2" type="stmt"/>
        <line num="9" count="62" type="stmt"/>
        <line num="10" count="62" type="stmt"/>
        <line num="11" count="62" type="cond" truecount="2" falsecount="0"/>
        <line num="13" count="62" type="stmt"/>
        <line num="21" count="2" type="stmt"/>
        <line num="22" count="78" type="stmt"/>
        <line num="23" count="78" type="stmt"/>
        <line num="24" count="78" type="stmt"/>
        <line num="25" count="128" type="stmt"/>
        <line num="26" count="128" type="cond" truecount="2" falsecount="0"/>
        <line num="27" count="31" type="stmt"/>
        <line num="28" count="31" type="stmt"/>
        <line num="30" count="97" type="stmt"/>
        <line num="31" count="97" type="stmt"/>
        <line num="32" count="97" type="stmt"/>
        <line num="33" count="97" type="stmt"/>
        <line num="34" count="142" type="stmt"/>
        <line num="35" count="142" type="stmt"/>
        <line num="36" count="142" type="cond" truecount="2" falsecount="0"/>
        <line num="37" count="62" type="stmt"/>
        <line num="38" count="62" type="stmt"/>
        <line num="39" count="62" type="stmt"/>
        <line num="40" count="62" type="cond" truecount="2" falsecount="0"/>
        <line num="41" count="62" type="cond" truecount="2" falsecount="0"/>
        <line num="42" count="6" type="stmt"/>
        <line num="43" count="6" type="stmt"/>
        <line num="45" count="56" type="cond" truecount="2" falsecount="0"/>
        <line num="46" count="41" type="stmt"/>
        <line num="47" count="41" type="stmt"/>
        <line num="48" count="41" type="stmt"/>
        <line num="50" count="15" type="cond" truecount="2" falsecount="0"/>
        <line num="51" count="6" type="stmt"/>
        <line num="52" count="6" type="stmt"/>
        <line num="53" count="6" type="stmt"/>
        <line num="54" count="6" type="stmt"/>
        <line num="55" count="6" type="stmt"/>
        <line num="56" count="6" type="stmt"/>
        <line num="58" count="9" type="cond" truecount="1" falsecount="1"/>
        <line num="59" count="9" type="stmt"/>
        <line num="60" count="9" type="stmt"/>
        <line num="61" count="9" type="stmt"/>
        <line num="62" count="9" type="stmt"/>
        <line num="63" count="9" type="stmt"/>
        <line num="64" count="9" type="stmt"/>
        <line num="65" count="9" type="stmt"/>
        <line num="66" count="9" type="stmt"/>
        <line num="69" count="80" type="stmt"/>
        <line num="70" count="80" type="cond" truecount="2" falsecount="0"/>
        <line num="71" count="28" type="stmt"/>
        <line num="73" count="52" type="stmt"/>
        <line num="75" count="35" type="cond" truecount="1" falsecount="1"/>
        <line num="76" count="35" type="stmt"/>
        <line num="77" count="35" type="cond" truecount="2" falsecount="0"/>
        <line num="78" count="14" type="stmt"/>
        <line num="80" count="21" type="stmt"/>
        <line num="81" count="35" type="stmt"/>
        <line num="83" count="0" type="stmt"/>
        <line num="85" count="0" type="stmt"/>
        <line num="87" count="2" type="stmt"/>
        <line num="89" count="2" type="stmt"/>
        <line num="90" count="29" type="cond" truecount="1" falsecount="1"/>
        <line num="91" count="0" type="stmt"/>
        <line num="92" count="29" type="stmt"/>
        <line num="93" count="29" type="stmt"/>
        <line num="94" count="29" type="stmt"/>
        <line num="96" count="89" type="cond" truecount="2" falsecount="0"/>
        <line num="97" count="58" type="cond" truecount="2" falsecount="0"/>
        <line num="98" count="3" type="stmt"/>
        <line num="99" count="55" type="stmt"/>
        <line num="100" count="55" type="stmt"/>
        <line num="101" count="55" type="stmt"/>
        <line num="102" count="55" type="stmt"/>
        <line num="103" count="55" type="cond" truecount="2" falsecount="0"/>
        <line num="105" count="55" type="cond" truecount="2" falsecount="0"/>
        <line num="106" count="1" type="stmt"/>
        <line num="107" count="54" type="stmt"/>
        <line num="108" count="54" type="cond" truecount="2" falsecount="0"/>
        <line num="109" count="25" type="stmt"/>
        <line num="110" count="29" type="cond" truecount="1" falsecount="1"/>
        <line num="111" count="0" type="stmt"/>
        <line num="112" count="29" type="stmt"/>
        <line num="114" count="0" type="stmt"/>
        <line num="116" count="2" type="stmt"/>
        <line num="118" count="2" type="stmt"/>
        <line num="119" count="11" type="cond" truecount="1" falsecount="1"/>
        <line num="120" count="0" type="stmt"/>
        <line num="121" count="11" type="stmt"/>
        <line num="122" count="11" type="stmt"/>
        <line num="123" count="11" type="stmt"/>
        <line num="124" count="11" type="stmt"/>
        <line num="125" count="48" type="cond" truecount="2" falsecount="0"/>
        <line num="126" count="31" type="cond" truecount="2" falsecount="0"/>
        <line num="127" count="1" type="stmt"/>
        <line num="128" count="30" type="stmt"/>
        <line num="129" count="30" type="stmt"/>
        <line num="130" count="30" type="stmt"/>
        <line num="131" count="30" type="stmt"/>
        <line num="132" count="30" type="cond" truecount="2" falsecount="0"/>
        <line num="134" count="30" type="cond" truecount="2" falsecount="0"/>
        <line num="135" count="1" type="stmt"/>
        <line num="136" count="29" type="stmt"/>
        <line num="137" count="29" type="cond" truecount="1" falsecount="1"/>
        <line num="138" count="0" type="stmt"/>
        <line num="139" count="29" type="stmt"/>
        <line num="140" count="29" type="cond" truecount="2" falsecount="0"/>
        <line num="141" count="9" type="stmt"/>
        <line num="142" count="20" type="stmt"/>
        <line num="144" count="0" type="stmt"/>
        <line num="146" count="2" type="stmt"/>
        <line num="147" count="2" type="stmt"/>
        <line num="148" count="11" type="cond" truecount="1" falsecount="1"/>
        <line num="149" count="0" type="stmt"/>
        <line num="150" count="0" type="stmt"/>
        <line num="151" count="0" type="stmt"/>
        <line num="153" count="11" type="stmt"/>
        <line num="154" count="11" type="cond" truecount="2" falsecount="0"/>
        <line num="155" count="2" type="stmt"/>
        <line num="156" count="9" type="stmt"/>
        <line num="157" count="9" type="stmt"/>
        <line num="158" count="9" type="stmt"/>
        <line num="159" count="9" type="stmt"/>
        <line num="160" count="9" type="stmt"/>
        <line num="161" count="9" type="stmt"/>
        <line num="162" count="16" type="stmt"/>
        <line num="163" count="16" type="stmt"/>
        <line num="164" count="16" type="cond" truecount="4" falsecount="0"/>
        <line num="165" count="8" type="stmt"/>
        <line num="166" count="8" type="stmt"/>
        <line num="168" count="9" type="stmt"/>
        <line num="170" count="2" type="stmt"/>
        <line num="171" count="2" type="cond" truecount="2" falsecount="0"/>
        <line num="172" count="48" type="cond" truecount="1" falsecount="1"/>
        <line num="173" count="0" type="stmt"/>
        <line num="174" count="48" type="stmt"/>
        <line num="175" count="48" type="cond" truecount="2" falsecount="0"/>
        <line num="176" count="36" type="stmt"/>
        <line num="177" count="48" type="stmt"/>
        <line num="178" count="48" type="cond" truecount="2" falsecount="0"/>
        <line num="179" count="28" type="stmt"/>
        <line num="180" count="20" type="stmt"/>
        <line num="181" count="38" type="stmt"/>
        <line num="183" count="20" type="stmt"/>
        <line num="185" count="2" type="stmt"/>
        <line num="186" count="2" type="cond" truecount="0" falsecount="1"/>
        <line num="187" count="0" type="cond" truecount="0" falsecount="3"/>
        <line num="188" count="0" type="cond" truecount="0" falsecount="4"/>
        <line num="197" count="0" type="stmt"/>
        <line num="198" count="0" type="stmt"/>
        <line num="199" count="0" type="cond" truecount="0" falsecount="2"/>
        <line num="201" count="0" type="cond" truecount="0" falsecount="2"/>
        <line num="202" count="0" type="stmt"/>
        <line num="205" count="2" type="stmt"/>
      </file>
    </package>
    <package name="src.red-black">
      <metrics statements="158" coveredstatements="144" conditionals="89" coveredconditionals="69" methods="24" coveredmethods="16"/>
      <file name="RbMap.ts" path="/home/runner/work/sonic-forest/sonic-forest/src/red-black/RbMap.ts">
        <metrics statements="51" coveredstatements="46" conditionals="22" coveredconditionals="15" methods="12" coveredmethods="8"/>
        <line num="2" count="1" type="stmt"/>
        <line num="3" count="1" type="stmt"/>
        <line num="4" count="1" type="stmt"/>
        <line num="5" count="1" type="stmt"/>
        <line num="6" count="1" type="stmt"/>
        <line num="9" count="5" type="stmt"/>
        <line num="10" count="5" type="stmt"/>
        <line num="11" count="5" type="stmt"/>
        <line num="12" count="5" type="stmt"/>
        <line num="13" count="5" type="stmt"/>
        <line num="14" count="5" type="stmt"/>
        <line num="17" count="1" type="stmt"/>
        <line num="18" count="12" type="cond" truecount="3" falsecount="1"/>
        <line num="21" count="1" type="stmt"/>
        <line num="22" count="1" type="cond" truecount="2" falsecount="0"/>
        <line num="25" count="1" type="stmt"/>
        <line num="26" count="1" type="stmt"/>
        <line num="27" count="1" type="stmt"/>
        <line num="30" count="6" type="stmt"/>
        <line num="31" count="6" type="cond" truecount="2" falsecount="0"/>
        <line num="32" count="1" type="stmt"/>
        <line num="33" count="5" type="stmt"/>
        <line num="34" count="5" type="stmt"/>
        <line num="35" count="5" type="stmt"/>
        <line num="36" count="5" type="stmt"/>
        <line num="37" count="9" type="stmt"/>
        <line num="38" count="9" type="stmt"/>
        <line num="39" count="9" type="cond" truecount="2" falsecount="0"/>
        <line num="40" count="1" type="stmt"/>
        <line num="42" count="4" type="stmt"/>
        <line num="43" count="4" type="stmt"/>
        <line num="45" count="4" type="stmt"/>
        <line num="48" count="1" type="stmt"/>
        <line num="49" count="1" type="stmt"/>
        <line num="50" count="1" type="stmt"/>
        <line num="51" count="3" type="stmt"/>
        <line num="52" count="3" type="cond" truecount="2" falsecount="0"/>
        <line num="53" count="1" type="stmt"/>
        <line num="54" count="2" type="cond" truecount="1" falsecount="1"/>
        <line num="56" count="0" type="stmt"/>
        <line num="59" count="1" type="stmt"/>
        <line num="62" count="0" type="stmt"/>
        <line num="65" count="0" type="cond" truecount="0" falsecount="2"/>
        <line num="68" count="1" type="stmt"/>
        <line num="69" count="1" type="cond" truecount="1" falsecount="1"/>
        <line num="70" count="0" type="stmt"/>
        <line num="71" count="1" type="stmt"/>
        <line num="72" count="1" type="stmt"/>
        <line num="73" count="5" type="stmt"/>
        <line num="77" count="0" type="stmt"/>
        <line num="80" count="1" type="stmt"/>
      </file>
      <file name="util.ts" path="/home/runner/work/sonic-forest/sonic-forest/src/red-black/util.ts">
        <metrics statements="107" coveredstatements="98" conditionals="67" coveredconditionals="54" methods="12" coveredmethods="8"/>
        <line num="2" count="2" type="stmt"/>
        <line num="3" count="2" type="stmt"/>
        <line num="4" count="2" type="stmt"/>
        <line num="5" count="2" type="stmt"/>
        <line num="6" count="2" type="stmt"/>
        <line num="7" count="395" type="cond" truecount="2" falsecount="0"/>
        <line num="8" count="8" type="stmt"/>
        <line num="9" count="387" type="stmt"/>
        <line num="10" count="387" type="stmt"/>
        <line num="11" count="387" type="stmt"/>
        <line num="12" count="387" type="stmt"/>
        <line num="13" count="387" type="cond" truecount="2" falsecount="0"/>
        <line num="14" count="2347" type="stmt"/>
        <line num="15" count="387" type="cond" truecount="2" falsecount="0"/>
        <line num="17" count="2" type="stmt"/>
        <line num="18" count="2" type="stmt"/>
        <line num="19" count="195" type="stmt"/>
        <line num="20" count="195" type="stmt"/>
        <line num="21" count="195" type="stmt"/>
        <line num="22" count="195" type="cond" truecount="4" falsecount="0"/>
        <line num="23" count="31" type="stmt"/>
        <line num="24" count="164" type="stmt"/>
        <line num="25" count="164" type="cond" truecount="2" falsecount="0"/>
        <line num="27" count="2" type="stmt"/>
        <line num="28" count="2" type="stmt"/>
        <line num="29" count="196" type="stmt"/>
        <line num="30" count="196" type="stmt"/>
        <line num="31" count="196" type="stmt"/>
        <line num="32" count="196" type="cond" truecount="4" falsecount="0"/>
        <line num="33" count="41" type="stmt"/>
        <line num="34" count="155" type="stmt"/>
        <line num="35" count="155" type="cond" truecount="2" falsecount="0"/>
        <line num="37" count="2" type="stmt"/>
        <line num="38" count="2" type="stmt"/>
        <line num="39" count="258" type="cond" truecount="2" falsecount="0"/>
        <line num="40" count="258" type="cond" truecount="2" falsecount="0"/>
        <line num="41" count="258" type="cond" truecount="2" falsecount="0"/>
        <line num="42" count="124" type="stmt"/>
        <line num="43" count="124" type="stmt"/>
        <line num="44" count="124" type="cond" truecount="2" falsecount="0"/>
        <line num="45" count="18" type="stmt"/>
        <line num="46" count="18" type="stmt"/>
        <line num="47" count="18" type="stmt"/>
        <line num="48" count="18" type="stmt"/>
        <line num="50" count="106" type="stmt"/>
        <line num="51" count="106" type="stmt"/>
        <line num="52" count="106" type="stmt"/>
        <line num="54" count="134" type="stmt"/>
        <line num="56" count="2" type="stmt"/>
        <line num="57" count="259" type="cond" truecount="2" falsecount="0"/>
        <line num="58" count="259" type="cond" truecount="2" falsecount="0"/>
        <line num="59" count="259" type="cond" truecount="2" falsecount="0"/>
        <line num="60" count="125" type="stmt"/>
        <line num="61" count="125" type="stmt"/>
        <line num="62" count="125" type="cond" truecount="2" falsecount="0"/>
        <line num="63" count="16" type="stmt"/>
        <line num="64" count="16" type="stmt"/>
        <line num="65" count="16" type="stmt"/>
        <line num="66" count="16" type="stmt"/>
        <line num="68" count="109" type="stmt"/>
        <line num="69" count="109" type="stmt"/>
        <line num="70" count="109" type="stmt"/>
        <line num="72" count="134" type="stmt"/>
        <line num="74" count="2" type="stmt"/>
        <line num="75" count="268" type="stmt"/>
        <line num="76" count="268" type="stmt"/>
        <line num="77" count="268" type="cond" truecount="1" falsecount="1"/>
        <line num="78" count="268" type="stmt"/>
        <line num="79" count="268" type="stmt"/>
        <line num="80" count="268" type="cond" truecount="2" falsecount="0"/>
        <line num="81" count="17" type="stmt"/>
        <line num="82" count="251" type="cond" truecount="2" falsecount="0"/>
        <line num="83" count="53" type="stmt"/>
        <line num="84" count="198" type="stmt"/>
        <line num="85" count="198" type="cond" truecount="1" falsecount="1"/>
        <line num="86" count="0" type="stmt"/>
        <line num="87" count="198" type="cond" truecount="2" falsecount="0"/>
        <line num="89" count="2" type="stmt"/>
        <line num="90" count="143" type="stmt"/>
        <line num="91" count="143" type="stmt"/>
        <line num="92" count="143" type="stmt"/>
        <line num="93" count="143" type="stmt"/>
        <line num="94" count="143" type="stmt"/>
        <line num="95" count="143" type="stmt"/>
        <line num="96" count="143" type="cond" truecount="2" falsecount="0"/>
        <line num="97" count="143" type="cond" truecount="4" falsecount="0"/>
        <line num="99" count="2" type="stmt"/>
        <line num="100" count="140" type="stmt"/>
        <line num="101" count="140" type="stmt"/>
        <line num="102" count="140" type="stmt"/>
        <line num="103" count="140" type="stmt"/>
        <line num="104" count="140" type="stmt"/>
        <line num="105" count="140" type="stmt"/>
        <line num="106" count="140" type="cond" truecount="2" falsecount="0"/>
        <line num="107" count="140" type="cond" truecount="4" falsecount="0"/>
        <line num="109" count="2" type="stmt"/>
        <line num="110" count="0" type="stmt"/>
        <line num="112" count="2" type="stmt"/>
        <line num="113" count="2" type="cond" truecount="0" falsecount="1"/>
        <line num="114" count="0" type="cond" truecount="0" falsecount="2"/>
        <line num="115" count="0" type="stmt"/>
        <line num="116" count="0" type="stmt"/>
        <line num="117" count="0" type="cond" truecount="0" falsecount="2"/>
        <line num="118" count="0" type="cond" truecount="0" falsecount="2"/>
        <line num="119" count="0" type="stmt"/>
        <line num="122" count="0" type="cond" truecount="0" falsecount="4"/>
        <line num="124" count="2" type="stmt"/>
      </file>
    </package>
    <package name="src.splay">
      <metrics statements="131" coveredstatements="86" conditionals="50" coveredconditionals="21" methods="7" coveredmethods="5"/>
      <file name="util.ts" path="/home/runner/work/sonic-forest/sonic-forest/src/splay/util.ts">
        <metrics statements="131" coveredstatements="86" conditionals="50" coveredconditionals="21" methods="7" coveredmethods="5"/>
        <line num="2" count="2" type="stmt"/>
        <line num="3" count="2" type="stmt"/>
        <line num="4" count="2" type="stmt"/>
        <line num="5" count="11" type="stmt"/>
        <line num="6" count="11" type="cond" truecount="2" falsecount="0"/>
        <line num="7" count="5" type="stmt"/>
        <line num="8" count="6" type="stmt"/>
        <line num="9" count="6" type="stmt"/>
        <line num="10" count="6" type="cond" truecount="2" falsecount="0"/>
        <line num="11" count="2" type="cond" truecount="1" falsecount="1"/>
        <line num="12" count="0" type="stmt"/>
        <line num="14" count="2" type="stmt"/>
        <line num="15" count="2" type="stmt"/>
        <line num="17" count="4" type="stmt"/>
        <line num="18" count="4" type="cond" truecount="2" falsecount="0"/>
        <line num="19" count="2" type="cond" truecount="1" falsecount="1"/>
        <line num="20" count="0" type="stmt"/>
        <line num="23" count="2" type="stmt"/>
        <line num="27" count="2" type="cond" truecount="2" falsecount="0"/>
        <line num="28" count="1" type="stmt"/>
        <line num="31" count="1" type="stmt"/>
        <line num="34" count="4" type="cond" truecount="1" falsecount="1"/>
        <line num="35" count="4" type="stmt"/>
        <line num="36" count="0" type="stmt"/>
        <line num="38" count="2" type="stmt"/>
        <line num="39" count="2" type="stmt"/>
        <line num="40" count="0" type="stmt"/>
        <line num="41" count="0" type="stmt"/>
        <line num="42" count="0" type="stmt"/>
        <line num="43" count="0" type="stmt"/>
        <line num="44" count="0" type="stmt"/>
        <line num="45" count="0" type="cond" truecount="0" falsecount="2"/>
        <line num="46" count="0" type="stmt"/>
        <line num="48" count="2" type="stmt"/>
        <line num="49" count="2" type="stmt"/>
        <line num="50" count="2" type="stmt"/>
        <line num="51" count="2" type="stmt"/>
        <line num="52" count="2" type="stmt"/>
        <line num="53" count="2" type="stmt"/>
        <line num="54" count="2" type="stmt"/>
        <line num="55" count="2" type="cond" truecount="1" falsecount="1"/>
        <line num="56" count="0" type="stmt"/>
        <line num="58" count="2" type="stmt"/>
        <line num="59" count="2" type="stmt"/>
        <line num="60" count="1" type="stmt"/>
        <line num="61" count="1" type="stmt"/>
        <line num="62" count="1" type="stmt"/>
        <line num="63" count="1" type="stmt"/>
        <line num="64" count="1" type="stmt"/>
        <line num="65" count="1" type="stmt"/>
        <line num="66" count="1" type="stmt"/>
        <line num="67" count="1" type="stmt"/>
        <line num="68" count="1" type="stmt"/>
        <line num="69" count="1" type="stmt"/>
        <line num="70" count="1" type="cond" truecount="1" falsecount="1"/>
        <line num="71" count="1" type="stmt"/>
        <line num="72" count="1" type="cond" truecount="1" falsecount="1"/>
        <line num="73" count="0" type="stmt"/>
        <line num="74" count="1" type="cond" truecount="1" falsecount="1"/>
        <line num="75" count="1" type="stmt"/>
        <line num="76" count="0" type="cond" truecount="0" falsecount="2"/>
        <line num="77" count="0" type="stmt"/>
        <line num="79" count="0" type="stmt"/>
        <line num="80" count="1" type="stmt"/>
        <line num="82" count="2" type="stmt"/>
        <line num="83" count="2" type="stmt"/>
        <line num="84" count="0" type="stmt"/>
        <line num="85" count="0" type="stmt"/>
        <line num="86" count="0" type="stmt"/>
        <line num="87" count="0" type="stmt"/>
        <line num="88" count="0" type="stmt"/>
        <line num="89" count="0" type="stmt"/>
        <line num="90" count="0" type="stmt"/>
        <line num="91" count="0" type="stmt"/>
        <line num="92" count="0" type="stmt"/>
        <line num="93" count="0" type="stmt"/>
        <line num="94" count="0" type="cond" truecount="0" falsecount="2"/>
        <line num="95" count="0" type="stmt"/>
        <line num="96" count="0" type="cond" truecount="0" falsecount="2"/>
        <line num="97" count="0" type="stmt"/>
        <line num="98" count="0" type="cond" truecount="0" falsecount="2"/>
        <line num="99" count="0" type="stmt"/>
        <line num="100" count="0" type="cond" truecount="0" falsecount="2"/>
        <line num="101" count="0" type="stmt"/>
        <line num="103" count="0" type="stmt"/>
        <line num="104" count="0" type="stmt"/>
        <line num="106" count="2" type="stmt"/>
        <line num="107" count="2" type="stmt"/>
        <line num="108" count="2" type="stmt"/>
        <line num="109" count="2" type="stmt"/>
        <line num="110" count="2" type="stmt"/>
        <line num="111" count="2" type="stmt"/>
        <line num="112" count="2" type="stmt"/>
        <line num="113" count="2" type="stmt"/>
        <line num="114" count="2" type="stmt"/>
        <line num="115" count="2" type="stmt"/>
        <line num="116" count="2" type="stmt"/>
        <line num="117" count="2" type="stmt"/>
        <line num="118" count="2" type="cond" truecount="1" falsecount="1"/>
        <line num="119" count="0" type="stmt"/>
        <line num="120" count="2" type="cond" truecount="1" falsecount="1"/>
        <line num="121" count="0" type="stmt"/>
        <line num="122" count="2" type="cond" truecount="1" falsecount="1"/>
        <line num="123" count="2" type="stmt"/>
        <line num="124" count="0" type="cond" truecount="0" falsecount="2"/>
        <line num="125" count="0" type="stmt"/>
        <line num="127" count="0" type="stmt"/>
        <line num="128" count="2" type="stmt"/>
        <line num="130" count="2" type="stmt"/>
        <line num="131" count="2" type="stmt"/>
        <line num="132" count="1" type="stmt"/>
        <line num="133" count="1" type="stmt"/>
        <line num="134" count="1" type="stmt"/>
        <line num="135" count="1" type="stmt"/>
        <line num="136" count="1" type="stmt"/>
        <line num="137" count="1" type="stmt"/>
        <line num="138" count="1" type="stmt"/>
        <line num="139" count="1" type="stmt"/>
        <line num="140" count="1" type="stmt"/>
        <line num="141" count="1" type="stmt"/>
        <line num="142" count="1" type="cond" truecount="1" falsecount="1"/>
        <line num="143" count="0" type="stmt"/>
        <line num="144" count="1" type="cond" truecount="1" falsecount="1"/>
        <line num="145" count="0" type="stmt"/>
        <line num="146" count="1" type="cond" truecount="1" falsecount="1"/>
        <line num="147" count="1" type="stmt"/>
        <line num="148" count="0" type="cond" truecount="0" falsecount="2"/>
        <line num="149" count="0" type="stmt"/>
        <line num="151" count="0" type="stmt"/>
        <line num="152" count="1" type="stmt"/>
        <line num="154" count="2" type="stmt"/>
      </file>
    </package>
    <package name="src.trie">
      <metrics statements="19" coveredstatements="18" conditionals="1" coveredconditionals="0" methods="4" coveredmethods="3"/>
      <file name="TrieNode.ts" path="/home/runner/work/sonic-forest/sonic-forest/src/trie/TrieNode.ts">
        <metrics statements="19" coveredstatements="18" conditionals="1" coveredconditionals="0" methods="4" coveredmethods="3"/>
        <line num="2" count="2" type="stmt"/>
        <line num="3" count="2" type="stmt"/>
        <line num="4" count="2" type="stmt"/>
        <line num="5" count="2" type="stmt"/>
        <line num="8" count="103" type="stmt"/>
        <line num="9" count="103" type="stmt"/>
        <line num="10" count="103" type="stmt"/>
        <line num="11" count="103" type="stmt"/>
        <line num="12" count="103" type="stmt"/>
        <line num="13" count="103" type="stmt"/>
        <line num="16" count="1" type="stmt"/>
        <line num="17" count="1" type="stmt"/>
        <line num="18" count="1" type="stmt"/>
        <line num="19" count="2" type="stmt"/>
        <line num="20" count="2" type="stmt"/>
        <line num="21" count="2" type="stmt"/>
        <line num="25" count="10" type="stmt"/>
        <line num="28" count="0" type="stmt"/>
        <line num="31" count="2" type="stmt"/>
      </file>
    </package>
  </project>
</coverage>
