<?xml version="1.0" encoding="UTF-8"?>
<coverage generated="1744001123201" clover="3.2.0">
  <project timestamp="1744001123201" name="All files">
    <metrics statements="2120" coveredstatements="1679" conditionals="1047" coveredconditionals="771" methods="261" coveredmethods="156" elements="3428" coveredelements="2606" complexity="0" loc="2120" ncloc="2120" packages="14" files="32" classes="32"/>
    <package name="src">
      <metrics statements="50" coveredstatements="26" conditionals="22" coveredconditionals="3" methods="14" coveredmethods="6"/>
      <file name="Tree.ts" path="/home/runner/work/sonic-forest/sonic-forest/src/Tree.ts">
        <metrics statements="42" coveredstatements="18" conditionals="22" coveredconditionals="3" methods="13" coveredmethods="5"/>
        <line num="2" count="2" type="stmt"/>
        <line num="3" count="2" type="stmt"/>
        <line num="4" count="2" type="stmt"/>
        <line num="5" count="2" type="stmt"/>
        <line num="6" count="2" type="stmt"/>
        <line num="7" count="26" type="stmt"/>
        <line num="10" count="2" type="stmt"/>
        <line num="11" count="2" type="stmt"/>
        <line num="12" count="2" type="stmt"/>
        <line num="15" count="6" type="stmt"/>
        <line num="16" count="6" type="stmt"/>
        <line num="17" count="6" type="stmt"/>
        <line num="18" count="6" type="stmt"/>
        <line num="24" count="0" type="stmt"/>
        <line num="25" count="0" type="stmt"/>
        <line num="26" count="0" type="stmt"/>
        <line num="29" count="3" type="stmt"/>
        <line num="30" count="3" type="cond" truecount="1" falsecount="1"/>
        <line num="33" count="11" type="stmt"/>
        <line num="34" count="11" type="cond" truecount="1" falsecount="1"/>
        <line num="37" count="0" type="stmt"/>
        <line num="40" count="0" type="stmt"/>
        <line num="41" count="0" type="cond" truecount="0" falsecount="2"/>
        <line num="42" count="0" type="stmt"/>
        <line num="43" count="0" type="stmt"/>
        <line num="44" count="0" type="stmt"/>
        <line num="45" count="0" type="stmt"/>
        <line num="48" count="0" type="stmt"/>
        <line num="51" count="0" type="stmt"/>
        <line num="52" count="0" type="stmt"/>
        <line num="53" count="0" type="stmt"/>
        <line num="54" count="0" type="cond" truecount="0" falsecount="2"/>
        <line num="55" count="0" type="stmt"/>
        <line num="56" count="0" type="cond" truecount="0" falsecount="2"/>
        <line num="60" count="0" type="cond" truecount="0" falsecount="2"/>
        <line num="63" count="0" type="cond" truecount="0" falsecount="4"/>
        <line num="64" count="0" type="cond" truecount="0" falsecount="2"/>
        <line num="65" count="0" type="stmt"/>
        <line num="66" count="0" type="cond" truecount="0" falsecount="2"/>
        <line num="67" count="0" type="stmt"/>
        <line num="68" count="0" type="stmt"/>
        <line num="71" count="2" type="stmt"/>
      </file>
      <file name="TreeNode.ts" path="/home/runner/work/sonic-forest/sonic-forest/src/TreeNode.ts">
        <metrics statements="8" coveredstatements="8" conditionals="0" coveredconditionals="0" methods="1" coveredmethods="1"/>
        <line num="2" count="2" type="stmt"/>
        <line num="3" count="2" type="stmt"/>
        <line num="6" count="45" type="stmt"/>
        <line num="7" count="45" type="stmt"/>
        <line num="8" count="45" type="stmt"/>
        <line num="9" count="45" type="stmt"/>
        <line num="10" count="45" type="stmt"/>
        <line num="13" count="2" type="stmt"/>
      </file>
    </package>
    <package name="src.SortedMap">
      <metrics statements="531" coveredstatements="285" conditionals="245" coveredconditionals="131" methods="68" coveredmethods="15"/>
      <file name="SortedMap.ts" path="/home/runner/work/sonic-forest/sonic-forest/src/SortedMap/SortedMap.ts">
        <metrics statements="395" coveredstatements="239" conditionals="195" coveredconditionals="118" methods="49" coveredmethods="12"/>
        <line num="2" count="1" type="stmt"/>
        <line num="3" count="1" type="stmt"/>
        <line num="4" count="1" type="stmt"/>
        <line num="5" count="1" type="stmt"/>
        <line num="6" count="1" type="stmt"/>
        <line num="7" count="1" type="stmt"/>
        <line num="8" count="1" type="stmt"/>
        <line num="9" count="1" type="stmt"/>
        <line num="10" count="1" type="stmt"/>
        <line num="16" count="3" type="stmt"/>
        <line num="21" count="3" type="stmt"/>
        <line num="25" count="3" type="stmt"/>
        <line num="29" count="3" type="stmt"/>
        <line num="33" count="3" type="stmt"/>
        <line num="34" count="3" type="stmt"/>
        <line num="35" count="3" type="stmt"/>
        <line num="36" count="9574" type="cond" truecount="6" falsecount="0"/>
        <line num="37" count="3" type="stmt"/>
        <line num="38" count="3" type="cond" truecount="1" falsecount="1"/>
        <line num="39" count="3" type="stmt"/>
        <line num="48" count="0" type="stmt"/>
        <line num="57" count="0" type="stmt"/>
        <line num="63" count="0" type="stmt"/>
        <line num="64" count="0" type="stmt"/>
        <line num="65" count="0" type="stmt"/>
        <line num="66" count="0" type="cond" truecount="0" falsecount="2"/>
        <line num="67" count="0" type="stmt"/>
        <line num="69" count="0" type="cond" truecount="0" falsecount="2"/>
        <line num="70" count="0" type="stmt"/>
        <line num="71" count="0" type="stmt"/>
        <line num="74" count="0" type="stmt"/>
        <line num="76" count="0" type="stmt"/>
        <line num="82" count="0" type="stmt"/>
        <line num="83" count="0" type="stmt"/>
        <line num="84" count="0" type="stmt"/>
        <line num="85" count="0" type="cond" truecount="0" falsecount="2"/>
        <line num="86" count="0" type="stmt"/>
        <line num="89" count="0" type="stmt"/>
        <line num="90" count="0" type="stmt"/>
        <line num="93" count="0" type="stmt"/>
        <line num="99" count="0" type="stmt"/>
        <line num="100" count="0" type="stmt"/>
        <line num="101" count="0" type="stmt"/>
        <line num="102" count="0" type="cond" truecount="0" falsecount="2"/>
        <line num="103" count="0" type="stmt"/>
        <line num="104" count="0" type="stmt"/>
        <line num="106" count="0" type="cond" truecount="0" falsecount="2"/>
        <line num="107" count="0" type="stmt"/>
        <line num="110" count="0" type="stmt"/>
        <line num="112" count="0" type="stmt"/>
        <line num="118" count="0" type="stmt"/>
        <line num="119" count="0" type="stmt"/>
        <line num="120" count="0" type="stmt"/>
        <line num="121" count="0" type="cond" truecount="0" falsecount="2"/>
        <line num="122" count="0" type="stmt"/>
        <line num="123" count="0" type="stmt"/>
        <line num="126" count="0" type="stmt"/>
        <line num="129" count="0" type="stmt"/>
        <line num="135" count="396" type="stmt"/>
        <line num="136" count="839" type="stmt"/>
        <line num="137" count="839" type="cond" truecount="2" falsecount="0"/>
        <line num="138" count="12" type="stmt"/>
        <line num="139" count="827" type="cond" truecount="2" falsecount="0"/>
        <line num="140" count="344" type="stmt"/>
        <line num="141" count="344" type="stmt"/>
        <line num="143" count="483" type="cond" truecount="2" falsecount="0"/>
        <line num="144" count="300" type="stmt"/>
        <line num="145" count="300" type="cond" truecount="2" falsecount="0"/>
        <line num="146" count="81" type="stmt"/>
        <line num="147" count="81" type="stmt"/>
        <line num="148" count="81" type="cond" truecount="2" falsecount="0"/>
        <line num="149" count="4" type="stmt"/>
        <line num="152" count="77" type="stmt"/>
        <line num="155" count="219" type="cond" truecount="4" falsecount="0"/>
        <line num="156" count="22" type="stmt"/>
        <line num="157" count="22" type="stmt"/>
        <line num="158" count="22" type="stmt"/>
        <line num="159" count="22" type="cond" truecount="2" falsecount="0"/>
        <line num="160" count="5" type="stmt"/>
        <line num="163" count="17" type="stmt"/>
        <line num="164" count="22" type="stmt"/>
        <line num="166" count="197" type="cond" truecount="4" falsecount="0"/>
        <line num="167" count="5" type="stmt"/>
        <line num="168" count="5" type="stmt"/>
        <line num="169" count="5" type="stmt"/>
        <line num="172" count="192" type="stmt"/>
        <line num="173" count="192" type="stmt"/>
        <line num="178" count="183" type="stmt"/>
        <line num="179" count="183" type="cond" truecount="2" falsecount="0"/>
        <line num="180" count="41" type="stmt"/>
        <line num="181" count="41" type="stmt"/>
        <line num="182" count="41" type="cond" truecount="1" falsecount="1"/>
        <line num="183" count="0" type="stmt"/>
        <line num="186" count="41" type="stmt"/>
        <line num="189" count="142" type="cond" truecount="4" falsecount="0"/>
        <line num="190" count="18" type="stmt"/>
        <line num="191" count="18" type="stmt"/>
        <line num="192" count="18" type="stmt"/>
        <line num="193" count="18" type="cond" truecount="2" falsecount="0"/>
        <line num="194" count="1" type="stmt"/>
        <line num="197" count="17" type="stmt"/>
        <line num="198" count="18" type="stmt"/>
        <line num="200" count="124" type="cond" truecount="4" falsecount="0"/>
        <line num="201" count="7" type="stmt"/>
        <line num="202" count="7" type="stmt"/>
        <line num="203" count="7" type="stmt"/>
        <line num="206" count="117" type="stmt"/>
        <line num="207" count="117" type="stmt"/>
        <line num="217" count="398" type="cond" truecount="2" falsecount="0"/>
        <line num="218" count="2" type="stmt"/>
        <line num="219" count="2" type="stmt"/>
        <line num="221" count="396" type="stmt"/>
        <line num="222" count="396" type="cond" truecount="2" falsecount="0"/>
        <line num="223" count="313" type="cond" truecount="2" falsecount="0"/>
        <line num="224" count="257" type="stmt"/>
        <line num="225" count="257" type="stmt"/>
        <line num="226" count="386" type="stmt"/>
        <line num="229" count="56" type="stmt"/>
        <line num="231" count="313" type="stmt"/>
        <line num="232" count="313" type="stmt"/>
        <line num="233" count="313" type="stmt"/>
        <line num="234" count="313" type="stmt"/>
        <line num="235" count="313" type="stmt"/>
        <line num="236" count="313" type="stmt"/>
        <line num="237" count="313" type="stmt"/>
        <line num="239" count="396" type="cond" truecount="2" falsecount="0"/>
        <line num="240" count="56" type="stmt"/>
        <line num="242" count="340" type="cond" truecount="2" falsecount="0"/>
        <line num="243" count="12" type="stmt"/>
        <line num="245" count="396" type="stmt"/>
        <line num="246" count="396" type="stmt"/>
        <line num="247" count="396" type="cond" truecount="2" falsecount="0"/>
        <line num="248" count="197" type="stmt"/>
        <line num="251" count="199" type="stmt"/>
        <line num="252" count="396" type="stmt"/>
        <line num="253" count="396" type="stmt"/>
        <line num="254" count="396" type="cond" truecount="1" falsecount="1"/>
        <line num="255" count="0" type="stmt"/>
        <line num="256" count="0" type="stmt"/>
        <line num="257" count="0" type="stmt"/>
        <line num="263" count="398" type="stmt"/>
        <line num="264" count="695" type="stmt"/>
        <line num="265" count="695" type="cond" truecount="2" falsecount="0"/>
        <line num="266" count="85" type="stmt"/>
        <line num="267" count="610" type="stmt"/>
        <line num="268" count="610" type="cond" truecount="2" falsecount="0"/>
        <line num="269" count="222" type="stmt"/>
        <line num="270" count="222" type="cond" truecount="4" falsecount="0"/>
        <line num="271" count="115" type="stmt"/>
        <line num="272" count="115" type="cond" truecount="2" falsecount="0"/>
        <line num="273" count="8" type="stmt"/>
        <line num="274" count="107" type="stmt"/>
        <line num="275" count="107" type="stmt"/>
        <line num="276" count="107" type="stmt"/>
        <line num="278" count="107" type="cond" truecount="2" falsecount="0"/>
        <line num="279" count="7" type="stmt"/>
        <line num="280" count="7" type="cond" truecount="2" falsecount="0"/>
        <line num="281" count="2" type="stmt"/>
        <line num="283" count="7" type="cond" truecount="2" falsecount="0"/>
        <line num="284" count="2" type="stmt"/>
        <line num="286" count="7" type="stmt"/>
        <line num="287" count="7" type="stmt"/>
        <line num="288" count="7" type="stmt"/>
        <line num="289" count="7" type="stmt"/>
        <line num="290" count="7" type="cond" truecount="2" falsecount="0"/>
        <line num="291" count="1" type="stmt"/>
        <line num="292" count="1" type="stmt"/>
        <line num="295" count="6" type="stmt"/>
        <line num="296" count="6" type="cond" truecount="2" falsecount="0"/>
        <line num="297" count="2" type="stmt"/>
        <line num="300" count="4" type="stmt"/>
        <line num="302" count="7" type="stmt"/>
        <line num="303" count="7" type="stmt"/>
        <line num="304" count="7" type="stmt"/>
        <line num="305" count="7" type="stmt"/>
        <line num="308" count="100" type="stmt"/>
        <line num="309" count="100" type="cond" truecount="1" falsecount="1"/>
        <line num="310" count="0" type="stmt"/>
        <line num="313" count="100" type="stmt"/>
        <line num="314" count="100" type="stmt"/>
        <line num="315" count="100" type="stmt"/>
        <line num="319" count="388" type="stmt"/>
        <line num="320" count="388" type="cond" truecount="4" falsecount="0"/>
        <line num="321" count="195" type="stmt"/>
        <line num="322" count="195" type="cond" truecount="2" falsecount="0"/>
        <line num="323" count="5" type="stmt"/>
        <line num="324" count="190" type="stmt"/>
        <line num="325" count="190" type="stmt"/>
        <line num="326" count="190" type="stmt"/>
        <line num="328" count="193" type="cond" truecount="2" falsecount="0"/>
        <line num="329" count="5" type="stmt"/>
        <line num="330" count="5" type="cond" truecount="1" falsecount="1"/>
        <line num="331" count="0" type="stmt"/>
        <line num="333" count="5" type="cond" truecount="1" falsecount="1"/>
        <line num="334" count="0" type="stmt"/>
        <line num="336" count="5" type="stmt"/>
        <line num="337" count="5" type="stmt"/>
        <line num="338" count="5" type="stmt"/>
        <line num="339" count="5" type="stmt"/>
        <line num="340" count="5" type="cond" truecount="1" falsecount="1"/>
        <line num="341" count="0" type="stmt"/>
        <line num="342" count="0" type="stmt"/>
        <line num="345" count="5" type="stmt"/>
        <line num="346" count="5" type="cond" truecount="2" falsecount="0"/>
        <line num="347" count="3" type="stmt"/>
        <line num="350" count="2" type="stmt"/>
        <line num="352" count="5" type="stmt"/>
        <line num="353" count="5" type="stmt"/>
        <line num="354" count="5" type="stmt"/>
        <line num="355" count="5" type="stmt"/>
        <line num="358" count="188" type="stmt"/>
        <line num="359" count="188" type="cond" truecount="2" falsecount="0"/>
        <line num="360" count="5" type="stmt"/>
        <line num="363" count="183" type="stmt"/>
        <line num="364" count="188" type="stmt"/>
        <line num="365" count="188" type="stmt"/>
        <line num="368" count="12" type="cond" truecount="1" falsecount="1"/>
        <line num="369" count="0" type="stmt"/>
        <line num="370" count="0" type="stmt"/>
        <line num="371" count="0" type="stmt"/>
        <line num="373" count="12" type="stmt"/>
        <line num="378" count="401" type="cond" truecount="2" falsecount="0"/>
        <line num="379" count="3" type="stmt"/>
        <line num="380" count="3" type="stmt"/>
        <line num="381" count="3" type="stmt"/>
        <line num="382" count="3" type="stmt"/>
        <line num="383" count="3" type="stmt"/>
        <line num="386" count="398" type="stmt"/>
        <line num="387" count="398" type="stmt"/>
        <line num="388" count="398" type="cond" truecount="1" falsecount="1"/>
        <line num="389" count="0" type="stmt"/>
        <line num="390" count="0" type="stmt"/>
        <line num="392" count="398" type="cond" truecount="2" falsecount="0"/>
        <line num="393" count="105" type="stmt"/>
        <line num="394" count="105" type="stmt"/>
        <line num="395" count="105" type="stmt"/>
        <line num="396" count="105" type="stmt"/>
        <line num="399" count="293" type="stmt"/>
        <line num="400" count="293" type="stmt"/>
        <line num="401" count="293" type="cond" truecount="1" falsecount="1"/>
        <line num="402" count="0" type="stmt"/>
        <line num="403" count="0" type="stmt"/>
        <line num="405" count="293" type="cond" truecount="2" falsecount="0"/>
        <line num="406" count="207" type="stmt"/>
        <line num="407" count="207" type="stmt"/>
        <line num="408" count="207" type="stmt"/>
        <line num="409" count="207" type="stmt"/>
        <line num="412" count="86" type="cond" truecount="1" falsecount="1"/>
        <line num="413" count="0" type="stmt"/>
        <line num="414" count="0" type="cond" truecount="0" falsecount="2"/>
        <line num="415" count="0" type="stmt"/>
        <line num="416" count="0" type="cond" truecount="0" falsecount="2"/>
        <line num="417" count="0" type="stmt"/>
        <line num="418" count="0" type="stmt"/>
        <line num="420" count="0" type="cond" truecount="0" falsecount="2"/>
        <line num="421" count="0" type="stmt"/>
        <line num="422" count="0" type="stmt"/>
        <line num="423" count="0" type="cond" truecount="0" falsecount="2"/>
        <line num="424" count="0" type="stmt"/>
        <line num="425" count="0" type="stmt"/>
        <line num="427" count="0" type="cond" truecount="0" falsecount="2"/>
        <line num="428" count="0" type="stmt"/>
        <line num="429" count="0" type="cond" truecount="0" falsecount="2"/>
        <line num="430" count="0" type="stmt"/>
        <line num="431" count="0" type="stmt"/>
        <line num="434" count="0" type="stmt"/>
        <line num="435" count="0" type="stmt"/>
        <line num="441" count="86" type="cond" truecount="1" falsecount="1"/>
        <line num="442" count="86" type="stmt"/>
        <line num="443" count="86" type="stmt"/>
        <line num="444" count="482" type="stmt"/>
        <line num="445" count="482" type="cond" truecount="2" falsecount="0"/>
        <line num="446" count="258" type="cond" truecount="2" falsecount="0"/>
        <line num="447" count="46" type="stmt"/>
        <line num="448" count="46" type="stmt"/>
        <line num="449" count="46" type="stmt"/>
        <line num="450" count="46" type="stmt"/>
        <line num="452" count="212" type="stmt"/>
        <line num="454" count="224" type="cond" truecount="1" falsecount="1"/>
        <line num="455" count="224" type="cond" truecount="2" falsecount="0"/>
        <line num="456" count="40" type="stmt"/>
        <line num="457" count="40" type="stmt"/>
        <line num="458" count="40" type="stmt"/>
        <line num="459" count="40" type="stmt"/>
        <line num="461" count="184" type="stmt"/>
        <line num="464" count="0" type="stmt"/>
        <line num="465" count="0" type="stmt"/>
        <line num="471" count="398" type="cond" truecount="1" falsecount="1"/>
        <line num="472" count="0" type="stmt"/>
        <line num="473" count="0" type="stmt"/>
        <line num="474" count="0" type="stmt"/>
        <line num="475" count="0" type="stmt"/>
        <line num="478" count="398" type="stmt"/>
        <line num="479" count="398" type="stmt"/>
        <line num="480" count="398" type="stmt"/>
        <line num="486" count="1703" type="stmt"/>
        <line num="487" count="8401" type="stmt"/>
        <line num="488" count="8401" type="cond" truecount="2" falsecount="0"/>
        <line num="489" count="3358" type="stmt"/>
        <line num="491" count="5043" type="cond" truecount="2" falsecount="0"/>
        <line num="492" count="3744" type="stmt"/>
        <line num="495" count="1299" type="stmt"/>
        <line num="497" count="404" type="cond" truecount="2" falsecount="0"/>
        <line num="510" count="0" type="stmt"/>
        <line num="511" count="0" type="cond" truecount="0" falsecount="2"/>
        <line num="512" count="0" type="stmt"/>
        <line num="514" count="0" type="cond" truecount="0" falsecount="2"/>
        <line num="515" count="0" type="stmt"/>
        <line num="516" count="0" type="stmt"/>
        <line num="518" count="0" type="stmt"/>
        <line num="519" count="0" type="cond" truecount="0" falsecount="2"/>
        <line num="520" count="0" type="cond" truecount="0" falsecount="2"/>
        <line num="521" count="0" type="stmt"/>
        <line num="522" count="0" type="stmt"/>
        <line num="524" count="0" type="stmt"/>
        <line num="526" count="0" type="stmt"/>
        <line num="527" count="0" type="cond" truecount="0" falsecount="2"/>
        <line num="528" count="0" type="cond" truecount="0" falsecount="2"/>
        <line num="529" count="0" type="stmt"/>
        <line num="530" count="0" type="stmt"/>
        <line num="532" count="0" type="stmt"/>
        <line num="534" count="0" type="cond" truecount="0" falsecount="4"/>
        <line num="535" count="0" type="stmt"/>
        <line num="536" count="0" type="stmt"/>
        <line num="537" count="0" type="stmt"/>
        <line num="540" count="0" type="stmt"/>
        <line num="552" count="702" type="cond" truecount="1" falsecount="1"/>
        <line num="553" count="0" type="stmt"/>
        <line num="554" count="702" type="stmt"/>
        <line num="555" count="702" type="cond" truecount="2" falsecount="0"/>
        <line num="556" count="304" type="stmt"/>
        <line num="557" count="398" type="stmt"/>
        <line num="558" count="398" type="stmt"/>
        <line num="561" count="0" type="stmt"/>
        <line num="562" count="0" type="cond" truecount="0" falsecount="2"/>
        <line num="563" count="0" type="stmt"/>
        <line num="565" count="0" type="stmt"/>
        <line num="566" count="0" type="stmt"/>
        <line num="568" count="0" type="cond" truecount="0" falsecount="2"/>
        <line num="570" count="0" type="cond" truecount="0" falsecount="2"/>
        <line num="571" count="0" type="stmt"/>
        <line num="576" count="0" type="cond" truecount="0" falsecount="4"/>
        <line num="577" count="0" type="stmt"/>
        <line num="579" count="0" type="stmt"/>
        <line num="580" count="0" type="stmt"/>
        <line num="587" count="0" type="cond" truecount="0" falsecount="2"/>
        <line num="588" count="0" type="stmt"/>
        <line num="590" count="0" type="cond" truecount="0" falsecount="2"/>
        <line num="591" count="0" type="stmt"/>
        <line num="592" count="0" type="stmt"/>
        <line num="594" count="0" type="stmt"/>
        <line num="597" count="0" type="cond" truecount="0" falsecount="2"/>
        <line num="600" count="0" type="stmt"/>
        <line num="603" count="0" type="cond" truecount="0" falsecount="2"/>
        <line num="606" count="0" type="stmt"/>
        <line num="609" count="0" type="cond" truecount="0" falsecount="2"/>
        <line num="610" count="0" type="stmt"/>
        <line num="611" count="0" type="stmt"/>
        <line num="612" count="0" type="stmt"/>
        <line num="615" count="0" type="cond" truecount="0" falsecount="2"/>
        <line num="616" count="0" type="stmt"/>
        <line num="617" count="0" type="stmt"/>
        <line num="618" count="0" type="stmt"/>
        <line num="621" count="0" type="stmt"/>
        <line num="622" count="0" type="stmt"/>
        <line num="625" count="0" type="stmt"/>
        <line num="626" count="0" type="stmt"/>
        <line num="629" count="0" type="stmt"/>
        <line num="630" count="0" type="stmt"/>
        <line num="633" count="0" type="stmt"/>
        <line num="634" count="0" type="stmt"/>
        <line num="649" count="401" type="stmt"/>
        <line num="652" count="0" type="stmt"/>
        <line num="664" count="1001" type="stmt"/>
        <line num="665" count="1001" type="stmt"/>
        <line num="668" count="0" type="stmt"/>
        <line num="671" count="0" type="stmt"/>
        <line num="676" count="0" type="stmt"/>
        <line num="679" count="0" type="stmt"/>
        <line num="682" count="2" type="stmt"/>
        <line num="683" count="2" type="stmt"/>
        <line num="684" count="2" type="stmt"/>
        <line num="685" count="2" type="stmt"/>
        <line num="688" count="0" type="stmt"/>
        <line num="691" count="305" type="stmt"/>
        <line num="694" count="0" type="stmt"/>
        <line num="698" count="0" type="stmt"/>
        <line num="705" count="0" type="stmt"/>
        <line num="714" count="0" type="stmt"/>
        <line num="718" count="0" type="stmt"/>
        <line num="721" count="0" type="stmt"/>
        <line num="731" count="0" type="stmt"/>
        <line num="743" count="0" type="stmt"/>
        <line num="746" count="0" type="stmt"/>
        <line num="749" count="1" type="stmt"/>
      </file>
      <file name="SortedMapIterator.ts" path="/home/runner/work/sonic-forest/sonic-forest/src/SortedMap/SortedMapIterator.ts">
        <metrics statements="49" coveredstatements="4" conditionals="21" coveredconditionals="0" methods="9" coveredmethods="0"/>
        <line num="2" count="1" type="stmt"/>
        <line num="3" count="1" type="stmt"/>
        <line num="4" count="1" type="stmt"/>
        <line num="7" count="0" type="stmt"/>
        <line num="8" count="0" type="stmt"/>
        <line num="9" count="0" type="stmt"/>
        <line num="10" count="0" type="cond" truecount="0" falsecount="2"/>
        <line num="11" count="0" type="stmt"/>
        <line num="12" count="0" type="cond" truecount="0" falsecount="2"/>
        <line num="13" count="0" type="stmt"/>
        <line num="15" count="0" type="stmt"/>
        <line num="16" count="0" type="stmt"/>
        <line num="18" count="0" type="stmt"/>
        <line num="19" count="0" type="cond" truecount="0" falsecount="2"/>
        <line num="20" count="0" type="stmt"/>
        <line num="22" count="0" type="stmt"/>
        <line num="23" count="0" type="stmt"/>
        <line num="27" count="0" type="stmt"/>
        <line num="28" count="0" type="cond" truecount="0" falsecount="2"/>
        <line num="29" count="0" type="stmt"/>
        <line num="31" count="0" type="stmt"/>
        <line num="32" count="0" type="stmt"/>
        <line num="34" count="0" type="stmt"/>
        <line num="35" count="0" type="cond" truecount="0" falsecount="2"/>
        <line num="36" count="0" type="stmt"/>
        <line num="38" count="0" type="stmt"/>
        <line num="39" count="0" type="stmt"/>
        <line num="42" count="0" type="stmt"/>
        <line num="54" count="0" type="stmt"/>
        <line num="55" count="0" type="stmt"/>
        <line num="56" count="0" type="cond" truecount="0" falsecount="2"/>
        <line num="57" count="0" type="cond" truecount="0" falsecount="2"/>
        <line num="58" count="0" type="stmt"/>
        <line num="60" count="0" type="stmt"/>
        <line num="62" count="0" type="stmt"/>
        <line num="63" count="0" type="cond" truecount="0" falsecount="2"/>
        <line num="64" count="0" type="stmt"/>
        <line num="66" count="0" type="stmt"/>
        <line num="67" count="0" type="stmt"/>
        <line num="68" count="0" type="cond" truecount="0" falsecount="2"/>
        <line num="69" count="0" type="stmt"/>
        <line num="70" count="0" type="cond" truecount="0" falsecount="2"/>
        <line num="71" count="0" type="stmt"/>
        <line num="74" count="0" type="stmt"/>
        <line num="76" count="0" type="stmt"/>
        <line num="79" count="0" type="stmt"/>
        <line num="82" count="0" type="stmt"/>
        <line num="85" count="0" type="stmt"/>
        <line num="88" count="1" type="stmt"/>
      </file>
      <file name="SortedMapNode.ts" path="/home/runner/work/sonic-forest/sonic-forest/src/SortedMap/SortedMapNode.ts">
        <metrics statements="84" coveredstatements="40" conditionals="29" coveredconditionals="13" methods="9" coveredmethods="3"/>
        <line num="2" count="1" type="stmt"/>
        <line num="3" count="1" type="stmt"/>
        <line num="6" count="404" type="stmt"/>
        <line num="7" count="404" type="stmt"/>
        <line num="8" count="404" type="stmt"/>
        <line num="9" count="404" type="stmt"/>
        <line num="10" count="404" type="stmt"/>
        <line num="11" count="404" type="stmt"/>
        <line num="14" count="0" type="stmt"/>
        <line num="15" count="0" type="stmt"/>
        <line num="16" count="0" type="cond" truecount="0" falsecount="4"/>
        <line num="17" count="0" type="stmt"/>
        <line num="18" count="0" type="cond" truecount="0" falsecount="2"/>
        <line num="19" count="0" type="stmt"/>
        <line num="20" count="0" type="stmt"/>
        <line num="21" count="0" type="stmt"/>
        <line num="24" count="0" type="cond" truecount="0" falsecount="2"/>
        <line num="25" count="0" type="stmt"/>
        <line num="26" count="0" type="stmt"/>
        <line num="27" count="0" type="stmt"/>
        <line num="28" count="0" type="stmt"/>
        <line num="29" count="0" type="stmt"/>
        <line num="31" count="0" type="stmt"/>
        <line num="33" count="0" type="stmt"/>
        <line num="36" count="0" type="stmt"/>
        <line num="37" count="0" type="cond" truecount="0" falsecount="2"/>
        <line num="38" count="0" type="stmt"/>
        <line num="39" count="0" type="stmt"/>
        <line num="40" count="0" type="stmt"/>
        <line num="41" count="0" type="stmt"/>
        <line num="44" count="0" type="stmt"/>
        <line num="45" count="0" type="stmt"/>
        <line num="46" count="0" type="stmt"/>
        <line num="47" count="0" type="stmt"/>
        <line num="49" count="0" type="cond" truecount="0" falsecount="2"/>
        <line num="50" count="0" type="stmt"/>
        <line num="52" count="0" type="stmt"/>
        <line num="56" count="298" type="stmt"/>
        <line num="57" count="298" type="stmt"/>
        <line num="58" count="298" type="stmt"/>
        <line num="59" count="298" type="cond" truecount="2" falsecount="0"/>
        <line num="60" count="14" type="stmt"/>
        <line num="61" count="284" type="cond" truecount="2" falsecount="0"/>
        <line num="62" count="88" type="stmt"/>
        <line num="64" count="196" type="stmt"/>
        <line num="65" count="298" type="stmt"/>
        <line num="66" count="298" type="stmt"/>
        <line num="67" count="298" type="stmt"/>
        <line num="68" count="298" type="stmt"/>
        <line num="69" count="298" type="cond" truecount="2" falsecount="0"/>
        <line num="70" count="181" type="stmt"/>
        <line num="71" count="298" type="stmt"/>
        <line num="74" count="164" type="stmt"/>
        <line num="75" count="164" type="stmt"/>
        <line num="76" count="164" type="stmt"/>
        <line num="77" count="164" type="cond" truecount="2" falsecount="0"/>
        <line num="78" count="1" type="stmt"/>
        <line num="79" count="163" type="cond" truecount="2" falsecount="0"/>
        <line num="80" count="110" type="stmt"/>
        <line num="82" count="53" type="stmt"/>
        <line num="83" count="164" type="stmt"/>
        <line num="84" count="164" type="stmt"/>
        <line num="85" count="164" type="stmt"/>
        <line num="86" count="164" type="stmt"/>
        <line num="87" count="164" type="cond" truecount="2" falsecount="0"/>
        <line num="88" count="94" type="stmt"/>
        <line num="89" count="164" type="stmt"/>
        <line num="92" count="1" type="stmt"/>
        <line num="95" count="0" type="stmt"/>
        <line num="96" count="0" type="stmt"/>
        <line num="99" count="0" type="stmt"/>
        <line num="100" count="0" type="stmt"/>
        <line num="101" count="0" type="stmt"/>
        <line num="102" count="0" type="stmt"/>
        <line num="105" count="0" type="stmt"/>
        <line num="106" count="0" type="stmt"/>
        <line num="107" count="0" type="stmt"/>
        <line num="108" count="0" type="stmt"/>
        <line num="111" count="0" type="stmt"/>
        <line num="112" count="0" type="cond" truecount="0" falsecount="2"/>
        <line num="113" count="0" type="stmt"/>
        <line num="115" count="0" type="cond" truecount="0" falsecount="2"/>
        <line num="116" count="0" type="stmt"/>
        <line num="120" count="1" type="stmt"/>
      </file>
      <file name="util.ts" path="/home/runner/work/sonic-forest/sonic-forest/src/SortedMap/util.ts">
        <metrics statements="3" coveredstatements="2" conditionals="0" coveredconditionals="0" methods="1" coveredmethods="0"/>
        <line num="2" count="1" type="stmt"/>
        <line num="3" count="1" type="stmt"/>
        <line num="5" count="0" type="stmt"/>
      </file>
    </package>
    <package name="src.__tests__">
      <metrics statements="92" coveredstatements="76" conditionals="33" coveredconditionals="25" methods="8" coveredmethods="8"/>
      <file name="MapFuzzer.ts" path="/home/runner/work/sonic-forest/sonic-forest/src/__tests__/MapFuzzer.ts">
        <metrics statements="31" coveredstatements="29" conditionals="6" coveredconditionals="6" methods="3" coveredmethods="3"/>
        <line num="2" count="2" type="stmt"/>
        <line num="3" count="2" type="stmt"/>
        <line num="4" count="2" type="stmt"/>
        <line num="7" count="100" type="stmt"/>
        <line num="8" count="100" type="stmt"/>
        <line num="9" count="100" type="stmt"/>
        <line num="12" count="100000" type="cond" truecount="2" falsecount="0"/>
        <line num="13" count="100000" type="cond" truecount="2" falsecount="0"/>
        <line num="14" count="100000" type="stmt"/>
        <line num="15" count="100000" type="stmt"/>
        <line num="16" count="251956" type="stmt"/>
        <line num="17" count="251956" type="stmt"/>
        <line num="18" count="251956" type="stmt"/>
        <line num="19" count="251956" type="stmt"/>
        <line num="20" count="251956" type="stmt"/>
        <line num="22" count="100000" type="stmt"/>
        <line num="23" count="1247362" type="stmt"/>
        <line num="24" count="1247362" type="stmt"/>
        <line num="25" count="1247362" type="stmt"/>
        <line num="26" count="1247362" type="stmt"/>
        <line num="27" count="1247362" type="stmt"/>
        <line num="29" count="100000" type="cond" truecount="2" falsecount="0"/>
        <line num="30" count="10064" type="stmt"/>
        <line num="31" count="10064" type="stmt"/>
        <line num="32" count="10064" type="stmt"/>
        <line num="33" count="10064" type="stmt"/>
        <line num="37" count="1509382" type="stmt"/>
        <line num="38" count="1509382" type="stmt"/>
        <line num="42" count="0" type="stmt"/>
        <line num="43" count="0" type="stmt"/>
        <line num="47" count="2" type="stmt"/>
      </file>
      <file name="TraceReplay.ts" path="/home/runner/work/sonic-forest/sonic-forest/src/__tests__/TraceReplay.ts">
        <metrics statements="25" coveredstatements="25" conditionals="3" coveredconditionals="3" methods="3" coveredmethods="3"/>
        <line num="2" count="1" type="stmt"/>
        <line num="3" count="1" type="stmt"/>
        <line num="4" count="1" type="stmt"/>
        <line num="7" count="5" type="stmt"/>
        <line num="8" count="5" type="stmt"/>
        <line num="9" count="5" type="stmt"/>
        <line num="12" count="5" type="stmt"/>
        <line num="13" count="5" type="stmt"/>
        <line num="14" count="300" type="stmt"/>
        <line num="15" count="300" type="stmt"/>
        <line num="16" count="300" type="cond" truecount="3" falsecount="0"/>
        <line num="18" count="60" type="stmt"/>
        <line num="19" count="60" type="stmt"/>
        <line num="20" count="60" type="stmt"/>
        <line num="21" count="60" type="stmt"/>
        <line num="24" count="238" type="stmt"/>
        <line num="25" count="238" type="stmt"/>
        <line num="26" count="238" type="stmt"/>
        <line num="27" count="238" type="stmt"/>
        <line num="30" count="2" type="stmt"/>
        <line num="31" count="2" type="stmt"/>
        <line num="32" count="2" type="stmt"/>
        <line num="33" count="2" type="stmt"/>
        <line num="39" count="300" type="stmt"/>
        <line num="42" count="1" type="stmt"/>
      </file>
      <file name="util.ts" path="/home/runner/work/sonic-forest/sonic-forest/src/__tests__/util.ts">
        <metrics statements="36" coveredstatements="22" conditionals="24" coveredconditionals="16" methods="2" coveredmethods="2"/>
        <line num="2" count="6" type="stmt"/>
        <line num="3" count="6" type="stmt"/>
        <line num="4" count="6" type="stmt"/>
        <line num="5" count="6" type="stmt"/>
        <line num="6" count="142899" type="stmt"/>
        <line num="7" count="142899" type="cond" truecount="2" falsecount="0"/>
        <line num="8" count="70085" type="cond" truecount="1" falsecount="1"/>
        <line num="10" count="0" type="stmt"/>
        <line num="11" count="0" type="stmt"/>
        <line num="13" count="70085" type="stmt"/>
        <line num="15" count="72814" type="cond" truecount="1" falsecount="1"/>
        <line num="17" count="0" type="stmt"/>
        <line num="18" count="0" type="stmt"/>
        <line num="20" count="142899" type="cond" truecount="2" falsecount="0"/>
        <line num="21" count="70411" type="cond" truecount="1" falsecount="1"/>
        <line num="23" count="0" type="stmt"/>
        <line num="24" count="0" type="stmt"/>
        <line num="26" count="70411" type="stmt"/>
        <line num="28" count="72488" type="cond" truecount="1" falsecount="1"/>
        <line num="30" count="0" type="stmt"/>
        <line num="31" count="0" type="stmt"/>
        <line num="33" count="142899" type="cond" truecount="2" falsecount="0"/>
        <line num="34" count="140496" type="cond" truecount="3" falsecount="1"/>
        <line num="36" count="0" type="stmt"/>
        <line num="37" count="0" type="stmt"/>
        <line num="40" count="2403" type="cond" truecount="1" falsecount="1"/>
        <line num="42" count="0" type="stmt"/>
        <line num="43" count="0" type="stmt"/>
        <line num="46" count="6" type="stmt"/>
        <line num="47" count="6" type="stmt"/>
        <line num="48" count="1509682" type="cond" truecount="1" falsecount="1"/>
        <line num="49" count="0" type="stmt"/>
        <line num="51" count="1509682" type="stmt"/>
        <line num="52" count="15405096" type="cond" truecount="1" falsecount="1"/>
        <line num="53" count="0" type="stmt"/>
        <line num="57" count="6" type="stmt"/>
      </file>
    </package>
    <package name="src.avl">
      <metrics statements="319" coveredstatements="302" conditionals="186" coveredconditionals="166" methods="49" coveredmethods="39"/>
      <file name="AvlBstNumNumMap.ts" path="/home/runner/work/sonic-forest/sonic-forest/src/avl/AvlBstNumNumMap.ts">
        <metrics statements="48" coveredstatements="43" conditionals="16" coveredconditionals="10" methods="12" coveredmethods="8"/>
        <line num="2" count="1" type="stmt"/>
        <line num="3" count="1" type="stmt"/>
        <line num="4" count="1" type="stmt"/>
        <line num="5" count="1" type="stmt"/>
        <line num="6" count="1" type="stmt"/>
        <line num="9" count="5" type="stmt"/>
        <line num="10" count="5" type="stmt"/>
        <line num="11" count="5" type="stmt"/>
        <line num="12" count="5" type="stmt"/>
        <line num="13" count="5" type="stmt"/>
        <line num="14" count="5" type="stmt"/>
        <line num="17" count="1" type="stmt"/>
        <line num="18" count="12" type="stmt"/>
        <line num="21" count="1" type="stmt"/>
        <line num="24" count="1" type="stmt"/>
        <line num="25" count="1" type="stmt"/>
        <line num="26" count="1" type="stmt"/>
        <line num="29" count="6" type="stmt"/>
        <line num="30" count="6" type="cond" truecount="2" falsecount="0"/>
        <line num="31" count="1" type="stmt"/>
        <line num="32" count="5" type="stmt"/>
        <line num="33" count="5" type="stmt"/>
        <line num="34" count="5" type="stmt"/>
        <line num="35" count="9" type="stmt"/>
        <line num="36" count="9" type="stmt"/>
        <line num="37" count="9" type="cond" truecount="2" falsecount="0"/>
        <line num="38" count="1" type="stmt"/>
        <line num="40" count="4" type="stmt"/>
        <line num="41" count="4" type="cond" truecount="1" falsecount="1"/>
        <line num="42" count="4" type="stmt"/>
        <line num="45" count="1" type="stmt"/>
        <line num="46" count="1" type="stmt"/>
        <line num="47" count="3" type="stmt"/>
        <line num="48" count="3" type="cond" truecount="2" falsecount="0"/>
        <line num="49" count="1" type="stmt"/>
        <line num="50" count="2" type="cond" truecount="1" falsecount="1"/>
        <line num="52" count="0" type="stmt"/>
        <line num="55" count="1" type="stmt"/>
        <line num="58" count="0" type="stmt"/>
        <line num="61" count="0" type="cond" truecount="0" falsecount="2"/>
        <line num="64" count="1" type="stmt"/>
        <line num="65" count="1" type="cond" truecount="1" falsecount="1"/>
        <line num="66" count="0" type="stmt"/>
        <line num="67" count="1" type="stmt"/>
        <line num="68" count="1" type="stmt"/>
        <line num="69" count="5" type="stmt"/>
        <line num="73" count="0" type="stmt"/>
        <line num="76" count="1" type="stmt"/>
      </file>
      <file name="AvlMap.ts" path="/home/runner/work/sonic-forest/sonic-forest/src/avl/AvlMap.ts">
        <metrics statements="12" coveredstatements="12" conditionals="0" coveredconditionals="0" methods="1" coveredmethods="1"/>
        <line num="2" count="2" type="stmt"/>
        <line num="3" count="2" type="stmt"/>
        <line num="4" count="2" type="stmt"/>
        <line num="5" count="2" type="stmt"/>
        <line num="8" count="112033" type="stmt"/>
        <line num="9" count="112033" type="stmt"/>
        <line num="10" count="112033" type="stmt"/>
        <line num="11" count="112033" type="stmt"/>
        <line num="12" count="112033" type="stmt"/>
        <line num="13" count="112033" type="stmt"/>
        <line num="16" count="2" type="stmt"/>
        <line num="17" count="2" type="stmt"/>
      </file>
      <file name="AvlSet.ts" path="/home/runner/work/sonic-forest/sonic-forest/src/avl/AvlSet.ts">
        <metrics statements="79" coveredstatements="69" conditionals="30" coveredconditionals="23" methods="22" coveredmethods="16"/>
        <line num="2" count="1" type="stmt"/>
        <line num="3" count="1" type="stmt"/>
        <line num="4" count="1" type="stmt"/>
        <line num="5" count="1" type="stmt"/>
        <line num="6" count="1" type="stmt"/>
        <line num="9" count="22" type="stmt"/>
        <line num="10" count="22" type="stmt"/>
        <line num="11" count="22" type="stmt"/>
        <line num="12" count="22" type="stmt"/>
        <line num="13" count="22" type="stmt"/>
        <line num="14" count="22" type="stmt"/>
        <line num="17" count="1" type="stmt"/>
        <line num="18" count="42" type="cond" truecount="4" falsecount="0"/>
        <line num="21" count="10" type="stmt"/>
        <line num="22" count="10" type="stmt"/>
        <line num="23" count="10" type="cond" truecount="2" falsecount="0"/>
        <line num="26" count="7" type="stmt"/>
        <line num="27" count="7" type="stmt"/>
        <line num="28" count="7" type="stmt"/>
        <line num="31" count="23" type="stmt"/>
        <line num="32" count="23" type="cond" truecount="2" falsecount="0"/>
        <line num="33" count="7" type="stmt"/>
        <line num="34" count="16" type="stmt"/>
        <line num="35" count="16" type="stmt"/>
        <line num="36" count="16" type="stmt"/>
        <line num="37" count="16" type="stmt"/>
        <line num="38" count="24" type="stmt"/>
        <line num="39" count="24" type="stmt"/>
        <line num="40" count="24" type="cond" truecount="2" falsecount="0"/>
        <line num="41" count="1" type="stmt"/>
        <line num="43" count="15" type="stmt"/>
        <line num="44" count="15" type="stmt"/>
        <line num="46" count="15" type="stmt"/>
        <line num="49" count="25" type="stmt"/>
        <line num="50" count="25" type="stmt"/>
        <line num="51" count="25" type="stmt"/>
        <line num="52" count="28" type="stmt"/>
        <line num="53" count="28" type="cond" truecount="2" falsecount="0"/>
        <line num="54" count="16" type="stmt"/>
        <line num="55" count="12" type="cond" truecount="2" falsecount="0"/>
        <line num="57" count="9" type="stmt"/>
        <line num="60" count="4" type="stmt"/>
        <line num="61" count="4" type="cond" truecount="1" falsecount="1"/>
        <line num="62" count="0" type="stmt"/>
        <line num="63" count="4" type="stmt"/>
        <line num="66" count="0" type="stmt"/>
        <line num="69" count="21" type="stmt"/>
        <line num="72" count="8" type="stmt"/>
        <line num="73" count="8" type="cond" truecount="2" falsecount="0"/>
        <line num="74" count="2" type="stmt"/>
        <line num="75" count="6" type="stmt"/>
        <line num="76" count="6" type="stmt"/>
        <line num="77" count="6" type="stmt"/>
        <line num="78" count="5" type="stmt"/>
        <line num="79" count="6" type="stmt"/>
        <line num="82" count="0" type="stmt"/>
        <line num="85" count="0" type="cond" truecount="0" falsecount="2"/>
        <line num="88" count="0" type="stmt"/>
        <line num="89" count="0" type="cond" truecount="0" falsecount="2"/>
        <line num="90" count="0" type="stmt"/>
        <line num="91" count="0" type="stmt"/>
        <line num="92" count="0" type="stmt"/>
        <line num="96" count="7" type="stmt"/>
        <line num="97" count="7" type="cond" truecount="2" falsecount="0"/>
        <line num="100" count="5" type="stmt"/>
        <line num="101" count="5" type="stmt"/>
        <line num="102" count="14" type="cond" truecount="2" falsecount="0"/>
        <line num="103" count="5" type="stmt"/>
        <line num="104" count="9" type="stmt"/>
        <line num="105" count="9" type="stmt"/>
        <line num="106" count="9" type="stmt"/>
        <line num="110" count="3" type="stmt"/>
        <line num="111" count="3" type="stmt"/>
        <line num="113" count="9" type="stmt"/>
        <line num="114" count="9" type="stmt"/>
        <line num="115" count="9" type="stmt"/>
        <line num="120" count="1" type="stmt"/>
        <line num="123" count="0" type="stmt"/>
        <line num="126" count="1" type="stmt"/>
      </file>
      <file name="util.ts" path="/home/runner/work/sonic-forest/sonic-forest/src/avl/util.ts">
        <metrics statements="180" coveredstatements="178" conditionals="140" coveredconditionals="133" methods="14" coveredmethods="14"/>
        <line num="2" count="5" type="stmt"/>
        <line num="3" count="5" type="stmt"/>
        <line num="4" count="5" type="stmt"/>
        <line num="5" count="5" type="stmt"/>
        <line num="6" count="5" type="stmt"/>
        <line num="7" count="164165" type="stmt"/>
        <line num="8" count="164165" type="cond" truecount="2" falsecount="0"/>
        <line num="9" count="22484" type="stmt"/>
        <line num="10" count="141681" type="stmt"/>
        <line num="11" count="141681" type="stmt"/>
        <line num="12" count="141681" type="cond" truecount="2" falsecount="0"/>
        <line num="13" count="70756" type="stmt"/>
        <line num="15" count="70925" type="stmt"/>
        <line num="16" count="141681" type="cond" truecount="4" falsecount="0"/>
        <line num="18" count="26795" type="stmt"/>
        <line num="21" count="71569" type="stmt"/>
        <line num="23" count="43317" type="stmt"/>
        <line num="24" count="43317" type="cond" truecount="2" falsecount="0"/>
        <line num="25" count="21222" type="cond" truecount="2" falsecount="0"/>
        <line num="26" count="11047" type="cond" truecount="2" falsecount="0"/>
        <line num="28" count="10175" type="cond" truecount="2" falsecount="0"/>
        <line num="31" count="22095" type="cond" truecount="2" falsecount="0"/>
        <line num="32" count="11357" type="cond" truecount="2" falsecount="0"/>
        <line num="34" count="10738" type="cond" truecount="2" falsecount="0"/>
        <line num="39" count="5" type="stmt"/>
        <line num="40" count="42145" type="stmt"/>
        <line num="41" count="42145" type="stmt"/>
        <line num="42" count="42145" type="stmt"/>
        <line num="43" count="42145" type="stmt"/>
        <line num="44" count="42145" type="stmt"/>
        <line num="45" count="42145" type="stmt"/>
        <line num="46" count="42145" type="cond" truecount="2" falsecount="0"/>
        <line num="47" count="42145" type="cond" truecount="4" falsecount="0"/>
        <line num="48" count="42145" type="stmt"/>
        <line num="49" count="42145" type="stmt"/>
        <line num="50" count="42145" type="cond" truecount="2" falsecount="0"/>
        <line num="51" count="42145" type="cond" truecount="2" falsecount="0"/>
        <line num="52" count="42145" type="stmt"/>
        <line num="53" count="42145" type="stmt"/>
        <line num="55" count="5" type="stmt"/>
        <line num="56" count="43121" type="stmt"/>
        <line num="57" count="43121" type="stmt"/>
        <line num="58" count="43121" type="stmt"/>
        <line num="59" count="43121" type="stmt"/>
        <line num="60" count="43121" type="stmt"/>
        <line num="61" count="43121" type="stmt"/>
        <line num="62" count="43121" type="cond" truecount="2" falsecount="0"/>
        <line num="63" count="43121" type="cond" truecount="4" falsecount="0"/>
        <line num="64" count="43121" type="stmt"/>
        <line num="65" count="43121" type="stmt"/>
        <line num="66" count="43121" type="cond" truecount="2" falsecount="0"/>
        <line num="67" count="43121" type="cond" truecount="2" falsecount="0"/>
        <line num="68" count="43121" type="stmt"/>
        <line num="69" count="43121" type="stmt"/>
        <line num="71" count="5" type="stmt"/>
        <line num="72" count="12743" type="stmt"/>
        <line num="73" count="12743" type="stmt"/>
        <line num="75" count="5" type="stmt"/>
        <line num="76" count="14333" type="stmt"/>
        <line num="77" count="14333" type="stmt"/>
        <line num="79" count="5" type="stmt"/>
        <line num="80" count="52911" type="stmt"/>
        <line num="81" count="52911" type="stmt"/>
        <line num="82" count="52911" type="stmt"/>
        <line num="83" count="52911" type="cond" truecount="2" falsecount="0"/>
        <line num="85" count="5" type="stmt"/>
        <line num="86" count="5" type="stmt"/>
        <line num="87" count="55800" type="stmt"/>
        <line num="88" count="55800" type="stmt"/>
        <line num="89" count="55800" type="stmt"/>
        <line num="90" count="55800" type="cond" truecount="2" falsecount="0"/>
        <line num="92" count="5" type="stmt"/>
        <line num="93" count="5" type="stmt"/>
        <line num="94" count="6192" type="cond" truecount="2" falsecount="0"/>
        <line num="95" count="4792" type="stmt"/>
        <line num="96" count="1400" type="stmt"/>
        <line num="97" count="1400" type="stmt"/>
        <line num="98" count="1400" type="stmt"/>
        <line num="99" count="1400" type="stmt"/>
        <line num="100" count="1400" type="cond" truecount="2" falsecount="0"/>
        <line num="101" count="6407" type="stmt"/>
        <line num="102" count="1400" type="cond" truecount="2" falsecount="0"/>
        <line num="104" count="5" type="stmt"/>
        <line num="105" count="5" type="stmt"/>
        <line num="106" count="62701" type="cond" truecount="1" falsecount="1"/>
        <line num="107" count="0" type="stmt"/>
        <line num="108" count="62701" type="stmt"/>
        <line num="109" count="62701" type="stmt"/>
        <line num="110" count="62701" type="stmt"/>
        <line num="111" count="62701" type="stmt"/>
        <line num="112" count="62701" type="cond" truecount="4" falsecount="0"/>
        <line num="113" count="23730" type="stmt"/>
        <line num="114" count="23730" type="cond" truecount="2" falsecount="0"/>
        <line num="115" count="12038" type="cond" truecount="4" falsecount="0"/>
        <line num="116" count="12038" type="stmt"/>
        <line num="117" count="12038" type="stmt"/>
        <line num="118" count="12038" type="stmt"/>
        <line num="119" count="12038" type="stmt"/>
        <line num="120" count="12038" type="cond" truecount="2" falsecount="0"/>
        <line num="121" count="11214" type="stmt"/>
        <line num="122" count="824" type="stmt"/>
        <line num="123" count="824" type="stmt"/>
        <line num="124" count="824" type="cond" truecount="2" falsecount="0"/>
        <line num="125" count="485" type="stmt"/>
        <line num="126" count="339" type="stmt"/>
        <line num="127" count="339" type="cond" truecount="2" falsecount="0"/>
        <line num="130" count="11692" type="stmt"/>
        <line num="131" count="11692" type="stmt"/>
        <line num="132" count="11692" type="stmt"/>
        <line num="133" count="15804" type="stmt"/>
        <line num="134" count="11692" type="stmt"/>
        <line num="135" count="11692" type="stmt"/>
        <line num="136" count="11692" type="stmt"/>
        <line num="137" count="11692" type="cond" truecount="4" falsecount="0"/>
        <line num="138" count="11692" type="stmt"/>
        <line num="139" count="11692" type="stmt"/>
        <line num="140" count="11692" type="stmt"/>
        <line num="141" count="11692" type="cond" truecount="2" falsecount="0"/>
        <line num="142" count="11692" type="stmt"/>
        <line num="143" count="11692" type="cond" truecount="3" falsecount="1"/>
        <line num="144" count="11692" type="cond" truecount="2" falsecount="0"/>
        <line num="145" count="11692" type="cond" truecount="2" falsecount="0"/>
        <line num="148" count="38971" type="cond" truecount="2" falsecount="0"/>
        <line num="149" count="38971" type="cond" truecount="2" falsecount="0"/>
        <line num="150" count="38971" type="cond" truecount="2" falsecount="0"/>
        <line num="151" count="400" type="stmt"/>
        <line num="152" count="38571" type="cond" truecount="2" falsecount="0"/>
        <line num="154" count="5" type="stmt"/>
        <line num="155" count="5" type="stmt"/>
        <line num="156" count="53335" type="stmt"/>
        <line num="157" count="53335" type="stmt"/>
        <line num="158" count="53335" type="stmt"/>
        <line num="159" count="53335" type="stmt"/>
        <line num="160" count="53335" type="cond" truecount="2" falsecount="0"/>
        <line num="161" count="26613" type="stmt"/>
        <line num="162" count="26722" type="cond" truecount="2" falsecount="0"/>
        <line num="163" count="7944" type="stmt"/>
        <line num="164" count="7944" type="cond" truecount="2" falsecount="0"/>
        <line num="165" count="5068" type="cond" truecount="4" falsecount="0"/>
        <line num="166" count="2209" type="stmt"/>
        <line num="167" count="5068" type="stmt"/>
        <line num="168" count="5068" type="stmt"/>
        <line num="171" count="2876" type="stmt"/>
        <line num="172" count="2876" type="stmt"/>
        <line num="173" count="2876" type="stmt"/>
        <line num="176" count="26722" type="stmt"/>
        <line num="177" count="26722" type="cond" truecount="2" falsecount="0"/>
        <line num="178" count="6280" type="stmt"/>
        <line num="179" count="20442" type="cond" truecount="2" falsecount="0"/>
        <line num="181" count="5" type="stmt"/>
        <line num="182" count="51124" type="stmt"/>
        <line num="183" count="51124" type="stmt"/>
        <line num="184" count="51124" type="stmt"/>
        <line num="185" count="51124" type="stmt"/>
        <line num="186" count="51124" type="cond" truecount="2" falsecount="0"/>
        <line num="187" count="22908" type="stmt"/>
        <line num="188" count="28216" type="cond" truecount="2" falsecount="0"/>
        <line num="189" count="6590" type="stmt"/>
        <line num="190" count="6590" type="cond" truecount="2" falsecount="0"/>
        <line num="191" count="4022" type="cond" truecount="4" falsecount="0"/>
        <line num="192" count="1747" type="stmt"/>
        <line num="193" count="4022" type="stmt"/>
        <line num="194" count="4022" type="stmt"/>
        <line num="197" count="2568" type="stmt"/>
        <line num="198" count="2568" type="stmt"/>
        <line num="199" count="2568" type="stmt"/>
        <line num="202" count="28216" type="stmt"/>
        <line num="203" count="28216" type="cond" truecount="2" falsecount="0"/>
        <line num="204" count="5676" type="stmt"/>
        <line num="205" count="22540" type="cond" truecount="2" falsecount="0"/>
        <line num="207" count="5" type="cond" truecount="1" falsecount="0"/>
        <line num="208" count="14888" type="cond" truecount="1" falsecount="1"/>
        <line num="209" count="0" type="stmt"/>
        <line num="210" count="14888" type="stmt"/>
        <line num="211" count="14888" type="cond" truecount="3" falsecount="2"/>
        <line num="216" count="14888" type="cond" truecount="1" falsecount="1"/>
        <line num="217" count="14888" type="cond" truecount="2" falsecount="0"/>
        <line num="218" count="14888" type="stmt"/>
        <line num="221" count="7329" type="cond" truecount="4" falsecount="0"/>
        <line num="223" count="5" type="stmt"/>
      </file>
    </package>
    <package name="src.data-types">
      <metrics statements="105" coveredstatements="99" conditionals="42" coveredconditionals="38" methods="23" coveredmethods="17"/>
      <file name="map.ts" path="/home/runner/work/sonic-forest/sonic-forest/src/data-types/map.ts">
        <metrics statements="105" coveredstatements="99" conditionals="42" coveredconditionals="38" methods="23" coveredmethods="17"/>
        <line num="2" count="5" type="stmt"/>
        <line num="3" count="5" type="stmt"/>
        <line num="4" count="5" type="stmt"/>
        <line num="5" count="5" type="stmt"/>
        <line num="6" count="55559839" type="cond" truecount="4" falsecount="0"/>
        <line num="7" count="5" type="stmt"/>
        <line num="13" count="121" type="stmt"/>
        <line num="17" count="121" type="stmt"/>
        <line num="21" count="121" type="stmt"/>
        <line num="22" count="121" type="stmt"/>
        <line num="23" count="121" type="stmt"/>
        <line num="24" count="121" type="cond" truecount="2" falsecount="0"/>
        <line num="27" count="252052" type="stmt"/>
        <line num="28" count="252052" type="cond" truecount="2" falsecount="0"/>
        <line num="29" count="9418" type="stmt"/>
        <line num="30" count="9418" type="stmt"/>
        <line num="31" count="9418" type="stmt"/>
        <line num="33" count="242634" type="stmt"/>
        <line num="35" count="242634" type="stmt"/>
        <line num="36" count="242634" type="stmt"/>
        <line num="37" count="242634" type="cond" truecount="2" falsecount="0"/>
        <line num="38" count="2344" type="stmt"/>
        <line num="39" count="240290" type="cond" truecount="2" falsecount="0"/>
        <line num="40" count="27277" type="stmt"/>
        <line num="41" count="27277" type="stmt"/>
        <line num="42" count="27277" type="stmt"/>
        <line num="43" count="27277" type="stmt"/>
        <line num="45" count="213013" type="stmt"/>
        <line num="46" count="213013" type="stmt"/>
        <line num="47" count="213013" type="cond" truecount="2" falsecount="0"/>
        <line num="48" count="2275" type="stmt"/>
        <line num="49" count="210738" type="cond" truecount="2" falsecount="0"/>
        <line num="50" count="27291" type="stmt"/>
        <line num="51" count="27291" type="stmt"/>
        <line num="52" count="27291" type="stmt"/>
        <line num="53" count="27291" type="stmt"/>
        <line num="55" count="183447" type="stmt"/>
        <line num="56" count="183447" type="stmt"/>
        <line num="57" count="675804" type="stmt"/>
        <line num="58" count="675804" type="cond" truecount="2" falsecount="0"/>
        <line num="59" count="23744" type="stmt"/>
        <line num="60" count="652060" type="cond" truecount="2" falsecount="0"/>
        <line num="61" count="326136" type="stmt"/>
        <line num="62" count="326136" type="cond" truecount="2" falsecount="0"/>
        <line num="63" count="79505" type="stmt"/>
        <line num="64" count="79505" type="stmt"/>
        <line num="65" count="79505" type="stmt"/>
        <line num="66" count="79505" type="stmt"/>
        <line num="68" count="246631" type="stmt"/>
        <line num="70" count="325924" type="cond" truecount="1" falsecount="1"/>
        <line num="71" count="325924" type="stmt"/>
        <line num="72" count="325924" type="cond" truecount="2" falsecount="0"/>
        <line num="73" count="80198" type="stmt"/>
        <line num="74" count="80198" type="stmt"/>
        <line num="75" count="80198" type="stmt"/>
        <line num="76" count="80198" type="stmt"/>
        <line num="78" count="245726" type="stmt"/>
        <line num="83" count="16652698" type="stmt"/>
        <line num="84" count="16652698" type="stmt"/>
        <line num="85" count="16652698" type="stmt"/>
        <line num="86" count="54428388" type="stmt"/>
        <line num="87" count="54428388" type="cond" truecount="2" falsecount="0"/>
        <line num="88" count="15529112" type="stmt"/>
        <line num="89" count="38899276" type="cond" truecount="2" falsecount="0"/>
        <line num="91" count="1123586" type="stmt"/>
        <line num="94" count="15405098" type="stmt"/>
        <line num="97" count="1247600" type="stmt"/>
        <line num="98" count="1247600" type="cond" truecount="2" falsecount="0"/>
        <line num="99" count="1123586" type="stmt"/>
        <line num="100" count="124014" type="cond" truecount="2" falsecount="0"/>
        <line num="101" count="10809" type="stmt"/>
        <line num="102" count="124014" type="cond" truecount="2" falsecount="0"/>
        <line num="103" count="10656" type="stmt"/>
        <line num="104" count="124014" type="stmt"/>
        <line num="105" count="124014" type="stmt"/>
        <line num="106" count="124014" type="stmt"/>
        <line num="109" count="10066" type="stmt"/>
        <line num="110" count="10066" type="stmt"/>
        <line num="113" count="0" type="stmt"/>
        <line num="116" count="1509682" type="stmt"/>
        <line num="119" count="0" type="stmt"/>
        <line num="122" count="0" type="cond" truecount="0" falsecount="2"/>
        <line num="125" count="2" type="stmt"/>
        <line num="126" count="2" type="cond" truecount="1" falsecount="1"/>
        <line num="127" count="0" type="stmt"/>
        <line num="128" count="2" type="stmt"/>
        <line num="129" count="10" type="stmt"/>
        <line num="133" count="16" type="stmt"/>
        <line num="136" count="0" type="stmt"/>
        <line num="139" count="10" type="stmt"/>
        <line num="140" count="10" type="stmt"/>
        <line num="141" count="28" type="cond" truecount="2" falsecount="0"/>
        <line num="142" count="10" type="stmt"/>
        <line num="143" count="18" type="stmt"/>
        <line num="144" count="18" type="stmt"/>
        <line num="145" count="18" type="stmt"/>
        <line num="149" count="6" type="stmt"/>
        <line num="150" count="6" type="stmt"/>
        <line num="152" count="18" type="stmt"/>
        <line num="153" count="18" type="stmt"/>
        <line num="154" count="18" type="stmt"/>
        <line num="159" count="2" type="stmt"/>
        <line num="162" count="0" type="stmt"/>
        <line num="165" count="5" type="stmt"/>
        <line num="167" count="5" type="stmt"/>
      </file>
    </package>
    <package name="src.llrb-tree">
      <metrics statements="160" coveredstatements="147" conditionals="57" coveredconditionals="54" methods="25" coveredmethods="11"/>
      <file name="LlrbTree.ts" path="/home/runner/work/sonic-forest/sonic-forest/src/llrb-tree/LlrbTree.ts">
        <metrics statements="160" coveredstatements="147" conditionals="57" coveredconditionals="54" methods="25" coveredmethods="11"/>
        <line num="2" count="1" type="stmt"/>
        <line num="3" count="1" type="stmt"/>
        <line num="4" count="1" type="stmt"/>
        <line num="5" count="1" type="stmt"/>
        <line num="6" count="1" type="stmt"/>
        <line num="15" count="242" type="stmt"/>
        <line num="16" count="242" type="stmt"/>
        <line num="17" count="242" type="stmt"/>
        <line num="19" count="242" type="stmt"/>
        <line num="21" count="242" type="stmt"/>
        <line num="23" count="242" type="stmt"/>
        <line num="26" count="1" type="stmt"/>
        <line num="27" count="1509" type="cond" truecount="4" falsecount="0"/>
        <line num="30" count="8" type="stmt"/>
        <line num="31" count="8" type="stmt"/>
        <line num="32" count="8" type="stmt"/>
        <line num="33" count="8" type="stmt"/>
        <line num="34" count="8" type="stmt"/>
        <line num="35" count="8" type="stmt"/>
        <line num="38" count="359" type="stmt"/>
        <line num="39" count="359" type="cond" truecount="2" falsecount="0"/>
        <line num="40" count="8" type="stmt"/>
        <line num="41" count="8" type="stmt"/>
        <line num="42" count="8" type="stmt"/>
        <line num="43" count="8" type="stmt"/>
        <line num="45" count="351" type="stmt"/>
        <line num="47" count="351" type="stmt"/>
        <line num="48" count="351" type="stmt"/>
        <line num="49" count="351" type="cond" truecount="1" falsecount="1"/>
        <line num="50" count="351" type="stmt"/>
        <line num="51" count="351" type="cond" truecount="2" falsecount="0"/>
        <line num="52" count="3" type="stmt"/>
        <line num="53" count="3" type="stmt"/>
        <line num="54" count="3" type="stmt"/>
        <line num="55" count="3" type="stmt"/>
        <line num="56" count="3" type="cond" truecount="2" falsecount="0"/>
        <line num="57" count="1" type="stmt"/>
        <line num="58" count="3" type="stmt"/>
        <line num="61" count="348" type="stmt"/>
        <line num="62" count="348" type="cond" truecount="1" falsecount="1"/>
        <line num="63" count="348" type="stmt"/>
        <line num="64" count="348" type="cond" truecount="2" falsecount="0"/>
        <line num="65" count="215" type="stmt"/>
        <line num="66" count="215" type="stmt"/>
        <line num="67" count="215" type="stmt"/>
        <line num="68" count="215" type="stmt"/>
        <line num="69" count="215" type="stmt"/>
        <line num="70" count="215" type="stmt"/>
        <line num="73" count="133" type="stmt"/>
        <line num="74" count="675" type="stmt"/>
        <line num="75" count="675" type="cond" truecount="2" falsecount="0"/>
        <line num="76" count="295" type="stmt"/>
        <line num="77" count="295" type="cond" truecount="2" falsecount="0"/>
        <line num="78" count="8" type="stmt"/>
        <line num="79" count="8" type="stmt"/>
        <line num="80" count="8" type="stmt"/>
        <line num="81" count="8" type="stmt"/>
        <line num="82" count="8" type="cond" truecount="2" falsecount="0"/>
        <line num="83" count="3" type="stmt"/>
        <line num="84" count="8" type="stmt"/>
        <line num="86" count="287" type="stmt"/>
        <line num="88" count="380" type="cond" truecount="2" falsecount="0"/>
        <line num="89" count="263" type="stmt"/>
        <line num="90" count="263" type="cond" truecount="2" falsecount="0"/>
        <line num="91" count="8" type="stmt"/>
        <line num="92" count="8" type="stmt"/>
        <line num="93" count="8" type="stmt"/>
        <line num="94" count="8" type="stmt"/>
        <line num="95" count="8" type="stmt"/>
        <line num="96" count="8" type="stmt"/>
        <line num="98" count="255" type="stmt"/>
        <line num="101" count="117" type="stmt"/>
        <line num="102" count="117" type="stmt"/>
        <line num="107" count="8" type="stmt"/>
        <line num="108" count="8" type="stmt"/>
        <line num="109" count="8" type="stmt"/>
        <line num="110" count="8" type="stmt"/>
        <line num="111" count="8" type="stmt"/>
        <line num="112" count="8" type="stmt"/>
        <line num="113" count="8" type="stmt"/>
        <line num="114" count="8" type="cond" truecount="2" falsecount="0"/>
        <line num="115" count="3" type="stmt"/>
        <line num="116" count="8" type="stmt"/>
        <line num="117" count="8" type="cond" truecount="2" falsecount="0"/>
        <line num="118" count="4" type="stmt"/>
        <line num="120" count="4" type="cond" truecount="2" falsecount="0"/>
        <line num="121" count="1" type="stmt"/>
        <line num="123" count="3" type="stmt"/>
        <line num="125" count="8" type="stmt"/>
        <line num="128" count="3" type="stmt"/>
        <line num="129" count="3" type="stmt"/>
        <line num="130" count="3" type="stmt"/>
        <line num="131" count="3" type="stmt"/>
        <line num="132" count="3" type="stmt"/>
        <line num="133" count="3" type="stmt"/>
        <line num="134" count="3" type="stmt"/>
        <line num="135" count="3" type="cond" truecount="2" falsecount="0"/>
        <line num="136" count="2" type="stmt"/>
        <line num="137" count="3" type="stmt"/>
        <line num="140" count="209" type="stmt"/>
        <line num="141" count="209" type="stmt"/>
        <line num="142" count="209" type="stmt"/>
        <line num="143" count="209" type="stmt"/>
        <line num="144" count="209" type="stmt"/>
        <line num="145" count="209" type="stmt"/>
        <line num="146" count="209" type="cond" truecount="2" falsecount="0"/>
        <line num="147" count="189" type="cond" truecount="2" falsecount="0"/>
        <line num="148" count="2" type="stmt"/>
        <line num="150" count="187" type="stmt"/>
        <line num="153" count="20" type="stmt"/>
        <line num="154" count="209" type="cond" truecount="2" falsecount="0"/>
        <line num="155" count="95" type="stmt"/>
        <line num="156" count="209" type="stmt"/>
        <line num="157" count="209" type="stmt"/>
        <line num="160" count="424" type="stmt"/>
        <line num="161" count="424" type="cond" truecount="2" falsecount="0"/>
        <line num="162" count="18" type="stmt"/>
        <line num="163" count="18" type="stmt"/>
        <line num="165" count="406" type="stmt"/>
        <line num="166" count="406" type="cond" truecount="2" falsecount="0"/>
        <line num="167" count="1" type="cond" truecount="1" falsecount="1"/>
        <line num="168" count="0" type="stmt"/>
        <line num="169" count="1" type="stmt"/>
        <line num="170" count="1" type="stmt"/>
        <line num="172" count="405" type="stmt"/>
        <line num="173" count="405" type="cond" truecount="2" falsecount="0"/>
        <line num="174" count="405" type="cond" truecount="2" falsecount="0"/>
        <line num="175" count="212" type="cond" truecount="2" falsecount="0"/>
        <line num="176" count="209" type="stmt"/>
        <line num="177" count="209" type="stmt"/>
        <line num="180" count="3" type="stmt"/>
        <line num="181" count="3" type="stmt"/>
        <line num="186" count="193" type="stmt"/>
        <line num="187" count="193" type="stmt"/>
        <line num="188" count="193" type="stmt"/>
        <line num="189" count="193" type="stmt"/>
        <line num="190" count="193" type="stmt"/>
        <line num="194" count="60" type="stmt"/>
        <line num="195" count="60" type="stmt"/>
        <line num="196" count="60" type="stmt"/>
        <line num="197" count="135" type="stmt"/>
        <line num="198" count="135" type="cond" truecount="2" falsecount="0"/>
        <line num="199" count="37" type="stmt"/>
        <line num="200" count="98" type="cond" truecount="2" falsecount="0"/>
        <line num="202" count="23" type="stmt"/>
        <line num="205" count="60" type="stmt"/>
        <line num="213" count="0" type="stmt"/>
        <line num="217" count="0" type="stmt"/>
        <line num="220" count="0" type="stmt"/>
        <line num="223" count="49" type="stmt"/>
        <line num="226" count="0" type="stmt"/>
        <line num="230" count="0" type="stmt"/>
        <line num="237" count="0" type="stmt"/>
        <line num="240" count="0" type="stmt"/>
        <line num="243" count="0" type="stmt"/>
        <line num="253" count="0" type="stmt"/>
        <line num="264" count="0" type="stmt"/>
        <line num="267" count="0" type="stmt"/>
        <line num="270" count="0" type="stmt"/>
        <line num="273" count="1" type="stmt"/>
      </file>
    </package>
    <package name="src.print">
      <metrics statements="6" coveredstatements="6" conditionals="0" coveredconditionals="0" methods="0" coveredmethods="0"/>
      <file name="printBinary.ts" path="/home/runner/work/sonic-forest/sonic-forest/src/print/printBinary.ts">
        <metrics statements="3" coveredstatements="3" conditionals="0" coveredconditionals="0" methods="0" coveredmethods="0"/>
        <line num="2" count="12" type="stmt"/>
        <line num="3" count="12" type="stmt"/>
        <line num="4" count="12" type="stmt"/>
      </file>
      <file name="printTree.ts" path="/home/runner/work/sonic-forest/sonic-forest/src/print/printTree.ts">
        <metrics statements="3" coveredstatements="3" conditionals="0" coveredconditionals="0" methods="0" coveredmethods="0"/>
        <line num="2" count="11" type="stmt"/>
        <line num="3" count="11" type="stmt"/>
        <line num="4" count="11" type="stmt"/>
      </file>
    </package>
    <package name="src.radix">
      <metrics statements="173" coveredstatements="154" conditionals="88" coveredconditionals="62" methods="17" coveredmethods="12"/>
      <file name="RadixTree.ts" path="/home/runner/work/sonic-forest/sonic-forest/src/radix/RadixTree.ts">
        <metrics statements="14" coveredstatements="14" conditionals="4" coveredconditionals="4" methods="4" coveredmethods="4"/>
        <line num="2" count="1" type="stmt"/>
        <line num="3" count="1" type="stmt"/>
        <line num="4" count="1" type="stmt"/>
        <line num="5" count="1" type="stmt"/>
        <line num="8" count="19" type="stmt"/>
        <line num="9" count="19" type="stmt"/>
        <line num="12" count="54" type="stmt"/>
        <line num="15" count="29" type="stmt"/>
        <line num="16" count="29" type="cond" truecount="2" falsecount="0"/>
        <line num="19" count="11" type="stmt"/>
        <line num="20" count="11" type="cond" truecount="2" falsecount="0"/>
        <line num="21" count="8" type="stmt"/>
        <line num="22" count="11" type="stmt"/>
        <line num="25" count="1" type="stmt"/>
      </file>
      <file name="radix.ts" path="/home/runner/work/sonic-forest/sonic-forest/src/radix/radix.ts">
        <metrics statements="159" coveredstatements="140" conditionals="84" coveredconditionals="58" methods="13" coveredmethods="8"/>
        <line num="2" count="2" type="stmt"/>
        <line num="3" count="2" type="stmt"/>
        <line num="4" count="2" type="stmt"/>
        <line num="5" count="2" type="stmt"/>
        <line num="6" count="2" type="stmt"/>
        <line num="7" count="2" type="stmt"/>
        <line num="8" count="2" type="stmt"/>
        <line num="9" count="62" type="stmt"/>
        <line num="10" count="62" type="stmt"/>
        <line num="11" count="62" type="cond" truecount="2" falsecount="0"/>
        <line num="13" count="62" type="stmt"/>
        <line num="21" count="2" type="stmt"/>
        <line num="22" count="78" type="stmt"/>
        <line num="23" count="78" type="stmt"/>
        <line num="24" count="78" type="stmt"/>
        <line num="25" count="128" type="stmt"/>
        <line num="26" count="128" type="cond" truecount="2" falsecount="0"/>
        <line num="27" count="31" type="stmt"/>
        <line num="28" count="31" type="stmt"/>
        <line num="30" count="97" type="stmt"/>
        <line num="31" count="97" type="stmt"/>
        <line num="32" count="97" type="stmt"/>
        <line num="33" count="97" type="stmt"/>
        <line num="34" count="142" type="stmt"/>
        <line num="35" count="142" type="stmt"/>
        <line num="36" count="142" type="cond" truecount="2" falsecount="0"/>
        <line num="37" count="62" type="stmt"/>
        <line num="38" count="62" type="stmt"/>
        <line num="39" count="62" type="stmt"/>
        <line num="40" count="62" type="cond" truecount="2" falsecount="0"/>
        <line num="41" count="62" type="cond" truecount="2" falsecount="0"/>
        <line num="42" count="6" type="stmt"/>
        <line num="43" count="6" type="stmt"/>
        <line num="45" count="56" type="cond" truecount="2" falsecount="0"/>
        <line num="46" count="41" type="stmt"/>
        <line num="47" count="41" type="stmt"/>
        <line num="48" count="41" type="stmt"/>
        <line num="50" count="15" type="cond" truecount="2" falsecount="0"/>
        <line num="51" count="6" type="stmt"/>
        <line num="52" count="6" type="stmt"/>
        <line num="53" count="6" type="stmt"/>
        <line num="54" count="6" type="stmt"/>
        <line num="55" count="6" type="stmt"/>
        <line num="56" count="6" type="stmt"/>
        <line num="58" count="9" type="cond" truecount="1" falsecount="1"/>
        <line num="59" count="9" type="stmt"/>
        <line num="60" count="9" type="stmt"/>
        <line num="61" count="9" type="stmt"/>
        <line num="62" count="9" type="stmt"/>
        <line num="63" count="9" type="stmt"/>
        <line num="64" count="9" type="stmt"/>
        <line num="65" count="9" type="stmt"/>
        <line num="66" count="9" type="stmt"/>
        <line num="69" count="80" type="stmt"/>
        <line num="70" count="80" type="cond" truecount="2" falsecount="0"/>
        <line num="71" count="28" type="stmt"/>
        <line num="73" count="52" type="stmt"/>
        <line num="75" count="35" type="cond" truecount="1" falsecount="1"/>
        <line num="76" count="35" type="stmt"/>
        <line num="77" count="35" type="cond" truecount="2" falsecount="0"/>
        <line num="78" count="14" type="stmt"/>
        <line num="80" count="21" type="stmt"/>
        <line num="81" count="35" type="stmt"/>
        <line num="83" count="0" type="stmt"/>
        <line num="85" count="0" type="stmt"/>
        <line num="87" count="2" type="stmt"/>
        <line num="89" count="2" type="stmt"/>
        <line num="90" count="29" type="cond" truecount="1" falsecount="1"/>
[...]
        <line num="39" count="2" type="stmt"/>
        <line num="40" count="0" type="stmt"/>
        <line num="41" count="0" type="stmt"/>
        <line num="42" count="0" type="stmt"/>
        <line num="43" count="0" type="stmt"/>
        <line num="44" count="0" type="stmt"/>
        <line num="45" count="0" type="cond" truecount="0" falsecount="2"/>
        <line num="46" count="0" type="stmt"/>
        <line num="48" count="2" type="stmt"/>
        <line num="49" count="2" type="stmt"/>
        <line num="50" count="2" type="stmt"/>
        <line num="51" count="2" type="stmt"/>
        <line num="52" count="2" type="stmt"/>
        <line num="53" count="2" type="stmt"/>
        <line num="54" count="2" type="stmt"/>
        <line num="55" count="2" type="cond" truecount="1" falsecount="1"/>
        <line num="56" count="0" type="stmt"/>
        <line num="58" count="2" type="stmt"/>
        <line num="59" count="2" type="stmt"/>
        <line num="60" count="1" type="stmt"/>
        <line num="61" count="1" type="stmt"/>
        <line num="62" count="1" type="stmt"/>
        <line num="63" count="1" type="stmt"/>
        <line num="64" count="1" type="stmt"/>
        <line num="65" count="1" type="stmt"/>
        <line num="66" count="1" type="stmt"/>
        <line num="67" count="1" type="stmt"/>
        <line num="68" count="1" type="stmt"/>
        <line num="69" count="1" type="stmt"/>
        <line num="70" count="1" type="cond" truecount="1" falsecount="1"/>
        <line num="71" count="1" type="stmt"/>
        <line num="72" count="1" type="cond" truecount="1" falsecount="1"/>
        <line num="73" count="0" type="stmt"/>
        <line num="74" count="1" type="cond" truecount="1" falsecount="1"/>
        <line num="75" count="1" type="stmt"/>
        <line num="76" count="0" type="cond" truecount="0" falsecount="2"/>
        <line num="77" count="0" type="stmt"/>
        <line num="79" count="0" type="stmt"/>
        <line num="80" count="1" type="stmt"/>
        <line num="82" count="2" type="stmt"/>
        <line num="83" count="2" type="stmt"/>
        <line num="84" count="0" type="stmt"/>
        <line num="85" count="0" type="stmt"/>
        <line num="86" count="0" type="stmt"/>
        <line num="87" count="0" type="stmt"/>
        <line num="88" count="0" type="stmt"/>
        <line num="89" count="0" type="stmt"/>
        <line num="90" count="0" type="stmt"/>
        <line num="91" count="0" type="stmt"/>
        <line num="92" count="0" type="stmt"/>
        <line num="93" count="0" type="stmt"/>
        <line num="94" count="0" type="cond" truecount="0" falsecount="2"/>
        <line num="95" count="0" type="stmt"/>
        <line num="96" count="0" type="cond" truecount="0" falsecount="2"/>
        <line num="97" count="0" type="stmt"/>
        <line num="98" count="0" type="cond" truecount="0" falsecount="2"/>
        <line num="99" count="0" type="stmt"/>
        <line num="100" count="0" type="cond" truecount="0" falsecount="2"/>
        <line num="101" count="0" type="stmt"/>
        <line num="103" count="0" type="stmt"/>
        <line num="104" count="0" type="stmt"/>
        <line num="106" count="2" type="stmt"/>
        <line num="107" count="2" type="stmt"/>
        <line num="108" count="2" type="stmt"/>
        <line num="109" count="2" type="stmt"/>
        <line num="110" count="2" type="stmt"/>
        <line num="111" count="2" type="stmt"/>
        <line num="112" count="2" type="stmt"/>
        <line num="113" count="2" type="stmt"/>
        <line num="114" count="2" type="stmt"/>
        <line num="115" count="2" type="stmt"/>
        <line num="116" count="2" type="stmt"/>
        <line num="117" count="2" type="stmt"/>
        <line num="118" count="2" type="cond" truecount="1" falsecount="1"/>
        <line num="119" count="0" type="stmt"/>
        <line num="120" count="2" type="cond" truecount="1" falsecount="1"/>
        <line num="121" count="0" type="stmt"/>
        <line num="122" count="2" type="cond" truecount="1" falsecount="1"/>
        <line num="123" count="2" type="stmt"/>
        <line num="124" count="0" type="cond" truecount="0" falsecount="2"/>
        <line num="125" count="0" type="stmt"/>
        <line num="127" count="0" type="stmt"/>
        <line num="128" count="2" type="stmt"/>
        <line num="130" count="2" type="stmt"/>
        <line num="131" count="2" type="stmt"/>
        <line num="132" count="1" type="stmt"/>
        <line num="133" count="1" type="stmt"/>
        <line num="134" count="1" type="stmt"/>
        <line num="135" count="1" type="stmt"/>
        <line num="136" count="1" type="stmt"/>
        <line num="137" count="1" type="stmt"/>
        <line num="138" count="1" type="stmt"/>
        <line num="139" count="1" type="stmt"/>
        <line num="140" count="1" type="stmt"/>
        <line num="141" count="1" type="stmt"/>
        <line num="142" count="1" type="cond" truecount="1" falsecount="1"/>
        <line num="143" count="0" type="stmt"/>
        <line num="144" count="1" type="cond" truecount="1" falsecount="1"/>
        <line num="145" count="0" type="stmt"/>
        <line num="146" count="1" type="cond" truecount="1" falsecount="1"/>
        <line num="147" count="1" type="stmt"/>
        <line num="148" count="0" type="cond" truecount="0" falsecount="2"/>
        <line num="149" count="0" type="stmt"/>
        <line num="151" count="0" type="stmt"/>
        <line num="152" count="1" type="stmt"/>
        <line num="154" count="2" type="stmt"/>
      </file>
    </package>
    <package name="src.trie">
      <metrics statements="19" coveredstatements="18" conditionals="1" coveredconditionals="0" methods="4" coveredmethods="3"/>
      <file name="TrieNode.ts" path="/home/runner/work/sonic-forest/sonic-forest/src/trie/TrieNode.ts">
        <metrics statements="19" coveredstatements="18" conditionals="1" coveredconditionals="0" methods="4" coveredmethods="3"/>
        <line num="2" count="2" type="stmt"/>
        <line num="3" count="2" type="stmt"/>
        <line num="4" count="2" type="stmt"/>
        <line num="5" count="2" type="stmt"/>
        <line num="8" count="103" type="stmt"/>
        <line num="9" count="103" type="stmt"/>
        <line num="10" count="103" type="stmt"/>
        <line num="11" count="103" type="stmt"/>
        <line num="12" count="103" type="stmt"/>
        <line num="13" count="103" type="stmt"/>
        <line num="16" count="1" type="stmt"/>
        <line num="17" count="1" type="stmt"/>
        <line num="18" count="1" type="stmt"/>
        <line num="19" count="2" type="stmt"/>
        <line num="20" count="2" type="stmt"/>
        <line num="21" count="2" type="stmt"/>
        <line num="25" count="10" type="stmt"/>
        <line num="28" count="0" type="stmt"/>
        <line num="31" count="2" type="stmt"/>
      </file>
    </package>
    <package name="src.util">
      <metrics statements="211" coveredstatements="183" conditionals="103" coveredconditionals="79" methods="18" coveredmethods="15"/>
      <file name="first.ts" path="/home/runner/work/sonic-forest/sonic-forest/src/util/first.ts">
        <metrics statements="10" coveredstatements="10" conditionals="2" coveredconditionals="2" methods="1" coveredmethods="1"/>
        <line num="2" count="16" type="stmt"/>
        <line num="3" count="16" type="stmt"/>
        <line num="4" count="16" type="stmt"/>
        <line num="5" count="85723" type="stmt"/>
        <line num="6" count="85723" type="stmt"/>
        <line num="7" count="165514" type="cond" truecount="2" falsecount="0"/>
        <line num="8" count="79819" type="stmt"/>
        <line num="10" count="85695" type="stmt"/>
        <line num="11" count="28" type="stmt"/>
        <line num="13" count="16" type="stmt"/>
      </file>
      <file name="index.ts" path="/home/runner/work/sonic-forest/sonic-forest/src/util/index.ts">
        <metrics statements="123" coveredstatements="109" conditionals="56" coveredconditionals="49" methods="12" coveredmethods="12"/>
        <line num="2" count="16" type="stmt"/>
        <line num="3" count="16" type="stmt"/>
        <line num="4" count="16" type="stmt"/>
        <line num="5" count="3267" type="stmt"/>
        <line num="6" count="16" type="stmt"/>
        <line num="7" count="174181" type="stmt"/>
        <line num="8" count="16" type="stmt"/>
        <line num="9" count="26" type="stmt"/>
        <line num="10" count="26" type="stmt"/>
        <line num="11" count="72" type="cond" truecount="2" falsecount="0"/>
        <line num="12" count="46" type="stmt"/>
        <line num="14" count="26" type="stmt"/>
        <line num="15" count="0" type="stmt"/>
        <line num="17" count="16" type="stmt"/>
        <line num="18" count="16" type="stmt"/>
        <line num="19" count="10809" type="cond" truecount="2" falsecount="0"/>
        <line num="20" count="2114" type="stmt"/>
        <line num="21" count="2114" type="stmt"/>
        <line num="22" count="0" type="stmt"/>
        <line num="23" count="2114" type="stmt"/>
        <line num="25" count="8695" type="stmt"/>
        <line num="26" count="8695" type="cond" truecount="2" falsecount="0"/>
        <line num="27" count="0" type="stmt"/>
        <line num="28" count="0" type="stmt"/>
        <line num="30" count="8695" type="stmt"/>
        <line num="32" count="16" type="stmt"/>
        <line num="33" count="16" type="stmt"/>
        <line num="34" count="21870" type="stmt"/>
        <line num="35" count="21870" type="stmt"/>
        <line num="36" count="21870" type="cond" truecount="4" falsecount="0"/>
        <line num="38" count="16" type="stmt"/>
        <line num="39" count="420" type="cond" truecount="2" falsecount="0"/>
        <line num="41" count="16" type="stmt"/>
        <line num="42" count="16" type="stmt"/>
        <line num="43" count="4038" type="stmt"/>
        <line num="44" count="4038" type="stmt"/>
        <line num="45" count="23338" type="stmt"/>
        <line num="46" count="23338" type="cond" truecount="2" falsecount="0"/>
        <line num="47" count="3611" type="stmt"/>
        <line num="48" count="19727" type="cond" truecount="2" falsecount="0"/>
        <line num="50" count="427" type="stmt"/>
        <line num="52" count="16" type="stmt"/>
        <line num="53" count="16" type="stmt"/>
        <line num="54" count="110" type="stmt"/>
        <line num="55" count="110" type="stmt"/>
        <line num="56" count="110" type="stmt"/>
        <line num="57" count="172" type="stmt"/>
        <line num="58" count="172" type="cond" truecount="2" falsecount="0"/>
        <line num="59" count="10" type="stmt"/>
        <line num="60" count="162" type="cond" truecount="2" falsecount="0"/>
        <line num="61" count="53" type="stmt"/>
        <line num="63" count="109" type="stmt"/>
        <line num="64" count="109" type="stmt"/>
        <line num="65" count="109" type="cond" truecount="2" falsecount="0"/>
        <line num="66" count="60" type="stmt"/>
        <line num="67" count="49" type="stmt"/>
        <line num="70" count="40" type="stmt"/>
        <line num="72" count="16" type="stmt"/>
        <line num="73" count="16" type="stmt"/>
        <line num="74" count="42" type="stmt"/>
        <line num="75" count="42" type="stmt"/>
        <line num="76" count="42" type="stmt"/>
        <line num="77" count="42" type="cond" truecount="1" falsecount="1"/>
        <line num="78" count="0" type="stmt"/>
        <line num="80" count="16" type="stmt"/>
        <line num="81" count="16" type="stmt"/>
        <line num="82" count="25" type="stmt"/>
        <line num="83" count="25" type="stmt"/>
        <line num="84" count="25" type="stmt"/>
        <line num="85" count="25" type="cond" truecount="1" falsecount="1"/>
        <line num="86" count="0" type="stmt"/>
        <line num="88" count="16" type="stmt"/>
        <line num="89" count="16" type="stmt"/>
        <line num="90" count="41" type="cond" truecount="2" falsecount="0"/>
        <line num="91" count="12" type="stmt"/>
        <line num="92" count="29" type="stmt"/>
        <line num="93" count="29" type="stmt"/>
        <line num="94" count="29" type="stmt"/>
        <line num="95" count="50" type="stmt"/>
        <line num="96" count="50" type="cond" truecount="2" falsecount="0"/>
        <line num="98" count="50" type="cond" truecount="2" falsecount="0"/>
        <line num="99" count="29" type="cond" truecount="2" falsecount="0"/>
        <line num="100" count="10" type="stmt"/>
        <line num="102" count="19" type="stmt"/>
        <line num="103" count="29" type="stmt"/>
        <line num="106" count="21" type="stmt"/>
        <line num="108" count="29" type="stmt"/>
        <line num="110" count="16" type="stmt"/>
        <line num="111" count="16" type="stmt"/>
        <line num="112" count="9" type="stmt"/>
        <line num="113" count="9" type="stmt"/>
        <line num="114" count="9" type="stmt"/>
        <line num="115" count="9" type="stmt"/>
        <line num="116" count="9" type="cond" truecount="4" falsecount="0"/>
        <line num="117" count="4" type="cond" truecount="2" falsecount="0"/>
        <line num="118" count="3" type="stmt"/>
        <line num="119" count="1" type="cond" truecount="1" falsecount="1"/>
        <line num="120" count="1" type="stmt"/>
        <line num="122" count="0" type="stmt"/>
        <line num="123" count="1" type="stmt"/>
        <line num="125" count="5" type="cond" truecount="4" falsecount="0"/>
        <line num="126" count="2" type="stmt"/>
        <line num="127" count="2" type="stmt"/>
        <line num="128" count="0" type="stmt"/>
        <line num="129" count="2" type="stmt"/>
        <line num="130" count="2" type="stmt"/>
        <line num="131" count="2" type="cond" truecount="1" falsecount="1"/>
        <line num="132" count="2" type="stmt"/>
        <line num="133" count="2" type="stmt"/>
        <line num="135" count="0" type="cond" truecount="0" falsecount="2"/>
        <line num="136" count="0" type="stmt"/>
        <line num="138" count="0" type="stmt"/>
        <line num="139" count="0" type="stmt"/>
        <line num="140" count="0" type="stmt"/>
        <line num="142" count="3" type="cond" truecount="2" falsecount="0"/>
        <line num="143" count="3" type="stmt"/>
        <line num="144" count="3" type="cond" truecount="2" falsecount="0"/>
        <line num="145" count="2" type="stmt"/>
        <line num="146" count="1" type="cond" truecount="1" falsecount="1"/>
        <line num="147" count="1" type="stmt"/>
        <line num="149" count="0" type="stmt"/>
        <line num="150" count="1" type="stmt"/>
        <line num="152" count="16" type="stmt"/>
      </file>
      <file name="next.ts" path="/home/runner/work/sonic-forest/sonic-forest/src/util/next.ts">
        <metrics statements="13" coveredstatements="13" conditionals="4" coveredconditionals="4" methods="1" coveredmethods="1"/>
        <line num="2" count="16" type="stmt"/>
        <line num="3" count="16" type="stmt"/>
        <line num="4" count="16" type="stmt"/>
        <line num="5" count="16" type="stmt"/>
        <line num="6" count="174048" type="stmt"/>
        <line num="7" count="174048" type="cond" truecount="2" falsecount="0"/>
        <line num="8" count="82456" type="stmt"/>
        <line num="9" count="91592" type="stmt"/>
        <line num="10" count="91592" type="cond" truecount="2" falsecount="0"/>
        <line num="11" count="80390" type="stmt"/>
        <line num="12" count="80390" type="stmt"/>
        <line num="14" count="91592" type="stmt"/>
        <line num="16" count="16" type="stmt"/>
      </file>
      <file name="print.ts" path="/home/runner/work/sonic-forest/sonic-forest/src/util/print.ts">
        <metrics statements="12" coveredstatements="6" conditionals="9" coveredconditionals="0" methods="3" coveredmethods="0"/>
        <line num="2" count="7" type="stmt"/>
        <line num="3" count="7" type="stmt"/>
        <line num="4" count="7" type="stmt"/>
        <line num="5" count="7" type="stmt"/>
        <line num="6" count="7" type="cond" truecount="0" falsecount="1"/>
        <line num="7" count="0" type="cond" truecount="0" falsecount="2"/>
        <line num="8" count="0" type="stmt"/>
        <line num="9" count="0" type="stmt"/>
        <line num="10" count="0" type="cond" truecount="0" falsecount="2"/>
        <line num="11" count="0" type="stmt"/>
        <line num="13" count="0" type="cond" truecount="0" falsecount="4"/>
        <line num="15" count="7" type="stmt"/>
      </file>
      <file name="swap.ts" path="/home/runner/work/sonic-forest/sonic-forest/src/util/swap.ts">
        <metrics statements="53" coveredstatements="45" conditionals="32" coveredconditionals="24" methods="1" coveredmethods="1"/>
        <line num="2" count="6" type="stmt"/>
        <line num="3" count="6" type="stmt"/>
        <line num="11" count="6" type="stmt"/>
        <line num="12" count="28504" type="stmt"/>
        <line num="13" count="28504" type="stmt"/>
        <line num="14" count="28504" type="stmt"/>
        <line num="15" count="28504" type="stmt"/>
        <line num="16" count="28504" type="stmt"/>
        <line num="17" count="28504" type="stmt"/>
        <line num="18" count="28504" type="cond" truecount="1" falsecount="1"/>
        <line num="19" count="0" type="stmt"/>
        <line num="20" count="0" type="stmt"/>
        <line num="23" count="28504" type="stmt"/>
        <line num="24" count="28504" type="cond" truecount="1" falsecount="1"/>
        <line num="25" count="0" type="stmt"/>
        <line num="27" count="28504" type="cond" truecount="1" falsecount="1"/>
        <line num="28" count="0" type="stmt"/>
        <line num="29" count="0" type="stmt"/>
        <line num="32" count="28504" type="stmt"/>
        <line num="33" count="28504" type="cond" truecount="2" falsecount="0"/>
        <line num="34" count="3807" type="stmt"/>
        <line num="36" count="28504" type="cond" truecount="2" falsecount="0"/>
        <line num="37" count="2" type="stmt"/>
        <line num="38" count="2" type="stmt"/>
        <line num="41" count="28502" type="stmt"/>
        <line num="42" count="28502" type="cond" truecount="2" falsecount="0"/>
        <line num="43" count="23776" type="stmt"/>
        <line num="45" count="28504" type="cond" truecount="2" falsecount="0"/>
        <line num="46" count="16697" type="stmt"/>
        <line num="47" count="16697" type="stmt"/>
        <line num="50" count="11807" type="stmt"/>
        <line num="51" count="11807" type="cond" truecount="2" falsecount="0"/>
        <line num="52" count="11805" type="stmt"/>
        <line num="54" count="28504" type="cond" truecount="2" falsecount="0"/>
        <line num="55" count="5515" type="stmt"/>
        <line num="56" count="5515" type="stmt"/>
        <line num="58" count="22989" type="cond" truecount="1" falsecount="1"/>
        <line num="59" count="22989" type="stmt"/>
        <line num="60" count="22989" type="cond" truecount="1" falsecount="1"/>
        <line num="61" count="22989" type="cond" truecount="2" falsecount="0"/>
        <line num="62" count="11639" type="stmt"/>
        <line num="65" count="11350" type="stmt"/>
        <line num="69" count="28504" type="cond" truecount="1" falsecount="1"/>
        <line num="70" count="0" type="stmt"/>
        <line num="71" count="0" type="stmt"/>
        <line num="73" count="28504" type="cond" truecount="2" falsecount="0"/>
        <line num="74" count="11805" type="stmt"/>
        <line num="75" count="11805" type="cond" truecount="1" falsecount="1"/>
        <line num="76" count="11805" type="cond" truecount="1" falsecount="1"/>
        <line num="77" count="11805" type="stmt"/>
        <line num="80" count="0" type="stmt"/>
        <line num="84" count="28504" type="stmt"/>
        <line num="86" count="6" type="stmt"/>
      </file>
    </package>
  </project>
</coverage>
