{"/home/runner/work/sonic-forest/sonic-forest/src/Tree.ts": {"path":"/home/runner/work/sonic-forest/sonic-forest/src/Tree.ts","statementMap":{"0":{"start":{"line":1,"column":0},"end":{"line":1,"column":80}},"1":{"start":{"line":2,"column":0},"end":{"line":2,"column":35}},"2":{"start":{"line":3,"column":0},"end":{"line":3,"column":36}},"3":{"start":{"line":6,"column":46},"end":{"line":6,"column":61}},"4":{"start":{"line":6,"column":56},"end":{"line":6,"column":61}},"5":{"start":{"line":12,"column":30},"end":{"line":12,"column":58}},"6":{"start":{"line":9,"column":9},"end":{"line":9,"column":55}},"7":{"start":{"line":10,"column":9},"end":{"line":10,"column":26}},"8":{"start":{"line":15,"column":17},"end":{"line":15,"column":41}},"9":{"start":{"line":16,"column":4},"end":{"line":16,"column":57}},"10":{"start":{"line":17,"column":4},"end":{"line":17,"column":43}},"11":{"start":{"line":18,"column":4},"end":{"line":18,"column":16}},"12":{"start":{"line":25,"column":17},"end":{"line":25,"column":41}},"13":{"start":{"line":26,"column":4},"end":{"line":26,"column":57}},"14":{"start":{"line":27,"column":4},"end":{"line":27,"column":16}},"15":{"start":{"line":31,"column":17},"end":{"line":31,"column":54}},"16":{"start":{"line":32,"column":4},"end":{"line":32,"column":37}},"17":{"start":{"line":36,"column":17},"end":{"line":36,"column":65}},"18":{"start":{"line":37,"column":4},"end":{"line":37,"column":37}},"19":{"start":{"line":41,"column":4},"end":{"line":41,"column":51}},"20":{"start":{"line":45,"column":17},"end":{"line":45,"column":54}},"21":{"start":{"line":46,"column":4},"end":{"line":46,"column":32}},"22":{"start":{"line":46,"column":15},"end":{"line":46,"column":32}},"23":{"start":{"line":47,"column":4},"end":{"line":47,"column":40}},"24":{"start":{"line":48,"column":4},"end":{"line":48,"column":16}},"25":{"start":{"line":49,"column":4},"end":{"line":49,"column":18}},"26":{"start":{"line":53,"column":4},"end":{"line":53,"column":30}},"27":{"start":{"line":57,"column":15},"end":{"line":57,"column":31}},"28":{"start":{"line":58,"column":4},"end":{"line":62,"column":6}},"29":{"start":{"line":59,"column":18},"end":{"line":59,"column":22}},"30":{"start":{"line":60,"column":6},"end":{"line":60,"column":34}},"31":{"start":{"line":60,"column":16},"end":{"line":60,"column":34}},"32":{"start":{"line":61,"column":6},"end":{"line":61,"column":37}},"33":{"start":{"line":66,"column":4},"end":{"line":66,"column":102}},"34":{"start":{"line":70,"column":14},"end":{"line":70,"column":110}},"35":{"start":{"line":71,"column":4},"end":{"line":71,"column":66}},"36":{"start":{"line":71,"column":16},"end":{"line":71,"column":66}},"37":{"start":{"line":72,"column":4},"end":{"line":72,"column":66}},"38":{"start":{"line":72,"column":16},"end":{"line":72,"column":66}},"39":{"start":{"line":73,"column":4},"end":{"line":73,"column":15}},"40":{"start":{"line":8,"column":0},"end":{"line":8,"column":13}}},"fnMap":{"0":{"name":"(anonymous_0)","decl":{"start":{"line":6,"column":46},"end":{"line":6,"column":47}},"loc":{"start":{"line":6,"column":56},"end":{"line":6,"column":61}}},"1":{"name":"(anonymous_1)","decl":{"start":{"line":12,"column":2},"end":{"line":12,"column":30}},"loc":{"start":{"line":12,"column":82},"end":{"line":12,"column":86}}},"2":{"name":"(anonymous_2)","decl":{"start":{"line":14,"column":9},"end":{"line":14,"column":12}},"loc":{"start":{"line":14,"column":29},"end":{"line":19,"column":3}}},"3":{"name":"(anonymous_3)","decl":{"start":{"line":24,"column":9},"end":{"line":24,"column":16}},"loc":{"start":{"line":24,"column":33},"end":{"line":28,"column":3}}},"4":{"name":"(anonymous_4)","decl":{"start":{"line":30,"column":9},"end":{"line":30,"column":12}},"loc":{"start":{"line":30,"column":19},"end":{"line":33,"column":3}}},"5":{"name":"(anonymous_5)","decl":{"start":{"line":35,"column":9},"end":{"line":35,"column":23}},"loc":{"start":{"line":35,"column":30},"end":{"line":38,"column":3}}},"6":{"name":"(anonymous_6)","decl":{"start":{"line":40,"column":9},"end":{"line":40,"column":12}},"loc":{"start":{"line":40,"column":19},"end":{"line":42,"column":3}}},"7":{"name":"(anonymous_7)","decl":{"start":{"line":44,"column":9},"end":{"line":44,"column":15}},"loc":{"start":{"line":44,"column":22},"end":{"line":50,"column":3}}},"8":{"name":"(anonymous_8)","decl":{"start":{"line":52,"column":9},"end":{"line":52,"column":12}},"loc":{"start":{"line":52,"column":12},"end":{"line":54,"column":3}}},"9":{"name":"(anonymous_9)","decl":{"start":{"line":56,"column":9},"end":{"line":56,"column":17}},"loc":{"start":{"line":56,"column":17},"end":{"line":63,"column":3}}},"10":{"name":"(anonymous_10)","decl":{"start":{"line":58,"column":11},"end":{"line":58,"column":14}},"loc":{"start":{"line":58,"column":16},"end":{"line":62,"column":5}}},"11":{"name":"(anonymous_11)","decl":{"start":{"line":65,"column":9},"end":{"line":65,"column":17}},"loc":{"start":{"line":65,"column":34},"end":{"line":67,"column":3}}},"12":{"name":"(anonymous_12)","decl":{"start":{"line":69,"column":12},"end":{"line":69,"column":24}},"loc":{"start":{"line":69,"column":81},"end":{"line":74,"column":3}}}},"branchMap":{"0":{"loc":{"start":{"line":12,"column":30},"end":{"line":12,"column":82}},"type":"default-arg","locations":[{"start":{"line":12,"column":58},"end":{"line":12,"column":82}}]},"1":{"loc":{"start":{"line":32,"column":11},"end":{"line":32,"column":36}},"type":"cond-expr","locations":[{"start":{"line":32,"column":18},"end":{"line":32,"column":24}},{"start":{"line":32,"column":27},"end":{"line":32,"column":36}}]},"2":{"loc":{"start":{"line":37,"column":11},"end":{"line":37,"column":36}},"type":"cond-expr","locations":[{"start":{"line":37,"column":18},"end":{"line":37,"column":24}},{"start":{"line":37,"column":27},"end":{"line":37,"column":36}}]},"3":{"loc":{"start":{"line":46,"column":4},"end":{"line":46,"column":32}},"type":"if","locations":[{"start":{"line":46,"column":4},"end":{"line":46,"column":32}}]},"4":{"loc":{"start":{"line":60,"column":6},"end":{"line":60,"column":34}},"type":"if","locations":[{"start":{"line":60,"column":6},"end":{"line":60,"column":34}}]},"5":{"loc":{"start":{"line":61,"column":13},"end":{"line":61,"column":36}},"type":"cond-expr","locations":[{"start":{"line":61,"column":19},"end":{"line":61,"column":24}},{"start":{"line":61,"column":27},"end":{"line":61,"column":36}}]},"6":{"loc":{"start":{"line":65,"column":18},"end":{"line":65,"column":34}},"type":"default-arg","locations":[{"start":{"line":65,"column":32},"end":{"line":65,"column":34}}]},"7":{"loc":{"start":{"line":66,"column":38},"end":{"line":66,"column":99}},"type":"cond-expr","locations":[{"start":{"line":66,"column":50},"end":{"line":66,"column":92}},{"start":{"line":66,"column":95},"end":{"line":66,"column":99}}]},"8":{"loc":{"start":{"line":70,"column":25},"end":{"line":70,"column":73}},"type":"cond-expr","locations":[{"start":{"line":70,"column":40},"end":{"line":70,"column":44}},{"start":{"line":70,"column":47},"end":{"line":70,"column":73}}]},"9":{"loc":{"start":{"line":70,"column":47},"end":{"line":70,"column":73}},"type":"cond-expr","locations":[{"start":{"line":70,"column":62},"end":{"line":70,"column":66}},{"start":{"line":70,"column":69},"end":{"line":70,"column":73}}]},"10":{"loc":{"start":{"line":71,"column":4},"end":{"line":71,"column":66}},"type":"if","locations":[{"start":{"line":71,"column":4},"end":{"line":71,"column":66}}]},"11":{"loc":{"start":{"line":72,"column":4},"end":{"line":72,"column":66}},"type":"if","locations":[{"start":{"line":72,"column":4},"end":{"line":72,"column":66}}]}},"s":{"0":2,"1":2,"2":2,"3":2,"4":26,"5":2,"6":2,"7":2,"8":6,"9":6,"10":6,"11":6,"12":0,"13":0,"14":0,"15":3,"16":3,"17":11,"18":11,"19":0,"20":0,"21":0,"22":0,"23":0,"24":0,"25":0,"26":0,"27":0,"28":0,"29":0,"30":0,"31":0,"32":0,"33":0,"34":0,"35":0,"36":0,"37":0,"38":0,"39":0,"40":2},"f":{"0":26,"1":2,"2":6,"3":0,"4":3,"5":11,"6":0,"7":0,"8":0,"9":0,"10":0,"11":0,"12":0},"b":{"0":[2],"1":[3,0],"2":[11,0],"3":[0],"4":[0],"5":[0,0],"6":[0],"7":[0,0],"8":[0,0],"9":[0,0],"10":[0],"11":[0]}}
,"/home/runner/work/sonic-forest/sonic-forest/src/TreeNode.ts": {"path":"/home/runner/work/sonic-forest/sonic-forest/src/TreeNode.ts","statementMap":{"0":{"start":{"line":9,"column":11},"end":{"line":9,"column":15}},"1":{"start":{"line":10,"column":11},"end":{"line":10,"column":15}},"2":{"start":{"line":4,"column":9},"end":{"line":4,"column":52}},"3":{"start":{"line":5,"column":9},"end":{"line":5,"column":52}},"4":{"start":{"line":6,"column":9},"end":{"line":6,"column":52}},"5":{"start":{"line":3,"column":0},"end":{"line":3,"column":13}}},"fnMap":{"0":{"name":"(anonymous_0)","decl":{"start":{"line":8,"column":2},"end":{"line":8,"column":null}},"loc":{"start":{"line":10,"column":15},"end":{"line":11,"column":6}}}},"branchMap":{},"s":{"0":45,"1":45,"2":45,"3":45,"4":45,"5":2},"f":{"0":45},"b":{}}
,"/home/runner/work/sonic-forest/sonic-forest/src/util.ts": {"path":"/home/runner/work/sonic-forest/sonic-forest/src/util.ts","statementMap":{"0":{"start":{"line":3,"column":21},"end":{"line":9,"column":1}},"1":{"start":{"line":4,"column":13},"end":{"line":4,"column":17}},"2":{"start":{"line":5,"column":2},"end":{"line":7,"column":21}},"3":{"start":{"line":6,"column":4},"end":{"line":7,"column":21}},"4":{"start":{"line":6,"column":16},"end":{"line":6,"column":35}},"5":{"start":{"line":7,"column":9},"end":{"line":7,"column":21}},"6":{"start":{"line":8,"column":2},"end":{"line":8,"column":14}},"7":{"start":{"line":3,"column":13},"end":{"line":3,"column":21}},"8":{"start":{"line":11,"column":20},"end":{"line":17,"column":1}},"9":{"start":{"line":12,"column":13},"end":{"line":12,"column":17}},"10":{"start":{"line":13,"column":2},"end":{"line":15,"column":21}},"11":{"start":{"line":14,"column":4},"end":{"line":15,"column":21}},"12":{"start":{"line":14,"column":16},"end":{"line":14,"column":35}},"13":{"start":{"line":15,"column":9},"end":{"line":15,"column":21}},"14":{"start":{"line":16,"column":2},"end":{"line":16,"column":14}},"15":{"start":{"line":11,"column":13},"end":{"line":11,"column":20}},"16":{"start":{"line":19,"column":20},"end":{"line":31,"column":1}},"17":{"start":{"line":20,"column":2},"end":{"line":24,"column":3}},"18":{"start":{"line":21,"column":4},"end":{"line":21,"column":23}},"19":{"start":{"line":22,"column":4},"end":{"line":22,"column":38}},"20":{"start":{"line":22,"column":19},"end":{"line":22,"column":38}},"21":{"start":{"line":23,"column":4},"end":{"line":23,"column":16}},"22":{"start":{"line":25,"column":10},"end":{"line":25,"column":21}},"23":{"start":{"line":26,"column":2},"end":{"line":29,"column":3}},"24":{"start":{"line":27,"column":4},"end":{"line":27,"column":13}},"25":{"start":{"line":28,"column":4},"end":{"line":28,"column":17}},"26":{"start":{"line":30,"column":2},"end":{"line":30,"column":11}},"27":{"start":{"line":19,"column":13},"end":{"line":19,"column":20}},"28":{"start":{"line":33,"column":20},"end":{"line":45,"column":1}},"29":{"start":{"line":34,"column":2},"end":{"line":38,"column":3}},"30":{"start":{"line":35,"column":4},"end":{"line":35,"column":23}},"31":{"start":{"line":36,"column":4},"end":{"line":36,"column":38}},"32":{"start":{"line":36,"column":19},"end":{"line":36,"column":38}},"33":{"start":{"line":37,"column":4},"end":{"line":37,"column":16}},"34":{"start":{"line":39,"column":10},"end":{"line":39,"column":21}},"35":{"start":{"line":40,"column":2},"end":{"line":43,"column":3}},"36":{"start":{"line":41,"column":4},"end":{"line":41,"column":13}},"37":{"start":{"line":42,"column":4},"end":{"line":42,"column":17}},"38":{"start":{"line":44,"column":2},"end":{"line":44,"column":11}},"39":{"start":{"line":33,"column":13},"end":{"line":33,"column":20}},"40":{"start":{"line":47,"column":14},"end":{"line":51,"column":1}},"41":{"start":{"line":48,"column":12},"end":{"line":48,"column":18}},"42":{"start":{"line":49,"column":12},"end":{"line":49,"column":18}},"43":{"start":{"line":50,"column":2},"end":{"line":50,"column":53}},"44":{"start":{"line":53,"column":20},"end":{"line":55,"column":1}},"45":{"start":{"line":54,"column":2},"end":{"line":54,"column":32}},"46":{"start":{"line":53,"column":13},"end":{"line":53,"column":20}},"47":{"start":{"line":57,"column":20},"end":{"line":69,"column":1}},"48":{"start":{"line":62,"column":42},"end":{"line":62,"column":46}},"49":{"start":{"line":63,"column":2},"end":{"line":67,"column":3}},"50":{"start":{"line":64,"column":16},"end":{"line":64,"column":39}},"51":{"start":{"line":65,"column":4},"end":{"line":65,"column":31}},"52":{"start":{"line":65,"column":19},"end":{"line":65,"column":31}},"53":{"start":{"line":66,"column":4},"end":{"line":66,"column":37}},"54":{"start":{"line":68,"column":2},"end":{"line":68,"column":14}},"55":{"start":{"line":57,"column":13},"end":{"line":57,"column":20}},"56":{"start":{"line":71,"column":31},"end":{"line":90,"column":1}},"57":{"start":{"line":76,"column":42},"end":{"line":76,"column":46}},"58":{"start":{"line":77,"column":44},"end":{"line":77,"column":53}},"59":{"start":{"line":78,"column":2},"end":{"line":88,"column":3}},"60":{"start":{"line":79,"column":16},"end":{"line":79,"column":39}},"61":{"start":{"line":80,"column":4},"end":{"line":80,"column":31}},"62":{"start":{"line":80,"column":19},"end":{"line":80,"column":31}},"63":{"start":{"line":81,"column":4},"end":{"line":87,"column":5}},"64":{"start":{"line":81,"column":17},"end":{"line":81,"column":31}},"65":{"start":{"line":83,"column":19},"end":{"line":83,"column":25}},"66":{"start":{"line":84,"column":6},"end":{"line":84,"column":20}},"67":{"start":{"line":85,"column":6},"end":{"line":85,"column":31}},"68":{"start":{"line":85,"column":17},"end":{"line":85,"column":31}},"69":{"start":{"line":86,"column":6},"end":{"line":86,"column":18}},"70":{"start":{"line":89,"column":2},"end":{"line":89,"column":16}},"71":{"start":{"line":71,"column":13},"end":{"line":71,"column":31}},"72":{"start":{"line":92,"column":27},"end":{"line":97,"column":1}},"73":{"start":{"line":93,"column":13},"end":{"line":93,"column":25}},"74":{"start":{"line":94,"column":2},"end":{"line":94,"column":13}},"75":{"start":{"line":95,"column":2},"end":{"line":95,"column":13}},"76":{"start":{"line":96,"column":2},"end":{"line":96,"column":20}},"77":{"start":{"line":96,"column":9},"end":{"line":96,"column":20}},"78":{"start":{"line":92,"column":13},"end":{"line":92,"column":27}},"79":{"start":{"line":99,"column":26},"end":{"line":104,"column":1}},"80":{"start":{"line":100,"column":13},"end":{"line":100,"column":25}},"81":{"start":{"line":101,"column":2},"end":{"line":101,"column":13}},"82":{"start":{"line":102,"column":2},"end":{"line":102,"column":13}},"83":{"start":{"line":103,"column":2},"end":{"line":103,"column":20}},"84":{"start":{"line":103,"column":9},"end":{"line":103,"column":20}},"85":{"start":{"line":99,"column":13},"end":{"line":99,"column":26}},"86":{"start":{"line":106,"column":22},"end":{"line":125,"column":1}},"87":{"start":{"line":111,"column":2},"end":{"line":111,"column":25}},"88":{"start":{"line":111,"column":13},"end":{"line":111,"column":25}},"89":{"start":{"line":112,"column":14},"end":{"line":112,"column":20}},"90":{"start":{"line":113,"column":42},"end":{"line":113,"column":46}},"91":{"start":{"line":114,"column":2},"end":{"line":123,"column":3}},"92":{"start":{"line":115,"column":16},"end":{"line":115,"column":39}},"93":{"start":{"line":116,"column":46},"end":{"line":116,"column":71}},"94":{"start":{"line":118,"column":4},"end":{"line":122,"column":23}},"95":{"start":{"line":119,"column":6},"end":{"line":120,"column":35}},"96":{"start":{"line":119,"column":19},"end":{"line":119,"column":42}},"97":{"start":{"line":120,"column":11},"end":{"line":120,"column":35}},"98":{"start":{"line":121,"column":6},"end":{"line":121,"column":12}},"99":{"start":{"line":122,"column":11},"end":{"line":122,"column":23}},"100":{"start":{"line":124,"column":2},"end":{"line":124,"column":14}},"101":{"start":{"line":106,"column":13},"end":{"line":106,"column":22}},"102":{"start":{"line":127,"column":22},"end":{"line":157,"column":1}},"103":{"start":{"line":128,"column":12},"end":{"line":128,"column":18}},"104":{"start":{"line":129,"column":12},"end":{"line":129,"column":18}},"105":{"start":{"line":130,"column":12},"end":{"line":130,"column":18}},"106":{"start":{"line":131,"column":2},"end":{"line":131,"column":39}},"107":{"start":{"line":132,"column":2},"end":{"line":150,"column":3}},"108":{"start":{"line":133,"column":4},"end":{"line":135,"column":25}},"109":{"start":{"line":133,"column":12},"end":{"line":133,"column":29}},"110":{"start":{"line":134,"column":9},"end":{"line":135,"column":25}},"111":{"start":{"line":134,"column":27},"end":{"line":134,"column":43}},"112":{"start":{"line":135,"column":9},"end":{"line":135,"column":25}},"113":{"start":{"line":136,"column":4},"end":{"line":136,"column":16}},"114":{"start":{"line":137,"column":9},"end":{"line":150,"column":3}},"115":{"start":{"line":138,"column":33},"end":{"line":138,"column":34}},"116":{"start":{"line":139,"column":4},"end":{"line":139,"column":87}},"117":{"start":{"line":139,"column":37},"end":{"line":139,"column":87}},"118":{"start":{"line":140,"column":4},"end":{"line":140,"column":33}},"119":{"start":{"line":141,"column":4},"end":{"line":141,"column":33}},"120":{"start":{"line":142,"column":4},"end":{"line":145,"column":5}},"121":{"start":{"line":143,"column":6},"end":{"line":143,"column":22}},"122":{"start":{"line":144,"column":6},"end":{"line":144,"column":20}},"123":{"start":{"line":146,"column":4},"end":{"line":147,"column":17}},"124":{"start":{"line":146,"column":22},"end":{"line":146,"column":30}},"125":{"start":{"line":147,"column":9},"end":{"line":147,"column":17}},"126":{"start":{"line":148,"column":4},"end":{"line":148,"column":12}},"127":{"start":{"line":149,"column":4},"end":{"line":149,"column":16}},"128":{"start":{"line":151,"column":17},"end":{"line":151,"column":23}},"129":{"start":{"line":152,"column":2},"end":{"line":152,"column":14}},"130":{"start":{"line":153,"column":2},"end":{"line":155,"column":19}},"131":{"start":{"line":153,"column":10},"end":{"line":153,"column":28}},"132":{"start":{"line":154,"column":7},"end":{"line":155,"column":19}},"133":{"start":{"line":154,"column":25},"end":{"line":154,"column":37}},"134":{"start":{"line":155,"column":7},"end":{"line":155,"column":19}},"135":{"start":{"line":156,"column":2},"end":{"line":156,"column":14}},"136":{"start":{"line":127,"column":13},"end":{"line":127,"column":22}}},"fnMap":{"0":{"name":"(anonymous_0)","decl":{"start":{"line":3,"column":21},"end":{"line":3,"column":46}},"loc":{"start":{"line":3,"column":84},"end":{"line":9,"column":1}}},"1":{"name":"(anonymous_1)","decl":{"start":{"line":11,"column":20},"end":{"line":11,"column":45}},"loc":{"start":{"line":11,"column":83},"end":{"line":17,"column":1}}},"2":{"name":"(anonymous_2)","decl":{"start":{"line":19,"column":20},"end":{"line":19,"column":45}},"loc":{"start":{"line":19,"column":71},"end":{"line":31,"column":1}}},"3":{"name":"(anonymous_3)","decl":{"start":{"line":33,"column":20},"end":{"line":33,"column":45}},"loc":{"start":{"line":33,"column":71},"end":{"line":45,"column":1}}},"4":{"name":"(anonymous_4)","decl":{"start":{"line":47,"column":14},"end":{"line":47,"column":39}},"loc":{"start":{"line":47,"column":58},"end":{"line":51,"column":1}}},"5":{"name":"(anonymous_5)","decl":{"start":{"line":53,"column":20},"end":{"line":53,"column":45}},"loc":{"start":{"line":53,"column":76},"end":{"line":55,"column":1}}},"6":{"name":"(anonymous_6)","decl":{"start":{"line":57,"column":20},"end":{"line":57,"column":null}},"loc":{"start":{"line":61,"column":33},"end":{"line":69,"column":1}}},"7":{"name":"(anonymous_7)","decl":{"start":{"line":71,"column":31},"end":{"line":71,"column":null}},"loc":{"start":{"line":75,"column":33},"end":{"line":90,"column":1}}},"8":{"name":"(anonymous_8)","decl":{"start":{"line":92,"column":27},"end":{"line":92,"column":54}},"loc":{"start":{"line":92,"column":99},"end":{"line":97,"column":1}}},"9":{"name":"(anonymous_9)","decl":{"start":{"line":99,"column":26},"end":{"line":99,"column":53}},"loc":{"start":{"line":99,"column":98},"end":{"line":104,"column":1}}},"10":{"name":"(anonymous_10)","decl":{"start":{"line":106,"column":22},"end":{"line":106,"column":null}},"loc":{"start":{"line":110,"column":21},"end":{"line":125,"column":1}}},"11":{"name":"(anonymous_11)","decl":{"start":{"line":127,"column":22},"end":{"line":127,"column":47}},"loc":{"start":{"line":127,"column":94},"end":{"line":157,"column":1}}}},"branchMap":{"0":{"loc":{"start":{"line":6,"column":4},"end":{"line":7,"column":21}},"type":"if","locations":[{"start":{"line":6,"column":4},"end":{"line":7,"column":21}},{"start":{"line":7,"column":9},"end":{"line":7,"column":21}}]},"1":{"loc":{"start":{"line":14,"column":4},"end":{"line":15,"column":21}},"type":"if","locations":[{"start":{"line":14,"column":4},"end":{"line":15,"column":21}},{"start":{"line":15,"column":9},"end":{"line":15,"column":21}}]},"2":{"loc":{"start":{"line":20,"column":2},"end":{"line":24,"column":3}},"type":"if","locations":[{"start":{"line":20,"column":2},"end":{"line":24,"column":3}}]},"3":{"loc":{"start":{"line":26,"column":9},"end":{"line":26,"column":26}},"type":"binary-expr","locations":[{"start":{"line":26,"column":9},"end":{"line":26,"column":10}},{"start":{"line":26,"column":14},"end":{"line":26,"column":26}}]},"4":{"loc":{"start":{"line":34,"column":2},"end":{"line":38,"column":3}},"type":"if","locations":[{"start":{"line":34,"column":2},"end":{"line":38,"column":3}}]},"5":{"loc":{"start":{"line":40,"column":9},"end":{"line":40,"column":26}},"type":"binary-expr","locations":[{"start":{"line":40,"column":9},"end":{"line":40,"column":10}},{"start":{"line":40,"column":14},"end":{"line":40,"column":26}}]},"6":{"loc":{"start":{"line":50,"column":14},"end":{"line":50,"column":30}},"type":"cond-expr","locations":[{"start":{"line":50,"column":18},"end":{"line":50,"column":26}},{"start":{"line":50,"column":29},"end":{"line":50,"column":30}}]},"7":{"loc":{"start":{"line":50,"column":35},"end":{"line":50,"column":51}},"type":"cond-expr","locations":[{"start":{"line":50,"column":39},"end":{"line":50,"column":47}},{"start":{"line":50,"column":50},"end":{"line":50,"column":51}}]},"8":{"loc":{"start":{"line":54,"column":9},"end":{"line":54,"column":31}},"type":"cond-expr","locations":[{"start":{"line":54,"column":16},"end":{"line":54,"column":27}},{"start":{"line":54,"column":30},"end":{"line":54,"column":31}}]},"9":{"loc":{"start":{"line":65,"column":4},"end":{"line":65,"column":31}},"type":"if","locations":[{"start":{"line":65,"column":4},"end":{"line":65,"column":31}}]},"10":{"loc":{"start":{"line":66,"column":11},"end":{"line":66,"column":36}},"type":"cond-expr","locations":[{"start":{"line":66,"column":21},"end":{"line":66,"column":27}},{"start":{"line":66,"column":30},"end":{"line":66,"column":36}}]},"11":{"loc":{"start":{"line":80,"column":4},"end":{"line":80,"column":31}},"type":"if","locations":[{"start":{"line":80,"column":4},"end":{"line":80,"column":31}}]},"12":{"loc":{"start":{"line":81,"column":4},"end":{"line":87,"column":5}},"type":"if","locations":[{"start":{"line":81,"column":4},"end":{"line":87,"column":5}},{"start":{"line":82,"column":9},"end":{"line":87,"column":5}}]},"13":{"loc":{"start":{"line":85,"column":6},"end":{"line":85,"column":31}},"type":"if","locations":[{"start":{"line":85,"column":6},"end":{"line":85,"column":31}}]},"14":{"loc":{"start":{"line":96,"column":2},"end":{"line":96,"column":20}},"type":"if","locations":[{"start":{"line":96,"column":2},"end":{"line":96,"column":20}}]},"15":{"loc":{"start":{"line":103,"column":2},"end":{"line":103,"column":20}},"type":"if","locations":[{"start":{"line":103,"column":2},"end":{"line":103,"column":20}}]},"16":{"loc":{"start":{"line":111,"column":2},"end":{"line":111,"column":25}},"type":"if","locations":[{"start":{"line":111,"column":2},"end":{"line":111,"column":25}}]},"17":{"loc":{"start":{"line":116,"column":46},"end":{"line":116,"column":71}},"type":"cond-expr","locations":[{"start":{"line":116,"column":56},"end":{"line":116,"column":62}},{"start":{"line":116,"column":65},"end":{"line":116,"column":71}}]},"18":{"loc":{"start":{"line":118,"column":4},"end":{"line":122,"column":23}},"type":"if","locations":[{"start":{"line":118,"column":4},"end":{"line":122,"column":23}},{"start":{"line":122,"column":11},"end":{"line":122,"column":23}}]},"19":{"loc":{"start":{"line":119,"column":6},"end":{"line":120,"column":35}},"type":"if","locations":[{"start":{"line":119,"column":6},"end":{"line":120,"column":35}},{"start":{"line":120,"column":11},"end":{"line":120,"column":35}}]},"20":{"loc":{"start":{"line":132,"column":2},"end":{"line":150,"column":3}},"type":"if","locations":[{"start":{"line":132,"column":2},"end":{"line":150,"column":3}},{"start":{"line":137,"column":9},"end":{"line":150,"column":3}}]},"21":{"loc":{"start":{"line":132,"column":6},"end":{"line":132,"column":14}},"type":"binary-expr","locations":[{"start":{"line":132,"column":6},"end":{"line":132,"column":8}},{"start":{"line":132,"column":12},"end":{"line":132,"column":14}}]},"22":{"loc":{"start":{"line":133,"column":4},"end":{"line":135,"column":25}},"type":"if","locations":[{"start":{"line":133,"column":4},"end":{"line":135,"column":25}},{"start":{"line":134,"column":9},"end":{"line":135,"column":25}}]},"23":{"loc":{"start":{"line":134,"column":9},"end":{"line":135,"column":25}},"type":"if","locations":[{"start":{"line":134,"column":9},"end":{"line":135,"column":25}},{"start":{"line":135,"column":9},"end":{"line":135,"column":25}}]},"24":{"loc":{"start":{"line":137,"column":9},"end":{"line":150,"column":3}},"type":"if","locations":[{"start":{"line":137,"column":9},"end":{"line":150,"column":3}}]},"25":{"loc":{"start":{"line":137,"column":13},"end":{"line":137,"column":19}},"type":"binary-expr","locations":[{"start":{"line":137,"column":13},"end":{"line":137,"column":14}},{"start":{"line":137,"column":18},"end":{"line":137,"column":19}}]},"26":{"loc":{"start":{"line":142,"column":4},"end":{"line":145,"column":5}},"type":"if","locations":[{"start":{"line":142,"column":4},"end":{"line":145,"column":5}}]},"27":{"loc":{"start":{"line":146,"column":4},"end":{"line":147,"column":17}},"type":"if","locations":[{"start":{"line":146,"column":4},"end":{"line":147,"column":17}},{"start":{"line":147,"column":9},"end":{"line":147,"column":17}}]},"28":{"loc":{"start":{"line":151,"column":17},"end":{"line":151,"column":23}},"type":"binary-expr","locations":[{"start":{"line":151,"column":17},"end":{"line":151,"column":18}},{"start":{"line":151,"column":22},"end":{"line":151,"column":23}}]},"29":{"loc":{"start":{"line":153,"column":2},"end":{"line":155,"column":19}},"type":"if","locations":[{"start":{"line":153,"column":2},"end":{"line":155,"column":19}},{"start":{"line":154,"column":7},"end":{"line":155,"column":19}}]},"30":{"loc":{"start":{"line":154,"column":7},"end":{"line":155,"column":19}},"type":"if","locations":[{"start":{"line":154,"column":7},"end":{"line":155,"column":19}},{"start":{"line":155,"column":7},"end":{"line":155,"column":19}}]}},"s":{"0":10,"1":1223,"2":1223,"3":5672,"4":4477,"5":1195,"6":28,"7":10,"8":10,"9":15,"10":15,"11":33,"12":18,"13":15,"14":0,"15":10,"16":10,"17":45256,"18":22232,"19":22232,"20":17389,"21":22232,"22":23024,"23":23024,"24":22232,"25":22232,"26":23024,"27":10,"28":10,"29":0,"30":0,"31":0,"32":0,"33":0,"34":0,"35":0,"36":0,"37":0,"38":0,"39":10,"40":10,"41":908,"42":908,"43":908,"44":10,"45":80,"46":10,"47":10,"48":2144,"49":2144,"50":13979,"51":13979,"52":2128,"53":11851,"54":16,"55":10,"56":10,"57":110,"58":110,"59":110,"60":172,"61":172,"62":10,"63":162,"64":53,"65":109,"66":109,"67":109,"68":60,"69":49,"70":40,"71":10,"72":10,"73":42,"74":42,"75":42,"76":42,"77":0,"78":10,"79":10,"80":25,"81":25,"82":25,"83":25,"84":0,"85":10,"86":10,"87":41,"88":12,"89":29,"90":29,"91":29,"92":50,"93":50,"94":50,"95":29,"96":10,"97":19,"98":29,"99":21,"100":29,"101":10,"102":10,"103":9,"104":9,"105":9,"106":9,"107":9,"108":4,"109":3,"110":1,"111":1,"112":0,"113":1,"114":5,"115":2,"116":2,"117":0,"118":2,"119":2,"120":2,"121":2,"122":2,"123":0,"124":0,"125":0,"126":0,"127":0,"128":3,"129":3,"130":3,"131":2,"132":1,"133":1,"134":0,"135":1,"136":10},"f":{"0":1223,"1":15,"2":45256,"3":0,"4":908,"5":80,"6":2144,"7":110,"8":42,"9":25,"10":41,"11":9},"b":{"0":[4477,1195],"1":[18,15],"2":[22232],"3":[45256,44076],"4":[0],"5":[0,0],"6":[411,497],"7":[421,487],"8":[76,4],"9":[2128],"10":[6109,5742],"11":[10],"12":[53,109],"13":[60],"14":[0],"15":[0],"16":[12],"17":[18,32],"18":[29,21],"19":[10,19],"20":[4,5],"21":[9,7],"22":[3,1],"23":[1,0],"24":[2],"25":[5,2],"26":[2],"27":[0,0],"28":[3,3],"29":[2,1],"30":[1,0]}}
,"/home/runner/work/sonic-forest/sonic-forest/src/avl/AvlBstNumNumMap.ts": {"path":"/home/runner/work/sonic-forest/sonic-forest/src/avl/AvlBstNumNumMap.ts","statementMap":{"0":{"start":{"line":1,"column":0},"end":{"line":1,"column":62}},"1":{"start":{"line":2,"column":0},"end":{"line":2,"column":45}},"2":{"start":{"line":3,"column":0},"end":{"line":3,"column":53}},"3":{"start":{"line":14,"column":20},"end":{"line":14,"column":29}},"4":{"start":{"line":15,"column":11},"end":{"line":15,"column":20}},"5":{"start":{"line":9,"column":9},"end":{"line":9,"column":47}},"6":{"start":{"line":10,"column":9},"end":{"line":10,"column":47}},"7":{"start":{"line":11,"column":9},"end":{"line":11,"column":47}},"8":{"start":{"line":12,"column":9},"end":{"line":12,"column":24}},"9":{"start":{"line":8,"column":0},"end":{"line":8,"column":13}},"10":{"start":{"line":19,"column":19},"end":{"line":19,"column":50}},"11":{"start":{"line":19,"column":45},"end":{"line":19,"column":50}},"12":{"start":{"line":22,"column":9},"end":{"line":22,"column":50}},"13":{"start":{"line":25,"column":17},"end":{"line":25,"column":37}},"14":{"start":{"line":26,"column":4},"end":{"line":26,"column":52}},"15":{"start":{"line":27,"column":4},"end":{"line":27,"column":16}},"16":{"start":{"line":31,"column":17},"end":{"line":31,"column":26}},"17":{"start":{"line":32,"column":4},"end":{"line":32,"column":40}},"18":{"start":{"line":32,"column":15},"end":{"line":32,"column":40}},"19":{"start":{"line":33,"column":39},"end":{"line":33,"column":43}},"20":{"start":{"line":34,"column":37},"end":{"line":34,"column":41}},"21":{"start":{"line":35,"column":22},"end":{"line":35,"column":23}},"22":{"start":{"line":36,"column":4},"end":{"line":40,"column":99}},"23":{"start":{"line":37,"column":6},"end":{"line":37,"column":18}},"24":{"start":{"line":38,"column":6},"end":{"line":38,"column":34}},"25":{"start":{"line":39,"column":6},"end":{"line":39,"column":47}},"26":{"start":{"line":39,"column":21},"end":{"line":39,"column":47}},"27":{"start":{"line":41,"column":17},"end":{"line":41,"column":37}},"28":{"start":{"line":42,"column":4},"end":{"line":42,"column":119}},"29":{"start":{"line":43,"column":4},"end":{"line":43,"column":16}},"30":{"start":{"line":47,"column":39},"end":{"line":47,"column":48}},"31":{"start":{"line":48,"column":4},"end":{"line":52,"column":5}},"32":{"start":{"line":49,"column":18},"end":{"line":49,"column":39}},"33":{"start":{"line":50,"column":6},"end":{"line":50,"column":33}},"34":{"start":{"line":50,"column":21},"end":{"line":50,"column":33}},"35":{"start":{"line":51,"column":6},"end":{"line":51,"column":89}},"36":{"start":{"line":53,"column":4},"end":{"line":53,"column":21}},"37":{"start":{"line":57,"column":4},"end":{"line":57,"column":27}},"38":{"start":{"line":61,"column":4},"end":{"line":61,"column":26}},"39":{"start":{"line":65,"column":4},"end":{"line":65,"column":82}},"40":{"start":{"line":69,"column":17},"end":{"line":69,"column":26}},"41":{"start":{"line":70,"column":4},"end":{"line":70,"column":22}},"42":{"start":{"line":70,"column":15},"end":{"line":70,"column":22}},"43":{"start":{"line":71,"column":15},"end":{"line":71,"column":26}},"44":{"start":{"line":72,"column":4},"end":{"line":73,"column":74}},"45":{"start":{"line":72,"column":7},"end":{"line":72,"column":17}},"46":{"start":{"line":77,"column":4},"end":{"line":77,"column":84}},"47":{"start":{"line":77,"column":60},"end":{"line":77,"column":81}},"48":{"start":{"line":21,"column":0},"end":{"line":21,"column":13}}},"fnMap":{"0":{"name":"(anonymous_0)","decl":{"start":{"line":13,"column":2},"end":{"line":13,"column":null}},"loc":{"start":{"line":15,"column":20},"end":{"line":16,"column":6}}},"1":{"name":"(anonymous_1)","decl":{"start":{"line":19,"column":19},"end":{"line":19,"column":20}},"loc":{"start":{"line":19,"column":45},"end":{"line":19,"column":50}}},"2":{"name":"(anonymous_2)","decl":{"start":{"line":21,"column":0},"end":{"line":21,"column":13}},"loc":{"start":{"line":21,"column":0},"end":{"line":79,"column":1}}},"3":{"name":"(anonymous_3)","decl":{"start":{"line":24,"column":9},"end":{"line":24,"column":15}},"loc":{"start":{"line":24,"column":36},"end":{"line":28,"column":3}}},"4":{"name":"(anonymous_4)","decl":{"start":{"line":30,"column":9},"end":{"line":30,"column":12}},"loc":{"start":{"line":30,"column":33},"end":{"line":44,"column":3}}},"5":{"name":"(anonymous_5)","decl":{"start":{"line":46,"column":9},"end":{"line":46,"column":13}},"loc":{"start":{"line":46,"column":23},"end":{"line":54,"column":3}}},"6":{"name":"(anonymous_6)","decl":{"start":{"line":56,"column":9},"end":{"line":56,"column":12}},"loc":{"start":{"line":56,"column":22},"end":{"line":58,"column":3}}},"7":{"name":"(anonymous_7)","decl":{"start":{"line":60,"column":9},"end":{"line":60,"column":12}},"loc":{"start":{"line":60,"column":22},"end":{"line":62,"column":3}}},"8":{"name":"(anonymous_8)","decl":{"start":{"line":64,"column":9},"end":{"line":64,"column":23}},"loc":{"start":{"line":64,"column":33},"end":{"line":66,"column":3}}},"9":{"name":"(anonymous_9)","decl":{"start":{"line":68,"column":9},"end":{"line":68,"column":16}},"loc":{"start":{"line":68,"column":47},"end":{"line":74,"column":3}}},"10":{"name":"(anonymous_10)","decl":{"start":{"line":76,"column":9},"end":{"line":76,"column":17}},"loc":{"start":{"line":76,"column":29},"end":{"line":78,"column":3}}},"11":{"name":"(anonymous_11)","decl":{"start":{"line":77,"column":51},"end":{"line":77,"column":52}},"loc":{"start":{"line":77,"column":60},"end":{"line":77,"column":81}}}},"branchMap":{"0":{"loc":{"start":{"line":32,"column":4},"end":{"line":32,"column":40}},"type":"if","locations":[{"start":{"line":32,"column":4},"end":{"line":32,"column":40}}]},"1":{"loc":{"start":{"line":40,"column":21},"end":{"line":40,"column":96}},"type":"cond-expr","locations":[{"start":{"line":40,"column":33},"end":{"line":40,"column":62}},{"start":{"line":40,"column":67},"end":{"line":40,"column":96}}]},"2":{"loc":{"start":{"line":39,"column":6},"end":{"line":39,"column":47}},"type":"if","locations":[{"start":{"line":39,"column":6},"end":{"line":39,"column":47}}]},"3":{"loc":{"start":{"line":42,"column":16},"end":{"line":42,"column":118}},"type":"cond-expr","locations":[{"start":{"line":42,"column":27},"end":{"line":42,"column":70}},{"start":{"line":42,"column":74},"end":{"line":42,"column":118}}]},"4":{"loc":{"start":{"line":50,"column":6},"end":{"line":50,"column":33}},"type":"if","locations":[{"start":{"line":50,"column":6},"end":{"line":50,"column":33}}]},"5":{"loc":{"start":{"line":51,"column":13},"end":{"line":51,"column":88}},"type":"cond-expr","locations":[{"start":{"line":51,"column":25},"end":{"line":51,"column":54}},{"start":{"line":51,"column":59},"end":{"line":51,"column":88}}]},"6":{"loc":{"start":{"line":65,"column":12},"end":{"line":65,"column":81}},"type":"binary-expr","locations":[{"start":{"line":65,"column":12},"end":{"line":65,"column":68}},{"start":{"line":65,"column":72},"end":{"line":65,"column":81}}]},"7":{"loc":{"start":{"line":70,"column":4},"end":{"line":70,"column":22}},"type":"if","locations":[{"start":{"line":70,"column":4},"end":{"line":70,"column":22}}]}},"s":{"0":1,"1":1,"2":1,"3":5,"4":5,"5":5,"6":5,"7":5,"8":5,"9":1,"10":1,"11":12,"12":1,"13":1,"14":1,"15":1,"16":6,"17":6,"18":1,"19":5,"20":5,"21":5,"22":5,"23":9,"24":9,"25":9,"26":1,"27":4,"28":4,"29":4,"30":1,"31":1,"32":3,"33":3,"34":1,"35":2,"36":0,"37":1,"38":0,"39":0,"40":1,"41":1,"42":0,"43":1,"44":1,"45":5,"46":0,"47":0,"48":1},"f":{"0":5,"1":12,"2":1,"3":1,"4":6,"5":1,"6":1,"7":0,"8":0,"9":1,"10":0,"11":0},"b":{"0":[1],"1":[0,8],"2":[1],"3":[0,4],"4":[1],"5":[0,2],"6":[0,0],"7":[0]}}
,"/home/runner/work/sonic-forest/sonic-forest/src/avl/AvlMap.ts": {"path":"/home/runner/work/sonic-forest/sonic-forest/src/avl/AvlMap.ts","statementMap":{"0":{"start":{"line":1,"column":0},"end":{"line":1,"column":70}},"1":{"start":{"line":2,"column":0},"end":{"line":2,"column":45}},"2":{"start":{"line":3,"column":0},"end":{"line":3,"column":53}},"3":{"start":{"line":14,"column":20},"end":{"line":14,"column":24}},"4":{"start":{"line":15,"column":11},"end":{"line":15,"column":15}},"5":{"start":{"line":9,"column":9},"end":{"line":9,"column":50}},"6":{"start":{"line":10,"column":9},"end":{"line":10,"column":50}},"7":{"start":{"line":11,"column":9},"end":{"line":11,"column":50}},"8":{"start":{"line":12,"column":9},"end":{"line":12,"column":24}},"9":{"start":{"line":8,"column":0},"end":{"line":8,"column":13}},"10":{"start":{"line":19,"column":26},"end":{"line":19,"column":102}},"11":{"start":{"line":19,"column":55},"end":{"line":19,"column":101}},"12":{"start":{"line":22,"column":9},"end":{"line":22,"column":53}},"13":{"start":{"line":87,"column":9},"end":{"line":87,"column":27}},"14":{"start":{"line":113,"column":18},"end":{"line":113,"column":30}},"15":{"start":{"line":26,"column":4},"end":{"line":26,"column":54}},"16":{"start":{"line":30,"column":17},"end":{"line":30,"column":40}},"17":{"start":{"line":31,"column":4},"end":{"line":31,"column":57}},"18":{"start":{"line":32,"column":4},"end":{"line":32,"column":17}},"19":{"start":{"line":33,"column":4},"end":{"line":33,"column":16}},"20":{"start":{"line":37,"column":17},"end":{"line":37,"column":26}},"21":{"start":{"line":38,"column":4},"end":{"line":38,"column":40}},"22":{"start":{"line":38,"column":15},"end":{"line":38,"column":40}},"23":{"start":{"line":39,"column":23},"end":{"line":39,"column":38}},"24":{"start":{"line":40,"column":42},"end":{"line":40,"column":46}},"25":{"start":{"line":41,"column":40},"end":{"line":41,"column":44}},"26":{"start":{"line":42,"column":22},"end":{"line":42,"column":23}},"27":{"start":{"line":43,"column":4},"end":{"line":47,"column":87}},"28":{"start":{"line":44,"column":6},"end":{"line":44,"column":18}},"29":{"start":{"line":45,"column":6},"end":{"line":45,"column":34}},"30":{"start":{"line":46,"column":6},"end":{"line":46,"column":47}},"31":{"start":{"line":46,"column":21},"end":{"line":46,"column":47}},"32":{"start":{"line":48,"column":17},"end":{"line":48,"column":40}},"33":{"start":{"line":49,"column":4},"end":{"line":50,"column":115}},"34":{"start":{"line":51,"column":4},"end":{"line":51,"column":17}},"35":{"start":{"line":52,"column":4},"end":{"line":52,"column":16}},"36":{"start":{"line":56,"column":23},"end":{"line":56,"column":38}},"37":{"start":{"line":57,"column":42},"end":{"line":57,"column":51}},"38":{"start":{"line":58,"column":4},"end":{"line":62,"column":5}},"39":{"start":{"line":59,"column":18},"end":{"line":59,"column":39}},"40":{"start":{"line":60,"column":6},"end":{"line":60,"column":33}},"41":{"start":{"line":60,"column":21},"end":{"line":60,"column":33}},"42":{"start":{"line":61,"column":6},"end":{"line":61,"column":77}},"43":{"start":{"line":63,"column":4},"end":{"line":63,"column":21}},"44":{"start":{"line":67,"column":4},"end":{"line":67,"column":27}},"45":{"start":{"line":71,"column":17},"end":{"line":71,"column":29}},"46":{"start":{"line":72,"column":4},"end":{"line":72,"column":28}},"47":{"start":{"line":72,"column":15},"end":{"line":72,"column":28}},"48":{"start":{"line":73,"column":4},"end":{"line":73,"column":62}},"49":{"start":{"line":74,"column":4},"end":{"line":74,"column":17}},"50":{"start":{"line":75,"column":4},"end":{"line":75,"column":16}},"51":{"start":{"line":79,"column":4},"end":{"line":79,"column":19}},"52":{"start":{"line":80,"column":4},"end":{"line":80,"column":26}},"53":{"start":{"line":84,"column":4},"end":{"line":84,"column":26}},"54":{"start":{"line":90,"column":4},"end":{"line":90,"column":22}},"55":{"start":{"line":94,"column":4},"end":{"line":94,"column":22}},"56":{"start":{"line":98,"column":4},"end":{"line":98,"column":90}},"57":{"start":{"line":102,"column":15},"end":{"line":102,"column":27}},"58":{"start":{"line":103,"column":4},"end":{"line":103,"column":22}},"59":{"start":{"line":103,"column":15},"end":{"line":103,"column":22}},"60":{"start":{"line":104,"column":4},"end":{"line":105,"column":77}},"61":{"start":{"line":104,"column":7},"end":{"line":104,"column":17}},"62":{"start":{"line":109,"column":17},"end":{"line":109,"column":26}},"63":{"start":{"line":110,"column":4},"end":{"line":110,"column":42}},"64":{"start":{"line":116,"column":15},"end":{"line":116,"column":27}},"65":{"start":{"line":117,"column":4},"end":{"line":122,"column":6}},"66":{"start":{"line":118,"column":6},"end":{"line":118,"column":24}},"67":{"start":{"line":118,"column":17},"end":{"line":118,"column":24}},"68":{"start":{"line":119,"column":20},"end":{"line":119,"column":24}},"69":{"start":{"line":120,"column":6},"end":{"line":120,"column":69}},"70":{"start":{"line":121,"column":6},"end":{"line":121,"column":19}},"71":{"start":{"line":126,"column":21},"end":{"line":126,"column":37}},"72":{"start":{"line":127,"column":4},"end":{"line":133,"column":6}},"73":{"start":{"line":129,"column":22},"end":{"line":129,"column":32}},"74":{"start":{"line":130,"column":51},"end":{"line":130,"column":72}},"75":{"start":{"line":131,"column":8},"end":{"line":131,"column":19}},"76":{"start":{"line":137,"column":4},"end":{"line":137,"column":59}},"77":{"start":{"line":137,"column":42},"end":{"line":137,"column":57}},"78":{"start":{"line":141,"column":4},"end":{"line":141,"column":84}},"79":{"start":{"line":141,"column":60},"end":{"line":141,"column":81}},"80":{"start":{"line":21,"column":0},"end":{"line":21,"column":13}}},"fnMap":{"0":{"name":"(anonymous_0)","decl":{"start":{"line":13,"column":2},"end":{"line":13,"column":null}},"loc":{"start":{"line":15,"column":15},"end":{"line":16,"column":6}}},"1":{"name":"(anonymous_1)","decl":{"start":{"line":19,"column":26},"end":{"line":19,"column":27}},"loc":{"start":{"line":19,"column":55},"end":{"line":19,"column":101}}},"2":{"name":"(anonymous_2)","decl":{"start":{"line":25,"column":2},"end":{"line":25,"column":14}},"loc":{"start":{"line":25,"column":40},"end":{"line":27,"column":3}}},"3":{"name":"(anonymous_3)","decl":{"start":{"line":29,"column":9},"end":{"line":29,"column":15}},"loc":{"start":{"line":29,"column":26},"end":{"line":34,"column":3}}},"4":{"name":"(anonymous_4)","decl":{"start":{"line":36,"column":9},"end":{"line":36,"column":12}},"loc":{"start":{"line":36,"column":23},"end":{"line":53,"column":3}}},"5":{"name":"(anonymous_5)","decl":{"start":{"line":55,"column":9},"end":{"line":55,"column":13}},"loc":{"start":{"line":55,"column":18},"end":{"line":64,"column":3}}},"6":{"name":"(anonymous_6)","decl":{"start":{"line":66,"column":9},"end":{"line":66,"column":12}},"loc":{"start":{"line":66,"column":17},"end":{"line":68,"column":3}}},"7":{"name":"(anonymous_7)","decl":{"start":{"line":70,"column":9},"end":{"line":70,"column":12}},"loc":{"start":{"line":70,"column":17},"end":{"line":76,"column":3}}},"8":{"name":"(anonymous_8)","decl":{"start":{"line":78,"column":9},"end":{"line":78,"column":14}},"loc":{"start":{"line":78,"column":14},"end":{"line":81,"column":3}}},"9":{"name":"(anonymous_9)","decl":{"start":{"line":83,"column":9},"end":{"line":83,"column":12}},"loc":{"start":{"line":83,"column":17},"end":{"line":85,"column":3}}},"10":{"name":"(anonymous_10)","decl":{"start":{"line":89,"column":9},"end":{"line":89,"column":13}},"loc":{"start":{"line":89,"column":13},"end":{"line":91,"column":3}}},"11":{"name":"(anonymous_11)","decl":{"start":{"line":93,"column":9},"end":{"line":93,"column":16}},"loc":{"start":{"line":93,"column":16},"end":{"line":95,"column":3}}},"12":{"name":"(anonymous_12)","decl":{"start":{"line":97,"column":9},"end":{"line":97,"column":23}},"loc":{"start":{"line":97,"column":28},"end":{"line":99,"column":3}}},"13":{"name":"(anonymous_13)","decl":{"start":{"line":101,"column":9},"end":{"line":101,"column":16}},"loc":{"start":{"line":101,"column":50},"end":{"line":106,"column":3}}},"14":{"name":"(anonymous_14)","decl":{"start":{"line":108,"column":9},"end":{"line":108,"column":14}},"loc":{"start":{"line":108,"column":14},"end":{"line":111,"column":3}}},"15":{"name":"(anonymous_15)","decl":{"start":{"line":115,"column":9},"end":{"line":115,"column":18}},"loc":{"start":{"line":115,"column":18},"end":{"line":123,"column":3}}},"16":{"name":"(anonymous_16)","decl":{"start":{"line":117,"column":11},"end":{"line":117,"column":14}},"loc":{"start":{"line":117,"column":16},"end":{"line":122,"column":5}}},"17":{"name":"(anonymous_17)","decl":{"start":{"line":125,"column":9},"end":{"line":125,"column":17}},"loc":{"start":{"line":125,"column":17},"end":{"line":134,"column":3}}},"18":{"name":"(anonymous_18)","decl":{"start":{"line":128,"column":12},"end":{"line":128,"column":15}},"loc":{"start":{"line":128,"column":17},"end":{"line":132,"column":7}}},"19":{"name":"(anonymous_19)","decl":{"start":{"line":136,"column":9},"end":{"line":136,"column":16}},"loc":{"start":{"line":136,"column":16},"end":{"line":138,"column":3}}},"20":{"name":"(anonymous_20)","decl":{"start":{"line":137,"column":36},"end":{"line":137,"column":39}},"loc":{"start":{"line":137,"column":42},"end":{"line":137,"column":57}}},"21":{"name":"(anonymous_21)","decl":{"start":{"line":140,"column":9},"end":{"line":140,"column":17}},"loc":{"start":{"line":140,"column":29},"end":{"line":142,"column":3}}},"22":{"name":"(anonymous_22)","decl":{"start":{"line":141,"column":51},"end":{"line":141,"column":52}},"loc":{"start":{"line":141,"column":60},"end":{"line":141,"column":81}}}},"branchMap":{"0":{"loc":{"start":{"line":19,"column":55},"end":{"line":19,"column":101}},"type":"cond-expr","locations":[{"start":{"line":19,"column":65},"end":{"line":19,"column":66}},{"start":{"line":19,"column":70},"end":{"line":19,"column":101}}]},"1":{"loc":{"start":{"line":19,"column":70},"end":{"line":19,"column":101}},"type":"cond-expr","locations":[{"start":{"line":19,"column":95},"end":{"line":19,"column":97}},{"start":{"line":19,"column":100},"end":{"line":19,"column":101}}]},"2":{"loc":{"start":{"line":26,"column":22},"end":{"line":26,"column":53}},"type":"binary-expr","locations":[{"start":{"line":26,"column":22},"end":{"line":26,"column":32}},{"start":{"line":26,"column":36},"end":{"line":26,"column":53}}]},"3":{"loc":{"start":{"line":38,"column":4},"end":{"line":38,"column":40}},"type":"if","locations":[{"start":{"line":38,"column":4},"end":{"line":38,"column":40}}]},"4":{"loc":{"start":{"line":47,"column":21},"end":{"line":47,"column":84}},"type":"cond-expr","locations":[{"start":{"line":47,"column":32},"end":{"line":47,"column":56}},{"start":{"line":47,"column":60},"end":{"line":47,"column":84}}]},"5":{"loc":{"start":{"line":46,"column":6},"end":{"line":46,"column":47}},"type":"if","locations":[{"start":{"line":46,"column":6},"end":{"line":46,"column":47}}]},"6":{"loc":{"start":{"line":50,"column":6},"end":{"line":50,"column":114}},"type":"cond-expr","locations":[{"start":{"line":50,"column":17},"end":{"line":50,"column":63}},{"start":{"line":50,"column":67},"end":{"line":50,"column":114}}]},"7":{"loc":{"start":{"line":60,"column":6},"end":{"line":60,"column":33}},"type":"if","locations":[{"start":{"line":60,"column":6},"end":{"line":60,"column":33}}]},"8":{"loc":{"start":{"line":61,"column":13},"end":{"line":61,"column":76}},"type":"cond-expr","locations":[{"start":{"line":61,"column":24},"end":{"line":61,"column":48}},{"start":{"line":61,"column":52},"end":{"line":61,"column":76}}]},"9":{"loc":{"start":{"line":72,"column":4},"end":{"line":72,"column":28}},"type":"if","locations":[{"start":{"line":72,"column":4},"end":{"line":72,"column":28}}]},"10":{"loc":{"start":{"line":98,"column":12},"end":{"line":98,"column":89}},"type":"binary-expr","locations":[{"start":{"line":98,"column":12},"end":{"line":98,"column":76}},{"start":{"line":98,"column":80},"end":{"line":98,"column":89}}]},"11":{"loc":{"start":{"line":103,"column":4},"end":{"line":103,"column":22}},"type":"if","locations":[{"start":{"line":103,"column":4},"end":{"line":103,"column":22}}]},"12":{"loc":{"start":{"line":110,"column":11},"end":{"line":110,"column":41}},"type":"cond-expr","locations":[{"start":{"line":110,"column":18},"end":{"line":110,"column":29}},{"start":{"line":110,"column":32},"end":{"line":110,"column":41}}]},"13":{"loc":{"start":{"line":118,"column":6},"end":{"line":118,"column":24}},"type":"if","locations":[{"start":{"line":118,"column":6},"end":{"line":118,"column":24}}]}},"s":{"0":1,"1":1,"2":1,"3":17,"4":17,"5":17,"6":17,"7":17,"8":17,"9":1,"10":1,"11":24,"12":8,"13":8,"14":8,"15":8,"16":5,"17":5,"18":5,"19":5,"20":18,"21":18,"22":5,"23":13,"24":13,"25":13,"26":13,"27":13,"28":21,"29":21,"30":21,"31":1,"32":12,"33":12,"34":12,"35":12,"36":1,"37":1,"38":1,"39":3,"40":3,"41":1,"42":2,"43":0,"44":1,"45":0,"46":0,"47":0,"48":0,"49":0,"50":0,"51":0,"52":0,"53":0,"54":0,"55":0,"56":0,"57":1,"58":1,"59":0,"60":1,"61":5,"62":8,"63":8,"64":5,"65":5,"66":14,"67":5,"68":9,"69":9,"70":9,"71":3,"72":3,"73":9,"74":9,"75":9,"76":1,"77":1,"78":0,"79":0,"80":1},"f":{"0":17,"1":24,"2":8,"3":5,"4":18,"5":1,"6":1,"7":0,"8":0,"9":0,"10":0,"11":0,"12":0,"13":1,"14":8,"15":5,"16":14,"17":3,"18":9,"19":1,"20":1,"21":0,"22":0},"b":{"0":[2,22],"1":[0,22],"2":[8,8],"3":[5],"4":[0,20],"5":[1],"6":[0,12],"7":[1],"8":[0,2],"9":[0],"10":[0,0],"11":[0],"12":[5,3],"13":[5]}}
,"/home/runner/work/sonic-forest/sonic-forest/src/avl/AvlSet.ts": {"path":"/home/runner/work/sonic-forest/sonic-forest/src/avl/AvlSet.ts","statementMap":{"0":{"start":{"line":1,"column":0},"end":{"line":1,"column":70}},"1":{"start":{"line":2,"column":0},"end":{"line":2,"column":45}},"2":{"start":{"line":3,"column":0},"end":{"line":3,"column":53}},"3":{"start":{"line":14,"column":30},"end":{"line":14,"column":34}},"4":{"start":{"line":9,"column":9},"end":{"line":9,"column":50}},"5":{"start":{"line":10,"column":9},"end":{"line":10,"column":50}},"6":{"start":{"line":11,"column":9},"end":{"line":11,"column":50}},"7":{"start":{"line":12,"column":9},"end":{"line":12,"column":24}},"8":{"start":{"line":13,"column":9},"end":{"line":13,"column":34}},"9":{"start":{"line":8,"column":0},"end":{"line":8,"column":13}},"10":{"start":{"line":17,"column":26},"end":{"line":17,"column":102}},"11":{"start":{"line":17,"column":55},"end":{"line":17,"column":101}},"12":{"start":{"line":20,"column":9},"end":{"line":20,"column":53}},"13":{"start":{"line":105,"column":18},"end":{"line":105,"column":30}},"14":{"start":{"line":24,"column":4},"end":{"line":24,"column":54}},"15":{"start":{"line":28,"column":17},"end":{"line":28,"column":41}},"16":{"start":{"line":29,"column":4},"end":{"line":29,"column":57}},"17":{"start":{"line":30,"column":4},"end":{"line":30,"column":16}},"18":{"start":{"line":34,"column":17},"end":{"line":34,"column":26}},"19":{"start":{"line":35,"column":4},"end":{"line":35,"column":41}},"20":{"start":{"line":35,"column":15},"end":{"line":35,"column":41}},"21":{"start":{"line":36,"column":23},"end":{"line":36,"column":38}},"22":{"start":{"line":37,"column":42},"end":{"line":37,"column":46}},"23":{"start":{"line":38,"column":40},"end":{"line":38,"column":44}},"24":{"start":{"line":39,"column":22},"end":{"line":39,"column":23}},"25":{"start":{"line":40,"column":4},"end":{"line":44,"column":87}},"26":{"start":{"line":41,"column":6},"end":{"line":41,"column":18}},"27":{"start":{"line":42,"column":6},"end":{"line":42,"column":38}},"28":{"start":{"line":43,"column":6},"end":{"line":43,"column":33}},"29":{"start":{"line":43,"column":21},"end":{"line":43,"column":33}},"30":{"start":{"line":45,"column":17},"end":{"line":45,"column":41}},"31":{"start":{"line":46,"column":4},"end":{"line":47,"column":115}},"32":{"start":{"line":48,"column":4},"end":{"line":48,"column":16}},"33":{"start":{"line":52,"column":23},"end":{"line":52,"column":38}},"34":{"start":{"line":53,"column":42},"end":{"line":53,"column":51}},"35":{"start":{"line":54,"column":4},"end":{"line":58,"column":5}},"36":{"start":{"line":55,"column":18},"end":{"line":55,"column":39}},"37":{"start":{"line":56,"column":6},"end":{"line":56,"column":33}},"38":{"start":{"line":56,"column":21},"end":{"line":56,"column":33}},"39":{"start":{"line":57,"column":6},"end":{"line":57,"column":77}},"40":{"start":{"line":59,"column":4},"end":{"line":59,"column":21}},"41":{"start":{"line":63,"column":17},"end":{"line":63,"column":29}},"42":{"start":{"line":64,"column":4},"end":{"line":64,"column":22}},"43":{"start":{"line":64,"column":15},"end":{"line":64,"column":22}},"44":{"start":{"line":65,"column":4},"end":{"line":65,"column":57}},"45":{"start":{"line":69,"column":4},"end":{"line":69,"column":26}},"46":{"start":{"line":73,"column":4},"end":{"line":73,"column":26}},"47":{"start":{"line":77,"column":17},"end":{"line":77,"column":26}},"48":{"start":{"line":78,"column":4},"end":{"line":78,"column":24}},"49":{"start":{"line":78,"column":15},"end":{"line":78,"column":24}},"50":{"start":{"line":79,"column":15},"end":{"line":79,"column":26}},"51":{"start":{"line":80,"column":15},"end":{"line":80,"column":16}},"52":{"start":{"line":81,"column":4},"end":{"line":81,"column":84}},"53":{"start":{"line":81,"column":77},"end":{"line":81,"column":84}},"54":{"start":{"line":82,"column":4},"end":{"line":82,"column":16}},"55":{"start":{"line":86,"column":4},"end":{"line":86,"column":22}},"56":{"start":{"line":90,"column":4},"end":{"line":90,"column":90}},"57":{"start":{"line":94,"column":15},"end":{"line":94,"column":27}},"58":{"start":{"line":95,"column":4},"end":{"line":95,"column":22}},"59":{"start":{"line":95,"column":15},"end":{"line":95,"column":22}},"60":{"start":{"line":96,"column":4},"end":{"line":97,"column":77}},"61":{"start":{"line":96,"column":7},"end":{"line":96,"column":17}},"62":{"start":{"line":101,"column":17},"end":{"line":101,"column":26}},"63":{"start":{"line":102,"column":4},"end":{"line":102,"column":42}},"64":{"start":{"line":108,"column":15},"end":{"line":108,"column":27}},"65":{"start":{"line":109,"column":4},"end":{"line":114,"column":6}},"66":{"start":{"line":110,"column":6},"end":{"line":110,"column":34}},"67":{"start":{"line":110,"column":17},"end":{"line":110,"column":34}},"68":{"start":{"line":111,"column":20},"end":{"line":111,"column":24}},"69":{"start":{"line":112,"column":6},"end":{"line":112,"column":69}},"70":{"start":{"line":113,"column":6},"end":{"line":113,"column":19}},"71":{"start":{"line":118,"column":21},"end":{"line":118,"column":37}},"72":{"start":{"line":119,"column":4},"end":{"line":125,"column":6}},"73":{"start":{"line":121,"column":22},"end":{"line":121,"column":32}},"74":{"start":{"line":122,"column":51},"end":{"line":122,"column":72}},"75":{"start":{"line":123,"column":8},"end":{"line":123,"column":19}},"76":{"start":{"line":129,"column":4},"end":{"line":129,"column":59}},"77":{"start":{"line":129,"column":42},"end":{"line":129,"column":57}},"78":{"start":{"line":133,"column":4},"end":{"line":133,"column":84}},"79":{"start":{"line":133,"column":60},"end":{"line":133,"column":81}},"80":{"start":{"line":19,"column":0},"end":{"line":19,"column":13}}},"fnMap":{"0":{"name":"(anonymous_0)","decl":{"start":{"line":14,"column":2},"end":{"line":14,"column":30}},"loc":{"start":{"line":14,"column":34},"end":{"line":14,"column":38}}},"1":{"name":"(anonymous_1)","decl":{"start":{"line":17,"column":26},"end":{"line":17,"column":27}},"loc":{"start":{"line":17,"column":55},"end":{"line":17,"column":101}}},"2":{"name":"(anonymous_2)","decl":{"start":{"line":23,"column":2},"end":{"line":23,"column":14}},"loc":{"start":{"line":23,"column":40},"end":{"line":25,"column":3}}},"3":{"name":"(anonymous_3)","decl":{"start":{"line":27,"column":10},"end":{"line":27,"column":16}},"loc":{"start":{"line":27,"column":25},"end":{"line":31,"column":3}}},"4":{"name":"(anonymous_4)","decl":{"start":{"line":33,"column":9},"end":{"line":33,"column":12}},"loc":{"start":{"line":33,"column":21},"end":{"line":49,"column":3}}},"5":{"name":"(anonymous_5)","decl":{"start":{"line":51,"column":10},"end":{"line":51,"column":14}},"loc":{"start":{"line":51,"column":19},"end":{"line":60,"column":3}}},"6":{"name":"(anonymous_6)","decl":{"start":{"line":62,"column":9},"end":{"line":62,"column":12}},"loc":{"start":{"line":62,"column":17},"end":{"line":66,"column":3}}},"7":{"name":"(anonymous_7)","decl":{"start":{"line":68,"column":9},"end":{"line":68,"column":14}},"loc":{"start":{"line":68,"column":14},"end":{"line":70,"column":3}}},"8":{"name":"(anonymous_8)","decl":{"start":{"line":72,"column":9},"end":{"line":72,"column":12}},"loc":{"start":{"line":72,"column":17},"end":{"line":74,"column":3}}},"9":{"name":"(anonymous_9)","decl":{"start":{"line":76,"column":9},"end":{"line":76,"column":13}},"loc":{"start":{"line":76,"column":13},"end":{"line":83,"column":3}}},"10":{"name":"(anonymous_10)","decl":{"start":{"line":85,"column":9},"end":{"line":85,"column":16}},"loc":{"start":{"line":85,"column":16},"end":{"line":87,"column":3}}},"11":{"name":"(anonymous_11)","decl":{"start":{"line":89,"column":9},"end":{"line":89,"column":23}},"loc":{"start":{"line":89,"column":28},"end":{"line":91,"column":3}}},"12":{"name":"(anonymous_12)","decl":{"start":{"line":93,"column":9},"end":{"line":93,"column":16}},"loc":{"start":{"line":93,"column":50},"end":{"line":98,"column":3}}},"13":{"name":"(anonymous_13)","decl":{"start":{"line":100,"column":9},"end":{"line":100,"column":14}},"loc":{"start":{"line":100,"column":14},"end":{"line":103,"column":3}}},"14":{"name":"(anonymous_14)","decl":{"start":{"line":107,"column":9},"end":{"line":107,"column":18}},"loc":{"start":{"line":107,"column":18},"end":{"line":115,"column":3}}},"15":{"name":"(anonymous_15)","decl":{"start":{"line":109,"column":11},"end":{"line":109,"column":14}},"loc":{"start":{"line":109,"column":16},"end":{"line":114,"column":5}}},"16":{"name":"(anonymous_16)","decl":{"start":{"line":117,"column":9},"end":{"line":117,"column":17}},"loc":{"start":{"line":117,"column":17},"end":{"line":126,"column":3}}},"17":{"name":"(anonymous_17)","decl":{"start":{"line":120,"column":12},"end":{"line":120,"column":15}},"loc":{"start":{"line":120,"column":17},"end":{"line":124,"column":7}}},"18":{"name":"(anonymous_18)","decl":{"start":{"line":128,"column":9},"end":{"line":128,"column":16}},"loc":{"start":{"line":128,"column":16},"end":{"line":130,"column":3}}},"19":{"name":"(anonymous_19)","decl":{"start":{"line":129,"column":36},"end":{"line":129,"column":39}},"loc":{"start":{"line":129,"column":42},"end":{"line":129,"column":57}}},"20":{"name":"(anonymous_20)","decl":{"start":{"line":132,"column":9},"end":{"line":132,"column":17}},"loc":{"start":{"line":132,"column":29},"end":{"line":134,"column":3}}},"21":{"name":"(anonymous_21)","decl":{"start":{"line":133,"column":51},"end":{"line":133,"column":52}},"loc":{"start":{"line":133,"column":60},"end":{"line":133,"column":81}}}},"branchMap":{"0":{"loc":{"start":{"line":17,"column":55},"end":{"line":17,"column":101}},"type":"cond-expr","locations":[{"start":{"line":17,"column":65},"end":{"line":17,"column":66}},{"start":{"line":17,"column":70},"end":{"line":17,"column":101}}]},"1":{"loc":{"start":{"line":17,"column":70},"end":{"line":17,"column":101}},"type":"cond-expr","locations":[{"start":{"line":17,"column":95},"end":{"line":17,"column":97}},{"start":{"line":17,"column":100},"end":{"line":17,"column":101}}]},"2":{"loc":{"start":{"line":24,"column":22},"end":{"line":24,"column":53}},"type":"binary-expr","locations":[{"start":{"line":24,"column":22},"end":{"line":24,"column":32}},{"start":{"line":24,"column":36},"end":{"line":24,"column":53}}]},"3":{"loc":{"start":{"line":35,"column":4},"end":{"line":35,"column":41}},"type":"if","locations":[{"start":{"line":35,"column":4},"end":{"line":35,"column":41}}]},"4":{"loc":{"start":{"line":44,"column":21},"end":{"line":44,"column":84}},"type":"cond-expr","locations":[{"start":{"line":44,"column":32},"end":{"line":44,"column":56}},{"start":{"line":44,"column":60},"end":{"line":44,"column":84}}]},"5":{"loc":{"start":{"line":43,"column":6},"end":{"line":43,"column":33}},"type":"if","locations":[{"start":{"line":43,"column":6},"end":{"line":43,"column":33}}]},"6":{"loc":{"start":{"line":47,"column":6},"end":{"line":47,"column":114}},"type":"cond-expr","locations":[{"start":{"line":47,"column":17},"end":{"line":47,"column":63}},{"start":{"line":47,"column":67},"end":{"line":47,"column":114}}]},"7":{"loc":{"start":{"line":56,"column":6},"end":{"line":56,"column":33}},"type":"if","locations":[{"start":{"line":56,"column":6},"end":{"line":56,"column":33}}]},"8":{"loc":{"start":{"line":57,"column":13},"end":{"line":57,"column":76}},"type":"cond-expr","locations":[{"start":{"line":57,"column":24},"end":{"line":57,"column":48}},{"start":{"line":57,"column":52},"end":{"line":57,"column":76}}]},"9":{"loc":{"start":{"line":64,"column":4},"end":{"line":64,"column":22}},"type":"if","locations":[{"start":{"line":64,"column":4},"end":{"line":64,"column":22}}]},"10":{"loc":{"start":{"line":78,"column":4},"end":{"line":78,"column":24}},"type":"if","locations":[{"start":{"line":78,"column":4},"end":{"line":78,"column":24}}]},"11":{"loc":{"start":{"line":90,"column":12},"end":{"line":90,"column":89}},"type":"binary-expr","locations":[{"start":{"line":90,"column":12},"end":{"line":90,"column":76}},{"start":{"line":90,"column":80},"end":{"line":90,"column":89}}]},"12":{"loc":{"start":{"line":95,"column":4},"end":{"line":95,"column":22}},"type":"if","locations":[{"start":{"line":95,"column":4},"end":{"line":95,"column":22}}]},"13":{"loc":{"start":{"line":102,"column":11},"end":{"line":102,"column":41}},"type":"cond-expr","locations":[{"start":{"line":102,"column":18},"end":{"line":102,"column":29}},{"start":{"line":102,"column":32},"end":{"line":102,"column":41}}]},"14":{"loc":{"start":{"line":110,"column":6},"end":{"line":110,"column":34}},"type":"if","locations":[{"start":{"line":110,"column":6},"end":{"line":110,"column":34}}]}},"s":{"0":1,"1":1,"2":1,"3":22,"4":22,"5":22,"6":22,"7":22,"8":22,"9":1,"10":1,"11":42,"12":10,"13":10,"14":10,"15":7,"16":7,"17":7,"18":23,"19":23,"20":7,"21":16,"22":16,"23":16,"24":16,"25":16,"26":24,"27":24,"28":24,"29":1,"30":15,"31":15,"32":15,"33":25,"34":25,"35":25,"36":28,"37":28,"38":16,"39":12,"40":9,"41":4,"42":4,"43":0,"44":4,"45":0,"46":21,"47":8,"48":8,"49":2,"50":6,"51":6,"52":6,"53":5,"54":6,"55":0,"56":0,"57":0,"58":0,"59":0,"60":0,"61":0,"62":7,"63":7,"64":5,"65":5,"66":14,"67":5,"68":9,"69":9,"70":9,"71":3,"72":3,"73":9,"74":9,"75":9,"76":1,"77":1,"78":0,"79":0,"80":1},"f":{"0":22,"1":42,"2":10,"3":7,"4":23,"5":25,"6":4,"7":0,"8":21,"9":8,"10":0,"11":0,"12":0,"13":7,"14":5,"15":14,"16":3,"17":9,"18":1,"19":1,"20":0,"21":0},"b":{"0":[13,29],"1":[5,24],"2":[10,9],"3":[7],"4":[0,23],"5":[1],"6":[0,15],"7":[16],"8":[6,6],"9":[0],"10":[2],"11":[0,0],"12":[0],"13":[4,3],"14":[5]}}
,"/home/runner/work/sonic-forest/sonic-forest/src/avl/util.ts": {"path":"/home/runner/work/sonic-forest/sonic-forest/src/avl/util.ts","statementMap":{"0":{"start":{"line":1,"column":0},"end":{"line":1,"column":49}},"1":{"start":{"line":5,"column":18},"end":{"line":5,"column":32}},"2":{"start":{"line":7,"column":29},"end":{"line":35,"column":1}},"3":{"start":{"line":12,"column":12},"end":{"line":12,"column":18}},"4":{"start":{"line":13,"column":2},"end":{"line":13,"column":22}},"5":{"start":{"line":13,"column":10},"end":{"line":13,"column":22}},"6":{"start":{"line":14,"column":17},"end":{"line":14,"column":29}},"7":{"start":{"line":15,"column":11},"end":{"line":15,"column":19}},"8":{"start":{"line":16,"column":2},"end":{"line":17,"column":19}},"9":{"start":{"line":16,"column":14},"end":{"line":16,"column":26}},"10":{"start":{"line":17,"column":7},"end":{"line":17,"column":19}},"11":{"start":{"line":18,"column":2},"end":{"line":34,"column":3}},"12":{"start":{"line":20,"column":6},"end":{"line":20,"column":18}},"13":{"start":{"line":23,"column":6},"end":{"line":23,"column":49}},"14":{"start":{"line":25,"column":26},"end":{"line":25,"column":42}},"15":{"start":{"line":26,"column":6},"end":{"line":32,"column":7}},"16":{"start":{"line":27,"column":8},"end":{"line":28,"column":69}},"17":{"start":{"line":27,"column":25},"end":{"line":27,"column":72}},"18":{"start":{"line":28,"column":13},"end":{"line":28,"column":69}},"19":{"start":{"line":30,"column":8},"end":{"line":31,"column":60}},"20":{"start":{"line":30,"column":25},"end":{"line":30,"column":81}},"21":{"start":{"line":31,"column":13},"end":{"line":31,"column":60}},"22":{"start":{"line":37,"column":17},"end":{"line":52,"column":1}},"23":{"start":{"line":38,"column":12},"end":{"line":38,"column":15}},"24":{"start":{"line":39,"column":14},"end":{"line":39,"column":18}},"25":{"start":{"line":40,"column":2},"end":{"line":40,"column":11}},"26":{"start":{"line":41,"column":2},"end":{"line":41,"column":11}},"27":{"start":{"line":42,"column":2},"end":{"line":42,"column":11}},"28":{"start":{"line":43,"column":2},"end":{"line":43,"column":12}},"29":{"start":{"line":44,"column":2},"end":{"line":44,"column":21}},"30":{"start":{"line":45,"column":2},"end":{"line":45,"column":45}},"31":{"start":{"line":46,"column":12},"end":{"line":46,"column":16}},"32":{"start":{"line":47,"column":13},"end":{"line":47,"column":18}},"33":{"start":{"line":48,"column":2},"end":{"line":48,"column":36}},"34":{"start":{"line":49,"column":2},"end":{"line":49,"column":35}},"35":{"start":{"line":50,"column":2},"end":{"line":50,"column":13}},"36":{"start":{"line":51,"column":2},"end":{"line":51,"column":15}},"37":{"start":{"line":54,"column":17},"end":{"line":69,"column":1}},"38":{"start":{"line":55,"column":12},"end":{"line":55,"column":15}},"39":{"start":{"line":56,"column":14},"end":{"line":56,"column":18}},"40":{"start":{"line":57,"column":2},"end":{"line":57,"column":11}},"41":{"start":{"line":58,"column":2},"end":{"line":58,"column":11}},"42":{"start":{"line":59,"column":2},"end":{"line":59,"column":11}},"43":{"start":{"line":60,"column":2},"end":{"line":60,"column":12}},"44":{"start":{"line":61,"column":2},"end":{"line":61,"column":21}},"45":{"start":{"line":62,"column":2},"end":{"line":62,"column":45}},"46":{"start":{"line":63,"column":12},"end":{"line":63,"column":16}},"47":{"start":{"line":64,"column":13},"end":{"line":64,"column":18}},"48":{"start":{"line":65,"column":2},"end":{"line":65,"column":35}},"49":{"start":{"line":66,"column":2},"end":{"line":66,"column":34}},"50":{"start":{"line":67,"column":2},"end":{"line":67,"column":13}},"51":{"start":{"line":68,"column":2},"end":{"line":68,"column":15}},"52":{"start":{"line":71,"column":17},"end":{"line":74,"column":1}},"53":{"start":{"line":72,"column":2},"end":{"line":72,"column":20}},"54":{"start":{"line":73,"column":2},"end":{"line":73,"column":19}},"55":{"start":{"line":76,"column":17},"end":{"line":79,"column":1}},"56":{"start":{"line":77,"column":2},"end":{"line":77,"column":20}},"57":{"start":{"line":78,"column":2},"end":{"line":78,"column":19}},"58":{"start":{"line":81,"column":27},"end":{"line":86,"column":1}},"59":{"start":{"line":82,"column":2},"end":{"line":82,"column":10}},"60":{"start":{"line":83,"column":2},"end":{"line":83,"column":10}},"61":{"start":{"line":84,"column":2},"end":{"line":84,"column":9}},"62":{"start":{"line":85,"column":2},"end":{"line":85,"column":55}},"63":{"start":{"line":81,"column":13},"end":{"line":81,"column":27}},"64":{"start":{"line":88,"column":26},"end":{"line":93,"column":1}},"65":{"start":{"line":89,"column":2},"end":{"line":89,"column":10}},"66":{"start":{"line":90,"column":2},"end":{"line":90,"column":10}},"67":{"start":{"line":91,"column":2},"end":{"line":91,"column":9}},"68":{"start":{"line":92,"column":2},"end":{"line":92,"column":55}},"69":{"start":{"line":88,"column":13},"end":{"line":88,"column":26}},"70":{"start":{"line":95,"column":22},"end":{"line":103,"column":1}},"71":{"start":{"line":96,"column":2},"end":{"line":96,"column":25}},"72":{"start":{"line":96,"column":13},"end":{"line":96,"column":25}},"73":{"start":{"line":97,"column":14},"end":{"line":97,"column":20}},"74":{"start":{"line":98,"column":28},"end":{"line":98,"column":32}},"75":{"start":{"line":99,"column":28},"end":{"line":99,"column":37}},"76":{"start":{"line":100,"column":20},"end":{"line":100,"column":21}},"77":{"start":{"line":101,"column":2},"end":{"line":101,"column":90}},"78":{"start":{"line":101,"column":78},"end":{"line":101,"column":90}},"79":{"start":{"line":102,"column":2},"end":{"line":102,"column":87}},"80":{"start":{"line":95,"column":13},"end":{"line":95,"column":22}},"81":{"start":{"line":105,"column":22},"end":{"line":147,"column":1}},"82":{"start":{"line":106,"column":2},"end":{"line":106,"column":22}},"83":{"start":{"line":106,"column":13},"end":{"line":106,"column":22}},"84":{"start":{"line":107,"column":12},"end":{"line":107,"column":15}},"85":{"start":{"line":108,"column":12},"end":{"line":108,"column":15}},"86":{"start":{"line":109,"column":12},"end":{"line":109,"column":15}},"87":{"start":{"line":110,"column":2},"end":{"line":110,"column":30}},"88":{"start":{"line":111,"column":2},"end":{"line":142,"column":3}},"89":{"start":{"line":112,"column":15},"end":{"line":112,"column":18}},"90":{"start":{"line":113,"column":4},"end":{"line":141,"column":5}},"91":{"start":{"line":114,"column":6},"end":{"line":114,"column":47}},"92":{"start":{"line":115,"column":6},"end":{"line":115,"column":14}},"93":{"start":{"line":116,"column":6},"end":{"line":116,"column":14}},"94":{"start":{"line":117,"column":6},"end":{"line":117,"column":14}},"95":{"start":{"line":118,"column":18},"end":{"line":118,"column":22}},"96":{"start":{"line":119,"column":6},"end":{"line":119,"column":62}},"97":{"start":{"line":119,"column":13},"end":{"line":119,"column":62}},"98":{"start":{"line":120,"column":18},"end":{"line":120,"column":25}},"99":{"start":{"line":121,"column":6},"end":{"line":121,"column":17}},"100":{"start":{"line":122,"column":6},"end":{"line":122,"column":35}},"101":{"start":{"line":122,"column":21},"end":{"line":122,"column":35}},"102":{"start":{"line":123,"column":17},"end":{"line":123,"column":20}},"103":{"start":{"line":124,"column":6},"end":{"line":124,"column":84}},"104":{"start":{"line":126,"column":14},"end":{"line":126,"column":15}},"105":{"start":{"line":127,"column":38},"end":{"line":127,"column":39}},"106":{"start":{"line":128,"column":6},"end":{"line":128,"column":34}},"107":{"start":{"line":128,"column":26},"end":{"line":128,"column":34}},"108":{"start":{"line":129,"column":17},"end":{"line":129,"column":20}},"109":{"start":{"line":130,"column":17},"end":{"line":130,"column":20}},"110":{"start":{"line":131,"column":17},"end":{"line":131,"column":19}},"111":{"start":{"line":132,"column":6},"end":{"line":132,"column":47}},"112":{"start":{"line":133,"column":6},"end":{"line":133,"column":14}},"113":{"start":{"line":134,"column":6},"end":{"line":134,"column":14}},"114":{"start":{"line":135,"column":6},"end":{"line":135,"column":18}},"115":{"start":{"line":136,"column":6},"end":{"line":136,"column":40}},"116":{"start":{"line":137,"column":6},"end":{"line":137,"column":14}},"117":{"start":{"line":138,"column":6},"end":{"line":138,"column":53}},"118":{"start":{"line":139,"column":6},"end":{"line":139,"column":24}},"119":{"start":{"line":140,"column":6},"end":{"line":140,"column":51}},"120":{"start":{"line":143,"column":13},"end":{"line":143,"column":19}},"121":{"start":{"line":144,"column":2},"end":{"line":144,"column":17}},"122":{"start":{"line":145,"column":2},"end":{"line":145,"column":19}},"123":{"start":{"line":145,"column":10},"end":{"line":145,"column":19}},"124":{"start":{"line":146,"column":2},"end":{"line":146,"column":105}},"125":{"start":{"line":105,"column":13},"end":{"line":105,"column":22}},"126":{"start":{"line":149,"column":19},"end":{"line":170,"column":1}},"127":{"start":{"line":150,"column":11},"end":{"line":150,"column":19}},"128":{"start":{"line":151,"column":2},"end":{"line":151,"column":10}},"129":{"start":{"line":152,"column":2},"end":{"line":152,"column":12}},"130":{"start":{"line":153,"column":21},"end":{"line":153,"column":22}},"131":{"start":{"line":154,"column":2},"end":{"line":154,"column":29}},"132":{"start":{"line":154,"column":17},"end":{"line":154,"column":29}},"133":{"start":{"line":155,"column":2},"end":{"line":166,"column":3}},"134":{"start":{"line":156,"column":14},"end":{"line":156,"column":18}},"135":{"start":{"line":157,"column":4},"end":{"line":165,"column":5}},"136":{"start":{"line":158,"column":6},"end":{"line":158,"column":39}},"137":{"start":{"line":158,"column":29},"end":{"line":158,"column":39}},"138":{"start":{"line":159,"column":6},"end":{"line":159,"column":21}},"139":{"start":{"line":160,"column":6},"end":{"line":160,"column":12}},"140":{"start":{"line":162,"column":17},"end":{"line":162,"column":21}},"141":{"start":{"line":163,"column":6},"end":{"line":163,"column":25}},"142":{"start":{"line":164,"column":6},"end":{"line":164,"column":13}},"143":{"start":{"line":167,"column":12},"end":{"line":167,"column":15}},"144":{"start":{"line":168,"column":2},"end":{"line":168,"column":19}},"145":{"start":{"line":168,"column":10},"end":{"line":168,"column":19}},"146":{"start":{"line":169,"column":2},"end":{"line":169,"column":77}},"147":{"start":{"line":172,"column":19},"end":{"line":193,"column":1}},"148":{"start":{"line":173,"column":11},"end":{"line":173,"column":19}},"149":{"start":{"line":174,"column":2},"end":{"line":174,"column":10}},"150":{"start":{"line":175,"column":2},"end":{"line":175,"column":12}},"151":{"start":{"line":176,"column":21},"end":{"line":176,"column":22}},"152":{"start":{"line":177,"column":2},"end":{"line":177,"column":28}},"153":{"start":{"line":177,"column":16},"end":{"line":177,"column":28}},"154":{"start":{"line":178,"column":2},"end":{"line":189,"column":3}},"155":{"start":{"line":179,"column":14},"end":{"line":179,"column":18}},"156":{"start":{"line":180,"column":4},"end":{"line":188,"column":5}},"157":{"start":{"line":181,"column":6},"end":{"line":181,"column":39}},"158":{"start":{"line":181,"column":29},"end":{"line":181,"column":39}},"159":{"start":{"line":182,"column":6},"end":{"line":182,"column":21}},"160":{"start":{"line":183,"column":6},"end":{"line":183,"column":12}},"161":{"start":{"line":185,"column":17},"end":{"line":185,"column":21}},"162":{"start":{"line":186,"column":6},"end":{"line":186,"column":25}},"163":{"start":{"line":187,"column":6},"end":{"line":187,"column":13}},"164":{"start":{"line":190,"column":12},"end":{"line":190,"column":15}},"165":{"start":{"line":191,"column":2},"end":{"line":191,"column":19}},"166":{"start":{"line":191,"column":10},"end":{"line":191,"column":19}},"167":{"start":{"line":192,"column":2},"end":{"line":192,"column":77}},"168":{"start":{"line":195,"column":21},"end":{"line":212,"column":1}},"169":{"start":{"line":196,"column":2},"end":{"line":196,"column":24}},"170":{"start":{"line":196,"column":13},"end":{"line":196,"column":24}},"171":{"start":{"line":197,"column":27},"end":{"line":197,"column":47}},"172":{"start":{"line":199,"column":4},"end":{"line":203,"column":22}},"173":{"start":{"line":204,"column":18},"end":{"line":204,"column":79}},"174":{"start":{"line":205,"column":22},"end":{"line":205,"column":42}},"175":{"start":{"line":206,"column":2},"end":{"line":211,"column":4}},"176":{"start":{"line":210,"column":35},"end":{"line":210,"column":48}},"177":{"start":{"line":210,"column":70},"end":{"line":210,"column":83}},"178":{"start":{"line":195,"column":13},"end":{"line":195,"column":21}}},"fnMap":{"0":{"name":"(anonymous_0)","decl":{"start":{"line":7,"column":29},"end":{"line":7,"column":null}},"loc":{"start":{"line":11,"column":21},"end":{"line":35,"column":1}}},"1":{"name":"(anonymous_1)","decl":{"start":{"line":37,"column":17},"end":{"line":37,"column":18}},"loc":{"start":{"line":37,"column":67},"end":{"line":52,"column":1}}},"2":{"name":"(anonymous_2)","decl":{"start":{"line":54,"column":17},"end":{"line":54,"column":18}},"loc":{"start":{"line":54,"column":67},"end":{"line":69,"column":1}}},"3":{"name":"(anonymous_3)","decl":{"start":{"line":71,"column":17},"end":{"line":71,"column":18}},"loc":{"start":{"line":71,"column":89},"end":{"line":74,"column":1}}},"4":{"name":"(anonymous_4)","decl":{"start":{"line":76,"column":17},"end":{"line":76,"column":18}},"loc":{"start":{"line":76,"column":89},"end":{"line":79,"column":1}}},"5":{"name":"(anonymous_5)","decl":{"start":{"line":81,"column":27},"end":{"line":81,"column":28}},"loc":{"start":{"line":81,"column":110},"end":{"line":86,"column":1}}},"6":{"name":"(anonymous_6)","decl":{"start":{"line":88,"column":26},"end":{"line":88,"column":27}},"loc":{"start":{"line":88,"column":109},"end":{"line":93,"column":1}}},"7":{"name":"(anonymous_7)","decl":{"start":{"line":95,"column":22},"end":{"line":95,"column":53}},"loc":{"start":{"line":95,"column":115},"end":{"line":103,"column":1}}},"8":{"name":"(anonymous_8)","decl":{"start":{"line":105,"column":22},"end":{"line":105,"column":53}},"loc":{"start":{"line":105,"column":97},"end":{"line":147,"column":1}}},"9":{"name":"(anonymous_9)","decl":{"start":{"line":149,"column":19},"end":{"line":149,"column":20}},"loc":{"start":{"line":149,"column":116},"end":{"line":170,"column":1}}},"10":{"name":"(anonymous_10)","decl":{"start":{"line":172,"column":19},"end":{"line":172,"column":20}},"loc":{"start":{"line":172,"column":116},"end":{"line":193,"column":1}}},"11":{"name":"(anonymous_11)","decl":{"start":{"line":195,"column":21},"end":{"line":195,"column":22}},"loc":{"start":{"line":195,"column":100},"end":{"line":212,"column":1}}},"12":{"name":"(anonymous_12)","decl":{"start":{"line":210,"column":26},"end":{"line":210,"column":27}},"loc":{"start":{"line":210,"column":35},"end":{"line":210,"column":48}}},"13":{"name":"(anonymous_13)","decl":{"start":{"line":210,"column":61},"end":{"line":210,"column":62}},"loc":{"start":{"line":210,"column":70},"end":{"line":210,"column":83}}}},"branchMap":{"0":{"loc":{"start":{"line":13,"column":2},"end":{"line":13,"column":22}},"type":"if","locations":[{"start":{"line":13,"column":2},"end":{"line":13,"column":22}}]},"1":{"loc":{"start":{"line":16,"column":2},"end":{"line":17,"column":19}},"type":"if","locations":[{"start":{"line":16,"column":2},"end":{"line":17,"column":19}},{"start":{"line":17,"column":7},"end":{"line":17,"column":19}}]},"2":{"loc":{"start":{"line":18,"column":2},"end":{"line":34,"column":3}},"type":"switch","locations":[{"start":{"line":19,"column":4},"end":{"line":20,"column":18}},{"start":{"line":21,"column":4},"end":{"line":21,"column":11}},{"start":{"line":22,"column":4},"end":{"line":23,"column":49}},{"start":{"line":24,"column":4},"end":{"line":33,"column":5}}]},"3":{"loc":{"start":{"line":26,"column":6},"end":{"line":32,"column":7}},"type":"if","locations":[{"start":{"line":26,"column":6},"end":{"line":32,"column":7}},{"start":{"line":29,"column":13},"end":{"line":32,"column":7}}]},"4":{"loc":{"start":{"line":27,"column":8},"end":{"line":28,"column":69}},"type":"if","locations":[{"start":{"line":27,"column":8},"end":{"line":28,"column":69}},{"start":{"line":28,"column":13},"end":{"line":28,"column":69}}]},"5":{"loc":{"start":{"line":27,"column":51},"end":{"line":27,"column":71}},"type":"cond-expr","locations":[{"start":{"line":27,"column":60},"end":{"line":27,"column":64}},{"start":{"line":27,"column":67},"end":{"line":27,"column":71}}]},"6":{"loc":{"start":{"line":28,"column":46},"end":{"line":28,"column":68}},"ty
[...]
,"/home/runner/work/sonic-forest/sonic-forest/src/splay/util.ts": {"path":"/home/runner/work/sonic-forest/sonic-forest/src/splay/util.ts","statementMap":{"0":{"start":{"line":3,"column":21},"end":{"line":29,"column":1}},"1":{"start":{"line":4,"column":12},"end":{"line":4,"column":18}},"2":{"start":{"line":5,"column":2},"end":{"line":5,"column":22}},"3":{"start":{"line":5,"column":10},"end":{"line":5,"column":22}},"4":{"start":{"line":6,"column":13},"end":{"line":6,"column":16}},"5":{"start":{"line":7,"column":13},"end":{"line":7,"column":25}},"6":{"start":{"line":8,"column":2},"end":{"line":12,"column":3}},"7":{"start":{"line":9,"column":4},"end":{"line":10,"column":33}},"8":{"start":{"line":9,"column":12},"end":{"line":9,"column":36}},"9":{"start":{"line":10,"column":9},"end":{"line":10,"column":33}},"10":{"start":{"line":11,"column":4},"end":{"line":11,"column":16}},"11":{"start":{"line":13,"column":13},"end":{"line":13,"column":23}},"12":{"start":{"line":14,"column":2},"end":{"line":26,"column":3}},"13":{"start":{"line":15,"column":4},"end":{"line":19,"column":5}},"14":{"start":{"line":16,"column":6},"end":{"line":16,"column":53}},"15":{"start":{"line":18,"column":6},"end":{"line":18,"column":53}},"16":{"start":{"line":21,"column":4},"end":{"line":25,"column":5}},"17":{"start":{"line":22,"column":6},"end":{"line":22,"column":53}},"18":{"start":{"line":24,"column":6},"end":{"line":24,"column":53}},"19":{"start":{"line":27,"column":2},"end":{"line":27,"column":55}},"20":{"start":{"line":27,"column":18},"end":{"line":27,"column":55}},"21":{"start":{"line":28,"column":2},"end":{"line":28,"column":14}},"22":{"start":{"line":3,"column":13},"end":{"line":3,"column":21}},"23":{"start":{"line":31,"column":22},"end":{"line":38,"column":1}},"24":{"start":{"line":32,"column":12},"end":{"line":32,"column":16}},"25":{"start":{"line":33,"column":2},"end":{"line":33,"column":19}},"26":{"start":{"line":34,"column":2},"end":{"line":34,"column":12}},"27":{"start":{"line":35,"column":2},"end":{"line":35,"column":12}},"28":{"start":{"line":36,"column":2},"end":{"line":36,"column":11}},"29":{"start":{"line":37,"column":2},"end":{"line":37,"column":18}},"30":{"start":{"line":37,"column":9},"end":{"line":37,"column":18}},"31":{"start":{"line":31,"column":13},"end":{"line":31,"column":22}},"32":{"start":{"line":40,"column":22},"end":{"line":47,"column":1}},"33":{"start":{"line":41,"column":12},"end":{"line":41,"column":16}},"34":{"start":{"line":42,"column":2},"end":{"line":42,"column":19}},"35":{"start":{"line":43,"column":2},"end":{"line":43,"column":12}},"36":{"start":{"line":44,"column":2},"end":{"line":44,"column":12}},"37":{"start":{"line":45,"column":2},"end":{"line":45,"column":11}},"38":{"start":{"line":46,"column":2},"end":{"line":46,"column":18}},"39":{"start":{"line":46,"column":9},"end":{"line":46,"column":18}},"40":{"start":{"line":40,"column":13},"end":{"line":40,"column":22}},"41":{"start":{"line":49,"column":23},"end":{"line":66,"column":1}},"42":{"start":{"line":50,"column":12},"end":{"line":50,"column":16}},"43":{"start":{"line":51,"column":12},"end":{"line":51,"column":16}},"44":{"start":{"line":52,"column":12},"end":{"line":52,"column":16}},"45":{"start":{"line":53,"column":2},"end":{"line":53,"column":11}},"46":{"start":{"line":54,"column":2},"end":{"line":54,"column":12}},"47":{"start":{"line":55,"column":2},"end":{"line":55,"column":12}},"48":{"start":{"line":56,"column":2},"end":{"line":56,"column":12}},"49":{"start":{"line":57,"column":2},"end":{"line":57,"column":11}},"50":{"start":{"line":58,"column":2},"end":{"line":58,"column":12}},"51":{"start":{"line":59,"column":2},"end":{"line":59,"column":11}},"52":{"start":{"line":60,"column":2},"end":{"line":60,"column":18}},"53":{"start":{"line":60,"column":9},"end":{"line":60,"column":18}},"54":{"start":{"line":61,"column":2},"end":{"line":61,"column":18}},"55":{"start":{"line":61,"column":9},"end":{"line":61,"column":18}},"56":{"start":{"line":62,"column":2},"end":{"line":64,"column":16}},"57":{"start":{"line":62,"column":10},"end":{"line":62,"column":20}},"58":{"start":{"line":63,"column":7},"end":{"line":64,"column":16}},"59":{"start":{"line":63,"column":23},"end":{"line":63,"column":32}},"60":{"start":{"line":64,"column":7},"end":{"line":64,"column":16}},"61":{"start":{"line":65,"column":2},"end":{"line":65,"column":14}},"62":{"start":{"line":49,"column":13},"end":{"line":49,"column":23}},"63":{"start":{"line":68,"column":23},"end":{"line":85,"column":1}},"64":{"start":{"line":69,"column":12},"end":{"line":69,"column":16}},"65":{"start":{"line":70,"column":12},"end":{"line":70,"column":16}},"66":{"start":{"line":71,"column":12},"end":{"line":71,"column":16}},"67":{"start":{"line":72,"column":2},"end":{"line":72,"column":11}},"68":{"start":{"line":73,"column":2},"end":{"line":73,"column":12}},"69":{"start":{"line":74,"column":2},"end":{"line":74,"column":12}},"70":{"start":{"line":75,"column":2},"end":{"line":75,"column":11}},"71":{"start":{"line":76,"column":2},"end":{"line":76,"column":12}},"72":{"start":{"line":77,"column":2},"end":{"line":77,"column":12}},"73":{"start":{"line":78,"column":2},"end":{"line":78,"column":11}},"74":{"start":{"line":79,"column":2},"end":{"line":79,"column":18}},"75":{"start":{"line":79,"column":9},"end":{"line":79,"column":18}},"76":{"start":{"line":80,"column":2},"end":{"line":80,"column":18}},"77":{"start":{"line":80,"column":9},"end":{"line":80,"column":18}},"78":{"start":{"line":81,"column":2},"end":{"line":83,"column":16}},"79":{"start":{"line":81,"column":10},"end":{"line":81,"column":20}},"80":{"start":{"line":82,"column":7},"end":{"line":83,"column":16}},"81":{"start":{"line":82,"column":23},"end":{"line":82,"column":32}},"82":{"start":{"line":83,"column":7},"end":{"line":83,"column":16}},"83":{"start":{"line":84,"column":2},"end":{"line":84,"column":14}},"84":{"start":{"line":68,"column":13},"end":{"line":68,"column":23}},"85":{"start":{"line":87,"column":23},"end":{"line":104,"column":1}},"86":{"start":{"line":88,"column":12},"end":{"line":88,"column":16}},"87":{"start":{"line":89,"column":12},"end":{"line":89,"column":16}},"88":{"start":{"line":90,"column":12},"end":{"line":90,"column":16}},"89":{"start":{"line":91,"column":2},"end":{"line":91,"column":11}},"90":{"start":{"line":92,"column":2},"end":{"line":92,"column":12}},"91":{"start":{"line":93,"column":2},"end":{"line":93,"column":12}},"92":{"start":{"line":94,"column":2},"end":{"line":94,"column":12}},"93":{"start":{"line":95,"column":2},"end":{"line":95,"column":11}},"94":{"start":{"line":96,"column":2},"end":{"line":96,"column":12}},"95":{"start":{"line":97,"column":2},"end":{"line":97,"column":11}},"96":{"start":{"line":98,"column":2},"end":{"line":98,"column":18}},"97":{"start":{"line":98,"column":9},"end":{"line":98,"column":18}},"98":{"start":{"line":99,"column":2},"end":{"line":99,"column":18}},"99":{"start":{"line":99,"column":9},"end":{"line":99,"column":18}},"100":{"start":{"line":100,"column":2},"end":{"line":102,"column":16}},"101":{"start":{"line":100,"column":10},"end":{"line":100,"column":20}},"102":{"start":{"line":101,"column":7},"end":{"line":102,"column":16}},"103":{"start":{"line":101,"column":23},"end":{"line":101,"column":32}},"104":{"start":{"line":102,"column":7},"end":{"line":102,"column":16}},"105":{"start":{"line":103,"column":2},"end":{"line":103,"column":14}},"106":{"start":{"line":87,"column":13},"end":{"line":87,"column":23}},"107":{"start":{"line":106,"column":23},"end":{"line":123,"column":1}},"108":{"start":{"line":107,"column":12},"end":{"line":107,"column":16}},"109":{"start":{"line":108,"column":12},"end":{"line":108,"column":16}},"110":{"start":{"line":109,"column":12},"end":{"line":109,"column":16}},"111":{"start":{"line":110,"column":2},"end":{"line":110,"column":11}},"112":{"start":{"line":111,"column":2},"end":{"line":111,"column":12}},"113":{"start":{"line":112,"column":2},"end":{"line":112,"column":12}},"114":{"start":{"line":113,"column":2},"end":{"line":113,"column":12}},"115":{"start":{"line":114,"column":2},"end":{"line":114,"column":11}},"116":{"start":{"line":115,"column":2},"end":{"line":115,"column":12}},"117":{"start":{"line":116,"column":2},"end":{"line":116,"column":11}},"118":{"start":{"line":117,"column":2},"end":{"line":117,"column":18}},"119":{"start":{"line":117,"column":9},"end":{"line":117,"column":18}},"120":{"start":{"line":118,"column":2},"end":{"line":118,"column":18}},"121":{"start":{"line":118,"column":9},"end":{"line":118,"column":18}},"122":{"start":{"line":119,"column":2},"end":{"line":121,"column":16}},"123":{"start":{"line":119,"column":10},"end":{"line":119,"column":20}},"124":{"start":{"line":120,"column":7},"end":{"line":121,"column":16}},"125":{"start":{"line":120,"column":23},"end":{"line":120,"column":32}},"126":{"start":{"line":121,"column":7},"end":{"line":121,"column":16}},"127":{"start":{"line":122,"column":2},"end":{"line":122,"column":14}},"128":{"start":{"line":106,"column":13},"end":{"line":106,"column":23}}},"fnMap":{"0":{"name":"(anonymous_0)","decl":{"start":{"line":3,"column":21},"end":{"line":3,"column":46}},"loc":{"start":{"line":3,"column":85},"end":{"line":29,"column":1}}},"1":{"name":"(anonymous_1)","decl":{"start":{"line":31,"column":22},"end":{"line":31,"column":47}},"loc":{"start":{"line":31,"column":69},"end":{"line":38,"column":1}}},"2":{"name":"(anonymous_2)","decl":{"start":{"line":40,"column":22},"end":{"line":40,"column":47}},"loc":{"start":{"line":40,"column":69},"end":{"line":47,"column":1}}},"3":{"name":"(anonymous_3)","decl":{"start":{"line":49,"column":23},"end":{"line":49,"column":48}},"loc":{"start":{"line":49,"column":83},"end":{"line":66,"column":1}}},"4":{"name":"(anonymous_4)","decl":{"start":{"line":68,"column":23},"end":{"line":68,"column":48}},"loc":{"start":{"line":68,"column":83},"end":{"line":85,"column":1}}},"5":{"name":"(anonymous_5)","decl":{"start":{"line":87,"column":23},"end":{"line":87,"column":48}},"loc":{"start":{"line":87,"column":83},"end":{"line":104,"column":1}}},"6":{"name":"(anonymous_6)","decl":{"start":{"line":106,"column":23},"end":{"line":106,"column":48}},"loc":{"start":{"line":106,"column":83},"end":{"line":123,"column":1}}}},"branchMap":{"0":{"loc":{"start":{"line":5,"column":2},"end":{"line":5,"column":22}},"type":"if","locations":[{"start":{"line":5,"column":2},"end":{"line":5,"column":22}}]},"1":{"loc":{"start":{"line":8,"column":2},"end":{"line":12,"column":3}},"type":"if","locations":[{"start":{"line":8,"column":2},"end":{"line":12,"column":3}}]},"2":{"loc":{"start":{"line":9,"column":4},"end":{"line":10,"column":33}},"type":"if","locations":[{"start":{"line":9,"column":4},"end":{"line":10,"column":33}},{"start":{"line":10,"column":9},"end":{"line":10,"column":33}}]},"3":{"loc":{"start":{"line":14,"column":2},"end":{"line":26,"column":3}},"type":"if","locations":[{"start":{"line":14,"column":2},"end":{"line":26,"column":3}},{"start":{"line":20,"column":9},"end":{"line":26,"column":3}}]},"4":{"loc":{"start":{"line":15,"column":4},"end":{"line":19,"column":5}},"type":"if","locations":[{"start":{"line":15,"column":4},"end":{"line":19,"column":5}},{"start":{"line":17,"column":11},"end":{"line":19,"column":5}}]},"5":{"loc":{"start":{"line":21,"column":4},"end":{"line":25,"column":5}},"type":"if","locations":[{"start":{"line":21,"column":4},"end":{"line":25,"column":5}},{"start":{"line":23,"column":11},"end":{"line":25,"column":5}}]},"6":{"loc":{"start":{"line":27,"column":2},"end":{"line":27,"column":55}},"type":"if","locations":[{"start":{"line":27,"column":2},"end":{"line":27,"column":55}}]},"7":{"loc":{"start":{"line":37,"column":2},"end":{"line":37,"column":18}},"type":"if","locations":[{"start":{"line":37,"column":2},"end":{"line":37,"column":18}}]},"8":{"loc":{"start":{"line":46,"column":2},"end":{"line":46,"column":18}},"type":"if","locations":[{"start":{"line":46,"column":2},"end":{"line":46,"column":18}}]},"9":{"loc":{"start":{"line":60,"column":2},"end":{"line":60,"column":18}},"type":"if","locations":[{"start":{"line":60,"column":2},"end":{"line":60,"column":18}}]},"10":{"loc":{"start":{"line":61,"column":2},"end":{"line":61,"column":18}},"type":"if","locations":[{"start":{"line":61,"column":2},"end":{"line":61,"column":18}}]},"11":{"loc":{"start":{"line":62,"column":2},"end":{"line":64,"column":16}},"type":"if","locations":[{"start":{"line":62,"column":2},"end":{"line":64,"column":16}},{"start":{"line":63,"column":7},"end":{"line":64,"column":16}}]},"12":{"loc":{"start":{"line":63,"column":7},"end":{"line":64,"column":16}},"type":"if","locations":[{"start":{"line":63,"column":7},"end":{"line":64,"column":16}},{"start":{"line":64,"column":7},"end":{"line":64,"column":16}}]},"13":{"loc":{"start":{"line":79,"column":2},"end":{"line":79,"column":18}},"type":"if","locations":[{"start":{"line":79,"column":2},"end":{"line":79,"column":18}}]},"14":{"loc":{"start":{"line":80,"column":2},"end":{"line":80,"column":18}},"type":"if","locations":[{"start":{"line":80,"column":2},"end":{"line":80,"column":18}}]},"15":{"loc":{"start":{"line":81,"column":2},"end":{"line":83,"column":16}},"type":"if","locations":[{"start":{"line":81,"column":2},"end":{"line":83,"column":16}},{"start":{"line":82,"column":7},"end":{"line":83,"column":16}}]},"16":{"loc":{"start":{"line":82,"column":7},"end":{"line":83,"column":16}},"type":"if","locations":[{"start":{"line":82,"column":7},"end":{"line":83,"column":16}},{"start":{"line":83,"column":7},"end":{"line":83,"column":16}}]},"17":{"loc":{"start":{"line":98,"column":2},"end":{"line":98,"column":18}},"type":"if","locations":[{"start":{"line":98,"column":2},"end":{"line":98,"column":18}}]},"18":{"loc":{"start":{"line":99,"column":2},"end":{"line":99,"column":18}},"type":"if","locations":[{"start":{"line":99,"column":2},"end":{"line":99,"column":18}}]},"19":{"loc":{"start":{"line":100,"column":2},"end":{"line":102,"column":16}},"type":"if","locations":[{"start":{"line":100,"column":2},"end":{"line":102,"column":16}},{"start":{"line":101,"column":7},"end":{"line":102,"column":16}}]},"20":{"loc":{"start":{"line":101,"column":7},"end":{"line":102,"column":16}},"type":"if","locations":[{"start":{"line":101,"column":7},"end":{"line":102,"column":16}},{"start":{"line":102,"column":7},"end":{"line":102,"column":16}}]},"21":{"loc":{"start":{"line":117,"column":2},"end":{"line":117,"column":18}},"type":"if","locations":[{"start":{"line":117,"column":2},"end":{"line":117,"column":18}}]},"22":{"loc":{"start":{"line":118,"column":2},"end":{"line":118,"column":18}},"type":"if","locations":[{"start":{"line":118,"column":2},"end":{"line":118,"column":18}}]},"23":{"loc":{"start":{"line":119,"column":2},"end":{"line":121,"column":16}},"type":"if","locations":[{"start":{"line":119,"column":2},"end":{"line":121,"column":16}},{"start":{"line":120,"column":7},"end":{"line":121,"column":16}}]},"24":{"loc":{"start":{"line":120,"column":7},"end":{"line":121,"column":16}},"type":"if","locations":[{"start":{"line":120,"column":7},"end":{"line":121,"column":16}},{"start":{"line":121,"column":7},"end":{"line":121,"column":16}}]}},"s":{"0":2,"1":11,"2":11,"3":5,"4":6,"5":6,"6":6,"7":2,"8":0,"9":2,"10":2,"11":4,"12":4,"13":2,"14":0,"15":2,"16":2,"17":1,"18":1,"19":4,"20":4,"21":0,"22":2,"23":2,"24":0,"25":0,"26":0,"27":0,"28":0,"29":0,"30":0,"31":2,"32":2,"33":2,"34":2,"35":2,"36":2,"37":2,"38":2,"39":0,"40":2,"41":2,"42":1,"43":1,"44":1,"45":1,"46":1,"47":1,"48":1,"49":1,"50":1,"51":1,"52":1,"53":1,"54":1,"55":0,"56":1,"57":1,"58":0,"59":0,"60":0,"61":1,"62":2,"63":2,"64":0,"65":0,"66":0,"67":0,"68":0,"69":0,"70":0,"71":0,"72":0,"73":0,"74":0,"75":0,"76":0,"77":0,"78":0,"79":0,"80":0,"81":0,"82":0,"83":0,"84":2,"85":2,"86":2,"87":2,"88":2,"89":2,"90":2,"91":2,"92":2,"93":2,"94":2,"95":2,"96":2,"97":0,"98":2,"99":0,"100":2,"101":2,"102":0,"103":0,"104":0,"105":2,"106":2,"107":2,"108":1,"109":1,"110":1,"111":1,"112":1,"113":1,"114":1,"115":1,"116":1,"117":1,"118":1,"119":0,"120":1,"121":0,"122":1,"123":1,"124":0,"125":0,"126":0,"127":1,"128":2},"f":{"0":11,"1":0,"2":2,"3":1,"4":0,"5":2,"6":1},"b":{"0":[5],"1":[2],"2":[0,2],"3":[2,2],"4":[0,2],"5":[1,1],"6":[4],"7":[0],"8":[0],"9":[1],"10":[0],"11":[1,0],"12":[0,0],"13":[0],"14":[0],"15":[0,0],"16":[0,0],"17":[0],"18":[0],"19":[2,0],"20":[0,0],"21":[0],"22":[0],"23":[1,0],"24":[0,0]}}
,"/home/runner/work/sonic-forest/sonic-forest/src/trie/TrieNode.ts": {"path":"/home/runner/work/sonic-forest/sonic-forest/src/trie/TrieNode.ts","statementMap":{"0":{"start":{"line":1,"column":0},"end":{"line":1,"column":47}},"1":{"start":{"line":2,"column":0},"end":{"line":2,"column":36}},"2":{"start":{"line":13,"column":11},"end":{"line":13,"column":20}},"3":{"start":{"line":14,"column":11},"end":{"line":14,"column":15}},"4":{"start":{"line":7,"column":9},"end":{"line":7,"column":48}},"5":{"start":{"line":8,"column":9},"end":{"line":8,"column":48}},"6":{"start":{"line":9,"column":9},"end":{"line":9,"column":48}},"7":{"start":{"line":10,"column":9},"end":{"line":10,"column":55}},"8":{"start":{"line":18,"column":16},"end":{"line":18,"column":36}},"9":{"start":{"line":19,"column":12},"end":{"line":19,"column":13}},"10":{"start":{"line":20,"column":4},"end":{"line":24,"column":5}},"11":{"start":{"line":21,"column":6},"end":{"line":21,"column":25}},"12":{"start":{"line":22,"column":6},"end":{"line":22,"column":10}},"13":{"start":{"line":23,"column":6},"end":{"line":23,"column":26}},"14":{"start":{"line":28,"column":4},"end":{"line":28,"column":42}},"15":{"start":{"line":32,"column":4},"end":{"line":32,"column":28}},"16":{"start":{"line":6,"column":0},"end":{"line":6,"column":13}}},"fnMap":{"0":{"name":"(anonymous_0)","decl":{"start":{"line":12,"column":2},"end":{"line":12,"column":null}},"loc":{"start":{"line":14,"column":15},"end":{"line":15,"column":6}}},"1":{"name":"(anonymous_1)","decl":{"start":{"line":17,"column":9},"end":{"line":17,"column":20}},"loc":{"start":{"line":17,"column":74},"end":{"line":25,"column":3}}},"2":{"name":"(anonymous_2)","decl":{"start":{"line":27,"column":9},"end":{"line":27,"column":17}},"loc":{"start":{"line":27,"column":67},"end":{"line":29,"column":3}}},"3":{"name":"(anonymous_3)","decl":{"start":{"line":31,"column":9},"end":{"line":31,"column":17}},"loc":{"start":{"line":31,"column":34},"end":{"line":33,"column":3}}}},"branchMap":{"0":{"loc":{"start":{"line":31,"column":18},"end":{"line":31,"column":34}},"type":"default-arg","locations":[{"start":{"line":31,"column":32},"end":{"line":31,"column":34}}]}},"s":{"0":2,"1":2,"2":103,"3":103,"4":103,"5":103,"6":103,"7":103,"8":1,"9":1,"10":1,"11":2,"12":2,"13":2,"14":10,"15":0,"16":2},"f":{"0":103,"1":1,"2":10,"3":0},"b":{"0":[0]}}
}
