{"/home/runner/work/sonic-forest/sonic-forest/src/Tree.ts": {"path":"/home/runner/work/sonic-forest/sonic-forest/src/Tree.ts","statementMap":{"0":{"start":{"line":2,"column":0},"end":{"line":2,"column":62}},"1":{"start":{"line":3,"column":0},"end":{"line":3,"column":22}},"2":{"start":{"line":4,"column":15},"end":{"line":4,"column":32}},"3":{"start":{"line":5,"column":15},"end":{"line":5,"column":38}},"4":{"start":{"line":6,"column":19},"end":{"line":6,"column":40}},"5":{"start":{"line":7,"column":26},"end":{"line":7,"column":41}},"6":{"start":{"line":7,"column":36},"end":{"line":7,"column":41}},"7":{"start":{"line":10,"column":8},"end":{"line":10,"column":37}},"8":{"start":{"line":11,"column":8},"end":{"line":11,"column":30}},"9":{"start":{"line":12,"column":8},"end":{"line":12,"column":22}},"10":{"start":{"line":15,"column":21},"end":{"line":15,"column":56}},"11":{"start":{"line":16,"column":8},"end":{"line":16,"column":73}},"12":{"start":{"line":17,"column":8},"end":{"line":17,"column":59}},"13":{"start":{"line":18,"column":8},"end":{"line":18,"column":20}},"14":{"start":{"line":24,"column":21},"end":{"line":24,"column":56}},"15":{"start":{"line":25,"column":8},"end":{"line":25,"column":73}},"16":{"start":{"line":26,"column":8},"end":{"line":26,"column":20}},"17":{"start":{"line":29,"column":21},"end":{"line":29,"column":70}},"18":{"start":{"line":30,"column":8},"end":{"line":30,"column":41}},"19":{"start":{"line":33,"column":21},"end":{"line":33,"column":81}},"20":{"start":{"line":34,"column":8},"end":{"line":34,"column":41}},"21":{"start":{"line":37,"column":8},"end":{"line":37,"column":67}},"22":{"start":{"line":40,"column":21},"end":{"line":40,"column":70}},"23":{"start":{"line":41,"column":8},"end":{"line":42,"column":29}},"24":{"start":{"line":42,"column":12},"end":{"line":42,"column":29}},"25":{"start":{"line":43,"column":8},"end":{"line":43,"column":56}},"26":{"start":{"line":44,"column":8},"end":{"line":44,"column":20}},"27":{"start":{"line":45,"column":8},"end":{"line":45,"column":22}},"28":{"start":{"line":48,"column":8},"end":{"line":48,"column":46}},"29":{"start":{"line":51,"column":19},"end":{"line":51,"column":47}},"30":{"start":{"line":52,"column":8},"end":{"line":57,"column":10}},"31":{"start":{"line":53,"column":24},"end":{"line":53,"column":28}},"32":{"start":{"line":54,"column":12},"end":{"line":55,"column":46}},"33":{"start":{"line":55,"column":16},"end":{"line":55,"column":46}},"34":{"start":{"line":56,"column":12},"end":{"line":56,"column":43}},"35":{"start":{"line":60,"column":8},"end":{"line":60,"column":106}},"36":{"start":{"line":63,"column":18},"end":{"line":63,"column":114}},"37":{"start":{"line":64,"column":8},"end":{"line":65,"column":62}},"38":{"start":{"line":65,"column":12},"end":{"line":65,"column":62}},"39":{"start":{"line":66,"column":8},"end":{"line":67,"column":62}},"40":{"start":{"line":67,"column":12},"end":{"line":67,"column":62}},"41":{"start":{"line":68,"column":8},"end":{"line":68,"column":19}},"42":{"start":{"line":71,"column":0},"end":{"line":71,"column":20}}},"fnMap":{"0":{"name":"(anonymous_0)","decl":{"start":{"line":7,"column":26},"end":{"line":7,"column":27}},"loc":{"start":{"line":7,"column":36},"end":{"line":7,"column":41}},"line":7},"1":{"name":"(anonymous_1)","decl":{"start":{"line":9,"column":4},"end":{"line":9,"column":5}},"loc":{"start":{"line":9,"column":48},"end":{"line":13,"column":5}},"line":9},"2":{"name":"(anonymous_2)","decl":{"start":{"line":14,"column":4},"end":{"line":14,"column":5}},"loc":{"start":{"line":14,"column":20},"end":{"line":19,"column":5}},"line":14},"3":{"name":"(anonymous_3)","decl":{"start":{"line":23,"column":4},"end":{"line":23,"column":5}},"loc":{"start":{"line":23,"column":24},"end":{"line":27,"column":5}},"line":23},"4":{"name":"(anonymous_4)","decl":{"start":{"line":28,"column":4},"end":{"line":28,"column":5}},"loc":{"start":{"line":28,"column":13},"end":{"line":31,"column":5}},"line":28},"5":{"name":"(anonymous_5)","decl":{"start":{"line":32,"column":4},"end":{"line":32,"column":5}},"loc":{"start":{"line":32,"column":24},"end":{"line":35,"column":5}},"line":32},"6":{"name":"(anonymous_6)","decl":{"start":{"line":36,"column":4},"end":{"line":36,"column":5}},"loc":{"start":{"line":36,"column":13},"end":{"line":38,"column":5}},"line":36},"7":{"name":"(anonymous_7)","decl":{"start":{"line":39,"column":4},"end":{"line":39,"column":5}},"loc":{"start":{"line":39,"column":16},"end":{"line":46,"column":5}},"line":39},"8":{"name":"(anonymous_8)","decl":{"start":{"line":47,"column":4},"end":{"line":47,"column":5}},"loc":{"start":{"line":47,"column":10},"end":{"line":49,"column":5}},"line":47},"9":{"name":"(anonymous_9)","decl":{"start":{"line":50,"column":4},"end":{"line":50,"column":5}},"loc":{"start":{"line":50,"column":15},"end":{"line":58,"column":5}},"line":50},"10":{"name":"(anonymous_10)","decl":{"start":{"line":52,"column":15},"end":{"line":52,"column":16}},"loc":{"start":{"line":52,"column":21},"end":{"line":57,"column":9}},"line":52},"11":{"name":"(anonymous_11)","decl":{"start":{"line":59,"column":4},"end":{"line":59,"column":5}},"loc":{"start":{"line":59,"column":23},"end":{"line":61,"column":5}},"line":59},"12":{"name":"(anonymous_12)","decl":{"start":{"line":62,"column":4},"end":{"line":62,"column":5}},"loc":{"start":{"line":62,"column":34},"end":{"line":69,"column":5}},"line":62}},"branchMap":{"0":{"loc":{"start":{"line":9,"column":16},"end":{"line":9,"column":46}},"type":"default-arg","locations":[{"start":{"line":9,"column":29},"end":{"line":9,"column":46}}],"line":9},"1":{"loc":{"start":{"line":30,"column":15},"end":{"line":30,"column":40}},"type":"cond-expr","locations":[{"start":{"line":30,"column":22},"end":{"line":30,"column":28}},{"start":{"line":30,"column":31},"end":{"line":30,"column":40}}],"line":30},"2":{"loc":{"start":{"line":34,"column":15},"end":{"line":34,"column":40}},"type":"cond-expr","locations":[{"start":{"line":34,"column":22},"end":{"line":34,"column":28}},{"start":{"line":34,"column":31},"end":{"line":34,"column":40}}],"line":34},"3":{"loc":{"start":{"line":41,"column":8},"end":{"line":42,"column":29}},"type":"if","locations":[{"start":{"line":41,"column":8},"end":{"line":42,"column":29}},{"start":{},"end":{}}],"line":41},"4":{"loc":{"start":{"line":54,"column":12},"end":{"line":55,"column":46}},"type":"if","locations":[{"start":{"line":54,"column":12},"end":{"line":55,"column":46}},{"start":{},"end":{}}],"line":54},"5":{"loc":{"start":{"line":56,"column":19},"end":{"line":56,"column":42}},"type":"cond-expr","locations":[{"start":{"line":56,"column":25},"end":{"line":56,"column":30}},{"start":{"line":56,"column":33},"end":{"line":56,"column":42}}],"line":56},"6":{"loc":{"start":{"line":59,"column":13},"end":{"line":59,"column":21}},"type":"default-arg","locations":[{"start":{"line":59,"column":19},"end":{"line":59,"column":21}}],"line":59},"7":{"loc":{"start":{"line":60,"column":42},"end":{"line":60,"column":103}},"type":"cond-expr","locations":[{"start":{"line":60,"column":54},"end":{"line":60,"column":96}},{"start":{"line":60,"column":99},"end":{"line":60,"column":103}}],"line":60},"8":{"loc":{"start":{"line":63,"column":29},"end":{"line":63,"column":77}},"type":"cond-expr","locations":[{"start":{"line":63,"column":44},"end":{"line":63,"column":48}},{"start":{"line":63,"column":51},"end":{"line":63,"column":77}}],"line":63},"9":{"loc":{"start":{"line":63,"column":51},"end":{"line":63,"column":77}},"type":"cond-expr","locations":[{"start":{"line":63,"column":66},"end":{"line":63,"column":70}},{"start":{"line":63,"column":73},"end":{"line":63,"column":77}}],"line":63},"10":{"loc":{"start":{"line":64,"column":8},"end":{"line":65,"column":62}},"type":"if","locations":[{"start":{"line":64,"column":8},"end":{"line":65,"column":62}},{"start":{},"end":{}}],"line":64},"11":{"loc":{"start":{"line":66,"column":8},"end":{"line":67,"column":62}},"type":"if","locations":[{"start":{"line":66,"column":8},"end":{"line":67,"column":62}},{"start":{},"end":{}}],"line":66}},"s":{"0":2,"1":2,"2":2,"3":2,"4":2,"5":2,"6":26,"7":2,"8":2,"9":2,"10":6,"11":6,"12":6,"13":6,"14":0,"15":0,"16":0,"17":3,"18":3,"19":11,"20":11,"21":0,"22":0,"23":0,"24":0,"25":0,"26":0,"27":0,"28":0,"29":0,"30":0,"31":0,"32":0,"33":0,"34":0,"35":0,"36":0,"37":0,"38":0,"39":0,"40":0,"41":0,"42":2},"f":{"0":26,"1":2,"2":6,"3":0,"4":3,"5":11,"6":0,"7":0,"8":0,"9":0,"10":0,"11":0,"12":0},"b":{"0":[2],"1":[3,0],"2":[11,0],"3":[0,0],"4":[0,0],"5":[0,0],"6":[0],"7":[0,0],"8":[0,0],"9":[0,0],"10":[0,0],"11":[0,0]},"_coverageSchema":"1a1c01bbd47fc00a2c39e90264f33305004495a9","hash":"d3410ca29ba1a82a8fb82c21f85cd5f6135649b9"}
,"/home/runner/work/sonic-forest/sonic-forest/src/TreeNode.ts": {"path":"/home/runner/work/sonic-forest/sonic-forest/src/TreeNode.ts","statementMap":{"0":{"start":{"line":2,"column":0},"end":{"line":2,"column":62}},"1":{"start":{"line":3,"column":0},"end":{"line":3,"column":26}},"2":{"start":{"line":6,"column":8},"end":{"line":6,"column":19}},"3":{"start":{"line":7,"column":8},"end":{"line":7,"column":19}},"4":{"start":{"line":8,"column":8},"end":{"line":8,"column":27}},"5":{"start":{"line":9,"column":8},"end":{"line":9,"column":27}},"6":{"start":{"line":10,"column":8},"end":{"line":10,"column":27}},"7":{"start":{"line":13,"column":0},"end":{"line":13,"column":28}}},"fnMap":{"0":{"name":"(anonymous_0)","decl":{"start":{"line":5,"column":4},"end":{"line":5,"column":5}},"loc":{"start":{"line":5,"column":22},"end":{"line":11,"column":5}},"line":5}},"branchMap":{},"s":{"0":2,"1":2,"2":45,"3":45,"4":45,"5":45,"6":45,"7":2},"f":{"0":45},"b":{},"_coverageSchema":"1a1c01bbd47fc00a2c39e90264f33305004495a9","hash":"3a3b8f42b9dfa4674791f8c57050bbb8eda24617"}
,"/home/runner/work/sonic-forest/sonic-forest/src/avl/AvlBstNumNumMap.ts": {"path":"/home/runner/work/sonic-forest/sonic-forest/src/avl/AvlBstNumNumMap.ts","statementMap":{"0":{"start":{"line":2,"column":0},"end":{"line":2,"column":62}},"1":{"start":{"line":3,"column":0},"end":{"line":3,"column":54}},"2":{"start":{"line":4,"column":15},"end":{"line":4,"column":32}},"3":{"start":{"line":5,"column":20},"end":{"line":5,"column":49}},"4":{"start":{"line":6,"column":15},"end":{"line":6,"column":33}},"5":{"start":{"line":9,"column":8},"end":{"line":9,"column":19}},"6":{"start":{"line":10,"column":8},"end":{"line":10,"column":19}},"7":{"start":{"line":11,"column":8},"end":{"line":11,"column":27}},"8":{"start":{"line":12,"column":8},"end":{"line":12,"column":27}},"9":{"start":{"line":13,"column":8},"end":{"line":13,"column":27}},"10":{"start":{"line":14,"column":8},"end":{"line":14,"column":20}},"11":{"start":{"line":17,"column":0},"end":{"line":17,"column":32}},"12":{"start":{"line":18,"column":19},"end":{"line":18,"column":34}},"13":{"start":{"line":18,"column":29},"end":{"line":18,"column":34}},"14":{"start":{"line":21,"column":8},"end":{"line":21,"column":30}},"15":{"start":{"line":24,"column":21},"end":{"line":24,"column":41}},"16":{"start":{"line":25,"column":8},"end":{"line":25,"column":68}},"17":{"start":{"line":26,"column":8},"end":{"line":26,"column":20}},"18":{"start":{"line":29,"column":21},"end":{"line":29,"column":30}},"19":{"start":{"line":30,"column":8},"end":{"line":31,"column":37}},"20":{"start":{"line":31,"column":12},"end":{"line":31,"column":37}},"21":{"start":{"line":32,"column":19},"end":{"line":32,"column":23}},"22":{"start":{"line":32,"column":32},"end":{"line":32,"column":36}},"23":{"start":{"line":33,"column":18},"end":{"line":33,"column":19}},"24":{"start":{"line":34,"column":8},"end":{"line":39,"column":53}},"25":{"start":{"line":35,"column":12},"end":{"line":35,"column":24}},"26":{"start":{"line":36,"column":12},"end":{"line":36,"column":40}},"27":{"start":{"line":37,"column":12},"end":{"line":38,"column":42}},"28":{"start":{"line":38,"column":16},"end":{"line":38,"column":42}},"29":{"start":{"line":40,"column":21},"end":{"line":40,"column":41}},"30":{"start":{"line":41,"column":8},"end":{"line":41,"column":115}},"31":{"start":{"line":42,"column":8},"end":{"line":42,"column":20}},"32":{"start":{"line":45,"column":19},"end":{"line":45,"column":28}},"33":{"start":{"line":46,"column":8},"end":{"line":51,"column":9}},"34":{"start":{"line":47,"column":24},"end":{"line":47,"column":45}},"35":{"start":{"line":48,"column":12},"end":{"line":49,"column":28}},"36":{"start":{"line":49,"column":16},"end":{"line":49,"column":28}},"37":{"start":{"line":50,"column":12},"end":{"line":50,"column":45}},"38":{"start":{"line":52,"column":8},"end":{"line":52,"column":25}},"39":{"start":{"line":55,"column":8},"end":{"line":55,"column":31}},"40":{"start":{"line":58,"column":8},"end":{"line":58,"column":30}},"41":{"start":{"line":61,"column":8},"end":{"line":61,"column":82}},"42":{"start":{"line":64,"column":21},"end":{"line":64,"column":30}},"43":{"start":{"line":65,"column":8},"end":{"line":66,"column":19}},"44":{"start":{"line":66,"column":12},"end":{"line":66,"column":19}},"45":{"start":{"line":67,"column":19},"end":{"line":67,"column":42}},"46":{"start":{"line":68,"column":8},"end":{"line":70,"column":48}},"47":{"start":{"line":69,"column":12},"end":{"line":69,"column":21}},"48":{"start":{"line":73,"column":8},"end":{"line":73,"column":117}},"49":{"start":{"line":73,"column":81},"end":{"line":73,"column":114}},"50":{"start":{"line":76,"column":0},"end":{"line":76,"column":42}}},"fnMap":{"0":{"name":"(anonymous_0)","decl":{"start":{"line":8,"column":4},"end":{"line":8,"column":5}},"loc":{"start":{"line":8,"column":22},"end":{"line":15,"column":5}},"line":8},"1":{"name":"(anonymous_1)","decl":{"start":{"line":18,"column":19},"end":{"line":18,"column":20}},"loc":{"start":{"line":18,"column":29},"end":{"line":18,"column":34}},"line":18},"2":{"name":"(anonymous_2)","decl":{"start":{"line":20,"column":4},"end":{"line":20,"column":5}},"loc":{"start":{"line":20,"column":18},"end":{"line":22,"column":5}},"line":20},"3":{"name":"(anonymous_3)","decl":{"start":{"line":23,"column":4},"end":{"line":23,"column":5}},"loc":{"start":{"line":23,"column":17},"end":{"line":27,"column":5}},"line":23},"4":{"name":"(anonymous_4)","decl":{"start":{"line":28,"column":4},"end":{"line":28,"column":5}},"loc":{"start":{"line":28,"column":14},"end":{"line":43,"column":5}},"line":28},"5":{"name":"(anonymous_5)","decl":{"start":{"line":44,"column":4},"end":{"line":44,"column":5}},"loc":{"start":{"line":44,"column":12},"end":{"line":53,"column":5}},"line":44},"6":{"name":"(anonymous_6)","decl":{"start":{"line":54,"column":4},"end":{"line":54,"column":5}},"loc":{"start":{"line":54,"column":11},"end":{"line":56,"column":5}},"line":54},"7":{"name":"(anonymous_7)","decl":{"start":{"line":57,"column":4},"end":{"line":57,"column":5}},"loc":{"start":{"line":57,"column":11},"end":{"line":59,"column":5}},"line":57},"8":{"name":"(anonymous_8)","decl":{"start":{"line":60,"column":4},"end":{"line":60,"column":5}},"loc":{"start":{"line":60,"column":22},"end":{"line":62,"column":5}},"line":60},"9":{"name":"(anonymous_9)","decl":{"start":{"line":63,"column":4},"end":{"line":63,"column":5}},"loc":{"start":{"line":63,"column":16},"end":{"line":71,"column":5}},"line":63},"10":{"name":"(anonymous_10)","decl":{"start":{"line":72,"column":4},"end":{"line":72,"column":5}},"loc":{"start":{"line":72,"column":18},"end":{"line":74,"column":5}},"line":72},"11":{"name":"(anonymous_11)","decl":{"start":{"line":73,"column":72},"end":{"line":73,"column":73}},"loc":{"start":{"line":73,"column":81},"end":{"line":73,"column":114}},"line":73}},"branchMap":{"0":{"loc":{"start":{"line":30,"column":8},"end":{"line":31,"column":37}},"type":"if","locations":[{"start":{"line":30,"column":8},"end":{"line":31,"column":37}},{"start":{},"end":{}}],"line":30},"1":{"loc":{"start":{"line":37,"column":12},"end":{"line":38,"column":42}},"type":"if","locations":[{"start":{"line":37,"column":12},"end":{"line":38,"column":42}},{"start":{},"end":{}}],"line":37},"2":{"loc":{"start":{"line":39,"column":25},"end":{"line":39,"column":50}},"type":"cond-expr","locations":[{"start":{"line":39,"column":35},"end":{"line":39,"column":41}},{"start":{"line":39,"column":44},"end":{"line":39,"column":50}}],"line":39},"3":{"loc":{"start":{"line":41,"column":20},"end":{"line":41,"column":114}},"type":"cond-expr","locations":[{"start":{"line":41,"column":30},"end":{"line":41,"column":70}},{"start":{"line":41,"column":73},"end":{"line":41,"column":114}}],"line":41},"4":{"loc":{"start":{"line":48,"column":12},"end":{"line":49,"column":28}},"type":"if","locations":[{"start":{"line":48,"column":12},"end":{"line":49,"column":28}},{"start":{},"end":{}}],"line":48},"5":{"loc":{"start":{"line":50,"column":19},"end":{"line":50,"column":44}},"type":"cond-expr","locations":[{"start":{"line":50,"column":29},"end":{"line":50,"column":35}},{"start":{"line":50,"column":38},"end":{"line":50,"column":44}}],"line":50},"6":{"loc":{"start":{"line":61,"column":15},"end":{"line":61,"column":81}},"type":"binary-expr","locations":[{"start":{"line":61,"column":15},"end":{"line":61,"column":68}},{"start":{"line":61,"column":72},"end":{"line":61,"column":81}}],"line":61},"7":{"loc":{"start":{"line":65,"column":8},"end":{"line":66,"column":19}},"type":"if","locations":[{"start":{"line":65,"column":8},"end":{"line":66,"column":19}},{"start":{},"end":{}}],"line":65}},"s":{"0":1,"1":1,"2":1,"3":1,"4":1,"5":5,"6":5,"7":5,"8":5,"9":5,"10":5,"11":1,"12":1,"13":12,"14":1,"15":1,"16":1,"17":1,"18":6,"19":6,"20":1,"21":5,"22":5,"23":5,"24":5,"25":9,"26":9,"27":9,"28":1,"29":4,"30":4,"31":4,"32":1,"33":1,"34":3,"35":3,"36":1,"37":2,"38":0,"39":1,"40":0,"41":0,"42":1,"43":1,"44":0,"45":1,"46":1,"47":5,"48":0,"49":0,"50":1},"f":{"0":5,"1":12,"2":1,"3":1,"4":6,"5":1,"6":1,"7":0,"8":0,"9":1,"10":0,"11":0},"b":{"0":[1,5],"1":[1,8],"2":[0,8],"3":[0,4],"4":[1,2],"5":[0,2],"6":[0,0],"7":[0,1]},"_coverageSchema":"1a1c01bbd47fc00a2c39e90264f33305004495a9","hash":"959e8b0614ea553694a91bce659cf318e21e150d"}
,"/home/runner/work/sonic-forest/sonic-forest/src/avl/AvlMap.ts": {"path":"/home/runner/work/sonic-forest/sonic-forest/src/avl/AvlMap.ts","statementMap":{"0":{"start":{"line":2,"column":0},"end":{"line":2,"column":62}},"1":{"start":{"line":3,"column":0},"end":{"line":3,"column":42}},"2":{"start":{"line":4,"column":15},"end":{"line":4,"column":32}},"3":{"start":{"line":5,"column":20},"end":{"line":5,"column":49}},"4":{"start":{"line":6,"column":15},"end":{"line":6,"column":33}},"5":{"start":{"line":9,"column":8},"end":{"line":9,"column":19}},"6":{"start":{"line":10,"column":8},"end":{"line":10,"column":19}},"7":{"start":{"line":11,"column":8},"end":{"line":11,"column":27}},"8":{"start":{"line":12,"column":8},"end":{"line":12,"column":27}},"9":{"start":{"line":13,"column":8},"end":{"line":13,"column":27}},"10":{"start":{"line":14,"column":8},"end":{"line":14,"column":20}},"11":{"start":{"line":17,"column":0},"end":{"line":17,"column":26}},"12":{"start":{"line":18,"column":26},"end":{"line":18,"column":66}},"13":{"start":{"line":18,"column":37},"end":{"line":18,"column":65}},"14":{"start":{"line":21,"column":8},"end":{"line":21,"column":30}},"15":{"start":{"line":22,"column":8},"end":{"line":22,"column":23}},"16":{"start":{"line":23,"column":8},"end":{"line":23,"column":32}},"17":{"start":{"line":24,"column":8},"end":{"line":24,"column":58}},"18":{"start":{"line":27,"column":21},"end":{"line":27,"column":38}},"19":{"start":{"line":28,"column":8},"end":{"line":28,"column":73}},"20":{"start":{"line":29,"column":8},"end":{"line":29,"column":21}},"21":{"start":{"line":30,"column":8},"end":{"line":30,"column":20}},"22":{"start":{"line":33,"column":21},"end":{"line":33,"column":30}},"23":{"start":{"line":34,"column":8},"end":{"line":35,"column":37}},"24":{"start":{"line":35,"column":12},"end":{"line":35,"column":37}},"25":{"start":{"line":36,"column":27},"end":{"line":36,"column":42}},"26":{"start":{"line":37,"column":19},"end":{"line":37,"column":23}},"27":{"start":{"line":37,"column":32},"end":{"line":37,"column":36}},"28":{"start":{"line":38,"column":18},"end":{"line":38,"column":19}},"29":{"start":{"line":39,"column":8},"end":{"line":44,"column":53}},"30":{"start":{"line":40,"column":12},"end":{"line":40,"column":24}},"31":{"start":{"line":41,"column":12},"end":{"line":41,"column":40}},"32":{"start":{"line":42,"column":12},"end":{"line":43,"column":42}},"33":{"start":{"line":43,"column":16},"end":{"line":43,"column":42}},"34":{"start":{"line":45,"column":21},"end":{"line":45,"column":38}},"35":{"start":{"line":46,"column":8},"end":{"line":47,"column":107}},"36":{"start":{"line":48,"column":8},"end":{"line":48,"column":21}},"37":{"start":{"line":49,"column":8},"end":{"line":49,"column":20}},"38":{"start":{"line":52,"column":27},"end":{"line":52,"column":42}},"39":{"start":{"line":53,"column":19},"end":{"line":53,"column":28}},"40":{"start":{"line":54,"column":8},"end":{"line":59,"column":9}},"41":{"start":{"line":55,"column":24},"end":{"line":55,"column":45}},"42":{"start":{"line":56,"column":12},"end":{"line":57,"column":28}},"43":{"start":{"line":57,"column":16},"end":{"line":57,"column":28}},"44":{"start":{"line":58,"column":12},"end":{"line":58,"column":45}},"45":{"start":{"line":60,"column":8},"end":{"line":60,"column":25}},"46":{"start":{"line":63,"column":8},"end":{"line":63,"column":31}},"47":{"start":{"line":66,"column":21},"end":{"line":66,"column":33}},"48":{"start":{"line":67,"column":8},"end":{"line":68,"column":25}},"49":{"start":{"line":68,"column":12},"end":{"line":68,"column":25}},"50":{"start":{"line":69,"column":8},"end":{"line":69,"column":56}},"51":{"start":{"line":70,"column":8},"end":{"line":70,"column":21}},"52":{"start":{"line":71,"column":8},"end":{"line":71,"column":20}},"53":{"start":{"line":74,"column":8},"end":{"line":74,"column":23}},"54":{"start":{"line":75,"column":8},"end":{"line":75,"column":30}},"55":{"start":{"line":78,"column":8},"end":{"line":78,"column":30}},"56":{"start":{"line":81,"column":8},"end":{"line":81,"column":26}},"57":{"start":{"line":84,"column":8},"end":{"line":84,"column":26}},"58":{"start":{"line":87,"column":8},"end":{"line":87,"column":87}},"59":{"start":{"line":90,"column":19},"end":{"line":90,"column":31}},"60":{"start":{"line":91,"column":8},"end":{"line":92,"column":19}},"61":{"start":{"line":92,"column":12},"end":{"line":92,"column":19}},"62":{"start":{"line":93,"column":8},"end":{"line":95,"column":48}},"63":{"start":{"line":94,"column":12},"end":{"line":94,"column":21}},"64":{"start":{"line":98,"column":21},"end":{"line":98,"column":30}},"65":{"start":{"line":99,"column":8},"end":{"line":99,"column":58}},"66":{"start":{"line":102,"column":19},"end":{"line":102,"column":31}},"67":{"start":{"line":103,"column":8},"end":{"line":109,"column":10}},"68":{"start":{"line":104,"column":12},"end":{"line":105,"column":23}},"69":{"start":{"line":105,"column":16},"end":{"line":105,"column":23}},"70":{"start":{"line":106,"column":26},"end":{"line":106,"column":30}},"71":{"start":{"line":107,"column":12},"end":{"line":107,"column":42}},"72":{"start":{"line":108,"column":12},"end":{"line":108,"column":25}},"73":{"start":{"line":112,"column":25},"end":{"line":112,"column":41}},"74":{"start":{"line":113,"column":8},"end":{"line":119,"column":10}},"75":{"start":{"line":115,"column":30},"end":{"line":115,"column":40}},"76":{"start":{"line":116,"column":28},"end":{"line":116,"column":51}},"77":{"start":{"line":117,"column":16},"end":{"line":117,"column":27}},"78":{"start":{"line":122,"column":8},"end":{"line":122,"column":60}},"79":{"start":{"line":122,"column":42},"end":{"line":122,"column":57}},"80":{"start":{"line":125,"column":8},"end":{"line":125,"column":117}},"81":{"start":{"line":125,"column":81},"end":{"line":125,"column":114}},"82":{"start":{"line":128,"column":0},"end":{"line":128,"column":24}}},"fnMap":{"0":{"name":"(anonymous_0)","decl":{"start":{"line":8,"column":4},"end":{"line":8,"column":5}},"loc":{"start":{"line":8,"column":22},"end":{"line":15,"column":5}},"line":8},"1":{"name":"(anonymous_1)","decl":{"start":{"line":18,"column":26},"end":{"line":18,"column":27}},"loc":{"start":{"line":18,"column":37},"end":{"line":18,"column":65}},"line":18},"2":{"name":"(anonymous_2)","decl":{"start":{"line":20,"column":4},"end":{"line":20,"column":5}},"loc":{"start":{"line":20,"column":28},"end":{"line":25,"column":5}},"line":20},"3":{"name":"(anonymous_3)","decl":{"start":{"line":26,"column":4},"end":{"line":26,"column":5}},"loc":{"start":{"line":26,"column":17},"end":{"line":31,"column":5}},"line":26},"4":{"name":"(anonymous_4)","decl":{"start":{"line":32,"column":4},"end":{"line":32,"column":5}},"loc":{"start":{"line":32,"column":14},"end":{"line":50,"column":5}},"line":32},"5":{"name":"(anonymous_5)","decl":{"start":{"line":51,"column":4},"end":{"line":51,"column":5}},"loc":{"start":{"line":51,"column":12},"end":{"line":61,"column":5}},"line":51},"6":{"name":"(anonymous_6)","decl":{"start":{"line":62,"column":4},"end":{"line":62,"column":5}},"loc":{"start":{"line":62,"column":11},"end":{"line":64,"column":5}},"line":62},"7":{"name":"(anonymous_7)","decl":{"start":{"line":65,"column":4},"end":{"line":65,"column":5}},"loc":{"start":{"line":65,"column":11},"end":{"line":72,"column":5}},"line":65},"8":{"name":"(anonymous_8)","decl":{"start":{"line":73,"column":4},"end":{"line":73,"column":5}},"loc":{"start":{"line":73,"column":12},"end":{"line":76,"column":5}},"line":73},"9":{"name":"(anonymous_9)","decl":{"start":{"line":77,"column":4},"end":{"line":77,"column":5}},"loc":{"start":{"line":77,"column":11},"end":{"line":79,"column":5}},"line":77},"10":{"name":"(anonymous_10)","decl":{"start":{"line":80,"column":4},"end":{"line":80,"column":5}},"loc":{"start":{"line":80,"column":11},"end":{"line":82,"column":5}},"line":80},"11":{"name":"(anonymous_11)","decl":{"start":{"line":83,"column":4},"end":{"line":83,"column":5}},"loc":{"start":{"line":83,"column":14},"end":{"line":85,"column":5}},"line":83},"12":{"name":"(anonymous_12)","decl":{"start":{"line":86,"column":4},"end":{"line":86,"column":5}},"loc":{"start":{"line":86,"column":22},"end":{"line":88,"column":5}},"line":86},"13":{"name":"(anonymous_13)","decl":{"start":{"line":89,"column":4},"end":{"line":89,"column":5}},"loc":{"start":{"line":89,"column":16},"end":{"line":96,"column":5}},"line":89},"14":{"name":"(anonymous_14)","decl":{"start":{"line":97,"column":4},"end":{"line":97,"column":5}},"loc":{"start":{"line":97,"column":12},"end":{"line":100,"column":5}},"line":97},"15":{"name":"(anonymous_15)","decl":{"start":{"line":101,"column":4},"end":{"line":101,"column":5}},"loc":{"start":{"line":101,"column":16},"end":{"line":110,"column":5}},"line":101},"16":{"name":"(anonymous_16)","decl":{"start":{"line":103,"column":15},"end":{"line":103,"column":16}},"loc":{"start":{"line":103,"column":21},"end":{"line":109,"column":9}},"line":103},"17":{"name":"(anonymous_17)","decl":{"start":{"line":111,"column":4},"end":{"line":111,"column":5}},"loc":{"start":{"line":111,"column":15},"end":{"line":120,"column":5}},"line":111},"18":{"name":"(anonymous_18)","decl":{"start":{"line":114,"column":18},"end":{"line":114,"column":19}},"loc":{"start":{"line":114,"column":24},"end":{"line":118,"column":13}},"line":114},"19":{"name":"(anonymous_19)","decl":{"start":{"line":121,"column":4},"end":{"line":121,"column":5}},"loc":{"start":{"line":121,"column":14},"end":{"line":123,"column":5}},"line":121},"20":{"name":"(anonymous_20)","decl":{"start":{"line":122,"column":36},"end":{"line":122,"column":37}},"loc":{"start":{"line":122,"column":42},"end":{"line":122,"column":57}},"line":122},"21":{"name":"(anonymous_21)","decl":{"start":{"line":124,"column":4},"end":{"line":124,"column":5}},"loc":{"start":{"line":124,"column":18},"end":{"line":126,"column":5}},"line":124},"22":{"name":"(anonymous_22)","decl":{"start":{"line":125,"column":72},"end":{"line":125,"column":73}},"loc":{"start":{"line":125,"column":81},"end":{"line":125,"column":114}},"line":125}},"branchMap":{"0":{"loc":{"start":{"line":18,"column":37},"end":{"line":18,"column":65}},"type":"cond-expr","locations":[{"start":{"line":18,"column":47},"end":{"line":18,"column":48}},{"start":{"line":18,"column":51},"end":{"line":18,"column":65}}],"line":18},"1":{"loc":{"start":{"line":18,"column":51},"end":{"line":18,"column":65}},"type":"cond-expr","locations":[{"start":{"line":18,"column":59},"end":{"line":18,"column":61}},{"start":{"line":18,"column":64},"end":{"line":18,"column":65}}],"line":18},"2":{"loc":{"start":{"line":24,"column":26},"end":{"line":24,"column":57}},"type":"binary-expr","locations":[{"start":{"line":24,"column":26},"end":{"line":24,"column":36}},{"start":{"line":24,"column":40},"end":{"line":24,"column":57}}],"line":24},"3":{"loc":{"start":{"line":34,"column":8},"end":{"line":35,"column":37}},"type":"if","locations":[{"start":{"line":34,"column":8},"end":{"line":35,"column":37}},{"start":{},"end":{}}],"line":34},"4":{"loc":{"start":{"line":42,"column":12},"end":{"line":43,"column":42}},"type":"if","locations":[{"start":{"line":42,"column":12},"end":{"line":43,"column":42}},{"start":{},"end":{}}],"line":42},"5":{"loc":{"start":{"line":44,"column":25},"end":{"line":44,"column":50}},"type":"cond-expr","locations":[{"start":{"line":44,"column":35},"end":{"line":44,"column":41}},{"start":{"line":44,"column":44},"end":{"line":44,"column":50}}],"line":44},"6":{"loc":{"start":{"line":47,"column":12},"end":{"line":47,"column":106}},"type":"cond-expr","locations":[{"start":{"line":47,"column":22},"end":{"line":47,"column":62}},{"start":{"line":47,"column":65},"end":{"line":47,"column":106}}],"line":47},"7":{"loc":{"start":{"line":56,"column":12},"end":{"line":57,"column":28}},"type":"if","locations":[{"start":{"line":56,"column":12},"end":{"line":57,"column":28}},{"start":{},"end":{}}],"line":56},"8":{"loc":{"start":{"line":58,"column":19},"end":{"line":58,"column":44}},"type":"cond-expr","locations":[{"start":{"line":58,"column":29},"end":{"line":58,"column":35}},{"start":{"line":58,"column":38},"end":{"line":58,"column":44}}],"line":58},"9":{"loc":{"start":{"line":67,"column":8},"end":{"line":68,"column":25}},"type":"if","locations":[{"start":{"line":67,"column":8},"end":{"line":68,"column":25}},{"start":{},"end":{}}],"line":67},"10":{"loc":{"start":{"line":87,"column":15},"end":{"line":87,"column":86}},"type":"binary-expr","locations":[{"start":{"line":87,"column":15},"end":{"line":87,"column":73}},{"start":{"line":87,"column":77},"end":{"line":87,"column":86}}],"line":87},"11":{"loc":{"start":{"line":91,"column":8},"end":{"line":92,"column":19}},"type":"if","locations":[{"start":{"line":91,"column":8},"end":{"line":92,"column":19}},{"start":{},"end":{}}],"line":91},"12":{"loc":{"start":{"line":99,"column":15},"end":{"line":99,"column":57}},"type":"cond-expr","locations":[{"start":{"line":99,"column":22},"end":{"line":99,"column":45}},{"start":{"line":99,"column":48},"end":{"line":99,"column":57}}],"line":99},"13":{"loc":{"start":{"line":104,"column":12},"end":{"line":105,"column":23}},"type":"if","locations":[{"start":{"line":104,"column":12},"end":{"line":105,"column":23}},{"start":{},"end":{}}],"line":104}},"s":{"0":1,"1":1,"2":1,"3":1,"4":1,"5":17,"6":17,"7":17,"8":17,"9":17,"10":17,"11":1,"12":1,"13":24,"14":8,"15":8,"16":8,"17":8,"18":5,"19":5,"20":5,"21":5,"22":18,"23":18,"24":5,"25":13,"26":13,"27":13,"28":13,"29":13,"30":21,"31":21,"32":21,"33":1,"34":12,"35":12,"36":12,"37":12,"38":1,"39":1,"40":1,"41":3,"42":3,"43":1,"44":2,"45":0,"46":1,"47":0,"48":0,"49":0,"50":0,"51":0,"52":0,"53":0,"54":0,"55":0,"56":0,"57":0,"58":0,"59":1,"60":1,"61":0,"62":1,"63":5,"64":8,"65":8,"66":5,"67":5,"68":14,"69":5,"70":9,"71":9,"72":9,"73":3,"74":3,"75":9,"76":9,"77":9,"78":1,"79":1,"80":0,"81":0,"82":1},"f":{"0":17,"1":24,"2":8,"3":5,"4":18,"5":1,"6":1,"7":0,"8":0,"9":0,"10":0,"11":0,"12":0,"13":1,"14":8,"15":5,"16":14,"17":3,"18":9,"19":1,"20":1,"21":0,"22":0},"b":{"0":[2,22],"1":[0,22],"2":[8,8],"3":[5,13],"4":[1,20],"5":[0,20],"6":[0,12],"7":[1,2],"8":[0,2],"9":[0,0],"10":[0,0],"11":[0,1],"12":[5,3],"13":[5,9]},"_coverageSchema":"1a1c01bbd47fc00a2c39e90264f33305004495a9","hash":"872a8efc196f9ea7017059df899e64a417db454f"}
,"/home/runner/work/sonic-forest/sonic-forest/src/avl/AvlSet.ts": {"path":"/home/runner/work/sonic-forest/sonic-forest/src/avl/AvlSet.ts","statementMap":{"0":{"start":{"line":2,"column":0},"end":{"line":2,"column":62}},"1":{"start":{"line":3,"column":0},"end":{"line":3,"column":45}},"2":{"start":{"line":4,"column":15},"end":{"line":4,"column":32}},"3":{"start":{"line":5,"column":20},"end":{"line":5,"column":49}},"4":{"start":{"line":6,"column":15},"end":{"line":6,"column":33}},"5":{"start":{"line":9,"column":8},"end":{"line":9,"column":19}},"6":{"start":{"line":10,"column":8},"end":{"line":10,"column":27}},"7":{"start":{"line":11,"column":8},"end":{"line":11,"column":27}},"8":{"start":{"line":12,"column":8},"end":{"line":12,"column":27}},"9":{"start":{"line":13,"column":8},"end":{"line":13,"column":20}},"10":{"start":{"line":14,"column":8},"end":{"line":14,"column":27}},"11":{"start":{"line":17,"column":0},"end":{"line":17,"column":32}},"12":{"start":{"line":18,"column":26},"end":{"line":18,"column":66}},"13":{"start":{"line":18,"column":37},"end":{"line":18,"column":65}},"14":{"start":{"line":21,"column":8},"end":{"line":21,"column":30}},"15":{"start":{"line":22,"column":8},"end":{"line":22,"column":32}},"16":{"start":{"line":23,"column":8},"end":{"line":23,"column":58}},"17":{"start":{"line":26,"column":21},"end":{"line":26,"column":42}},"18":{"start":{"line":27,"column":8},"end":{"line":27,"column":73}},"19":{"start":{"line":28,"column":8},"end":{"line":28,"column":20}},"20":{"start":{"line":31,"column":21},"end":{"line":31,"column":30}},"21":{"start":{"line":32,"column":8},"end":{"line":33,"column":38}},"22":{"start":{"line":33,"column":12},"end":{"line":33,"column":38}},"23":{"start":{"line":34,"column":27},"end":{"line":34,"column":42}},"24":{"start":{"line":35,"column":19},"end":{"line":35,"column":23}},"25":{"start":{"line":35,"column":32},"end":{"line":35,"column":36}},"26":{"start":{"line":36,"column":18},"end":{"line":36,"column":19}},"27":{"start":{"line":37,"column":8},"end":{"line":42,"column":53}},"28":{"start":{"line":38,"column":12},"end":{"line":38,"column":24}},"29":{"start":{"line":39,"column":12},"end":{"line":39,"column":44}},"30":{"start":{"line":40,"column":12},"end":{"line":41,"column":28}},"31":{"start":{"line":41,"column":16},"end":{"line":41,"column":28}},"32":{"start":{"line":43,"column":21},"end":{"line":43,"column":42}},"33":{"start":{"line":44,"column":8},"end":{"line":45,"column":107}},"34":{"start":{"line":46,"column":8},"end":{"line":46,"column":20}},"35":{"start":{"line":49,"column":27},"end":{"line":49,"column":42}},"36":{"start":{"line":50,"column":19},"end":{"line":50,"column":28}},"37":{"start":{"line":51,"column":8},"end":{"line":56,"column":9}},"38":{"start":{"line":52,"column":24},"end":{"line":52,"column":45}},"39":{"start":{"line":53,"column":12},"end":{"line":54,"column":28}},"40":{"start":{"line":54,"column":16},"end":{"line":54,"column":28}},"41":{"start":{"line":55,"column":12},"end":{"line":55,"column":45}},"42":{"start":{"line":57,"column":8},"end":{"line":57,"column":25}},"43":{"start":{"line":60,"column":21},"end":{"line":60,"column":33}},"44":{"start":{"line":61,"column":8},"end":{"line":62,"column":19}},"45":{"start":{"line":62,"column":12},"end":{"line":62,"column":19}},"46":{"start":{"line":63,"column":8},"end":{"line":63,"column":56}},"47":{"start":{"line":66,"column":8},"end":{"line":66,"column":30}},"48":{"start":{"line":69,"column":8},"end":{"line":69,"column":30}},"49":{"start":{"line":72,"column":21},"end":{"line":72,"column":30}},"50":{"start":{"line":73,"column":8},"end":{"line":74,"column":21}},"51":{"start":{"line":74,"column":12},"end":{"line":74,"column":21}},"52":{"start":{"line":75,"column":19},"end":{"line":75,"column":42}},"53":{"start":{"line":76,"column":19},"end":{"line":76,"column":20}},"54":{"start":{"line":77,"column":8},"end":{"line":78,"column":19}},"55":{"start":{"line":78,"column":12},"end":{"line":78,"column":19}},"56":{"start":{"line":79,"column":8},"end":{"line":79,"column":20}},"57":{"start":{"line":82,"column":8},"end":{"line":82,"column":26}},"58":{"start":{"line":85,"column":8},"end":{"line":85,"column":87}},"59":{"start":{"line":88,"column":19},"end":{"line":88,"column":31}},"60":{"start":{"line":89,"column":8},"end":{"line":90,"column":19}},"61":{"start":{"line":90,"column":12},"end":{"line":90,"column":19}},"62":{"start":{"line":91,"column":8},"end":{"line":93,"column":48}},"63":{"start":{"line":92,"column":12},"end":{"line":92,"column":21}},"64":{"start":{"line":96,"column":21},"end":{"line":96,"column":30}},"65":{"start":{"line":97,"column":8},"end":{"line":97,"column":58}},"66":{"start":{"line":100,"column":19},"end":{"line":100,"column":31}},"67":{"start":{"line":101,"column":8},"end":{"line":107,"column":10}},"68":{"start":{"line":102,"column":12},"end":{"line":103,"column":33}},"69":{"start":{"line":103,"column":16},"end":{"line":103,"column":33}},"70":{"start":{"line":104,"column":26},"end":{"line":104,"column":30}},"71":{"start":{"line":105,"column":12},"end":{"line":105,"column":42}},"72":{"start":{"line":106,"column":12},"end":{"line":106,"column":25}},"73":{"start":{"line":110,"column":25},"end":{"line":110,"column":41}},"74":{"start":{"line":111,"column":8},"end":{"line":117,"column":10}},"75":{"start":{"line":113,"column":30},"end":{"line":113,"column":40}},"76":{"start":{"line":114,"column":28},"end":{"line":114,"column":51}},"77":{"start":{"line":115,"column":16},"end":{"line":115,"column":27}},"78":{"start":{"line":120,"column":8},"end":{"line":120,"column":60}},"79":{"start":{"line":120,"column":42},"end":{"line":120,"column":57}},"80":{"start":{"line":123,"column":8},"end":{"line":123,"column":117}},"81":{"start":{"line":123,"column":81},"end":{"line":123,"column":114}},"82":{"start":{"line":126,"column":0},"end":{"line":126,"column":24}}},"fnMap":{"0":{"name":"(anonymous_0)","decl":{"start":{"line":8,"column":4},"end":{"line":8,"column":5}},"loc":{"start":{"line":8,"column":19},"end":{"line":15,"column":5}},"line":8},"1":{"name":"(anonymous_1)","decl":{"start":{"line":18,"column":26},"end":{"line":18,"column":27}},"loc":{"start":{"line":18,"column":37},"end":{"line":18,"column":65}},"line":18},"2":{"name":"(anonymous_2)","decl":{"start":{"line":20,"column":4},"end":{"line":20,"column":5}},"loc":{"start":{"line":20,"column":28},"end":{"line":24,"column":5}},"line":20},"3":{"name":"(anonymous_3)","decl":{"start":{"line":25,"column":4},"end":{"line":25,"column":5}},"loc":{"start":{"line":25,"column":18},"end":{"line":29,"column":5}},"line":25},"4":{"name":"(anonymous_4)","decl":{"start":{"line":30,"column":4},"end":{"line":30,"column":5}},"loc":{"start":{"line":30,"column":15},"end":{"line":47,"column":5}},"line":30},"5":{"name":"(anonymous_5)","decl":{"start":{"line":48,"column":4},"end":{"line":48,"column":5}},"loc":{"start":{"line":48,"column":12},"end":{"line":58,"column":5}},"line":48},"6":{"name":"(anonymous_6)","decl":{"start":{"line":59,"column":4},"end":{"line":59,"column":5}},"loc":{"start":{"line":59,"column":11},"end":{"line":64,"column":5}},"line":59},"7":{"name":"(anonymous_7)","decl":{"start":{"line":65,"column":4},"end":{"line":65,"column":5}},"loc":{"start":{"line":65,"column":12},"end":{"line":67,"column":5}},"line":65},"8":{"name":"(anonymous_8)","decl":{"start":{"line":68,"column":4},"end":{"line":68,"column":5}},"loc":{"start":{"line":68,"column":11},"end":{"line":70,"column":5}},"line":68},"9":{"name":"(anonymous_9)","decl":{"start":{"line":71,"column":4},"end":{"line":71,"column":5}},"loc":{"start":{"line":71,"column":11},"end":{"line":80,"column":5}},"line":71},"10":{"name":"(anonymous_10)","decl":{"start":{"line":81,"column":4},"end":{"line":81,"column":5}},"loc":{"start":{"line":81,"column":14},"end":{"line":83,"column":5}},"line":81},"11":{"name":"(anonymous_11)","decl":{"start":{"line":84,"column":4},"end":{"line":84,"column":5}},"loc":{"start":{"line":84,"column":22},"end":{"line":86,"column":5}},"line":84},"12":{"name":"(anonymous_12)","decl":{"start":{"line":87,"column":4},"end":{"line":87,"column":5}},"loc":{"start":{"line":87,"column":16},"end":{"line":94,"column":5}},"line":87},"13":{"name":"(anonymous_13)","decl":{"start":{"line":95,"column":4},"end":{"line":95,"column":5}},"loc":{"start":{"line":95,"column":12},"end":{"line":98,"column":5}},"line":95},"14":{"name":"(anonymous_14)","decl":{"start":{"line":99,"column":4},"end":{"line":99,"column":5}},"loc":{"start":{"line":99,"column":16},"end":{"line":108,"column":5}},"line":99},"15":{"name":"(anonymous_15)","decl":{"start":{"line":101,"column":15},"end":{"line":101,"column":16}},"loc":{"start":{"line":101,"column":21},"end":{"line":107,"column":9}},"line":101},"16":{"name":"(anonymous_16)","decl":{"start":{"line":109,"column":4},"end":{"line":109,"column":5}},"loc":{"start":{"line":109,"column":15},"end":{"line":118,"column":5}},"line":109},"17":{"name":"(anonymous_17)","decl":{"start":{"line":112,"column":18},"end":{"line":112,"column":19}},"loc":{"start":{"line":112,"column":24},"end":{"line":116,"column":13}},"line":112},"18":{"name":"(anonymous_18)","decl":{"start":{"line":119,"column":4},"end":{"line":119,"column":5}},"loc":{"start":{"line":119,"column":14},"end":{"line":121,"column":5}},"line":119},"19":{"name":"(anonymous_19)","decl":{"start":{"line":120,"column":36},"end":{"line":120,"column":37}},"loc":{"start":{"line":120,"column":42},"end":{"line":120,"column":57}},"line":120},"20":{"name":"(anonymous_20)","decl":{"start":{"line":122,"column":4},"end":{"line":122,"column":5}},"loc":{"start":{"line":122,"column":18},"end":{"line":124,"column":5}},"line":122},"21":{"name":"(anonymous_21)","decl":{"start":{"line":123,"column":72},"end":{"line":123,"column":73}},"loc":{"start":{"line":123,"column":81},"end":{"line":123,"column":114}},"line":123}},"branchMap":{"0":{"loc":{"start":{"line":18,"column":37},"end":{"line":18,"column":65}},"type":"cond-expr","locations":[{"start":{"line":18,"column":47},"end":{"line":18,"column":48}},{"start":{"line":18,"column":51},"end":{"line":18,"column":65}}],"line":18},"1":{"loc":{"start":{"line":18,"column":51},"end":{"line":18,"column":65}},"type":"cond-expr","locations":[{"start":{"line":18,"column":59},"end":{"line":18,"column":61}},{"start":{"line":18,"column":64},"end":{"line":18,"column":65}}],"line":18},"2":{"loc":{"start":{"line":23,"column":26},"end":{"line":23,"column":57}},"type":"binary-expr","locations":[{"start":{"line":23,"column":26},"end":{"line":23,"column":36}},{"start":{"line":23,"column":40},"end":{"line":23,"column":57}}],"line":23},"3":{"loc":{"start":{"line":32,"column":8},"end":{"line":33,"column":38}},"type":"if","locations":[{"start":{"line":32,"column":8},"end":{"line":33,"column":38}},{"start":{},"end":{}}],"line":32},"4":{"loc":{"start":{"line":40,"column":12},"end":{"line":41,"column":28}},"type":"if","locations":[{"start":{"line":40,"column":12},"end":{"line":41,"column":28}},{"start":{},"end":{}}],"line":40},"5":{"loc":{"start":{"line":42,"column":25},"end":{"line":42,"column":50}},"type":"cond-expr","locations":[{"start":{"line":42,"column":35},"end":{"line":42,"column":41}},{"start":{"line":42,"column":44},"end":{"line":42,"column":50}}],"line":42},"6":{"loc":{"start":{"line":45,"column":12},"end":{"line":45,"column":106}},"type":"cond-expr","locations":[{"start":{"line":45,"column":22},"end":{"line":45,"column":62}},{"start":{"line":45,"column":65},"end":{"line":45,"column":106}}],"line":45},"7":{"loc":{"start":{"line":53,"column":12},"end":{"line":54,"column":28}},"type":"if","locations":[{"start":{"line":53,"column":12},"end":{"line":54,"column":28}},{"start":{},"end":{}}],"line":53},"8":{"loc":{"start":{"line":55,"column":19},"end":{"line":55,"column":44}},"type":"cond-expr","locations":[{"start":{"line":55,"column":29},"end":{"line":55,"column":35}},{"start":{"line":55,"column":38},"end":{"line":55,"column":44}}],"line":55},"9":{"loc":{"start":{"line":61,"column":8},"end":{"line":62,"column":19}},"type":"if","locations":[{"start":{"line":61,"column":8},"end":{"line":62,"column":19}},{"start":{},"end":{}}],"line":61},"10":{"loc":{"start":{"line":73,"column":8},"end":{"line":74,"column":21}},"type":"if","locations":[{"start":{"line":73,"column":8},"end":{"line":74,"column":21}},{"start":{},"end":{}}],"line":73},"11":{"loc":{"start":{"line":85,"column":15},"end":{"line":85,"column":86}},"type":"binary-expr","locations":[{"start":{"line":85,"column":15},"end":{"line":85,"column":73}},{"start":{"line":85,"column":77},"end":{"line":85,"column":86}}],"line":85},"12":{"loc":{"start":{"line":89,"column":8},"end":{"line":90,"column":19}},"type":"if","locations":[{"start":{"line":89,"column":8},"end":{"line":90,"column":19}},{"start":{},"end":{}}],"line":89},"13":{"loc":{"start":{"line":97,"column":15},"end":{"line":97,"column":57}},"type":"cond-expr","locations":[{"start":{"line":97,"column":22},"end":{"line":97,"column":45}},{"start":{"line":97,"column":48},"end":{"line":97,"column":57}}],"line":97},"14":{"loc":{"start":{"line":102,"column":12},"end":{"line":103,"column":33}},"type":"if","locations":[{"start":{"line":102,"column":12},"end":{"line":103,"column":33}},{"start":{},"end":{}}],"line":102}},"s":{"0":1,"1":1,"2":1,"3":1,"4":1,"5":22,"6":22,"7":22,"8":22,"9":22,"10":22,"11":1,"12":1,"13":42,"14":10,"15":10,"16":10,"17":7,"18":7,"19":7,"20":23,"21":23,"22":7,"23":16,"24":16,"25":16,"26":16,"27":16,"28":24,"29":24,"30":24,"31":1,"32":15,"33":15,"34":15,"35":25,"36":25,"37":25,"38":28,"39":28,"40":16,"41":12,"42":9,"43":4,"44":4,"45":0,"46":4,"47":0,"48":21,"49":8,"50":8,"51":2,"52":6,"53":6,"54":6,"55":5,"56":6,"57":0,"58":0,"59":0,"60":0,"61":0,"62":0,"63":0,"64":7,"65":7,"66":5,"67":5,"68":14,"69":5,"70":9,"71":9,"72":9,"73":3,"74":3,"75":9,"76":9,"77":9,"78":1,"79":1,"80":0,"81":0,"82":1},"f":{"0":22,"1":42,"2":10,"3":7,"4":23,"5":25,"6":4,"7":0,"8":21,"9":8,"10":0,"11":0,"12":0,"13":7,"14":5,"15":14,"16":3,"17":9,"18":1,"19":1,"20":0,"21":0},"b":{"0":[13,29],"1":[5,24],"2":[10,9],"3":[7,16],"4":[1,23],"5":[0,23],"6":[0,15],"7":[16,12],"8":[6,6],"9":[0,4],"10":[2,6],"11":[0,0],"12":[0,0],"13":[4,3],"14":[5,9]},"_coverageSchema":"1a1c01bbd47fc00a2c39e90264f33305004495a9","hash":"ed2cb8a0fda241817244658356e0747ab71c9057"}
,"/home/runner/work/sonic-forest/sonic-forest/src/avl/util.ts": {"path":"/home/runner/work/sonic-forest/sonic-forest/src/avl/util.ts","statementMap":{"0":{"start":{"line":2,"column":0},"end":{"line":2,"column":62}},"1":{"start":{"line":3,"column":0},"end":{"line":3,"column":100}},"2":{"start":{"line":4,"column":22},"end":{"line":4,"column":53}},"3":{"start":{"line":5,"column":18},"end":{"line":5,"column":32}},"4":{"start":{"line":6,"column":29},"end":{"line":38,"column":1}},"5":{"start":{"line":7,"column":14},"end":{"line":7,"column":20}},"6":{"start":{"line":8,"column":4},"end":{"line":9,"column":20}},"7":{"start":{"line":9,"column":8},"end":{"line":9,"column":20}},"8":{"start":{"line":10,"column":19},"end":{"line":10,"column":31}},"9":{"start":{"line":11,"column":13},"end":{"line":11,"column":21}},"10":{"start":{"line":12,"column":4},"end":{"line":15,"column":20}},"11":{"start":{"line":13,"column":8},"end":{"line":13,"column":20}},"12":{"start":{"line":15,"column":8},"end":{"line":15,"column":20}},"13":{"start":{"line":16,"column":4},"end":{"line":37,"column":5}},"14":{"start":{"line":18,"column":12},"end":{"line":18,"column":24}},"15":{"start":{"line":21,"column":12},"end":{"line":21,"column":55}},"16":{"start":{"line":23,"column":32},"end":{"line":23,"column":48}},"17":{"start":{"line":24,"column":12},"end":{"line":35,"column":13}},"18":{"start":{"line":25,"column":16},"end":{"line":28,"column":76}},"19":{"start":{"line":26,"column":20},"end":{"line":26,"column":67}},"20":{"start":{"line":28,"column":20},"end":{"line":28,"column":76}},"21":{"start":{"line":31,"column":16},"end":{"line":34,"column":67}},"22":{"start":{"line":32,"column":20},"end":{"line":32,"column":76}},"23":{"start":{"line":34,"column":20},"end":{"line":34,"column":67}},"24":{"start":{"line":39,"column":17},"end":{"line":54,"column":1}},"25":{"start":{"line":40,"column":14},"end":{"line":40,"column":17}},"26":{"start":{"line":41,"column":16},"end":{"line":41,"column":20}},"27":{"start":{"line":42,"column":4},"end":{"line":42,"column":13}},"28":{"start":{"line":43,"column":4},"end":{"line":43,"column":13}},"29":{"start":{"line":44,"column":4},"end":{"line":44,"column":13}},"30":{"start":{"line":45,"column":4},"end":{"line":45,"column":14}},"31":{"start":{"line":46,"column":4},"end":{"line":46,"column":23}},"32":{"start":{"line":47,"column":4},"end":{"line":47,"column":47}},"33":{"start":{"line":48,"column":14},"end":{"line":48,"column":18}},"34":{"start":{"line":49,"column":15},"end":{"line":49,"column":20}},"35":{"start":{"line":50,"column":4},"end":{"line":50,"column":38}},"36":{"start":{"line":51,"column":4},"end":{"line":51,"column":37}},"37":{"start":{"line":52,"column":4},"end":{"line":52,"column":15}},"38":{"start":{"line":53,"column":4},"end":{"line":53,"column":17}},"39":{"start":{"line":55,"column":17},"end":{"line":70,"column":1}},"40":{"start":{"line":56,"column":14},"end":{"line":56,"column":17}},"41":{"start":{"line":57,"column":16},"end":{"line":57,"column":20}},"42":{"start":{"line":58,"column":4},"end":{"line":58,"column":13}},"43":{"start":{"line":59,"column":4},"end":{"line":59,"column":13}},"44":{"start":{"line":60,"column":4},"end":{"line":60,"column":13}},"45":{"start":{"line":61,"column":4},"end":{"line":61,"column":14}},"46":{"start":{"line":62,"column":4},"end":{"line":62,"column":23}},"47":{"start":{"line":63,"column":4},"end":{"line":63,"column":47}},"48":{"start":{"line":64,"column":14},"end":{"line":64,"column":18}},"49":{"start":{"line":65,"column":15},"end":{"line":65,"column":20}},"50":{"start":{"line":66,"column":4},"end":{"line":66,"column":37}},"51":{"start":{"line":67,"column":4},"end":{"line":67,"column":36}},"52":{"start":{"line":68,"column":4},"end":{"line":68,"column":15}},"53":{"start":{"line":69,"column":4},"end":{"line":69,"column":17}},"54":{"start":{"line":71,"column":17},"end":{"line":74,"column":1}},"55":{"start":{"line":72,"column":4},"end":{"line":72,"column":22}},"56":{"start":{"line":73,"column":4},"end":{"line":73,"column":21}},"57":{"start":{"line":75,"column":17},"end":{"line":78,"column":1}},"58":{"start":{"line":76,"column":4},"end":{"line":76,"column":22}},"59":{"start":{"line":77,"column":4},"end":{"line":77,"column":21}},"60":{"start":{"line":79,"column":20},"end":{"line":84,"column":1}},"61":{"start":{"line":80,"column":4},"end":{"line":80,"column":12}},"62":{"start":{"line":81,"column":4},"end":{"line":81,"column":12}},"63":{"start":{"line":82,"column":4},"end":{"line":82,"column":11}},"64":{"start":{"line":83,"column":4},"end":{"line":83,"column":57}},"65":{"start":{"line":85,"column":0},"end":{"line":85,"column":34}},"66":{"start":{"line":86,"column":19},"end":{"line":91,"column":1}},"67":{"start":{"line":87,"column":4},"end":{"line":87,"column":12}},"68":{"start":{"line":88,"column":4},"end":{"line":88,"column":12}},"69":{"start":{"line":89,"column":4},"end":{"line":89,"column":11}},"70":{"start":{"line":90,"column":4},"end":{"line":90,"column":57}},"71":{"start":{"line":92,"column":0},"end":{"line":92,"column":32}},"72":{"start":{"line":93,"column":15},"end":{"line":103,"column":1}},"73":{"start":{"line":94,"column":4},"end":{"line":95,"column":20}},"74":{"start":{"line":95,"column":8},"end":{"line":95,"column":20}},"75":{"start":{"line":96,"column":16},"end":{"line":96,"column":22}},"76":{"start":{"line":97,"column":15},"end":{"line":97,"column":19}},"77":{"start":{"line":98,"column":15},"end":{"line":98,"column":24}},"78":{"start":{"line":99,"column":14},"end":{"line":99,"column":15}},"79":{"start":{"line":100,"column":4},"end":{"line":101,"column":20}},"80":{"start":{"line":101,"column":8},"end":{"line":101,"column":20}},"81":{"start":{"line":102,"column":4},"end":{"line":102,"column":110}},"82":{"start":{"line":104,"column":0},"end":{"line":104,"column":24}},"83":{"start":{"line":105,"column":15},"end":{"line":153,"column":1}},"84":{"start":{"line":106,"column":4},"end":{"line":107,"column":17}},"85":{"start":{"line":107,"column":8},"end":{"line":107,"column":17}},"86":{"start":{"line":108,"column":14},"end":{"line":108,"column":17}},"87":{"start":{"line":109,"column":14},"end":{"line":109,"column":17}},"88":{"start":{"line":110,"column":14},"end":{"line":110,"column":17}},"89":{"start":{"line":111,"column":4},"end":{"line":111,"column":32}},"90":{"start":{"line":112,"column":4},"end":{"line":147,"column":5}},"91":{"start":{"line":113,"column":19},"end":{"line":113,"column":22}},"92":{"start":{"line":114,"column":8},"end":{"line":146,"column":9}},"93":{"start":{"line":115,"column":12},"end":{"line":115,"column":53}},"94":{"start":{"line":116,"column":12},"end":{"line":116,"column":20}},"95":{"start":{"line":117,"column":12},"end":{"line":117,"column":20}},"96":{"start":{"line":118,"column":12},"end":{"line":118,"column":20}},"97":{"start":{"line":119,"column":24},"end":{"line":119,"column":28}},"98":{"start":{"line":120,"column":12},"end":{"line":121,"column":60}},"99":{"start":{"line":121,"column":16},"end":{"line":121,"column":60}},"100":{"start":{"line":122,"column":24},"end":{"line":122,"column":31}},"101":{"start":{"line":123,"column":12},"end":{"line":123,"column":23}},"102":{"start":{"line":124,"column":12},"end":{"line":125,"column":25}},"103":{"start":{"line":125,"column":16},"end":{"line":125,"column":25}},"104":{"start":{"line":126,"column":23},"end":{"line":126,"column":26}},"105":{"start":{"line":127,"column":12},"end":{"line":127,"column":77}},"106":{"start":{"line":130,"column":20},"end":{"line":130,"column":21}},"107":{"start":{"line":131,"column":22},"end":{"line":131,"column":23}},"108":{"start":{"line":132,"column":12},"end":{"line":133,"column":24}},"109":{"start":{"line":133,"column":16},"end":{"line":133,"column":24}},"110":{"start":{"line":134,"column":23},"end":{"line":134,"column":26}},"111":{"start":{"line":135,"column":23},"end":{"line":135,"column":26}},"112":{"start":{"line":136,"column":23},"end":{"line":136,"column":25}},"113":{"start":{"line":137,"column":12},"end":{"line":137,"column":53}},"114":{"start":{"line":138,"column":12},"end":{"line":138,"column":20}},"115":{"start":{"line":139,"column":12},"end":{"line":139,"column":20}},"116":{"start":{"line":140,"column":12},"end":{"line":140,"column":24}},"117":{"start":{"line":141,"column":12},"end":{"line":141,"column":46}},"118":{"start":{"line":142,"column":12},"end":{"line":142,"column":20}},"119":{"start":{"line":143,"column":12},"end":{"line":143,"column":59}},"120":{"start":{"line":144,"column":12},"end":{"line":144,"column":30}},"121":{"start":{"line":145,"column":12},"end":{"line":145,"column":51}},"122":{"start":{"line":148,"column":15},"end":{"line":148,"column":21}},"123":{"start":{"line":149,"column":4},"end":{"line":149,"column":19}},"124":{"start":{"line":150,"column":4},"end":{"line":151,"column":17}},"125":{"start":{"line":151,"column":8},"end":{"line":151,"column":17}},"126":{"start":{"line":152,"column":4},"end":{"line":152,"column":97}},"127":{"start":{"line":154,"column":0},"end":{"line":154,"column":24}},"128":{"start":{"line":155,"column":19},"end":{"line":180,"column":1}},"129":{"start":{"line":156,"column":13},"end":{"line":156,"column":21}},"130":{"start":{"line":157,"column":4},"end":{"line":157,"column":12}},"131":{"start":{"line":158,"column":4},"end":{"line":158,"column":14}},"132":{"start":{"line":159,"column":16},"end":{"line":159,"column":17}},"133":{"start":{"line":160,"column":4},"end":{"line":161,"column":20}},"134":{"start":{"line":161,"column":8},"end":{"line":161,"column":20}},"135":{"start":{"line":162,"column":4},"end":{"line":175,"column":5}},"136":{"start":{"line":163,"column":18},"end":{"line":163,"column":21}},"137":{"start":{"line":164,"column":8},"end":{"line":174,"column":9}},"138":{"start":{"line":165,"column":12},"end":{"line":166,"column":26}},"139":{"start":{"line":166,"column":16},"end":{"line":166,"column":26}},"140":{"start":{"line":167,"column":12},"end":{"line":167,"column":27}},"141":{"start":{"line":168,"column":12},"end":{"line":168,"column":18}},"142":{"start":{"line":171,"column":23},"end":{"line":171,"column":26}},"143":{"start":{"line":172,"column":12},"end":{"line":172,"column":31}},"144":{"start":{"line":173,"column":12},"end":{"line":173,"column":19}},"145":{"start":{"line":176,"column":14},"end":{"line":176,"column":17}},"146":{"start":{"line":177,"column":4},"end":{"line":178,"column":17}},"147":{"start":{"line":178,"column":8},"end":{"line":178,"column":17}},"148":{"start":{"line":179,"column":4},"end":{"line":179,"column":79}},"149":{"start":{"line":181,"column":19},"end":{"line":206,"column":1}},"150":{"start":{"line":182,"column":13},"end":{"line":182,"column":21}},"151":{"start":{"line":183,"column":4},"end":{"line":183,"column":12}},"152":{"start":{"line":184,"column":4},"end":{"line":184,"column":14}},"153":{"start":{"line":185,"column":16},"end":{"line":185,"column":17}},"154":{"start":{"line":186,"column":4},"end":{"line":187,"column":20}},"155":{"start":{"line":187,"column":8},"end":{"line":187,"column":20}},"156":{"start":{"line":188,"column":4},"end":{"line":201,"column":5}},"157":{"start":{"line":189,"column":18},"end":{"line":189,"column":21}},"158":{"start":{"line":190,"column":8},"end":{"line":200,"column":9}},"159":{"start":{"line":191,"column":12},"end":{"line":192,"column":26}},"160":{"start":{"line":192,"column":16},"end":{"line":192,"column":26}},"161":{"start":{"line":193,"column":12},"end":{"line":193,"column":27}},"162":{"start":{"line":194,"column":12},"end":{"line":194,"column":18}},"163":{"start":{"line":197,"column":23},"end":{"line":197,"column":26}},"164":{"start":{"line":198,"column":12},"end":{"line":198,"column":31}},"165":{"start":{"line":199,"column":12},"end":{"line":199,"column":19}},"166":{"start":{"line":202,"column":14},"end":{"line":202,"column":17}},"167":{"start":{"line":203,"column":4},"end":{"line":204,"column":17}},"168":{"start":{"line":204,"column":8},"end":{"line":204,"column":17}},"169":{"start":{"line":205,"column":4},"end":{"line":205,"column":79}},"170":{"start":{"line":207,"column":14},"end":{"line":222,"column":1}},"171":{"start":{"line":208,"column":4},"end":{"line":209,"column":19}},"172":{"start":{"line":209,"column":8},"end":{"line":209,"column":19}},"173":{"start":{"line":210,"column":31},"end":{"line":210,"column":35}},"174":{"start":{"line":211,"column":23},"end":{"line":215,"column":26}},"175":{"start":{"line":216,"column":20},"end":{"line":216,"column":81}},"176":{"start":{"line":217,"column":24},"end":{"line":217,"column":44}},"177":{"start":{"line":218,"column":4},"end":{"line":221,"column":143}},"178":{"start":{"line":221,"column":58},"end":{"line":221,"column":84}},"179":{"start":{"line":221,"column":106},"end":{"line":221,"column":132}},"180":{"start":{"line":223,"column":0},"end":{"line":223,"column":22}}},"fnMap":{"0":{"name":"(anonymous_0)","decl":{"start":{"line":6,"column":29},"end":{"line":6,"column":30}},"loc":{"start":{"line":6,"column":52},"end":{"line":38,"column":1}},"line":6},"1":{"name":"(anonymous_1)","decl":{"start":{"line":39,"column":17},"end":{"line":39,"column":18}},"loc":{"start":{"line":39,"column":28},"end":{"line":54,"column":1}},"line":39},"2":{"name":"(anonymous_2)","decl":{"start":{"line":55,"column":17},"end":{"line":55,"column":18}},"loc":{"start":{"line":55,"column":28},"end":{"line":70,"column":1}},"line":55},"3":{"name":"(anonymous_3)","decl":{"start":{"line":71,"column":17},"end":{"line":71,"column":18}},"loc":{"start":{"line":71,"column":33},"end":{"line":74,"column":1}},"line":71},"4":{"name":"(anonymous_4)","decl":{"start":{"line":75,"column":17},"end":{"line":75,"column":18}},"loc":{"start":{"line":75,"column":33},"end":{"line":78,"column":1}},"line":75},"5":{"name":"(anonymous_5)","decl":{"start":{"line":79,"column":20},"end":{"line":79,"column":21}},"loc":{"start":{"line":79,"column":36},"end":{"line":84,"column":1}},"line":79},"6":{"name":"(anonymous_6)","decl":{"start":{"line":86,"column":19},"end":{"line":86,"column":20}},"loc":{"start":{"line":86,"column":35},"end":{"line":91,"column":1}},"line":86},"7":{"name":"(anonymous_7)","decl":{"start":{"line":93,"column":15},"end":{"line":93,"column":16}},"loc":{"start":{"line":93,"column":43},"end":{"line":103,"column":1}},"line":93},"8":{"name":"(anonymous_8)","decl":{"start":{"line":105,"column":15},"end":{"line":105,"column":16}},"loc":{"start":{"line":105,"column":28},"end":{"line":153,"column":1}},"line":105},"9":{"name":"(anonymous_9)","decl":{"start":{"line":155,"column":19},"end":{"line":155,"column":20}},"loc":{"start":{"line":155,"column":35},"end":{"line":180,"column":1}},"line":155},"10":{"name":"(anonymous_10)","decl":{"start":{"line":181,"column":19},"end":{"line":181,"column":20}},"loc":{"start":{"line":181,"column":35},"end":{"line":206,"column":1}},"line":181},"11":{"name":"(anonymous_11)","decl":{"start":{"line":207,"column":14},"end":{"line":207,"column":15}},"loc":{"start":{"line":207,"column":34},"end":{"line":222,"column":1}},"line":207},"12":{"name":"(anonymous_12)","decl":{"start":{"line":221,"column":49},"end":{"line":221,"column":50}},"loc":{"start":{"line":221,"column":58},"end":{"line":221,"column":84}},"line":221},"13":{"name":"(anonymous_13)","decl":{"start":{"line":221,"column":97},"end":{"line":221,"column":98}},"loc":{"start":{"line":221,"column":106},"end":{"line":221,"column":132}},"line":221}},"branchMap":{"0":{"loc":{"start":{"line":8,"column":4},"end":{"line":9,"column":20}},"type":"if","locations":[{"start":{"line":8,"column":4},"end":{"line":9,"column":20}},{"start":{},"end":{}}],"line":8},"1":{"loc":{"start":{"line":12,"column":4},"end":{"line":15,"column":20}},"type":"if","locations":[{"start":{"line":12,"column":4},"end":{"line":15,"column":20}},{"start":{"line":15,"column":8},"end":{"line":15,"column":20}}],"line":12},"2":{"loc":{"start":{"line":16,"column":4},"end":{"line":37,"column":5}},"type":"switch","locations":[{"start":{"line":17,"column":8},"end":{"line":18,"column":24}},{"start":{"line":19,"column":8},"end":{"line":19,"column":15}},{"start":{"line":20,"column":8},"end":{"line":21,"column":55}},{"start":{"line":22,"column":8},"end":{"line":36,"column":9}}],"line":16},"3":{"loc":{"start":{"line":24,"column":12},"end":{"line":35,"column":13}},"type":"if","locations":[{"start":{"line":24,"column":12},"end":{"line":35,"column":13}},{"start":{"line":30,"column":17},"end":{"line":35,"column":13}}],"line":24},"4":{"loc":{"start":{"line":25,"column":16},"end":{"line":28,"column":76}},"type":"if","locations":[{"start":{"line":25,"column":16},"end":{"line":28,"column":76}},{"start":{"line":28,"column":20},"end":{"line":28,"column":76}}],"line":25},"5":{"loc":{"start":{"line":26,"column":46},"end":{"line":26,"column":66}},"type":"cond-expr","locations":[{"start":{"line":26,"column":55},"end":{"line":26,"column":59}},{"start":{"line":26,"column":62},"end":{"line":26,"column":66}}],"line":26},"6":{"loc":{"start":{"line":28,"column":53},"end":{"line":28,"column":75}},"type":"cond-expr","locations":[{"start":{"line":28,"column":63},"end":{"line":28,"column":67}},{"start":{"line":28,"column":70},"end":{"line":28,"column":75}}],"line":28},"7":{"loc":{"start":{"line":31,"column":16},"end":{"line":34,"column":67}},"type":"if","locations":[{"start":{"line":31,"column":16},"end":{"line":34,"column":67}},{"start":{"line":34,"column":20},"end":{"line":34,"column":67}}],"line":31},"8":{"loc":{"start":{"line":32,"column":53},"end":{"line":32,"column":75}},"type":"cond-expr","locations":[{"start":{"line":32,"column":63},"end":{"line":32,"column":67}},{"start":{"line":32,"column":70},"end":{"line":32,"column":75}}],"line":32},"9":{"loc":{"start":{"line":34,"column":46},"end":{"line":34,"column":66}},"type":"cond-expr","locations":[{"start":{"line":34,"column":55},"end":{"line":34,"column":59}},{"start":{"line":34,"column":62},"end":{"line":34,"column":66}}],"line":34},"10":{"loc":{"start":{"line":46,"column":4},"end":{"line":46,"column":22}},"type":"binary-expr","locations":[{"start":{"line":46,"column":4},"end":{"line":46,"column":7}},{"start":{"line":46,"column":12},"end":{"line":46,"column":21}}],"line":46},"11":{"loc":{"start":{"line":47,"column":4},"end":{"line":47,"column":46}},"type":"binary-expr","locations":[{"start":{"line":47,"column":4},"end":{"line":47,"column":5}},{"start":{"line":47,"column":10},"end":{"line":47,"column":45}}],"line":47},"12":{"loc":{"start":{"line":47,"column":10},"end":{"line":47,"column":45}},"type":"cond-expr","locations":[{"start":{"line":47,"column":23},"end":{"line":47,"column":31}},{"start":{"line":47,"column":36},"end":{"line":47,"column":44}}],"line":47},"13":{"loc":{"start":{"line":50,"column":17},"end":{"line":50,"column":36}},"type":"cond-expr","locations":[{"start":{"line":50,"column":28},"end":{"line":50,"column":32}},{"start":{"line":50,"column":35},"end":{"line":50,"column":36}}],"line":50},"14":{"loc":{"start":{"line":51,"column":18},"end":{"line":51,"column":35}},"type":"cond-expr","locations":[{"start":{"line":51,"column":28},"end":{"line":51,"column":31}},{"start":{"line":51,"column":34},"end":{"line":51,"column":35}}],"line":51},"15":{"loc":{"start":{"line":62,"column":4},"end":{"line":62,"column":22}},"type":"binary-expr","locations":[{"start":{"line":62,"column":4},"end":{"line":62,"column":7}},{"start":{"line":62,"column":12},"end":{"line":62,"column":21}}],"line":62},"16":{"loc":{"start":{"line":63,"column":4},"end":{"line":63,"column":46}},"type":"binary-expr","locations":[{"start":{"line":63,"column":4},"end":{"line":63,"column":5}},{"start":{"line":63,"column":10},"end":{"line":63,"column":45}}],"line":63},"17":{"loc":{"start":{"line":63,"column":10},"end":{"line":63,"column":45}},"type":"cond-expr","locations":[{"start":{"line":63,"column":23},"end":{"line":63,"column":31}},{"start":{"line":63,"column":36},"end":{"line":63,"column":44}}],"line":63},"18":{"loc":{"start":{"line":66,"column":16},"end":{"line":66,"column":35}},"type":"cond-expr","locations":[{"start":{"line":66,"column":27},"end":{"line":66,"column":31}},{"start":{"line":66,"column":34},"end":{"line":66,"column":35}}],"line":66},"19":{"loc":{"start":{"line":67,"column":17},"end":{"line":67,"column":34}},"type":"cond-expr","locations":[{"start":{"line":67,"column":27},"end":{"line":67,"column":30}},{"start":{"line":67,"column":33},"end":{"line":67,"column":34}}],"line":67},"20":{"loc":{"start":{"line":83,"column":11},"end":{"line":83,"column":56}},"type":"cond-expr","locations":[{"start":{"line":83,"column":17},"end":{"line":83,"column":21}},{"start":{"line":83,"column":24},"end":{"line":83,"column":56}}],"line":83},"21":{"loc":{"start":{"line":90,"column":11},"end":{"line":90,"column":56}},"type":"cond-expr","locations":[{"start":{"line":90,"column":17},"end":{"line":90,"column":21}},{"start":{"line":90,"column":24},"end":{"line":90,"column":56}}],"line":90},"22":{"loc":{"start":{"line":94,"column":4},"end":{"line":95,"column":20}},"type":"if","locations":[{"start":{"line":94,"column":4},"end":{"line":95,"column":20}},{"start":{},"end":{}}],"line":94},"23":{"loc":{"start":{"line":100,"column":20},"end":{"line":100,"column":73}},"type":"cond-expr","locations":[{"start":{"line":100,"column":58},"end":{"line":100,"column":64}},{"start":{"line":100,"column":67},"end":{"line":100,"column":73}}],"line":100},"24":{"loc":{"start":{"line":102,"column":12},"end":{"line":102,"column":108}},"type":"cond-expr","locations":[{"start":{"line":102,"column":22},"end":{"line":102,"column":63}},{"start":{"line":102,"column":66},"end":{"line":102,"column":108}}],"line":102},"25":{"loc":{"start":{"line":106,"column":4},"end":{"line":107,"column":17}},"type":"if","locations":[{"start":{"line":106,"column":4},"end":{"line":107,"column":17}},{"start":{},"end":{}}],"line":106},"26":{"loc":{"start":{"line":112,"column":4},"end":{"line":147,"column":5}},"type":"if","locations":[{"start":{"line":112,"column":4},"end":{"line":147,"column":5}},{"start":{},"end":{}}],"line":112},"27":{"loc":{"start":{"line":112,"column":8},"end":{"line":112,"column":14}},"type":"binary-expr","locations":[{"start":{"line":112,"column":8},"end":{"line":112,"column":9}},{"start":{"line":112,"column":13},"end":{"line":112,"column":14}}],"line":112},"28":{"loc":{"start":{"line":114,"column":8},"end":{"line":146,"column":9}},"type":"if","locations":[{"start":{"line":114,"column":8},"end":{"line":146,"column":9}},{"start":{"line":129,"column":13},"end":{"line":146,"column":9}}],"line":114},"29":{"loc":{"start":{"line":115,"column":12},"end":{"line":115,"column":52}},"type":"binary-expr","locations":[{"start":{"line":115,"column":12},"end":{"line":115,"column":13}},{"start":{"line":115,"column":18},"end":{"line":115,"column":51}}],"line":115},"30":{"loc":{"start":{"line":115,"column":18},"end":{"line":115,"column":51}},"type":"cond-expr","locations":[{"start":{"line":115,"column":31},"end":{"line":115,"column":38}},{"start":{"line":115,"column":43},"end":{"line":115,"column":50}}],"line":115},"31":{"loc":{"start":{"line":120,"column":12},"end":{"line":121,"column":60}},"type":"if","locations":[{"start":{"line":120,"column":12},"end":{"line":121,"column":60}},{"start":{},"end":{}}],"line":120},"32":{"loc":{"start":{"line":124,"column":12},"end":{"line":125,"column":25}},"type":"if","locations":[{"start":{"line":124,"column":12},"end":{"line":125,"column":25}},{"start":{},"end":{}}],"line":124},"33":{"loc":{"start":{"line":127,"column":19},"end":{"line":127,"column":76}},"type":"cond-expr","locations":[{"start":{"line":127,"column":31},"end":{"line":127,"column":53}},{"start":{"line":127,"column":58},"end":{"line":127,"column":75}}],"line":127},"34":{"loc":{"start":{"line":137,"column":12},"end":{"line":137,"column":52}},"type":"binary-expr","locations":[{"start":{"line":137,"column":12},"end":{"line":137,"column":13}},{"start":{"line":137,"column":18},"end":{"line":137,"column":51}}],"line":137},"35":{"loc":{"start":{"line":137,"column":18},"end":{"line":137,"column":51}},"type":"cond-expr","locations":[{"start":{"line":137,"column":31},"end":{"line":137,"column":38}},{"start":{"line":137,"column":43},"end":{"line":137,"column":50}}],"line":137},"36":{"loc":{"start":{"line":141,"column":12},"end":{"line":141,"column":45}},"type":"binary-expr","locations":[{"start":{"line":141,"column":12},"end":{"line":141,"column":19}},{"start":{"line":141,"column":24},"end":{"line":141,"column":44}}],"line":141},"37":{"loc":{"start":{"line":143,"column":12},"end":{"line":143,"column":58}},"type":"binary-expr","locations":[{"start":{"line":143,"column":12},"end":{"line":143,"column":14}},{"start":{"line":143,"column":19},"end":{"line":143,"column":57}}],"line":143},"38":{"loc":{"start":{"line":143,"column":19},"end":{"line":143,"column":57}},"type":"cond-expr","locations":[{"start":{"line":143,"column":33},"end":{"line":143,"column":42}},{"start":{"line":143,"column":47},"end":{"line":143,"column":56}}],"line":143},"39":{"loc":{"start":{"line":144,"column":12},"end":{"line":144,"column":29}},"type":"binary-expr","locations":[{"start":{"line":144,"column":12},"end":{"line":144,"column":14}},{"start":{"line":144,"column":19},"end":{"line":144,"column":28}}],"line":144},"40":{"loc":{"start":{"line":145,"column":30},"end":{"line":145,"column":42}},"type":"cond-expr","locations":[{"start":{"line":145,"column":34},"end":{"line":145,"column":38}},{"start":{"line":145,"column":41},"end":{"line":145,"column":42}}],"line":145},"41":{"loc":{"start":{"line":148,"column":15},"end":{"line":148,"column":21}},"type":"binary-expr","locations":[{"start":{"line":148,"column":15},"end":{"line":148,"column":16}},{"start":{"line":148,"column":20},"end":{"line":148,"column":21}}],"line":148},"42":{"loc":{"start":{"line":149,"column":4},"end":{"line":149,"column":18}},"type":"binary-expr","locations":[{"start":{"line":149,"column":4},"end":{"line":149,"column":5}},{"start":{"line":149,"column":10},"end":{"line":149,"column":17}}],"line":149},"43":{"loc":{"start":{"line":150,"column":4},"end":{"line":151,"column":17}},"type":"if","locations":[{"start":{"line":150,"column":4},"end":{"line":151,"column":17}},{"start":{},"end":{}}],"line":150},"44":{"loc":{"start":{"line":152,"column":11},"end":{"line":152,"column":96}},"type":"cond-expr","locations":[{"start":{"line":152,"column":24},"end":{"line":152,"column":57}},{"start":{"line":152,"column":62},"end":{"line":152,"column":95}}],"line":152},"45":{"loc":{"start":{"line":160,"column":4},"end":{"line":161,"column":20}},"type":"if","locations":[{"start":{"line":160,"column":4},"end":{"line":161,"column":20}},{"start":{},"end":{}}],"line":160},"46":{"loc":{"start":{"line":162,"column":4},"end":{"line":175,"column":5}},"type":"if","locations":[{"start":{"line":162,"column":4},"end":{"line":175,"column":5}},{"start":{},"end":{}}],"line":162},"47":{"loc":{"start":{"line":164,"column":8},"end":{"line":174,"column":9}},"type":"if","locations":[{"start":{"line":164,"column":8},"end":{"line":174,"column":9}},{"start":{"line":170,"column":13},"end":{"line":174,"column":9}}],"line":164},"48":{"loc":{"start":{"line":165,"column":12},"end":{"line":166,"column":26}},"type":"if","locations":[{"start":{"line":165,"column":12},"end":{"line":166,"column":26}},{"start":{},"end":{}}],"line":165},"49":{"loc":{"start":{"line":165,"column":16},"end":{"line":165,"column":33}},"type":"binary-expr","locations":[{"start":{"line":165,"column":16},"end":{"line":165,"column":19}},{"start":{"line":165,"column":23},"end":{"line":165,"column":33}}],"line":165},"50":{"loc":{"start":{"line":177,"column":4},"end":{"line":178,"column":17}},"type":"if","locations":[{"start":{"line":177,"column":4},"end":{"line":178,"column":17}},{"start":{},"end":{}}],"line":177},"51":{"loc":{"start":{"line":179,"column":11},"end":{"line":179,"column":78}},"type":"cond-expr","locations":[{"start":{"line":179,"column":23},"end":{"line":179,"column":49}},{"start":{"line":179,"column":52},"end":{"line":179,"column":78}}],"line":179},"52":{"loc":{"start":{"line":186,"column":4},"end":{"line":187,"column":20}},"type":"if","locations":[{"start":{"line":186,"column":4},"end":{"line":187,"column":20}},{"start":{},"end":{}}],"line":186},"53":{"loc":{"start":{"line":188,"column":4},"end":{"line":201,"column":5}},"type":"if","locations":[{"start":{"line":188,"column":4},"end":{"line":201,"column":5}},{"start":{},"end":{}}],"line":188},"54":{"loc":{"start":{"line":190,"column":8},"end":{"line":200,"column":9}},"type":"if","locations":[{"start":{"line":190,"column":8},"end":{"line":200,"column":9}},{"start":{"line":196,"column":13},"end":{"line":200,"column":9}}],"line":190},"55":{"loc":{"start":{"line":191,"column":12},"end":{"line":192,"column":26}},"type":"if","locations":[{"start":{"line":191,"column":12},"end":{"line":192,"column":26}},{"start":{},"end":{}}],"line":191},"56":{"loc":{"start":{"line":191,"column":16},"end":{"line":191,"column":33}},"type":"binary-expr","locations":[{"start":{"line":191,"column":16},"end":{"line":191,"column":19}},{"start":{"line":191,"column":23},"end":{"line":191,"column":33}}],"line":191},"57":{"loc":{"start":{"line":203,"column":4},"end":{"line":204,"column":17}},"type":"if","locations":[{"start":{"line":203,"column":4},"end":{"line":204,"column":17}},{"start":{},"end":{}}],"line":203},"58":{"loc":{"start":{"line":205,"column":11},"end":{"line":205,"column":78}},"type":"cond-expr","locations":[{"start":{"line":205,"column":23},"end":{"line":205,"column":49}},{"start":{"line":205,"column":52},"end":{"line":205,"column":78}}],"line":205},"59":{"loc":{"start":{"line":207,"column":21},"end":{"line":207,"column":29}},"type":"default-arg","locations":[{"start":{"line":207,"column":27},"end":{"line":207,"column":29}}],"line":207},"60":{"loc":{"start":{"line":208,"column":4},"end":{"line":209,"column":19}},"type":"if","locations":[{"start":{"line":208,"column":4},"end":{"line":209,"column":19}},{"start":{},"end":{}}],"line":208},"61":{"loc":{"start":{"line":211,"column":23},"end":{"line":215,"column":26}},"type":"cond-expr","locations":[{"start":{"line":212,"column":10},"end":{"line":212,"column":22}},{"start":{"line":213,"column":10},"end":{"line":215,"column":26}}],"line":211},"62":{"loc":{"start":{"line":211,"column":23},"end":{"line":211,"column":77}},"type":"binary-expr","locations":[{"start":{"line":211,"column":23},"end":{"line":211,"column":24}},{"start":{"line":211,"column":28},"end":{"line":211,"column":49}},{"start":{"line":211,"column":53},"end":{"line":211,"column":77}}],"line":211},"63":{"loc":{"start":{"line":213,"column":10},"end":{"line":215,"column":26}},"type":"cond-expr","locations":[{"start":{"line":214,"column":14},"end":{"line":214,"column":29}},{"start":{"line":215,"column":14},"end":{"line":215,"column":26}}],"line":213},"64":{"loc":{"start":{"line":213,"column":10},"end":{"line":213,"column":36}},"type":"binary-expr","locations":[{"start":{"line":213,"column":10},"end":{"line":213,"column":11}},{"start":{"line":213,"column":15},"end":{"line":213,"column":36}}],"line":213},"65":{"loc":{"start":{"line":216,"column":20},"end":{"line":216,"column":81}},"type":"cond-expr","locations":[{"start":{"line":216,"column":38},"end":{"line":216,"column":76}},{"start":{"line":216,"column":79},"end":{"line":216,"column":81}}],"line":216},"66":{"loc":{"start":{"line":217,"column":24},"end":{"line":217,"column":44}},"type":"cond-expr","locations":[{"start":{"line":217,"column":29},"end":{"line":217,"column":39}},{"start":{"line":217,"column":42},"end":{"line":217,"column":44}}],"line":217},"67":{"loc":{"start":{"line":221,"column":45},"end":{"line":221,"column":91}},"type":"cond-expr","locations":[{"start":{"line":221,"column":49},"end":{"line":221,"column":84}},{"start":{"line":221,"column":87},"end":{"line":221,"column":91}}],"line":221},"68":{"loc":{"start":{"line":221,"column":93},"end":{"line":221,"column":139}},"type":"cond-expr","locations":[{"start":{"line":221,"column":97},"end":{"line":221,"column":132}},{"start":{"line":221,"column":135},"end":{"line":221,"column":139}}],"line":221}},"s":{"0":4,"1":4,"2":4,"3":4,"4":4,"5":2644,"6":2644,"7":173,"8":2471,"9":2471,"10":2471,"11":651,"12":1820,"13":2471,"14":232,"15":1232,"16":1007,"17":1007,"18":201,"19":132,"20":69,"21":806,"22":68,"23":738,"24":4,"25":351,"26":351,"27":351,"28":351,"29":351,"30":351,"31":351,"32":351,"33":351,"34":351,"35":351,"36":351,"37":351,"38":351,"39":4,"40":974,"41":974,"42":974,"43":974,"44":974,"45":974,"46":974,"47":974,"48":974,"49":974,"50":974,"51":974,"52":974,"53":974,"54":4,"55":89,"56":89,"57":4,"58":90,"59":90,"60":4,"61":1102,"62":1102,"63":1102,"64":1102,"65":4,"66":4,"67":417,"68":417,"69":417,"70":417,"71":4,"72":4,"73":1544,"74":56,"75":1488,"76":1488,"77":1488,"78":1488,"79":1488,"80":6902,"81":1488,"82":4,"83":4,"84":693,"85":0,"86":693,"87":693,"88":693,"89":693,"90":693,"91":257,"92":257,"93":114,"94":114,"95":114,"96":114,"97":114,"98":114,"99":99,"100":15,"101":15,"102":15,"103":8,"104":7,"105":7,"106":143,"107":143,"108":143,"109":207,"110":143,"111":143,"112":143,"113":143,"114":143,"115":143,"116":143,"117":143,"118":143,"119":143,"120":143,"121":143,"122":436,"123":436,"124":436,"125":31,"126":405,"127":4,"128":4,"129":508,"130":508,"131":508,"132":508,"133":508,"134":268,"135":240,"136":72,"137":72,"138":53,"139":25,"140":53,"141":53,"142":19,"143":19,"144":19,"145":240,"146":240,"147":52,"148":188,"149":4,"150":558,"151":558,"152":558,"153":558,"154":558,"155":273,"156":285,"157":60,"158":60,"159":40,"160":21,"161":40,"162":40,"163":20,"164":20,"165":20,"166":285,"167":285,"168":54,"169":231,"170":4
[...]
start":{"line":12,"column":12},"end":{"line":12,"column":26}},"13":{"start":{"line":14,"column":12},"end":{"line":14,"column":24}},"14":{"start":{"line":15,"column":4},"end":{"line":15,"column":16}},"15":{"start":{"line":17,"column":0},"end":{"line":17,"column":20}},"16":{"start":{"line":18,"column":13},"end":{"line":31,"column":1}},"17":{"start":{"line":19,"column":4},"end":{"line":24,"column":5}},"18":{"start":{"line":20,"column":8},"end":{"line":20,"column":22}},"19":{"start":{"line":21,"column":8},"end":{"line":22,"column":26}},"20":{"start":{"line":22,"column":12},"end":{"line":22,"column":26}},"21":{"start":{"line":23,"column":8},"end":{"line":23,"column":20}},"22":{"start":{"line":25,"column":12},"end":{"line":25,"column":18}},"23":{"start":{"line":26,"column":4},"end":{"line":29,"column":5}},"24":{"start":{"line":27,"column":8},"end":{"line":27,"column":17}},"25":{"start":{"line":28,"column":8},"end":{"line":28,"column":16}},"26":{"start":{"line":30,"column":4},"end":{"line":30,"column":13}},"27":{"start":{"line":32,"column":0},"end":{"line":32,"column":20}},"28":{"start":{"line":33,"column":14},"end":{"line":37,"column":1}},"29":{"start":{"line":34,"column":14},"end":{"line":34,"column":20}},"30":{"start":{"line":35,"column":14},"end":{"line":35,"column":20}},"31":{"start":{"line":36,"column":4},"end":{"line":36,"column":55}},"32":{"start":{"line":38,"column":13},"end":{"line":40,"column":1}},"33":{"start":{"line":39,"column":4},"end":{"line":39,"column":34}},"34":{"start":{"line":41,"column":0},"end":{"line":41,"column":20}},"35":{"start":{"line":42,"column":13},"end":{"line":51,"column":1}},"36":{"start":{"line":43,"column":15},"end":{"line":43,"column":19}},"37":{"start":{"line":44,"column":4},"end":{"line":49,"column":5}},"38":{"start":{"line":45,"column":20},"end":{"line":45,"column":43}},"39":{"start":{"line":46,"column":8},"end":{"line":47,"column":24}},"40":{"start":{"line":47,"column":12},"end":{"line":47,"column":24}},"41":{"start":{"line":48,"column":8},"end":{"line":48,"column":41}},"42":{"start":{"line":50,"column":4},"end":{"line":50,"column":16}},"43":{"start":{"line":52,"column":0},"end":{"line":52,"column":20}},"44":{"start":{"line":53,"column":24},"end":{"line":71,"column":1}},"45":{"start":{"line":54,"column":15},"end":{"line":54,"column":19}},"46":{"start":{"line":55,"column":17},"end":{"line":55,"column":26}},"47":{"start":{"line":56,"column":4},"end":{"line":69,"column":5}},"48":{"start":{"line":57,"column":20},"end":{"line":57,"column":43}},"49":{"start":{"line":58,"column":8},"end":{"line":59,"column":24}},"50":{"start":{"line":59,"column":12},"end":{"line":59,"column":24}},"51":{"start":{"line":60,"column":8},"end":{"line":68,"column":9}},"52":{"start":{"line":61,"column":12},"end":{"line":61,"column":26}},"53":{"start":{"line":63,"column":25},"end":{"line":63,"column":31}},"54":{"start":{"line":64,"column":12},"end":{"line":64,"column":26}},"55":{"start":{"line":65,"column":12},"end":{"line":66,"column":30}},"56":{"start":{"line":66,"column":16},"end":{"line":66,"column":30}},"57":{"start":{"line":67,"column":12},"end":{"line":67,"column":24}},"58":{"start":{"line":70,"column":4},"end":{"line":70,"column":18}},"59":{"start":{"line":72,"column":0},"end":{"line":72,"column":42}},"60":{"start":{"line":73,"column":20},"end":{"line":79,"column":1}},"61":{"start":{"line":74,"column":15},"end":{"line":74,"column":27}},"62":{"start":{"line":75,"column":4},"end":{"line":75,"column":15}},"63":{"start":{"line":76,"column":4},"end":{"line":76,"column":15}},"64":{"start":{"line":77,"column":4},"end":{"line":78,"column":19}},"65":{"start":{"line":78,"column":8},"end":{"line":78,"column":19}},"66":{"start":{"line":80,"column":0},"end":{"line":80,"column":34}},"67":{"start":{"line":81,"column":19},"end":{"line":87,"column":1}},"68":{"start":{"line":82,"column":15},"end":{"line":82,"column":27}},"69":{"start":{"line":83,"column":4},"end":{"line":83,"column":15}},"70":{"start":{"line":84,"column":4},"end":{"line":84,"column":15}},"71":{"start":{"line":85,"column":4},"end":{"line":86,"column":19}},"72":{"start":{"line":86,"column":8},"end":{"line":86,"column":19}},"73":{"start":{"line":88,"column":0},"end":{"line":88,"column":32}},"74":{"start":{"line":89,"column":15},"end":{"line":109,"column":1}},"75":{"start":{"line":90,"column":4},"end":{"line":91,"column":20}},"76":{"start":{"line":91,"column":8},"end":{"line":91,"column":20}},"77":{"start":{"line":92,"column":16},"end":{"line":92,"column":22}},"78":{"start":{"line":93,"column":15},"end":{"line":93,"column":19}},"79":{"start":{"line":94,"column":4},"end":{"line":107,"column":5}},"80":{"start":{"line":95,"column":20},"end":{"line":95,"column":43}},"81":{"start":{"line":96,"column":21},"end":{"line":96,"column":46}},"82":{"start":{"line":98,"column":8},"end":{"line":106,"column":24}},"83":{"start":{"line":99,"column":12},"end":{"line":102,"column":53}},"84":{"start":{"line":100,"column":16},"end":{"line":100,"column":52}},"85":{"start":{"line":102,"column":16},"end":{"line":102,"column":53}},"86":{"start":{"line":103,"column":12},"end":{"line":103,"column":18}},"87":{"start":{"line":106,"column":12},"end":{"line":106,"column":24}},"88":{"start":{"line":108,"column":4},"end":{"line":108,"column":16}},"89":{"start":{"line":110,"column":0},"end":{"line":110,"column":24}},"90":{"start":{"line":111,"column":15},"end":{"line":151,"column":1}},"91":{"start":{"line":112,"column":14},"end":{"line":112,"column":20}},"92":{"start":{"line":113,"column":14},"end":{"line":113,"column":20}},"93":{"start":{"line":114,"column":14},"end":{"line":114,"column":20}},"94":{"start":{"line":115,"column":4},"end":{"line":115,"column":41}},"95":{"start":{"line":116,"column":4},"end":{"line":141,"column":5}},"96":{"start":{"line":117,"column":8},"end":{"line":122,"column":28}},"97":{"start":{"line":118,"column":12},"end":{"line":118,"column":29}},"98":{"start":{"line":119,"column":13},"end":{"line":122,"column":28}},"99":{"start":{"line":120,"column":12},"end":{"line":120,"column":28}},"100":{"start":{"line":122,"column":12},"end":{"line":122,"column":28}},"101":{"start":{"line":123,"column":8},"end":{"line":123,"column":20}},"102":{"start":{"line":125,"column":9},"end":{"line":141,"column":5}},"103":{"start":{"line":126,"column":37},"end":{"line":126,"column":38}},"104":{"start":{"line":127,"column":8},"end":{"line":128,"column":62}},"105":{"start":{"line":128,"column":12},"end":{"line":128,"column":62}},"106":{"start":{"line":129,"column":8},"end":{"line":129,"column":37}},"107":{"start":{"line":130,"column":8},"end":{"line":130,"column":37}},"108":{"start":{"line":131,"column":8},"end":{"line":134,"column":9}},"109":{"start":{"line":132,"column":12},"end":{"line":132,"column":28}},"110":{"start":{"line":133,"column":12},"end":{"line":133,"column":21}},"111":{"start":{"line":135,"column":8},"end":{"line":138,"column":20}},"112":{"start":{"line":136,"column":12},"end":{"line":136,"column":20}},"113":{"start":{"line":138,"column":12},"end":{"line":138,"column":20}},"114":{"start":{"line":139,"column":8},"end":{"line":139,"column":16}},"115":{"start":{"line":140,"column":8},"end":{"line":140,"column":20}},"116":{"start":{"line":142,"column":19},"end":{"line":142,"column":25}},"117":{"start":{"line":143,"column":4},"end":{"line":143,"column":16}},"118":{"start":{"line":144,"column":4},"end":{"line":149,"column":20}},"119":{"start":{"line":145,"column":8},"end":{"line":145,"column":21}},"120":{"start":{"line":146,"column":9},"end":{"line":149,"column":20}},"121":{"start":{"line":147,"column":8},"end":{"line":147,"column":20}},"122":{"start":{"line":149,"column":8},"end":{"line":149,"column":20}},"123":{"start":{"line":150,"column":4},"end":{"line":150,"column":16}},"124":{"start":{"line":152,"column":0},"end":{"line":152,"column":24}}},"fnMap":{"0":{"name":"(anonymous_0)","decl":{"start":{"line":5,"column":65},"end":{"line":5,"column":66}},"loc":{"start":{"line":5,"column":77},"end":{"line":5,"column":102}},"line":5},"1":{"name":"(anonymous_1)","decl":{"start":{"line":7,"column":64},"end":{"line":7,"column":65}},"loc":{"start":{"line":7,"column":76},"end":{"line":7,"column":99}},"line":7},"2":{"name":"(anonymous_2)","decl":{"start":{"line":8,"column":13},"end":{"line":8,"column":14}},"loc":{"start":{"line":8,"column":23},"end":{"line":16,"column":1}},"line":8},"3":{"name":"(anonymous_3)","decl":{"start":{"line":18,"column":13},"end":{"line":18,"column":14}},"loc":{"start":{"line":18,"column":23},"end":{"line":31,"column":1}},"line":18},"4":{"name":"(anonymous_4)","decl":{"start":{"line":33,"column":14},"end":{"line":33,"column":15}},"loc":{"start":{"line":33,"column":24},"end":{"line":37,"column":1}},"line":33},"5":{"name":"(anonymous_5)","decl":{"start":{"line":38,"column":13},"end":{"line":38,"column":14}},"loc":{"start":{"line":38,"column":23},"end":{"line":40,"column":1}},"line":38},"6":{"name":"(anonymous_6)","decl":{"start":{"line":42,"column":13},"end":{"line":42,"column":14}},"loc":{"start":{"line":42,"column":40},"end":{"line":51,"column":1}},"line":42},"7":{"name":"(anonymous_7)","decl":{"start":{"line":53,"column":24},"end":{"line":53,"column":25}},"loc":{"start":{"line":53,"column":51},"end":{"line":71,"column":1}},"line":53},"8":{"name":"(anonymous_8)","decl":{"start":{"line":73,"column":20},"end":{"line":73,"column":21}},"loc":{"start":{"line":73,"column":33},"end":{"line":79,"column":1}},"line":73},"9":{"name":"(anonymous_9)","decl":{"start":{"line":81,"column":19},"end":{"line":81,"column":20}},"loc":{"start":{"line":81,"column":32},"end":{"line":87,"column":1}},"line":81},"10":{"name":"(anonymous_10)","decl":{"start":{"line":89,"column":15},"end":{"line":89,"column":16}},"loc":{"start":{"line":89,"column":43},"end":{"line":109,"column":1}},"line":89},"11":{"name":"(anonymous_11)","decl":{"start":{"line":111,"column":15},"end":{"line":111,"column":16}},"loc":{"start":{"line":111,"column":31},"end":{"line":151,"column":1}},"line":111}},"branchMap":{"0":{"loc":{"start":{"line":11,"column":8},"end":{"line":14,"column":24}},"type":"if","locations":[{"start":{"line":11,"column":8},"end":{"line":14,"column":24}},{"start":{"line":14,"column":12},"end":{"line":14,"column":24}}],"line":11},"1":{"loc":{"start":{"line":19,"column":4},"end":{"line":24,"column":5}},"type":"if","locations":[{"start":{"line":19,"column":4},"end":{"line":24,"column":5}},{"start":{},"end":{}}],"line":19},"2":{"loc":{"start":{"line":26,"column":11},"end":{"line":26,"column":28}},"type":"binary-expr","locations":[{"start":{"line":26,"column":11},"end":{"line":26,"column":12}},{"start":{"line":26,"column":16},"end":{"line":26,"column":28}}],"line":26},"3":{"loc":{"start":{"line":36,"column":16},"end":{"line":36,"column":32}},"type":"cond-expr","locations":[{"start":{"line":36,"column":20},"end":{"line":36,"column":28}},{"start":{"line":36,"column":31},"end":{"line":36,"column":32}}],"line":36},"4":{"loc":{"start":{"line":36,"column":37},"end":{"line":36,"column":53}},"type":"cond-expr","locations":[{"start":{"line":36,"column":41},"end":{"line":36,"column":49}},{"start":{"line":36,"column":52},"end":{"line":36,"column":53}}],"line":36},"5":{"loc":{"start":{"line":39,"column":11},"end":{"line":39,"column":33}},"type":"cond-expr","locations":[{"start":{"line":39,"column":18},"end":{"line":39,"column":29}},{"start":{"line":39,"column":32},"end":{"line":39,"column":33}}],"line":39},"6":{"loc":{"start":{"line":46,"column":8},"end":{"line":47,"column":24}},"type":"if","locations":[{"start":{"line":46,"column":8},"end":{"line":47,"column":24}},{"start":{},"end":{}}],"line":46},"7":{"loc":{"start":{"line":48,"column":15},"end":{"line":48,"column":40}},"type":"cond-expr","locations":[{"start":{"line":48,"column":25},"end":{"line":48,"column":31}},{"start":{"line":48,"column":34},"end":{"line":48,"column":40}}],"line":48},"8":{"loc":{"start":{"line":58,"column":8},"end":{"line":59,"column":24}},"type":"if","locations":[{"start":{"line":58,"column":8},"end":{"line":59,"column":24}},{"start":{},"end":{}}],"line":58},"9":{"loc":{"start":{"line":60,"column":8},"end":{"line":68,"column":9}},"type":"if","locations":[{"start":{"line":60,"column":8},"end":{"line":68,"column":9}},{"start":{"line":62,"column":13},"end":{"line":68,"column":9}}],"line":60},"10":{"loc":{"start":{"line":65,"column":12},"end":{"line":66,"column":30}},"type":"if","locations":[{"start":{"line":65,"column":12},"end":{"line":66,"column":30}},{"start":{},"end":{}}],"line":65},"11":{"loc":{"start":{"line":77,"column":4},"end":{"line":78,"column":19}},"type":"if","locations":[{"start":{"line":77,"column":4},"end":{"line":78,"column":19}},{"start":{},"end":{}}],"line":77},"12":{"loc":{"start":{"line":85,"column":4},"end":{"line":86,"column":19}},"type":"if","locations":[{"start":{"line":85,"column":4},"end":{"line":86,"column":19}},{"start":{},"end":{}}],"line":85},"13":{"loc":{"start":{"line":90,"column":4},"end":{"line":91,"column":20}},"type":"if","locations":[{"start":{"line":90,"column":4},"end":{"line":91,"column":20}},{"start":{},"end":{}}],"line":90},"14":{"loc":{"start":{"line":96,"column":21},"end":{"line":96,"column":46}},"type":"cond-expr","locations":[{"start":{"line":96,"column":31},"end":{"line":96,"column":37}},{"start":{"line":96,"column":40},"end":{"line":96,"column":46}}],"line":96},"15":{"loc":{"start":{"line":98,"column":8},"end":{"line":106,"column":24}},"type":"if","locations":[{"start":{"line":98,"column":8},"end":{"line":106,"column":24}},{"start":{"line":106,"column":12},"end":{"line":106,"column":24}}],"line":98},"16":{"loc":{"start":{"line":99,"column":12},"end":{"line":102,"column":53}},"type":"if","locations":[{"start":{"line":99,"column":12},"end":{"line":102,"column":53}},{"start":{"line":102,"column":16},"end":{"line":102,"column":53}}],"line":99},"17":{"loc":{"start":{"line":116,"column":4},"end":{"line":141,"column":5}},"type":"if","locations":[{"start":{"line":116,"column":4},"end":{"line":141,"column":5}},{"start":{"line":125,"column":9},"end":{"line":141,"column":5}}],"line":116},"18":{"loc":{"start":{"line":116,"column":8},"end":{"line":116,"column":16}},"type":"binary-expr","locations":[{"start":{"line":116,"column":8},"end":{"line":116,"column":10}},{"start":{"line":116,"column":14},"end":{"line":116,"column":16}}],"line":116},"19":{"loc":{"start":{"line":117,"column":8},"end":{"line":122,"column":28}},"type":"if","locations":[{"start":{"line":117,"column":8},"end":{"line":122,"column":28}},{"start":{"line":119,"column":13},"end":{"line":122,"column":28}}],"line":117},"20":{"loc":{"start":{"line":119,"column":13},"end":{"line":122,"column":28}},"type":"if","locations":[{"start":{"line":119,"column":13},"end":{"line":122,"column":28}},{"start":{"line":122,"column":12},"end":{"line":122,"column":28}}],"line":119},"21":{"loc":{"start":{"line":125,"column":9},"end":{"line":141,"column":5}},"type":"if","locations":[{"start":{"line":125,"column":9},"end":{"line":141,"column":5}},{"start":{},"end":{}}],"line":125},"22":{"loc":{"start":{"line":125,"column":13},"end":{"line":125,"column":19}},"type":"binary-expr","locations":[{"start":{"line":125,"column":13},"end":{"line":125,"column":14}},{"start":{"line":125,"column":18},"end":{"line":125,"column":19}}],"line":125},"23":{"loc":{"start":{"line":131,"column":8},"end":{"line":134,"column":9}},"type":"if","locations":[{"start":{"line":131,"column":8},"end":{"line":134,"column":9}},{"start":{},"end":{}}],"line":131},"24":{"loc":{"start":{"line":135,"column":8},"end":{"line":138,"column":20}},"type":"if","locations":[{"start":{"line":135,"column":8},"end":{"line":138,"column":20}},{"start":{"line":138,"column":12},"end":{"line":138,"column":20}}],"line":135},"25":{"loc":{"start":{"line":142,"column":19},"end":{"line":142,"column":25}},"type":"binary-expr","locations":[{"start":{"line":142,"column":19},"end":{"line":142,"column":20}},{"start":{"line":142,"column":24},"end":{"line":142,"column":25}}],"line":142},"26":{"loc":{"start":{"line":144,"column":4},"end":{"line":149,"column":20}},"type":"if","locations":[{"start":{"line":144,"column":4},"end":{"line":149,"column":20}},{"start":{"line":146,"column":9},"end":{"line":149,"column":20}}],"line":144},"27":{"loc":{"start":{"line":146,"column":9},"end":{"line":149,"column":20}},"type":"if","locations":[{"start":{"line":146,"column":9},"end":{"line":149,"column":20}},{"start":{"line":149,"column":8},"end":{"line":149,"column":20}}],"line":146}},"s":{"0":10,"1":10,"2":10,"3":10,"4":2767,"5":10,"6":10,"7":149741,"8":10,"9":11,"10":11,"11":22,"12":11,"13":11,"14":0,"15":10,"16":10,"17":0,"18":0,"19":0,"20":0,"21":0,"22":0,"23":0,"24":0,"25":0,"26":0,"27":10,"28":10,"29":21463,"30":21463,"31":21463,"32":10,"33":397,"34":10,"35":10,"36":4158,"37":4158,"38":23968,"39":23968,"40":3729,"41":20239,"42":429,"43":10,"44":10,"45":110,"46":110,"47":110,"48":172,"49":172,"50":10,"51":162,"52":53,"53":109,"54":109,"55":109,"56":60,"57":49,"58":40,"59":10,"60":10,"61":42,"62":42,"63":42,"64":42,"65":0,"66":10,"67":10,"68":25,"69":25,"70":25,"71":25,"72":0,"73":10,"74":10,"75":41,"76":12,"77":29,"78":29,"79":29,"80":50,"81":50,"82":50,"83":29,"84":10,"85":19,"86":29,"87":21,"88":29,"89":10,"90":10,"91":9,"92":9,"93":9,"94":9,"95":9,"96":4,"97":3,"98":1,"99":1,"100":0,"101":1,"102":5,"103":2,"104":2,"105":0,"106":2,"107":2,"108":2,"109":2,"110":2,"111":0,"112":0,"113":0,"114":0,"115":0,"116":3,"117":3,"118":3,"119":2,"120":1,"121":1,"122":0,"123":1,"124":10},"f":{"0":2767,"1":149741,"2":11,"3":0,"4":21463,"5":397,"6":4158,"7":110,"8":42,"9":25,"10":41,"11":9},"b":{"0":[11,11],"1":[0,0],"2":[0,0],"3":[10486,10977],"4":[10585,10878],"5":[392,5],"6":[3729,20239],"7":[10012,10227],"8":[10,162],"9":[53,109],"10":[60,49],"11":[0,42],"12":[0,25],"13":[12,29],"14":[18,32],"15":[29,21],"16":[10,19],"17":[4,5],"18":[9,7],"19":[3,1],"20":[1,0],"21":[2,3],"22":[5,2],"23":[2,0],"24":[0,0],"25":[3,3],"26":[2,1],"27":[1,0]},"_coverageSchema":"1a1c01bbd47fc00a2c39e90264f33305004495a9","hash":"091caa27307b33246ce45c4ac7b6ba8e2bffda2a"}
,"/home/runner/work/sonic-forest/sonic-forest/src/util/next.ts": {"path":"/home/runner/work/sonic-forest/sonic-forest/src/util/next.ts","statementMap":{"0":{"start":{"line":2,"column":0},"end":{"line":2,"column":62}},"1":{"start":{"line":3,"column":0},"end":{"line":3,"column":22}},"2":{"start":{"line":4,"column":16},"end":{"line":4,"column":34}},"3":{"start":{"line":5,"column":13},"end":{"line":15,"column":1}},"4":{"start":{"line":6,"column":14},"end":{"line":6,"column":20}},"5":{"start":{"line":7,"column":4},"end":{"line":8,"column":37}},"6":{"start":{"line":8,"column":8},"end":{"line":8,"column":37}},"7":{"start":{"line":9,"column":12},"end":{"line":9,"column":18}},"8":{"start":{"line":10,"column":4},"end":{"line":13,"column":5}},"9":{"start":{"line":11,"column":8},"end":{"line":11,"column":17}},"10":{"start":{"line":12,"column":8},"end":{"line":12,"column":16}},"11":{"start":{"line":14,"column":4},"end":{"line":14,"column":13}},"12":{"start":{"line":16,"column":0},"end":{"line":16,"column":20}}},"fnMap":{"0":{"name":"(anonymous_0)","decl":{"start":{"line":5,"column":13},"end":{"line":5,"column":14}},"loc":{"start":{"line":5,"column":23},"end":{"line":15,"column":1}},"line":5}},"branchMap":{"0":{"loc":{"start":{"line":7,"column":4},"end":{"line":8,"column":37}},"type":"if","locations":[{"start":{"line":7,"column":4},"end":{"line":8,"column":37}},{"start":{},"end":{}}],"line":7},"1":{"loc":{"start":{"line":10,"column":11},"end":{"line":10,"column":28}},"type":"binary-expr","locations":[{"start":{"line":10,"column":11},"end":{"line":10,"column":12}},{"start":{"line":10,"column":16},"end":{"line":10,"column":28}}],"line":10}},"s":{"0":10,"1":10,"2":10,"3":10,"4":149729,"5":149729,"6":73910,"7":75819,"8":75819,"9":73910,"10":73910,"11":75819,"12":10},"f":{"0":149729},"b":{"0":[73910,75819],"1":[149729,147012]},"_coverageSchema":"1a1c01bbd47fc00a2c39e90264f33305004495a9","hash":"b8135159d34787cff26dc504e2ed6f511a4fe76f"}
}
