TN:
SF:src/Tree.ts
FN:6,(anonymous_0)
FN:12,(anonymous_1)
FN:14,(anonymous_2)
FN:24,(anonymous_3)
FN:30,(anonymous_4)
FN:35,(anonymous_5)
FN:40,(anonymous_6)
FN:44,(anonymous_7)
FN:52,(anonymous_8)
FN:56,(anonymous_9)
FN:58,(anonymous_10)
FN:65,(anonymous_11)
FN:69,(anonymous_12)
FNF:13
FNH:5
FNDA:26,(anonymous_0)
FNDA:2,(anonymous_1)
FNDA:6,(anonymous_2)
FNDA:0,(anonymous_3)
FNDA:3,(anonymous_4)
FNDA:11,(anonymous_5)
FNDA:0,(anonymous_6)
FNDA:0,(anonymous_7)
FNDA:0,(anonymous_8)
FNDA:0,(anonymous_9)
FNDA:0,(anonymous_10)
FNDA:0,(anonymous_11)
FNDA:0,(anonymous_12)
DA:1,2
DA:2,2
DA:3,2
DA:6,26
DA:8,2
DA:9,2
DA:10,2
DA:12,2
DA:15,6
DA:16,6
DA:17,6
DA:18,6
DA:25,0
DA:26,0
DA:27,0
DA:31,3
DA:32,3
DA:36,11
DA:37,11
DA:41,0
DA:45,0
DA:46,0
DA:47,0
DA:48,0
DA:49,0
DA:53,0
DA:57,0
DA:58,0
DA:59,0
DA:60,0
DA:61,0
DA:66,0
DA:70,0
DA:71,0
DA:72,0
DA:73,0
LF:36
LH:16
BRDA:12,0,0,2
BRDA:32,1,0,3
BRDA:32,1,1,0
BRDA:37,2,0,11
BRDA:37,2,1,0
BRDA:46,3,0,0
BRDA:60,4,0,0
BRDA:61,5,0,0
BRDA:61,5,1,0
BRDA:65,6,0,0
BRDA:66,7,0,0
BRDA:66,7,1,0
BRDA:70,8,0,0
BRDA:70,8,1,0
BRDA:70,9,0,0
BRDA:70,9,1,0
BRDA:71,10,0,0
BRDA:72,11,0,0
BRF:18
BRH:3
end_of_record
TN:
SF:src/TreeNode.ts
FN:8,(anonymous_0)
FNF:1
FNH:1
FNDA:45,(anonymous_0)
DA:3,2
DA:4,45
DA:5,45
DA:6,45
DA:9,45
DA:10,45
LF:6
LH:6
BRF:0
BRH:0
end_of_record
TN:
SF:src/util.ts
FN:3,(anonymous_0)
FN:11,(anonymous_1)
FN:19,(anonymous_2)
FN:33,(anonymous_3)
FN:47,(anonymous_4)
FN:53,(anonymous_5)
FN:57,(anonymous_6)
FN:71,(anonymous_7)
FN:92,(anonymous_8)
FN:99,(anonymous_9)
FN:106,(anonymous_10)
FN:127,(anonymous_11)
FNF:12
FNH:11
FNDA:1192,(anonymous_0)
FNDA:5,(anonymous_1)
FNDA:49051,(anonymous_2)
FNDA:0,(anonymous_3)
FNDA:569,(anonymous_4)
FNDA:54,(anonymous_5)
FNDA:2167,(anonymous_6)
FNDA:110,(anonymous_7)
FNDA:42,(anonymous_8)
FNDA:25,(anonymous_9)
FNDA:41,(anonymous_10)
FNDA:9,(anonymous_11)
DA:3,10
DA:4,1192
DA:5,1192
DA:6,5661
DA:7,1164
DA:8,28
DA:11,10
DA:12,5
DA:13,5
DA:14,6
DA:15,5
DA:16,0
DA:19,10
DA:20,49051
DA:21,23944
DA:22,23944
DA:23,23944
DA:25,25107
DA:26,25107
DA:27,23944
DA:28,23944
DA:30,25107
DA:33,10
DA:34,0
DA:35,0
DA:36,0
DA:37,0
DA:39,0
DA:40,0
DA:41,0
DA:42,0
DA:44,0
DA:47,10
DA:48,569
DA:49,569
DA:50,569
DA:53,10
DA:54,54
DA:57,10
DA:62,2167
DA:63,2167
DA:64,14180
DA:65,14180
DA:66,12029
DA:68,16
DA:71,10
DA:76,110
DA:77,110
DA:78,110
DA:79,172
DA:80,172
DA:81,162
DA:83,109
DA:84,109
DA:85,109
DA:86,49
DA:89,40
DA:92,10
DA:93,42
DA:94,42
DA:95,42
DA:96,42
DA:99,10
DA:100,25
DA:101,25
DA:102,25
DA:103,25
DA:106,10
DA:111,41
DA:112,29
DA:113,29
DA:114,29
DA:115,50
DA:116,50
DA:118,50
DA:119,29
DA:120,19
DA:121,29
DA:122,21
DA:124,29
DA:127,10
DA:128,9
DA:129,9
DA:130,9
DA:131,9
DA:132,9
DA:133,4
DA:134,1
DA:135,0
DA:136,1
DA:137,5
DA:138,2
DA:139,2
DA:140,2
DA:141,2
DA:142,2
DA:143,2
DA:144,2
DA:146,0
DA:147,0
DA:148,0
DA:149,0
DA:151,3
DA:152,3
DA:153,3
DA:154,1
DA:155,0
DA:156,1
LF:108
LH:92
BRDA:6,0,0,4497
BRDA:6,0,1,1164
BRDA:14,1,0,1
BRDA:14,1,1,5
BRDA:20,2,0,23944
BRDA:26,3,0,49051
BRDA:26,3,1,47894
BRDA:34,4,0,0
BRDA:40,5,0,0
BRDA:40,5,1,0
BRDA:50,6,0,256
BRDA:50,6,1,313
BRDA:50,7,0,263
BRDA:50,7,1,306
BRDA:54,8,0,50
BRDA:54,8,1,4
BRDA:65,9,0,2151
BRDA:66,10,0,5813
BRDA:66,10,1,6216
BRDA:80,11,0,10
BRDA:81,12,0,53
BRDA:81,12,1,109
BRDA:85,13,0,60
BRDA:96,14,0,0
BRDA:103,15,0,0
BRDA:111,16,0,12
BRDA:116,17,0,18
BRDA:116,17,1,32
BRDA:118,18,0,29
BRDA:118,18,1,21
BRDA:119,19,0,10
BRDA:119,19,1,19
BRDA:132,20,0,4
BRDA:132,20,1,5
BRDA:132,21,0,9
BRDA:132,21,1,7
BRDA:133,22,0,3
BRDA:133,22,1,1
BRDA:134,23,0,1
BRDA:134,23,1,0
BRDA:137,24,0,2
BRDA:137,25,0,5
BRDA:137,25,1,2
BRDA:142,26,0,2
BRDA:146,27,0,0
BRDA:146,27,1,0
BRDA:151,28,0,3
BRDA:151,28,1,3
BRDA:153,29,0,2
BRDA:153,29,1,1
BRDA:154,30,0,1
BRDA:154,30,1,0
BRF:52
BRH:43
end_of_record
TN:
SF:src/avl/AvlBstNumNumMap.ts
FN:13,(anonymous_0)
FN:19,(anonymous_1)
FN:21,(anonymous_2)
FN:24,(anonymous_3)
FN:30,(anonymous_4)
FN:46,(anonymous_5)
FN:56,(anonymous_6)
FN:60,(anonymous_7)
FN:64,(anonymous_8)
FN:68,(anonymous_9)
FN:76,(anonymous_10)
FN:77,(anonymous_11)
FNF:12
FNH:8
FNDA:5,(anonymous_0)
FNDA:12,(anonymous_1)
FNDA:1,(anonymous_2)
FNDA:1,(anonymous_3)
FNDA:6,(anonymous_4)
FNDA:1,(anonymous_5)
FNDA:1,(anonymous_6)
FNDA:0,(anonymous_7)
FNDA:0,(anonymous_8)
FNDA:1,(anonymous_9)
FNDA:0,(anonymous_10)
FNDA:0,(anonymous_11)
DA:1,1
DA:2,1
DA:3,1
DA:8,1
DA:9,5
DA:10,5
DA:11,5
DA:12,5
DA:14,5
DA:15,5
DA:19,12
DA:21,1
DA:22,1
DA:25,1
DA:26,1
DA:27,1
DA:31,6
DA:32,6
DA:33,5
DA:34,5
DA:35,5
DA:36,5
DA:37,9
DA:38,9
DA:39,9
DA:41,4
DA:42,4
DA:43,4
DA:47,1
DA:48,1
DA:49,3
DA:50,3
DA:51,2
DA:53,0
DA:57,1
DA:61,0
DA:65,0
DA:69,1
DA:70,1
DA:71,1
DA:72,5
DA:77,0
LF:42
LH:38
BRDA:32,0,0,1
BRDA:40,1,0,0
BRDA:40,1,1,8
BRDA:39,2,0,1
BRDA:42,3,0,0
BRDA:42,3,1,4
BRDA:50,4,0,1
BRDA:51,5,0,0
BRDA:51,5,1,2
BRDA:65,6,0,0
BRDA:65,6,1,0
BRDA:70,7,0,0
BRF:12
BRH:6
end_of_record
TN:
SF:src/avl/AvlMap.ts
FN:13,(anonymous_0)
FN:19,(anonymous_1)
FN:25,(anonymous_2)
FN:29,(anonymous_3)
FN:36,(anonymous_4)
FN:55,(anonymous_5)
FN:66,(anonymous_6)
FN:70,(anonymous_7)
FN:78,(anonymous_8)
FN:83,(anonymous_9)
FN:89,(anonymous_10)
FN:93,(anonymous_11)
FN:97,(anonymous_12)
FN:101,(anonymous_13)
FN:108,(anonymous_14)
FN:115,(anonymous_15)
FN:117,(anonymous_16)
FN:125,(anonymous_17)
FN:128,(anonymous_18)
FN:136,(anonymous_19)
FN:137,(anonymous_20)
FN:140,(anonymous_21)
FN:141,(anonymous_22)
FNF:23
FNH:15
FNDA:17,(anonymous_0)
FNDA:24,(anonymous_1)
FNDA:8,(anonymous_2)
FNDA:5,(anonymous_3)
FNDA:18,(anonymous_4)
FNDA:1,(anonymous_5)
FNDA:1,(anonymous_6)
FNDA:0,(anonymous_7)
FNDA:0,(anonymous_8)
FNDA:0,(anonymous_9)
FNDA:0,(anonymous_10)
FNDA:0,(anonymous_11)
FNDA:0,(anonymous_12)
FNDA:1,(anonymous_13)
FNDA:8,(anonymous_14)
FNDA:5,(anonymous_15)
FNDA:14,(anonymous_16)
FNDA:3,(anonymous_17)
FNDA:9,(anonymous_18)
FNDA:1,(anonymous_19)
FNDA:1,(anonymous_20)
FNDA:0,(anonymous_21)
FNDA:0,(anonymous_22)
DA:1,1
DA:2,1
DA:3,1
DA:8,1
DA:9,17
DA:10,17
DA:11,17
DA:12,17
DA:14,17
DA:15,17
DA:19,24
DA:21,1
DA:22,8
DA:26,8
DA:30,5
DA:31,5
DA:32,5
DA:33,5
DA:37,18
DA:38,18
DA:39,13
DA:40,13
DA:41,13
DA:42,13
DA:43,13
DA:44,21
DA:45,21
DA:46,21
DA:48,12
DA:49,12
DA:51,12
DA:52,12
DA:56,1
DA:57,1
DA:58,1
DA:59,3
DA:60,3
DA:61,2
DA:63,0
DA:67,1
DA:71,0
DA:72,0
DA:73,0
DA:74,0
DA:75,0
DA:79,0
DA:80,0
DA:84,0
DA:87,8
DA:90,0
DA:94,0
DA:98,0
DA:102,1
DA:103,1
DA:104,5
DA:109,8
DA:110,8
DA:113,8
DA:116,5
DA:117,5
DA:118,14
DA:119,9
DA:120,9
DA:121,9
DA:126,3
DA:127,3
DA:129,9
DA:130,9
DA:131,9
DA:137,1
DA:141,0
LF:71
LH:58
BRDA:19,0,0,2
BRDA:19,0,1,22
BRDA:19,1,0,0
BRDA:19,1,1,22
BRDA:26,2,0,8
BRDA:26,2,1,8
BRDA:38,3,0,5
BRDA:47,4,0,0
BRDA:47,4,1,20
BRDA:46,5,0,1
BRDA:50,6,0,0
BRDA:50,6,1,12
BRDA:60,7,0,1
BRDA:61,8,0,0
BRDA:61,8,1,2
BRDA:72,9,0,0
BRDA:98,10,0,0
BRDA:98,10,1,0
BRDA:103,11,0,0
BRDA:110,12,0,5
BRDA:110,12,1,3
BRDA:118,13,0,5
BRF:22
BRH:14
end_of_record
TN:
SF:src/avl/AvlSet.ts
FN:14,(anonymous_0)
FN:17,(anonymous_1)
FN:23,(anonymous_2)
FN:27,(anonymous_3)
FN:33,(anonymous_4)
FN:51,(anonymous_5)
FN:62,(anonymous_6)
FN:68,(anonymous_7)
FN:72,(anonymous_8)
FN:76,(anonymous_9)
FN:85,(anonymous_10)
FN:89,(anonymous_11)
FN:93,(anonymous_12)
FN:100,(anonymous_13)
FN:107,(anonymous_14)
FN:109,(anonymous_15)
FN:117,(anonymous_16)
FN:120,(anonymous_17)
FN:128,(anonymous_18)
FN:129,(anonymous_19)
FN:132,(anonymous_20)
FN:133,(anonymous_21)
FNF:22
FNH:16
FNDA:22,(anonymous_0)
FNDA:42,(anonymous_1)
FNDA:10,(anonymous_2)
FNDA:7,(anonymous_3)
FNDA:23,(anonymous_4)
FNDA:25,(anonymous_5)
FNDA:4,(anonymous_6)
FNDA:0,(anonymous_7)
FNDA:21,(anonymous_8)
FNDA:8,(anonymous_9)
FNDA:0,(anonymous_10)
FNDA:0,(anonymous_11)
FNDA:0,(anonymous_12)
FNDA:7,(anonymous_13)
FNDA:5,(anonymous_14)
FNDA:14,(anonymous_15)
FNDA:3,(anonymous_16)
FNDA:9,(anonymous_17)
FNDA:1,(anonymous_18)
FNDA:1,(anonymous_19)
FNDA:0,(anonymous_20)
FNDA:0,(anonymous_21)
DA:1,1
DA:2,1
DA:3,1
DA:8,1
DA:9,22
DA:10,22
DA:11,22
DA:12,22
DA:13,22
DA:14,22
DA:17,42
DA:19,1
DA:20,10
DA:24,10
DA:28,7
DA:29,7
DA:30,7
DA:34,23
DA:35,23
DA:36,16
DA:37,16
DA:38,16
DA:39,16
DA:40,16
DA:41,24
DA:42,24
DA:43,24
DA:45,15
DA:46,15
DA:48,15
DA:52,25
DA:53,25
DA:54,25
DA:55,28
DA:56,28
DA:57,12
DA:59,9
DA:63,4
DA:64,4
DA:65,4
DA:69,0
DA:73,21
DA:77,8
DA:78,8
DA:79,6
DA:80,6
DA:81,6
DA:82,6
DA:86,0
DA:90,0
DA:94,0
DA:95,0
DA:96,0
DA:101,7
DA:102,7
DA:105,10
DA:108,5
DA:109,5
DA:110,14
DA:111,9
DA:112,9
DA:113,9
DA:118,3
DA:119,3
DA:121,9
DA:122,9
DA:123,9
DA:129,1
DA:133,0
LF:69
LH:62
BRDA:17,0,0,13
BRDA:17,0,1,29
BRDA:17,1,0,5
BRDA:17,1,1,24
BRDA:24,2,0,10
BRDA:24,2,1,9
BRDA:35,3,0,7
BRDA:44,4,0,0
BRDA:44,4,1,23
BRDA:43,5,0,1
BRDA:47,6,0,0
BRDA:47,6,1,15
BRDA:56,7,0,16
BRDA:57,8,0,6
BRDA:57,8,1,6
BRDA:64,9,0,0
BRDA:78,10,0,2
BRDA:90,11,0,0
BRDA:90,11,1,0
BRDA:95,12,0,0
BRDA:102,13,0,4
BRDA:102,13,1,3
BRDA:110,14,0,5
BRF:23
BRH:17
end_of_record
TN:
SF:src/avl/util.ts
FN:7,(anonymous_0)
FN:37,(anonymous_1)
FN:54,(anonymous_2)
FN:71,(anonymous_3)
FN:76,(anonymous_4)
FN:81,(anonymous_5)
FN:88,(anonymous_6)
FN:95,(anonymous_7)
FN:105,(anonymous_8)
FN:149,(anonymous_9)
FN:172,(anonymous_10)
FN:195,(anonymous_11)
FN:210,(anonymous_12)
FN:210,(anonymous_13)
FNF:14
FNH:14
FNDA:2357,(anonymous_0)
FNDA:342,(anonymous_1)
FNDA:841,(anonymous_2)
FNDA:107,(anonymous_3)
FNDA:86,(anonymous_4)
FNDA:966,(anonymous_5)
FNDA:399,(anonymous_6)
FNDA:1390,(anonymous_7)
FNDA:555,(anonymous_8)
FNDA:386,(anonymous_9)
FNDA:445,(anonymous_10)
FNDA:17402,(anonymous_11)
FNDA:8426,(anonymous_12)
FNDA:8508,(anonymous_13)
DA:1,4
DA:5,4
DA:7,4
DA:12,2357
DA:13,2357
DA:14,2192
DA:15,2192
DA:16,2192
DA:17,1558
DA:18,2192
DA:20,205
DA:23,1101
DA:25,886
DA:26,886
DA:27,206
DA:28,87
DA:30,680
DA:31,613
DA:37,4
DA:38,342
DA:39,342
DA:40,342
DA:41,342
DA:42,342
DA:43,342
DA:44,342
DA:45,342
DA:46,342
DA:47,342
DA:48,342
DA:49,342
DA:50,342
DA:51,342
DA:54,4
DA:55,841
DA:56,841
DA:57,841
DA:58,841
DA:59,841
DA:60,841
DA:61,841
DA:62,841
DA:63,841
DA:64,841
DA:65,841
DA:66,841
DA:67,841
DA:68,841
DA:71,4
DA:72,107
DA:73,107
DA:76,4
DA:77,86
DA:78,86
DA:81,4
DA:82,966
DA:83,966
DA:84,966
DA:85,966
DA:88,4
DA:89,399
DA:90,399
DA:91,399
DA:92,399
DA:95,4
DA:96,1390
DA:97,1334
DA:98,1334
DA:99,1334
DA:100,1334
DA:101,6246
DA:102,1334
DA:105,4
DA:106,555
DA:107,555
DA:108,555
DA:109,555
DA:110,555
DA:111,555
DA:112,213
DA:113,213
DA:114,92
DA:115,92
DA:116,92
DA:117,92
DA:118,92
DA:119,92
DA:120,13
DA:121,13
DA:122,13
DA:123,6
DA:124,6
DA:126,121
DA:127,121
DA:128,184
DA:129,121
DA:130,121
DA:131,121
DA:132,121
DA:133,121
DA:134,121
DA:135,121
DA:136,121
DA:137,121
DA:138,121
DA:139,121
DA:140,121
DA:143,342
DA:144,342
DA:145,342
DA:146,310
DA:149,4
DA:150,386
DA:151,386
DA:152,386
DA:153,386
DA:154,386
DA:155,168
DA:156,48
DA:157,48
DA:158,31
DA:159,31
DA:160,31
DA:162,17
DA:163,17
DA:164,17
DA:167,168
DA:168,168
DA:169,132
DA:172,4
DA:173,445
DA:174,445
DA:175,445
DA:176,445
DA:177,445
DA:178,232
DA:179,50
DA:180,50
DA:181,30
DA:182,30
DA:183,30
DA:185,20
DA:186,20
DA:187,20
DA:190,232
DA:191,232
DA:192,189
DA:195,4
DA:196,17402
DA:197,17402
DA:199,17402
DA:204,17402
DA:205,17402
DA:206,17402
DA:210,8508
LF:155
LH:155
BRDA:13,0,0,165
BRDA:16,1,0,634
BRDA:16,1,1,1558
BRDA:18,2,0,205
BRDA:18,2,1,334
BRDA:18,2,2,1101
BRDA:18,2,3,886
BRDA:26,3,0,206
BRDA:26,3,1,680
BRDA:27,4,0,119
BRDA:27,4,1,87
BRDA:27,5,0,110
BRDA:27,5,1,9
BRDA:28,6,0,80
BRDA:28,6,1,7
BRDA:30,7,0,67
BRDA:30,7,1,613
BRDA:30,8,0,65
BRDA:30,8,1,2
BRDA:31,9,0,535
BRDA:31,9,1,78
BRDA:44,10,0,342
BRDA:44,10,1,119
BRDA:45,11,0,342
BRDA:45,11,1,318
BRDA:45,12,0,152
BRDA:45,12,1,166
BRDA:48,13,0,251
BRDA:48,13,1,91
BRDA:49,14,0,26
BRDA:49,14,1,316
BRDA:61,15,0,841
BRDA:61,15,1,331
BRDA:62,16,0,841
BRDA:62,16,1,746
BRDA:62,17,0,177
BRDA:62,17,1,569
BRDA:65,18,0,736
BRDA:65,18,1,105
BRDA:66,19,0,30
BRDA:66,19,1,811
BRDA:85,20,0,67
BRDA:85,20,1,899
BRDA:92,21,0,42
BRDA:92,21,1,357
BRDA:96,22,0,56
BRDA:101,23,0,2427
BRDA:101,23,1,5153
BRDA:102,24,0,399
BRDA:102,24,1,935
BRDA:106,25,0,0
BRDA:111,26,0,213
BRDA:111,27,0,555
BRDA:111,27,1,252
BRDA:113,28,0,92
BRDA:113,28,1,121
BRDA:114,29,0,92
BRDA:114,29,1,79
BRDA:114,30,0,35
BRDA:114,30,1,44
BRDA:119,31,0,79
BRDA:122,32,0,7
BRDA:124,33,0,2
BRDA:124,33,1,4
BRDA:132,34,0,121
BRDA:132,34,1,85
BRDA:132,35,0,40
BRDA:132,35,1,45
BRDA:136,36,0,121
BRDA:136,36,1,121
BRDA:138,37,0,121
BRDA:138,37,1,121
BRDA:138,38,0,0
BRDA:138,38,1,121
BRDA:139,39,0,121
BRDA:139,39,1,17
BRDA:140,40,0,85
BRDA:140,40,1,36
BRDA:143,41,0,342
BRDA:143,41,1,303
BRDA:144,42,0,342
BRDA:144,42,1,89
BRDA:145,43,0,32
BRDA:146,44,0,157
BRDA:146,44,1,153
BRDA:154,45,0,218
BRDA:155,46,0,48
BRDA:157,47,0,31
BRDA:157,47,1,17
BRDA:158,48,0,13
BRDA:158,49,0,31
BRDA:158,49,1,22
BRDA:168,50,0,36
BRDA:169,51,0,61
BRDA:169,51,1,71
BRDA:177,52,0,213
BRDA:178,53,0,50
BRDA:180,54,0,30
BRDA:180,54,1,20
BRDA:181,55,0,14
BRDA:181,56,0,30
BRDA:181,56,1,22
BRDA:191,57,0,43
BRDA:192,58,0,89
BRDA:192,58,1,100
BRDA:195,59,0,468
BRDA:196,60,0,0
BRDA:199,61,0,0
BRDA:199,61,1,17402
BRDA:199,62,0,17402
BRDA:199,62,1,17402
BRDA:199,62,2,0
BRDA:201,63,0,0
BRDA:201,63,1,17402
BRDA:201,64,0,17402
BRDA:201,64,1,17402
BRDA:204,65,0,17402
BRDA:204,65,1,0
BRDA:205,66,0,4205
BRDA:205,66,1,13197
BRDA:210,67,0,8426
BRDA:210,67,1,8976
BRDA:210,68,0,8508
BRDA:210,68,1,8894
BRF:124
BRH:117
end_of_record
TN:
SF:src/print/printBinary.ts
FN:3,(anonymous_0)
FNF:1
FNH:1
FNDA:17408,(anonymous_0)
DA:3,7
DA:4,17408
DA:5,17408
DA:6,17408
DA:7,17408
DA:8,17408
LF:6
LH:6
BRDA:3,0,0,0
BRDA:6,1,0,8431
BRDA:7,2,0,8513
BRF:3
BRH:2
end_of_record
TN:
SF:src/print/printTree.ts
FN:3,(anonymous_0)
FNF:1
FNH:1
FNDA:7,(anonymous_0)
DA:3,7
DA:4,7
DA:5,7
DA:6,7
DA:7,10
DA:8,10
DA:9,10
DA:10,10
DA:11,10
DA:12,10
DA:14,7
LF:11
LH:11
BRDA:3,0,0,0
BRDA:9,1,0,0
BRDA:10,2,0,7
BRDA:10,2,1,3
BRDA:11,3,0,10
BRDA:11,3,1,0
BRDA:11,4,0,7
BRDA:11,4,1,3
BRF:8
BRH:5
end_of_record
TN:
SF:src/radix/RadixTree.ts
FN:8,(anonymous_0)
FN:12,(anonymous_1)
FN:16,(anonymous_2)
FN:21,(anonymous_3)
FNF:4
FNH:4
FNDA:19,(anonymous_0)
FNDA:54,(anonymous_1)
FNDA:29,(anonymous_2)
FNDA:11,(anonymous_3)
DA:2,1
DA:3,1
DA:5,1
DA:6,19
DA:9,19
DA:13,54
DA:17,29
DA:18,29
DA:22,11
DA:23,11
DA:24,11
LF:11
LH:11
BRDA:18,0,0,29
BRDA:18,0,1,25
BRDA:23,1,0,8
BRF:3
BRH:3
end_of_record
TN:
SF:src/radix/radix.ts
FN:7,(anonymous_0)
FN:20,(anonymous_1)
FN:84,(anonymous_2)
FN:90,(anonymous_3)
FN:113,(anonymous_4)
FN:119,(anonymous_5)
FN:142,(anonymous_6)
FN:164,(anonymous_7)
FN:179,(anonymous_8)
FN:192,(anonymous_9)
FN:196,(anonymous_10)
FN:197,(anonymous_11)
FN:197,(anonymous_12)
FNF:13
FNH:8
FNDA:62,(anonymous_0)
FNDA:78,(anonymous_1)
FNDA:29,(anonymous_2)
FNDA:89,(anonymous_3)
FNDA:11,(anonymous_4)
FNDA:48,(anonymous_5)
FNDA:11,(anonymous_6)
FNDA:48,(anonymous_7)
FNDA:0,(anonymous_8)
FNDA:0,(anonymous_9)
FNDA:0,(anonymous_10)
FNDA:0,(anonymous_11)
FNDA:0,(anonymous_12)
DA:1,2
DA:2,2
DA:3,2
DA:5,2
DA:7,2
DA:8,62
DA:9,62
DA:10,62
DA:11,62
DA:20,2
DA:21,78
DA:22,78
DA:23,78
DA:24,128
DA:25,128
DA:26,31
DA:27,31
DA:29,97
DA:30,97
DA:31,97
DA:32,97
DA:33,142
DA:34,142
DA:35,142
DA:36,62
DA:37,62
DA:38,62
DA:39,62
DA:40,62
DA:41,6
DA:42,6
DA:44,56
DA:45,41
DA:46,41
DA:47,41
DA:49,15
DA:50,6
DA:51,6
DA:52,6
DA:53,6
DA:54,6
DA:55,6
DA:57,9
DA:58,9
DA:59,9
DA:60,9
DA:61,9
DA:62,9
DA:63,9
DA:64,9
DA:65,9
DA:68,80
DA:69,80
DA:70,52
DA:72,35
DA:73,35
DA:74,35
DA:75,21
DA:76,35
DA:78,0
DA:80,0
DA:84,2
DA:85,29
DA:86,29
DA:87,29
DA:88,29
DA:90,58
DA:91,89
DA:93,58
DA:94,55
DA:95,55
DA:96,55
DA:97,55
DA:98,55
DA:103,55
DA:104,54
DA:105,54
DA:106,29
DA:107,29
DA:109,0
DA:113,2
DA:114,11
DA:115,11
DA:116,11
DA:117,11
DA:118,11
DA:119,31
DA:120,48
DA:122,31
DA:123,30
DA:124,30
DA:125,30
DA:126,30
DA:127,30
DA:132,30
DA:133,29
DA:134,29
DA:135,29
DA:136,29
DA:137,20
DA:139,0
DA:142,2
DA:143,11
DA:144,0
DA:145,0
DA:146,0
DA:148,11
DA:149,11
DA:150,9
DA:151,9
DA:152,9
DA:153,9
DA:154,9
DA:155,9
DA:156,16
DA:157,16
DA:158,16
DA:159,8
DA:161,9
DA:164,2
DA:169,48
DA:170,48
DA:171,48
DA:172,48
DA:173,48
DA:174,38
DA:176,20
DA:179,2
DA:180,0
DA:182,0
DA:191,0
DA:192,0
DA:193,0
DA:196,0
DA:197,0
LF:135
LH:121
BRDA:10,0,0,157
BRDA:10,0,1,104
BRDA:25,1,0,31
BRDA:35,2,0,62
BRDA:39,3,0,62
BRDA:39,3,1,47
BRDA:40,4,0,6
BRDA:44,5,0,41
BRDA:49,6,0,6
BRDA:57,7,0,9
BRDA:69,8,0,28
BRDA:69,8,1,52
BRDA:72,9,0,35
BRDA:74,10,0,14
BRDA:74,10,1,21
BRDA:85,11,0,0
BRDA:91,12,0,27
BRDA:91,12,1,62
BRDA:93,13,0,3
BRDA:100,14,0,215
BRDA:100,14,1,161
BRDA:103,15,0,1
BRDA:105,16,0,25
BRDA:106,17,0,0
BRDA:114,18,0,0
BRDA:120,19,0,18
BRDA:120,19,1,30
BRDA:122,20,0,1
BRDA:129,21,0,61
BRDA:129,21,1,32
BRDA:132,22,0,1
BRDA:134,23,0,0
BRDA:136,24,0,9
BRDA:143,25,0,0
BRDA:149,26,0,2
BRDA:158,27,0,8
BRDA:158,28,0,16
BRDA:158,28,1,15
BRDA:166,29,0,10
BRDA:167,30,0,10
BRDA:169,31,0,0
BRDA:171,32,0,36
BRDA:173,33,0,28
BRDA:179,34,0,0
BRDA:180,35,0,0
BRDA:180,35,1,0
BRDA:180,35,2,0
BRDA:182,36,0,0
BRDA:182,36,1,0
BRDA:182,37,0,0
BRDA:182,37,1,0
BRDA:183,38,0,0
BRDA:183,38,1,0
BRDA:185,39,0,0
BRDA:185,39,1,0
BRDA:188,40,0,0
BRDA:188,40,1,0
BRDA:194,41,0,0
BRDA:194,41,1,0
BRDA:196,42,0,0
BRDA:196,42,1,0
BRF:61
BRH:37
end_of_record
TN:
SF:src/red-black/RbMap.ts
FN:14,(anonymous_0)
FN:20,(anonymous_1)
FN:26,(anonymous_2)
FN:30,(anonymous_3)
FN:36,(anonymous_4)
FN:54,(anonymous_5)
FN:65,(anonymous_6)
FN:69,(anonymous_7)
FN:73,(anonymous_8)
FN:77,(anonymous_9)
FN:85,(anonymous_10)
FN:86,(anonymous_11)
FNF:12
FNH:8
FNDA:5,(anonymous_0)
FNDA:12,(anonymous_1)
FNDA:1,(anonymous_2)
FNDA:1,(anonymous_3)
FNDA:6,(anonymous_4)
FNDA:1,(anonymous_5)
FNDA:1,(anonymous_6)
FNDA:0,(anonymous_7)
FNDA:0,(anonymous_8)
FNDA:1,(anonymous_9)
FNDA:0,(anonymous_10)
FNDA:0,(anonymous_11)
DA:1,1
DA:2,1
DA:3,1
DA:9,1
DA:10,5
DA:11,5
DA:12,5
DA:13,5
DA:15,5
DA:16,5
DA:20,12
DA:22,1
DA:23,1
DA:27,1
DA:31,1
DA:32,1
DA:33,1
DA:37,6
DA:38,6
DA:39,5
DA:40,5
DA:41,5
DA:42,5
DA:43,5
DA:44,9
DA:45,9
DA:46,9
DA:48,4
DA:49,4
DA:51,4
DA:55,1
DA:56,1
DA:57,1
DA:58,3
DA:59,3
DA:60,2
DA:62,0
DA:66,1
DA:70,0
DA:74,0
DA:78,1
DA:79,1
DA:80,1
DA:81,5
DA:86,0
LF:45
LH:41
BRDA:20,0,0,2
BRDA:20,0,1,10
BRDA:20,1,0,0
BRDA:20,1,1,10
BRDA:27,2,0,1
BRDA:27,2,1,1
BRDA:38,3,0,1
BRDA:47,4,0,0
BRDA:47,4,1,8
BRDA:46,5,0,1
BRDA:50,6,0,0
BRDA:50,6,1,4
BRDA:59,7,0,1
BRDA:60,8,0,0
BRDA:60,8,1,2
BRDA:74,9,0,0
BRDA:74,9,1,0
BRDA:79,10,0,0
BRF:18
BRH:11
end_of_record
TN:
SF:src/red-black/util.ts
FN:7,(anonymous_0)
FN:17,(anonymous_1)
FN:26,(anonymous_2)
FN:35,(anonymous_3)
FN:54,(anonymous_4)
FN:73,(anonymous_5)
FN:85,(anonymous_6)
FN:96,(anonymous_7)
FN:107,(anonymous_8)
FN:111,(anonymous_9)
FN:120,(anonymous_10)
FN:120,(anonymous_11)
FNF:12
FNH:8
FNDA:404,(anonymous_0)
FNDA:197,(anonymous_1)
FNDA:203,(anonymous_2)
FNDA:266,(anonymous_3)
FNDA:258,(anonymous_4)
FNDA:269,(anonymous_5)
FNDA:147,(anonymous_6)
FNDA:146,(anonymous_7)
FNDA:0,(anonymous_8)
FNDA:0,(anonymous_9)
FNDA:0,(anonymous_10)
FNDA:0,(anonymous_11)
DA:1,2
DA:5,2
DA:7,2
DA:8,404
DA:9,396
DA:10,396
DA:11,396
DA:12,396
DA:13,2405
DA:14,396
DA:17,2
DA:18,197
DA:19,197
DA:20,197
DA:21,197
DA:22,160
DA:23,160
DA:26,2
DA:27,203
DA:28,203
DA:29,203
DA:30,203
DA:31,159
DA:32,159
DA:35,2
DA:36,266
DA:37,266
DA:38,266
DA:39,126
DA:40,126
DA:41,126
DA:42,18
DA:43,18
DA:44,18
DA:45,18
DA:47,108
DA:48,108
DA:49,108
DA:51,140
DA:54,2
DA:55,258
DA:56,258
DA:57,258
DA:58,129
DA:59,129
DA:60,129
DA:61,20
DA:62,20
DA:63,20
DA:64,20
DA:66,109
DA:67,109
DA:68,109
DA:70,129
DA:73,2
DA:74,269
DA:75,269
DA:76,269
DA:77,269
DA:78,269
DA:79,252
DA:80,205
DA:81,205
DA:82,205
DA:85,2
DA:86,147
DA:87,147
DA:88,147
DA:89,147
DA:90,147
DA:91,147
DA:92,147
DA:93,147
DA:96,2
DA:97,146
DA:98,146
DA:99,146
DA:100,146
DA:101,146
DA:102,146
DA:103,146
DA:104,146
DA:107,2
DA:108,0
DA:111,2
DA:112,0
DA:113,0
DA:114,0
DA:115,0
DA:116,0
DA:120,0
LF:91
LH:84
BRDA:8,0,0,8
BRDA:13,1,0,1372
BRDA:13,1,1,1429
BRDA:14,2,0,203
BRDA:14,2,1,193
BRDA:21,3,0,37
BRDA:21,4,0,197
BRDA:21,4,1,160
BRDA:23,5,0,141
BRDA:23,5,1,19
BRDA:30,6,0,44
BRDA:30,7,0,203
BRDA:30,7,1,159
BRDA:32,8,0,146
BRDA:32,8,1,13
BRDA:36,9,0,39
BRDA:36,9,1,227
BRDA:37,10,0,266
BRDA:37,10,1,190
BRDA:38,11,0,126
BRDA:41,12,0,18
BRDA:55,13,0,213
BRDA:55,13,1,45
BRDA:56,14,0,258
BRDA:56,14,1,178
BRDA:57,15,0,129
BRDA:60,16,0,20
BRDA:76,17,0,269
BRDA:78,18,0,17
BRDA:79,19,0,47
BRDA:81,20,0,0
BRDA:82,21,0,99
BRDA:82,21,1,106
BRDA:92,22,0,147
BRDA:92,22,1,53
BRDA:93,23,0,147
BRDA:93,23,1,138
BRDA:93,24,0,100
BRDA:93,24,1,38
BRDA:103,25,0,146
BRDA:103,25,1,54
BRDA:104,26,0,146
BRDA:104,26,1,140
BRDA:104,27,0,35
BRDA:104,27,1,105
BRDA:111,28,0,0
BRDA:112,29,0,0
BRDA:114,30,0,0
BRDA:114,30,1,0
BRDA:115,31,0,0
BRDA:115,31,1,0
BRDA:120,32,0,0
BRDA:120,32,1,0
BRDA:120,33,0,0
BRDA:120,33,1,0
BRF:55
BRH:44
end_of_record
TN:
SF:src/splay/util.ts
FN:3,(anonymous_0)
FN:31,(anonymous_1)
FN:40,(anonymous_2)
FN:49,(anonymous_3)
FN:68,(anonymous_4)
FN:87,(anonymous_5)
FN:106,(anonymous_6)
FNF:7
FNH:5
FNDA:11,(anonymous_0)
FNDA:0,(anonymous_1)
FNDA:2,(anonymous_2)
FNDA:1,(anonymous_3)
FNDA:0,(anonymous_4)
FNDA:2,(anonymous_5)
FNDA:1,(anonymous_6)
DA:3,2
DA:4,11
DA:5,11
DA:6,6
DA:7,6
DA:8,6
DA:9,2
DA:10,2
DA:11,2
DA:13,4
DA:14,4
DA:15,2
DA:16,0
DA:18,2
DA:21,2
DA:22,1
DA:24,1
DA:27,4
DA:28,0
DA:31,2
DA:32,0
DA:33,0
DA:34,0
DA:35,0
DA:36,0
DA:37,0
DA:40,2
DA:41,2
DA:42,2
DA:43,2
DA:44,2
DA:45,2
DA:46,2
DA:49,2
DA:50,1
DA:51,1
DA:52,1
DA:53,1
DA:54,1
DA:55,1
DA:56,1
DA:57,1
DA:58,1
DA:59,1
DA:60,1
DA:61,1
DA:62,1
DA:63,0
DA:64,0
DA:65,1
DA:68,2
DA:69,0
DA:70,0
DA:71,0
DA:72,0
DA:73,0
DA:74,0
DA:75,0
DA:76,0
DA:77,0
DA:78,0
DA:79,0
DA:80,0
DA:81,0
DA:82,0
DA:83,0
DA:84,0
DA:87,2
DA:88,2
DA:89,2
DA:90,2
DA:91,2
DA:92,2
DA:93,2
DA:94,2
DA:95,2
DA:96,2
DA:97,2
DA:98,2
DA:99,2
DA:100,2
DA:101,0
DA:102,0
DA:103,2
DA:106,2
DA:107,1
DA:108,1
DA:109,1
DA:110,1
DA:111,1
DA:112,1
DA:113,1
DA:114,1
DA:115,1
DA:116,1
DA:117,1
DA:118,1
DA:119,1
DA:120,0
DA:121,0
DA:122,1
LF:101
LH:71
BRDA:5,0,0,5
BRDA:8,1,0,2
BRDA:9,2,0,0
BRDA:9,2,1,2
BRDA:14,3,0,2
BRDA:14,3,1,2
BRDA:15,4,0,0
BRDA:15,4,1,2
BRDA:21,5,0,1
BRDA:21,5,1,1
BRDA:27,6,0,4
BRDA:37,7,0,0
BRDA:46,8,0,0
BRDA:60,9,0,1
BRDA:61,10,0,0
BRDA:62,11,0,1
BRDA:62,11,1,0
BRDA:63,12,0,0
BRDA:63,12,1,0
BRDA:79,13,0,0
BRDA:80,14,0,0
BRDA:81,15,0,0
BRDA:81,15,1,0
BRDA:82,16,0,0
BRDA:82,16,1,0
BRDA:98,17,0,0
BRDA:99,18,0,0
BRDA:100,19,0,2
BRDA:100,19,1,0
BRDA:101,20,0,0
BRDA:101,20,1,0
BRDA:117,21,0,0
BRDA:118,22,0,0
BRDA:119,23,0,1
BRDA:119,23,1,0
BRDA:120,24,0,0
BRDA:120,24,1,0
BRF:37
BRH:13
end_of_record
TN:
SF:src/trie/TrieNode.ts
FN:12,(anonymous_0)
FN:17,(anonymous_1)
FN:27,(anonymous_2)
FN:31,(anonymous_3)
FNF:4
FNH:3
FNDA:103,(anonymous_0)
FNDA:1,(anonymous_1)
FNDA:10,(anonymous_2)
FNDA:0,(anonymous_3)
DA:1,2
DA:2,2
DA:6,2
DA:7,103
DA:8,103
DA:9,103
DA:10,103
DA:13,103
DA:14,103
DA:18,1
DA:19,1
DA:20,1
DA:21,2
DA:22,2
DA:23,2
DA:28,10
DA:32,0
LF:17
LH:16
BRDA:31,0,0,0
BRF:1
BRH:0
end_of_record
