TN:
SF:src/Tree.ts
FN:7,(anonymous_0)
FN:9,(anonymous_1)
FN:14,(anonymous_2)
FN:23,(anonymous_3)
FN:28,(anonymous_4)
FN:32,(anonymous_5)
FN:36,(anonymous_6)
FN:39,(anonymous_7)
FN:47,(anonymous_8)
FN:50,(anonymous_9)
FN:52,(anonymous_10)
FN:59,(anonymous_11)
FN:62,(anonymous_12)
FNF:13
FNH:5
FNDA:26,(anonymous_0)
FNDA:2,(anonymous_1)
FNDA:6,(anonymous_2)
FNDA:0,(anonymous_3)
FNDA:3,(anonymous_4)
FNDA:11,(anonymous_5)
FNDA:0,(anonymous_6)
FNDA:0,(anonymous_7)
FNDA:0,(anonymous_8)
FNDA:0,(anonymous_9)
FNDA:0,(anonymous_10)
FNDA:0,(anonymous_11)
FNDA:0,(anonymous_12)
DA:2,2
DA:3,2
DA:4,2
DA:5,2
DA:6,2
DA:7,26
DA:10,2
DA:11,2
DA:12,2
DA:15,6
DA:16,6
DA:17,6
DA:18,6
DA:24,0
DA:25,0
DA:26,0
DA:29,3
DA:30,3
DA:33,11
DA:34,11
DA:37,0
DA:40,0
DA:41,0
DA:42,0
DA:43,0
DA:44,0
DA:45,0
DA:48,0
DA:51,0
DA:52,0
DA:53,0
DA:54,0
DA:55,0
DA:56,0
DA:60,0
DA:63,0
DA:64,0
DA:65,0
DA:66,0
DA:67,0
DA:68,0
DA:71,2
LF:42
LH:18
BRDA:9,0,0,2
BRDA:30,1,0,3
BRDA:30,1,1,0
BRDA:34,2,0,11
BRDA:34,2,1,0
BRDA:41,3,0,0
BRDA:41,3,1,0
BRDA:54,4,0,0
BRDA:54,4,1,0
BRDA:56,5,0,0
BRDA:56,5,1,0
BRDA:59,6,0,0
BRDA:60,7,0,0
BRDA:60,7,1,0
BRDA:63,8,0,0
BRDA:63,8,1,0
BRDA:63,9,0,0
BRDA:63,9,1,0
BRDA:64,10,0,0
BRDA:64,10,1,0
BRDA:66,11,0,0
BRDA:66,11,1,0
BRF:22
BRH:3
end_of_record
TN:
SF:src/TreeNode.ts
FN:5,(anonymous_0)
FNF:1
FNH:1
FNDA:45,(anonymous_0)
DA:2,2
DA:3,2
DA:6,45
DA:7,45
DA:8,45
DA:9,45
DA:10,45
DA:13,2
LF:8
LH:8
BRF:0
BRH:0
end_of_record
TN:
SF:src/SortedMap/SortedMap.ts
FN:12,(anonymous_0)
FN:36,(anonymous_1)
FN:47,(anonymous_2)
FN:56,(anonymous_3)
FN:62,(anonymous_4)
FN:81,(anonymous_5)
FN:98,(anonymous_6)
FN:117,(anonymous_7)
FN:134,(anonymous_8)
FN:216,(anonymous_9)
FN:262,(anonymous_10)
FN:377,(anonymous_11)
FN:485,(anonymous_12)
FN:509,(anonymous_13)
FN:539,(anonymous_14)
FN:551,(anonymous_15)
FN:560,(anonymous_16)
FN:586,(anonymous_17)
FN:589,traversal
FN:596,(anonymous_19)
FN:599,(anonymous_20)
FN:602,(anonymous_21)
FN:605,(anonymous_22)
FN:608,(anonymous_23)
FN:614,(anonymous_24)
FN:620,(anonymous_25)
FN:624,(anonymous_26)
FN:628,(anonymous_27)
FN:632,(anonymous_28)
FN:648,(anonymous_29)
FN:651,(anonymous_30)
FN:663,(anonymous_31)
FN:667,(anonymous_32)
FN:670,(anonymous_33)
FN:675,(anonymous_34)
FN:678,(anonymous_35)
FN:681,(anonymous_36)
FN:687,(anonymous_37)
FN:690,(anonymous_38)
FN:693,(anonymous_39)
FN:696,(anonymous_40)
FN:700,(anonymous_41)
FN:712,(anonymous_42)
FN:716,(anonymous_43)
FN:720,(anonymous_44)
FN:730,(anonymous_45)
FN:741,(anonymous_46)
FN:745,(anonymous_47)
FN:746,(anonymous_48)
FNF:49
FNH:12
FNDA:3,(anonymous_0)
FNDA:9516,(anonymous_1)
FNDA:0,(anonymous_2)
FNDA:0,(anonymous_3)
FNDA:0,(anonymous_4)
FNDA:0,(anonymous_5)
FNDA:0,(anonymous_6)
FNDA:0,(anonymous_7)
FNDA:397,(anonymous_8)
FNDA:399,(anonymous_9)
FNDA:398,(anonymous_10)
FNDA:401,(anonymous_11)
FNDA:1703,(anonymous_12)
FNDA:0,(anonymous_13)
FNDA:0,(anonymous_14)
FNDA:702,(anonymous_15)
FNDA:0,(anonymous_16)
FNDA:0,(anonymous_17)
FNDA:0,traversal
FNDA:0,(anonymous_19)
FNDA:0,(anonymous_20)
FNDA:0,(anonymous_21)
FNDA:0,(anonymous_22)
FNDA:0,(anonymous_23)
FNDA:0,(anonymous_24)
FNDA:0,(anonymous_25)
FNDA:0,(anonymous_26)
FNDA:0,(anonymous_27)
FNDA:0,(anonymous_28)
FNDA:401,(anonymous_29)
FNDA:0,(anonymous_30)
FNDA:1001,(anonymous_31)
FNDA:0,(anonymous_32)
FNDA:0,(anonymous_33)
FNDA:0,(anonymous_34)
FNDA:0,(anonymous_35)
FNDA:2,(anonymous_36)
FNDA:0,(anonymous_37)
FNDA:305,(anonymous_38)
FNDA:0,(anonymous_39)
FNDA:0,(anonymous_40)
FNDA:0,(anonymous_41)
FNDA:0,(anonymous_42)
FNDA:0,(anonymous_43)
FNDA:0,(anonymous_44)
FNDA:0,(anonymous_45)
FNDA:0,(anonymous_46)
FNDA:0,(anonymous_47)
FNDA:0,(anonymous_48)
DA:2,1
DA:3,1
DA:4,1
DA:5,1
DA:6,1
DA:7,1
DA:8,1
DA:9,1
DA:10,1
DA:16,3
DA:21,3
DA:25,3
DA:29,3
DA:33,3
DA:34,3
DA:35,3
DA:36,9516
DA:37,3
DA:38,3
DA:39,3
DA:48,0
DA:57,0
DA:63,0
DA:64,0
DA:65,0
DA:66,0
DA:67,0
DA:69,0
DA:70,0
DA:71,0
DA:74,0
DA:76,0
DA:82,0
DA:83,0
DA:84,0
DA:85,0
DA:86,0
DA:89,0
DA:90,0
DA:93,0
DA:99,0
DA:100,0
DA:101,0
DA:102,0
DA:103,0
DA:104,0
DA:106,0
DA:107,0
DA:110,0
DA:112,0
DA:118,0
DA:119,0
DA:120,0
DA:121,0
DA:122,0
DA:123,0
DA:126,0
DA:129,0
DA:135,397
DA:136,841
DA:137,841
DA:138,13
DA:139,828
DA:140,346
DA:141,346
DA:143,482
DA:144,306
DA:145,306
DA:146,80
DA:147,80
DA:148,80
DA:149,4
DA:152,76
DA:155,226
DA:156,23
DA:157,23
DA:158,23
DA:159,23
DA:160,6
DA:163,17
DA:164,23
DA:166,203
DA:167,5
DA:168,5
DA:169,5
DA:172,198
DA:173,198
DA:178,176
DA:179,176
DA:180,42
DA:181,42
DA:182,42
DA:183,0
DA:186,42
DA:189,134
DA:190,15
DA:191,15
DA:192,15
DA:193,15
DA:194,1
DA:197,14
DA:198,15
DA:200,119
DA:201,4
DA:202,4
DA:203,4
DA:206,115
DA:207,115
DA:217,399
DA:218,2
DA:219,2
DA:221,397
DA:222,397
DA:223,308
DA:224,252
DA:225,252
DA:226,395
DA:229,56
DA:231,308
DA:232,308
DA:233,308
DA:234,308
DA:235,308
DA:236,308
DA:237,308
DA:239,397
DA:240,57
DA:242,340
DA:243,10
DA:245,397
DA:246,397
DA:247,397
DA:248,202
DA:251,195
DA:252,397
DA:253,397
DA:254,397
DA:255,0
DA:256,0
DA:257,0
DA:263,398
DA:264,698
DA:265,698
DA:266,82
DA:267,616
DA:268,616
DA:269,228
DA:270,228
DA:271,118
DA:272,118
DA:273,8
DA:274,110
DA:275,110
DA:276,110
DA:278,110
DA:279,15
DA:280,15
DA:281,4
DA:283,15
DA:284,4
DA:286,15
DA:287,15
DA:288,15
DA:289,15
DA:290,15
DA:291,0
DA:292,0
DA:295,15
DA:296,15
DA:297,9
DA:300,6
DA:302,15
DA:303,15
DA:304,15
DA:305,15
DA:308,95
DA:309,95
DA:310,2
DA:313,93
DA:314,95
DA:315,95
DA:319,388
DA:320,388
DA:321,195
DA:322,195
DA:323,5
DA:324,190
DA:325,190
DA:326,190
DA:328,193
DA:329,7
DA:330,7
DA:331,1
DA:333,7
DA:334,1
DA:336,7
DA:337,7
DA:338,7
DA:339,7
DA:340,7
DA:341,0
DA:342,0
DA:345,7
DA:346,7
DA:347,2
DA:350,5
DA:352,7
DA:353,7
DA:354,7
DA:355,7
DA:358,186
DA:359,186
DA:360,6
DA:363,180
DA:364,186
DA:365,186
DA:368,22
DA:369,0
DA:370,0
DA:371,0
DA:373,22
DA:378,401
DA:379,3
DA:380,3
DA:381,3
DA:382,3
DA:383,3
DA:386,398
DA:387,398
DA:388,398
DA:389,0
DA:390,0
DA:392,398
DA:393,105
DA:394,105
DA:395,105
DA:396,105
DA:399,293
DA:400,293
DA:401,293
DA:402,0
DA:403,0
DA:405,293
DA:406,203
DA:407,203
DA:408,203
DA:409,203
DA:412,90
DA:413,0
DA:414,0
DA:415,0
DA:416,0
DA:417,0
DA:418,0
DA:420,0
DA:421,0
DA:422,0
DA:423,0
DA:424,0
DA:425,0
DA:427,0
DA:428,0
DA:429,0
DA:430,0
DA:431,0
DA:434,0
DA:435,0
DA:441,90
DA:442,90
DA:443,90
DA:444,504
DA:445,504
DA:446,263
DA:447,44
DA:448,44
DA:449,44
DA:450,44
DA:452,219
DA:454,241
DA:455,241
DA:456,46
DA:457,46
DA:458,46
DA:459,46
DA:461,195
DA:464,0
DA:465,0
DA:471,398
DA:472,0
DA:473,0
DA:474,0
DA:475,0
DA:478,398
DA:479,398
DA:480,398
DA:486,1703
DA:487,8321
DA:488,8321
DA:489,3521
DA:491,4800
DA:492,3500
DA:495,1300
DA:497,403
DA:510,0
DA:511,0
DA:512,0
DA:514,0
DA:515,0
DA:516,0
DA:518,0
DA:519,0
DA:520,0
DA:521,0
DA:522,0
DA:524,0
DA:526,0
DA:527,0
DA:528,0
DA:529,0
DA:530,0
DA:532,0
DA:534,0
DA:535,0
DA:536,0
DA:537,0
DA:540,0
DA:552,702
DA:553,0
DA:554,702
DA:555,702
DA:556,303
DA:557,399
DA:558,399
DA:561,0
DA:562,0
DA:563,0
DA:565,0
DA:566,0
DA:568,0
DA:570,0
DA:571,0
DA:576,0
DA:577,0
DA:579,0
DA:580,0
DA:587,0
DA:588,0
DA:590,0
DA:591,0
DA:592,0
DA:594,0
DA:597,0
DA:600,0
DA:603,0
DA:606,0
DA:609,0
DA:610,0
DA:611,0
DA:612,0
DA:615,0
DA:616,0
DA:617,0
DA:618,0
DA:621,0
DA:622,0
DA:625,0
DA:626,0
DA:629,0
DA:630,0
DA:633,0
DA:634,0
DA:649,401
DA:652,0
DA:664,1001
DA:665,1001
DA:668,0
DA:671,0
DA:676,0
DA:679,0
DA:682,2
DA:683,2
DA:684,2
DA:685,2
DA:688,0
DA:691,305
DA:694,0
DA:698,0
DA:705,0
DA:714,0
DA:718,0
DA:721,0
DA:731,0
DA:743,0
DA:746,0
DA:749,1
LF:395
LH:240
BRDA:12,0,0,3
BRDA:36,1,0,3
BRDA:36,1,1,3
BRDA:36,2,0,1300
BRDA:36,2,1,8216
BRDA:36,3,0,4258
BRDA:36,3,1,3958
BRDA:38,4,0,0
BRDA:38,4,1,3
BRDA:66,5,0,0
BRDA:66,5,1,0
BRDA:69,6,0,0
BRDA:69,6,1,0
BRDA:85,7,0,0
BRDA:85,7,1,0
BRDA:102,8,0,0
BRDA:102,8,1,0
BRDA:106,9,0,0
BRDA:106,9,1,0
BRDA:121,10,0,0
BRDA:121,10,1,0
BRDA:137,11,0,13
BRDA:137,11,1,828
BRDA:139,12,0,346
BRDA:139,12,1,482
BRDA:143,13,0,306
BRDA:143,13,1,176
BRDA:145,14,0,80
BRDA:145,14,1,226
BRDA:148,15,0,4
BRDA:148,15,1,76
BRDA:155,16,0,23
BRDA:155,16,1,203
BRDA:155,17,0,226
BRDA:155,17,1,110
BRDA:159,18,0,6
BRDA:159,18,1,17
BRDA:166,19,0,5
BRDA:166,19,1,198
BRDA:166,20,0,203
BRDA:166,20,1,91
BRDA:179,21,0,42
BRDA:179,21,1,134
BRDA:182,22,0,0
BRDA:182,22,1,42
BRDA:189,23,0,15
BRDA:189,23,1,119
BRDA:189,24,0,134
BRDA:189,24,1,63
BRDA:193,25,0,1
BRDA:193,25,1,14
BRDA:200,26,0,4
BRDA:200,26,1,115
BRDA:200,27,0,119
BRDA:200,27,1,50
BRDA:217,28,0,2
BRDA:217,28,1,397
BRDA:222,29,0,705
BRDA:222,29,1,506
BRDA:223,30,0,252
BRDA:223,30,1,56
BRDA:239,31,0,57
BRDA:239,31,1,340
BRDA:242,32,0,10
BRDA:242,32,1,330
BRDA:247,33,0,202
BRDA:247,33,1,195
BRDA:254,34,0,0
BRDA:254,34,1,397
BRDA:265,35,0,82
BRDA:265,35,1,616
BRDA:268,36,0,228
BRDA:268,36,1,388
BRDA:270,37,0,118
BRDA:270,37,1,110
BRDA:270,38,0,228
BRDA:270,38,1,165
BRDA:272,39,0,8
BRDA:272,39,1,110
BRDA:278,40,0,15
BRDA:278,40,1,95
BRDA:280,41,0,4
BRDA:280,41,1,11
BRDA:283,42,0,4
BRDA:283,42,1,11
BRDA:290,43,0,0
BRDA:290,43,1,15
BRDA:296,44,0,9
BRDA:296,44,1,6
BRDA:309,45,0,2
BRDA:309,45,1,93
BRDA:320,46,0,195
BRDA:320,46,1,193
BRDA:320,47,0,388
BRDA:320,47,1,277
BRDA:322,48,0,5
BRDA:322,48,1,190
BRDA:328,49,0,7
BRDA:328,49,1,186
BRDA:330,50,0,1
BRDA:330,50,1,6
BRDA:333,51,0,1
BRDA:333,51,1,6
BRDA:340,52,0,0
BRDA:340,52,1,7
BRDA:346,53,0,2
BRDA:346,53,1,5
BRDA:359,54,0,6
BRDA:359,54,1,180
BRDA:368,55,0,0
BRDA:368,55,1,22
BRDA:378,56,0,3
BRDA:378,56,1,398
BRDA:388,57,0,0
BRDA:388,57,1,398
BRDA:392,58,0,105
BRDA:392,58,1,293
BRDA:401,59,0,0
BRDA:401,59,1,293
BRDA:405,60,0,203
BRDA:405,60,1,90
BRDA:412,61,0,0
BRDA:412,61,1,90
BRDA:414,62,0,0
BRDA:414,62,1,0
BRDA:416,63,0,0
BRDA:416,63,1,0
BRDA:420,64,0,0
BRDA:420,64,1,0
BRDA:423,65,0,0
BRDA:423,65,1,0
BRDA:427,66,0,0
BRDA:427,66,1,0
BRDA:429,67,0,0
BRDA:429,67,1,0
BRDA:441,68,0,90
BRDA:441,68,1,0
BRDA:445,69,0,263
BRDA:445,69,1,241
BRDA:446,70,0,44
BRDA:446,70,1,219
BRDA:454,71,0,241
BRDA:454,71,1,0
BRDA:455,72,0,46
BRDA:455,72,1,195
BRDA:471,73,0,0
BRDA:471,73,1,398
BRDA:488,74,0,3521
BRDA:488,74,1,4800
BRDA:491,75,0,3500
BRDA:491,75,1,1300
BRDA:497,76,0,403
BRDA:497,76,1,403
BRDA:511,77,0,0
BRDA:511,77,1,0
BRDA:514,78,0,0
BRDA:514,78,1,0
BRDA:519,79,0,0
BRDA:519,79,1,0
BRDA:520,80,0,0
BRDA:520,80,1,0
BRDA:527,81,0,0
BRDA:527,81,1,0
BRDA:528,82,0,0
BRDA:528,82,1,0
BRDA:534,83,0,0
BRDA:534,83,1,0
BRDA:534,84,0,0
BRDA:534,84,1,0
BRDA:552,85,0,0
BRDA:552,85,1,702
BRDA:555,86,0,303
BRDA:555,86,1,399
BRDA:562,87,0,0
BRDA:562,87,1,0
BRDA:568,88,0,0
BRDA:568,88,1,0
BRDA:570,89,0,0
BRDA:570,89,1,0
BRDA:576,90,0,0
BRDA:576,90,1,0
BRDA:576,91,0,0
BRDA:576,91,1,0
BRDA:587,92,0,0
BRDA:587,92,1,0
BRDA:590,93,0,0
BRDA:590,93,1,0
BRDA:597,94,0,0
BRDA:597,94,1,0
BRDA:603,95,0,0
BRDA:603,95,1,0
BRDA:609,96,0,0
BRDA:609,96,1,0
BRDA:615,97,0,0
BRDA:615,97,1,0
BRF:195
BRH:120
end_of_record
TN:
SF:src/SortedMap/SortedMapIterator.ts
FN:6,(anonymous_0)
FN:11,(anonymous_1)
FN:18,(anonymous_2)
FN:27,(anonymous_3)
FN:34,(anonymous_4)
FN:53,(anonymous_5)
FN:78,(anonymous_6)
FN:81,(anonymous_7)
FN:84,(anonymous_8)
FNF:9
FNH:0
FNDA:0,(anonymous_0)
FNDA:0,(anonymous_1)
FNDA:0,(anonymous_2)
FNDA:0,(anonymous_3)
FNDA:0,(anonymous_4)
FNDA:0,(anonymous_5)
FNDA:0,(anonymous_6)
FNDA:0,(anonymous_7)
FNDA:0,(anonymous_8)
DA:2,1
DA:3,1
DA:4,1
DA:7,0
DA:8,0
DA:9,0
DA:10,0
DA:11,0
DA:12,0
DA:13,0
DA:15,0
DA:16,0
DA:18,0
DA:19,0
DA:20,0
DA:22,0
DA:23,0
DA:27,0
DA:28,0
DA:29,0
DA:31,0
DA:32,0
DA:34,0
DA:35,0
DA:36,0
DA:38,0
DA:39,0
DA:42,0
DA:54,0
DA:55,0
DA:56,0
DA:57,0
DA:58,0
DA:60,0
DA:62,0
DA:63,0
DA:64,0
DA:66,0
DA:67,0
DA:68,0
DA:69,0
DA:70,0
DA:71,0
DA:74,0
DA:76,0
DA:79,0
DA:82,0
DA:85,0
DA:88,1
LF:49
LH:4
BRDA:6,0,0,0
BRDA:10,1,0,0
BRDA:10,1,1,0
BRDA:12,2,0,0
BRDA:12,2,1,0
BRDA:19,3,0,0
BRDA:19,3,1,0
BRDA:28,4,0,0
BRDA:28,4,1,0
BRDA:35,5,0,0
BRDA:35,5,1,0
BRDA:56,6,0,0
BRDA:56,6,1,0
BRDA:57,7,0,0
BRDA:57,7,1,0
BRDA:63,8,0,0
BRDA:63,8,1,0
BRDA:68,9,0,0
BRDA:68,9,1,0
BRDA:70,10,0,0
BRDA:70,10,1,0
BRF:21
BRH:0
end_of_record
TN:
SF:src/SortedMap/SortedMapNode.ts
FN:5,(anonymous_0)
FN:13,(anonymous_1)
FN:35,(anonymous_2)
FN:55,(anonymous_3)
FN:73,(anonymous_4)
FN:94,(anonymous_5)
FN:98,(anonymous_6)
FN:104,(anonymous_7)
FN:110,(anonymous_8)
FNF:9
FNH:3
FNDA:404,(anonymous_0)
FNDA:0,(anonymous_1)
FNDA:0,(anonymous_2)
FNDA:293,(anonymous_3)
FNDA:157,(anonymous_4)
FNDA:0,(anonymous_5)
FNDA:0,(anonymous_6)
FNDA:0,(anonymous_7)
FNDA:0,(anonymous_8)
DA:2,1
DA:3,1
DA:6,404
DA:7,404
DA:8,404
DA:9,404
DA:10,404
DA:11,404
DA:14,0
DA:15,0
DA:16,0
DA:17,0
DA:18,0
DA:19,0
DA:20,0
DA:21,0
DA:24,0
DA:25,0
DA:26,0
DA:27,0
DA:28,0
DA:29,0
DA:31,0
DA:33,0
DA:36,0
DA:37,0
DA:38,0
DA:39,0
DA:40,0
DA:41,0
DA:44,0
DA:45,0
DA:46,0
DA:47,0
DA:49,0
DA:50,0
DA:52,0
DA:56,293
DA:57,293
DA:58,293
DA:59,293
DA:60,16
DA:61,277
DA:62,87
DA:64,190
DA:65,293
DA:66,293
DA:67,293
DA:68,293
DA:69,293
DA:70,177
DA:71,293
DA:74,157
DA:75,157
DA:76,157
DA:77,157
DA:78,3
DA:79,154
DA:80,105
DA:82,49
DA:83,157
DA:84,157
DA:85,157
DA:86,157
DA:87,157
DA:88,94
DA:89,157
DA:92,1
DA:95,0
DA:96,0
DA:99,0
DA:100,0
DA:101,0
DA:102,0
DA:105,0
DA:106,0
DA:107,0
DA:108,0
DA:111,0
DA:112,0
DA:113,0
DA:115,0
DA:116,0
DA:120,1
LF:84
LH:40
BRDA:5,0,0,401
BRDA:16,1,0,0
BRDA:16,1,1,0
BRDA:16,2,0,0
BRDA:16,2,1,0
BRDA:18,3,0,0
BRDA:18,3,1,0
BRDA:24,4,0,0
BRDA:24,4,1,0
BRDA:37,5,0,0
BRDA:37,5,1,0
BRDA:49,6,0,0
BRDA:49,6,1,0
BRDA:59,7,0,16
BRDA:59,7,1,277
BRDA:61,8,0,87
BRDA:61,8,1,190
BRDA:69,9,0,177
BRDA:69,9,1,116
BRDA:77,10,0,3
BRDA:77,10,1,154
BRDA:79,11,0,105
BRDA:79,11,1,49
BRDA:87,12,0,94
BRDA:87,12,1,63
BRDA:112,13,0,0
BRDA:112,13,1,0
BRDA:115,14,0,0
BRDA:115,14,1,0
BRF:29
BRH:13
end_of_record
TN:
SF:src/SortedMap/util.ts
FN:4,throwIteratorAccessError
FNF:1
FNH:0
FNDA:0,throwIteratorAccessError
DA:2,1
DA:3,1
DA:5,0
LF:3
LH:2
BRF:0
BRH:0
end_of_record
TN:
SF:src/__tests__/MapFuzzer.ts
FN:6,(anonymous_0)
FN:11,(anonymous_1)
FN:36,(anonymous_2)
FNF:3
FNH:3
FNDA:100,(anonymous_0)
FNDA:100000,(anonymous_1)
FNDA:1504637,(anonymous_2)
DA:2,2
DA:3,2
DA:4,2
DA:7,100
DA:8,100
DA:9,100
DA:12,100000
DA:13,100000
DA:14,100000
DA:15,100000
DA:16,250008
DA:17,250008
DA:18,250008
DA:19,250008
DA:20,250008
DA:22,100000
DA:23,1244739
DA:24,1244739
DA:25,1244739
DA:26,1244739
DA:27,1244739
DA:29,100000
DA:30,9890
DA:31,9890
DA:32,9890
DA:33,9890
DA:37,1504637
DA:38,1504637
DA:42,0
DA:43,0
DA:47,2
LF:31
LH:29
BRDA:12,0,0,49982
BRDA:12,0,1,50018
BRDA:13,1,0,49824
BRDA:13,1,1,50176
BRDA:29,2,0,9890
BRDA:29,2,1,90110
BRF:6
BRH:6
end_of_record
TN:
SF:src/__tests__/TraceReplay.ts
FN:6,(anonymous_0)
FN:11,(anonymous_1)
FN:38,(anonymous_2)
FNF:3
FNH:3
FNDA:5,(anonymous_0)
FNDA:5,(anonymous_1)
FNDA:300,(anonymous_2)
DA:2,1
DA:3,1
DA:4,1
DA:7,5
DA:8,5
DA:9,5
DA:12,5
DA:13,5
DA:14,300
DA:15,300
DA:16,300
DA:18,60
DA:19,60
DA:20,60
DA:21,60
DA:24,238
DA:25,238
DA:26,238
DA:27,238
DA:30,2
DA:31,2
DA:32,2
DA:33,2
DA:39,300
DA:42,1
LF:25
LH:25
BRDA:16,0,0,60
BRDA:16,0,1,238
BRDA:16,0,2,2
BRF:3
BRH:3
end_of_record
TN:
SF:src/__tests__/util.ts
FN:5,(anonymous_0)
FN:47,(anonymous_1)
FNF:2
FNH:2
FNDA:144329,(anonymous_0)
FNDA:1504937,(anonymous_1)
DA:2,6
DA:3,6
DA:4,6
DA:5,6
DA:6,144329
DA:7,144329
DA:8,70636
DA:10,0
DA:11,0
DA:13,70636
DA:15,73693
DA:17,0
DA:18,0
DA:20,144329
DA:21,71281
DA:23,0
DA:24,0
DA:26,71281
DA:28,73048
DA:30,0
DA:31,0
DA:33,144329
DA:34,141917
DA:36,0
DA:37,0
DA:40,2412
DA:42,0
DA:43,0
DA:46,6
DA:47,6
DA:48,1504937
DA:49,0
DA:51,1504937
DA:52,15423726
DA:53,0
DA:57,6
LF:36
LH:22
BRDA:7,0,0,70636
BRDA:7,0,1,73693
BRDA:8,1,0,0
BRDA:8,1,1,70636
BRDA:15,2,0,0
BRDA:15,2,1,73693
BRDA:20,3,0,71281
BRDA:20,3,1,73048
BRDA:21,4,0,0
BRDA:21,4,1,71281
BRDA:28,5,0,0
BRDA:28,5,1,73048
BRDA:33,6,0,141917
BRDA:33,6,1,2412
BRDA:34,7,0,0
BRDA:34,7,1,141917
BRDA:34,8,0,141917
BRDA:34,8,1,71281
BRDA:40,9,0,0
BRDA:40,9,1,2412
BRDA:48,10,0,0
BRDA:48,10,1,1504937
BRDA:52,11,0,0
BRDA:52,11,1,15423726
BRF:24
BRH:16
end_of_record
TN:
SF:src/avl/AvlBstNumNumMap.ts
FN:8,(anonymous_0)
FN:18,(anonymous_1)
FN:20,(anonymous_2)
FN:23,(anonymous_3)
FN:28,(anonymous_4)
FN:44,(anonymous_5)
FN:54,(anonymous_6)
FN:57,(anonymous_7)
FN:60,(anonymous_8)
FN:63,(anonymous_9)
FN:72,(anonymous_10)
FN:73,(anonymous_11)
FNF:12
FNH:8
FNDA:5,(anonymous_0)
FNDA:12,(anonymous_1)
FNDA:1,(anonymous_2)
FNDA:1,(anonymous_3)
FNDA:6,(anonymous_4)
FNDA:1,(anonymous_5)
FNDA:1,(anonymous_6)
FNDA:0,(anonymous_7)
FNDA:0,(anonymous_8)
FNDA:1,(anonymous_9)
FNDA:0,(anonymous_10)
FNDA:0,(anonymous_11)
DA:2,1
DA:3,1
DA:4,1
DA:5,1
DA:6,1
DA:9,5
DA:10,5
DA:11,5
DA:12,5
DA:13,5
DA:14,5
DA:17,1
DA:18,12
DA:21,1
DA:24,1
DA:25,1
DA:26,1
DA:29,6
DA:30,6
DA:31,1
DA:32,5
DA:33,5
DA:34,5
DA:35,9
DA:36,9
DA:37,9
DA:38,1
DA:40,4
DA:41,4
DA:42,4
DA:45,1
DA:46,1
DA:47,3
DA:48,3
DA:49,1
DA:50,2
DA:52,0
DA:55,1
DA:58,0
DA:61,0
DA:64,1
DA:65,1
DA:66,0
DA:67,1
DA:68,1
DA:69,5
DA:73,0
DA:76,1
LF:48
LH:43
BRDA:30,0,0,1
BRDA:30,0,1,5
BRDA:37,1,0,1
BRDA:37,1,1,8
BRDA:39,2,0,0
BRDA:39,2,1,8
BRDA:41,3,0,0
BRDA:41,3,1,4
BRDA:48,4,0,1
BRDA:48,4,1,2
BRDA:50,5,0,0
BRDA:50,5,1,2
BRDA:61,6,0,0
BRDA:61,6,1,0
BRDA:65,7,0,0
BRDA:65,7,1,1
BRF:16
BRH:10
end_of_record
TN:
SF:src/avl/AvlMap.ts
FN:7,(anonymous_0)
FNF:1
FNH:1
FNDA:110931,(anonymous_0)
DA:2,2
DA:3,2
DA:4,2
DA:5,2
DA:8,110931
DA:9,110931
DA:10,110931
DA:11,110931
DA:12,110931
DA:13,110931
DA:16,2
DA:17,2
LF:12
LH:12
BRF:0
BRH:0
end_of_record
TN:
SF:src/avl/AvlSet.ts
FN:8,(anonymous_0)
FN:18,(anonymous_1)
FN:20,(anonymous_2)
FN:25,(anonymous_3)
FN:30,(anonymous_4)
FN:48,(anonymous_5)
FN:59,(anonymous_6)
FN:65,(anonymous_7)
FN:68,(anonymous_8)
FN:71,(anonymous_9)
FN:81,(anonymous_10)
FN:84,(anonymous_11)
FN:87,(anonymous_12)
FN:95,(anonymous_13)
FN:99,(anonymous_14)
FN:101,(anonymous_15)
FN:109,(anonymous_16)
FN:112,(anonymous_17)
FN:119,(anonymous_18)
FN:120,(anonymous_19)
FN:122,(anonymous_20)
FN:123,(anonymous_21)
FNF:22
FNH:16
FNDA:22,(anonymous_0)
FNDA:42,(anonymous_1)
FNDA:10,(anonymous_2)
FNDA:7,(anonymous_3)
FNDA:23,(anonymous_4)
FNDA:25,(anonymous_5)
FNDA:4,(anonymous_6)
FNDA:0,(anonymous_7)
FNDA:21,(anonymous_8)
FNDA:8,(anonymous_9)
FNDA:0,(anonymous_10)
FNDA:0,(anonymous_11)
FNDA:0,(anonymous_12)
FNDA:7,(anonymous_13)
FNDA:5,(anonymous_14)
FNDA:14,(anonymous_15)
FNDA:3,(anonymous_16)
FNDA:9,(anonymous_17)
FNDA:1,(anonymous_18)
FNDA:1,(anonymous_19)
FNDA:0,(anonymous_20)
FNDA:0,(anonymous_21)
DA:2,1
DA:3,1
DA:4,1
DA:5,1
DA:6,1
DA:9,22
DA:10,22
DA:11,22
DA:12,22
DA:13,22
DA:14,22
DA:17,1
DA:18,42
DA:21,10
DA:22,10
DA:23,10
DA:26,7
DA:27,7
DA:28,7
DA:31,23
DA:32,23
DA:33,7
DA:34,16
DA:35,16
DA:36,16
DA:37,16
DA:38,24
DA:39,24
DA:40,24
DA:41,1
DA:43,15
DA:44,15
DA:46,15
DA:49,25
DA:50,25
DA:51,25
DA:52,28
DA:53,28
DA:54,16
DA:55,12
DA:57,9
DA:60,4
DA:61,4
DA:62,0
DA:63,4
DA:66,0
DA:69,21
DA:72,8
DA:73,8
DA:74,2
DA:75,6
DA:76,6
DA:77,6
DA:78,5
DA:79,6
DA:82,0
DA:85,0
DA:88,0
DA:89,0
DA:90,0
DA:91,0
DA:92,0
DA:96,7
DA:97,7
DA:100,5
DA:101,5
DA:102,14
DA:103,5
DA:104,9
DA:105,9
DA:106,9
DA:110,3
DA:111,3
DA:113,9
DA:114,9
DA:115,9
DA:120,1
DA:123,0
DA:126,1
LF:79
LH:69
BRDA:18,0,0,13
BRDA:18,0,1,29
BRDA:18,1,0,5
BRDA:18,1,1,24
BRDA:23,2,0,10
BRDA:23,2,1,9
BRDA:32,3,0,7
BRDA:32,3,1,16
BRDA:40,4,0,1
BRDA:40,4,1,23
BRDA:42,5,0,0
BRDA:42,5,1,23
BRDA:45,6,0,0
BRDA:45,6,1,15
BRDA:53,7,0,16
BRDA:53,7,1,12
BRDA:55,8,0,6
BRDA:55,8,1,6
BRDA:61,9,0,0
BRDA:61,9,1,4
BRDA:73,10,0,2
BRDA:73,10,1,6
BRDA:85,11,0,0
BRDA:85,11,1,0
BRDA:89,12,0,0
BRDA:89,12,1,0
BRDA:97,13,0,4
BRDA:97,13,1,3
BRDA:102,14,0,5
BRDA:102,14,1,9
BRF:30
BRH:23
end_of_record
TN:
SF:src/avl/util.ts
FN:6,(anonymous_0)
FN:39,(anonymous_1)
FN:55,(anonymous_2)
FN:71,(anonymous_3)
FN:75,(anonymous_4)
FN:79,(anonymous_5)
FN:86,(anonymous_6)
FN:93,(anonymous_7)
FN:105,(anonymous_8)
FN:155,(anonymous_9)
FN:181,(anonymous_10)
FN:207,(anonymous_11)
FN:221,(anonymous_12)
FN:221,(anonymous_13)
FNF:14
FNH:14
FNDA:162948,(anonymous_0)
FNDA:41559,(anonymous_1)
FNDA:42860,(anonymous_2)
FNDA:12600,(anonymous_3)
FNDA:14214,(anonymous_4)
FNDA:52541,(anonymous_5)
FNDA:55272,(anonymous_6)
FNDA:6128,(anonymous_7)
FNDA:62508,(anonymous_8)
FNDA:53651,(anonymous_9)
FNDA:51087,(anonymous_10)
FNDA:19411,(anonymous_11)
FNDA:9334,(anonymous_12)
FNDA:9541,(anonymous_13)
DA:2,5
DA:3,5
DA:4,5
DA:5,5
DA:6,5
DA:7,162948
DA:8,162948
DA:9,22055
DA:10,140893
DA:11,140893
DA:12,140893
DA:13,70254
DA:15,70639
DA:16,140893
DA:18,26773
DA:21,71312
DA:23,42808
DA:24,42808
DA:25,20875
DA:26,10714
DA:28,10161
DA:31,21933
DA:32,11158
DA:34,10775
DA:39,5
DA:40,41559
DA:41,41559
DA:42,41559
DA:43,41559
DA:44,41559
DA:45,41559
DA:46,41559
DA:47,41559
DA:48,41559
DA:49,41559
DA:50,41559
DA:51,41559
DA:52,41559
DA:53,41559
DA:55,5
DA:56,42860
DA:57,42860
DA:58,42860
DA:59,42860
DA:60,42860
DA:61,42860
DA:62,42860
DA:63,42860
DA:64,42860
DA:65,42860
DA:66,42860
DA:67,42860
DA:68,42860
DA:69,42860
DA:71,5
DA:72,12600
DA:73,12600
DA:75,5
DA:76,14214
DA:77,14214
DA:79,5
DA:80,52541
DA:81,52541
DA:82,52541
DA:83,52541
DA:85,5
DA:86,5
DA:87,55272
DA:88,55272
DA:89,55272
DA:90,55272
DA:92,5
DA:93,5
DA:94,6128
DA:95,4658
DA:96,1470
DA:97,1470
DA:98,1470
DA:99,1470
DA:100,1470
DA:101,6836
DA:102,1470
DA:104,5
DA:105,5
DA:106,62508
DA:107,0
DA:108,62508
DA:109,62508
DA:110,62508
DA:111,62508
DA:112,62508
DA:113,23714
DA:114,23714
DA:115,12138
DA:116,12138
DA:117,12138
DA:118,12138
DA:119,12138
DA:120,12138
DA:121,11375
DA:122,763
DA:123,763
DA:124,763
DA:125,456
DA:126,307
DA:127,307
DA:130,11576
DA:131,11576
DA:132,11576
DA:133,15657
DA:134,11576
DA:135,11576
DA:136,11576
DA:137,11576
DA:138,11576
DA:139,11576
DA:140,11576
DA:141,11576
DA:142,11576
DA:143,11576
DA:144,11576
DA:145,11576
DA:148,38794
DA:149,38794
DA:150,38794
DA:151,377
DA:152,38417
DA:154,5
DA:155,5
DA:156,53651
DA:157,53651
DA:158,53651
DA:159,53651
DA:160,53651
DA:161,26623
DA:162,27028
DA:163,8020
DA:164,8020
DA:165,5054
DA:166,2213
DA:167,5054
DA:168,5054
DA:171,2966
DA:172,2966
DA:173,2966
DA:176,27028
DA:177,27028
DA:178,6290
DA:179,20738
DA:181,5
DA:182,51087
DA:183,51087
DA:184,51087
DA:185,51087
DA:186,51087
DA:187,22901
DA:188,28186
DA:189,6470
DA:190,6470
DA:191,4031
DA:192,1727
DA:193,4031
DA:194,4031
DA:197,2439
DA:198,2439
DA:199,2439
DA:202,28186
DA:203,28186
DA:204,5554
DA:205,22632
DA:207,5
DA:208,19411
DA:209,0
DA:210,19411
DA:211,19411
DA:216,19411
DA:217,19411
DA:218,19411
DA:221,9541
DA:223,5
LF:180
LH:178
BRDA:8,0,0,22055
BRDA:8,0,1,140893
BRDA:12,1,0,70254
BRDA:12,1,1,70639
BRDA:16,2,0,26773
BRDA:16,2,1,35748
BRDA:16,2,2,71312
BRDA:16,2,3,42808
BRDA:24,3,0,20875
BRDA:24,3,1,21933
BRDA:25,4,0,10714
BRDA:25,4,1,10161
BRDA:26,5,0,8883
BRDA:26,5,1,1831
BRDA:28,6,0,8419
BRDA:28,6,1,1742
BRDA:31,7,0,11158
BRDA:31,7,1,10775
BRDA:32,8,0,9123
BRDA:32,8,1,2035
BRDA:34,9,0,8714
BRDA:34,9,1,2061
BRDA:46,10,0,41559
BRDA:46,10,1,11257
BRDA:47,11,0,41559
BRDA:47,11,1,36873
BRDA:47,12,0,12795
BRDA:47,12,1,24078
BRDA:50,13,0,27893
BRDA:50,13,1,13666
BRDA:51,14,0,4133
BRDA:51,14,1,37426
BRDA:62,15,0,42860
BRDA:62,15,1,12673
BRDA:63,16,0,42860
BRDA:63,16,1,36958
BRDA:63,17,0,23605
BRDA:63,17,1,13353
BRDA:66,18,0,29669
BRDA:66,18,1,13191
BRDA:67,19,0,3711
BRDA:67,19,1,39149
BRDA:83,20,0,7844
BRDA:83,20,1,44697
BRDA:90,21,0,8333
BRDA:90,21,1,46939
BRDA:94,22,0,4658
BRDA:94,22,1,1470
BRDA:100,23,0,2511
BRDA:100,23,1,5795
BRDA:102,24,0,394
BRDA:102,24,1,1076
BRDA:106,25,0,0
BRDA:106,25,1,62508
BRDA:112,26,0,23714
BRDA:112,26,1,38794
BRDA:112,27,0,62508
BRDA:112,27,1,28561
BRDA:114,28,0,12138
BRDA:114,28,1,11576
BRDA:115,29,0,12138
BRDA:115,29,1,11375
BRDA:115,30,0,5621
BRDA:115,30,1,5754
BRDA:120,31,0,11375
BRDA:120,31,1,763
BRDA:124,32,0,456
BRDA:124,32,1,307
BRDA:127,33,0,90
BRDA:127,33,1,217
BRDA:137,34,0,11576
BRDA:137,34,1,7169
BRDA:137,35,0,3607
BRDA:137,35,1,3562
BRDA:141,36,0,11576
BRDA:141,36,1,11576
BRDA:143,37,0,11576
BRDA:143,37,1,11576
BRDA:143,38,0,0
BRDA:143,38,1,11576
BRDA:144,39,0,11576
BRDA:144,39,1,1385
BRDA:145,40,0,7169
BRDA:145,40,1,4407
BRDA:148,41,0,38794
BRDA:148,41,1,33947
BRDA:149,42,0,38794
BRDA:149,42,1,10023
BRDA:150,43,0,377
BRDA:150,43,1,38417
BRDA:152,44,0,19122
BRDA:152,44,1,19295
BRDA:160,45,0,26623
BRDA:160,45,1,27028
BRDA:162,46,0,8020
BRDA:162,46,1,19008
BRDA:164,47,0,5054
BRDA:164,47,1,2966
BRDA:165,48,0,2213
BRDA:165,48,1,2841
BRDA:165,49,0,5054
BRDA:165,49,1,3325
BRDA:177,50,0,6290
BRDA:177,50,1,20738
BRDA:179,51,0,10379
BRDA:179,51,1,10359
BRDA:186,52,0,22901
BRDA:186,52,1,28186
BRDA:188,53,0,6470
BRDA:188,53,1,21716
BRDA:190,54,0,4031
BRDA:190,54,1,2439
BRDA:191,55,0,1727
BRDA:191,55,1,2304
BRDA:191,56,0,4031
BRDA:191,56,1,2633
BRDA:203,57,0,5554
BRDA:203,57,1,22632
BRDA:205,58,0,12775
BRDA:205,58,1,9857
BRDA:207,59,0,536
BRDA:208,60,0,0
BRDA:208,60,1,19411
BRDA:211,61,0,0
BRDA:211,61,1,19411
BRDA:211,62,0,19411
BRDA:211,62,1,19411
BRDA:211,62,2,0
BRDA:213,63,0,0
BRDA:213,63,1,19411
BRDA:213,64,0,19411
BRDA:213,64,1,19411
BRDA:216,65,0,19411
BRDA:216,65,1,0
BRDA:217,66,0,4511
BRDA:217,66,1,14900
BRDA:221,67,0,9334
BRDA:221,67,1,10077
BRDA:221,68,0,9541
BRDA:221,68,1,9870
BRF:140
BRH:133
end_of_record
TN:
SF:src/data-types/map.ts
FN:6,(anonymous_0)
FN:7,(anonymous_1)
FN:9,(anonymous_2)
FN:26,(anonymous_3)
FN:82,(anonymous_4)
FN:93,(anonymous_5)
FN:96,(anonymous_6)
FN:108,(anonymous_7)
FN:112,(anonymous_8)
FN:115,(anonymous_9)
FN:118,(anonymous_10)
FN:121,(anonymous_11)
FN:124,(anonymous_12)
FN:132,(anonymous_13)
FN:135,(anonymous_14)
FN:138,(anonymous_15)
FN:140,(anonymous_16)
FN:148,(anonymous_17)
FN:151,(anonymous_18)
FN:158,(anonymous_19)
FN:159,(anonymous_20)
FN:161,(anonymous_21)
FN:162,(anonymous_22)
FNF:23
FNH:17
FNDA:55637177,(anonymous_0)
FNDA:5,(anonymous_1)
FNDA:121,(anonymous_2)
FNDA:250104,(anonymous_3)
FNDA:16668705,(anonymous_4)
FNDA:15423728,(anonymous_5)
FNDA:1244977,(anonymous_6)
FNDA:9892,(anonymous_7)
FNDA:0,(anonymous_8)
FNDA:1504937,(anonymous_9)
FNDA:0,(anonymous_10)
FNDA:0,(anonymous_11)
FNDA:2,(anonymous_12)
FNDA:16,(anonymous_13)
FNDA:0,(anonymous_14)
FNDA:10,(anonymous_15)
FNDA:28,(anonymous_16)
FNDA:6,(anonymous_17)
FNDA:18,(anonymous_18)
FNDA:2,(anonymous_19)
FNDA:2,(anonymous_20)
FNDA:0,(anonymous_21)
FNDA:0,(anonymous_22)
DA:2,5
DA:3,5
DA:4,5
DA:5,5
DA:6,55637177
DA:7,5
DA:13,121
DA:17,121
DA:21,121
DA:22,121
DA:23,121
DA:24,121
DA:27,250104
DA:28,250104
DA:29,9264
DA:30,9264
DA:31,9264
DA:33,240840
DA:35,240840
DA:36,240840
DA:37,240840
DA:38,2356
DA:39,238484
DA:40,26978
DA:41,26978
DA:42,26978
DA:43,26978
DA:45,211506
DA:46,211506
DA:47,211506
DA:48,2193
DA:49,209313
DA:50,26979
DA:51,26979
DA:52,26979
DA:53,26979
DA:55,182334
DA:56,182334
DA:57,671542
DA:58,671542
DA:59,23729
DA:60,647813
DA:61,323661
DA:62,323661
DA:63,79004
DA:64,79004
DA:65,79004
DA:66,79004
DA:68,244657
DA:70,324152
DA:71,324152
DA:72,324152
DA:73,79601
DA:74,79601
DA:75,79601
DA:76,79601
DA:78,244551
DA:83,16668705
DA:84,16668705
DA:85,16668705
DA:86,54513289
DA:87,54513289
DA:88,15547329
DA:89,38965960
DA:91,1121376
DA:94,15423728
DA:97,1244977
DA:98,1244977
DA:99,1121376
DA:100,123601
DA:101,10733
DA:102,123601
DA:103,10620
DA:104,123601
DA:105,123601
DA:106,123601
DA:109,9892
DA:110,9892
DA:113,0
DA:116,1504937
DA:119,0
DA:122,0
DA:125,2
DA:126,2
DA:127,0
DA:128,2
DA:129,10
DA:133,16
DA:136,0
DA:139,10
DA:140,10
DA:141,28
DA:142,10
DA:143,18
DA:144,18
DA:145,18
DA:149,6
DA:150,6
DA:152,18
DA:153,18
DA:154,18
DA:159,2
DA:162,0
DA:165,5
DA:167,5
LF:105
LH:99
BRDA:6,0,0,15575607
BRDA:6,0,1,40061570
BRDA:6,1,0,20099408
BRDA:6,1,1,19962162
BRDA:24,2,0,121
BRDA:24,2,1,121
BRDA:28,3,0,9264
BRDA:28,3,1,240840
BRDA:37,4,0,2356
BRDA:37,4,1,238484
BRDA:39,5,0,26978
BRDA:39,5,1,211506
BRDA:47,6,0,2193
BRDA:47,6,1,209313
BRDA:49,7,0,26979
BRDA:49,7,1,182334
BRDA:58,8,0,23729
BRDA:58,8,1,647813
BRDA:60,9,0,323661
BRDA:60,9,1,324152
BRDA:62,10,0,79004
BRDA:62,10,1,244657
BRDA:70,11,0,324152
BRDA:70,11,1,0
BRDA:72,12,0,79601
BRDA:72,12,1,244551
BRDA:87,13,0,15547329
BRDA:87,13,1,38965960
BRDA:89,14,0,19536771
BRDA:89,14,1,19429189
BRDA:98,15,0,1121376
BRDA:98,15,1,123601
BRDA:100,16,0,10733
BRDA:100,16,1,112868
BRDA:102,17,0,10620
BRDA:102,17,1,112981
BRDA:122,18,0,0
BRDA:122,18,1,0
BRDA:126,19,0,0
BRDA:126,19,1,2
BRDA:141,20,0,10
BRDA:141,20,1,18
BRF:42
BRH:38
end_of_record
TN:
SF:src/llrb-tree/LlrbTree.ts
FN:8,(anonymous_0)
FN:27,(anonymous_1)
FN:29,(anonymous_2)
FN:37,(anonymous_3)
FN:106,(anonymous_4)
FN:127,(anonymous_5)
FN:139,(anonymous_6)
FN:159,(anonymous_7)
FN:193,(anonymous_8)
FN:204,(anonymous_9)
FN:207,(anonymous_10)
FN:215,(anonymous_11)
FN:219,(anonymous_12)
FN:222,(anonymous_13)
FN:225,(anonymous_14)
FN:228,(anonymous_15)
FN:232,(anonymous_16)
FN:239,(anonymous_17)
FN:242,(anonymous_18)
FN:245,(anonymous_19)
FN:255,(anonymous_20)
FN:266,(anonymous_21)
FN:267,(anonymous_22)
FN:269,(anonymous_23)
FN:270,(anonymous_24)
FNF:25
FNH:11
FNDA:242,(anonymous_0)
FNDA:1509,(anonymous_1)
FNDA:8,(anonymous_2)
FNDA:359,(anonymous_3)
FNDA:8,(anonymous_4)
FNDA:3,(anonymous_5)
FNDA:209,(anonymous_6)
FNDA:424,(anonymous_7)
FNDA:60,(anonymous_8)
FNDA:60,(anonymous_9)
FNDA:0,(anonymous_10)
FNDA:0,(anonymous_11)
FNDA:0,(anonymous_12)
FNDA:49,(anonymous_13)
FNDA:0,(anonymous_14)
FNDA:0,(anonymous_15)
FNDA:0,(anonymous_16)
FNDA:0,(anonymous_17)
FNDA:0,(anonymous_18)
FNDA:0,(anonymous_19)
FNDA:0,(anonymous_20)
FNDA:0,(anonymous_21)
FNDA:0,(anonymous_22)
FNDA:0,(anonymous_23)
FNDA:0,(anonymous_24)
DA:2,1
DA:3,1
DA:4,1
DA:5,1
DA:6,1
DA:15,242
DA:16,242
DA:17,242
DA:19,242
DA:21,242
DA:23,242
DA:26,1
DA:27,1509
DA:30,8
DA:31,8
DA:32,8
DA:33,8
DA:34,8
DA:35,8
DA:38,359
DA:39,359
DA:40,8
DA:41,8
DA:42,8
DA:43,8
DA:45,351
DA:47,351
DA:48,351
DA:49,351
DA:50,351
DA:51,351
DA:52,3
DA:53,3
DA:54,3
DA:55,3
DA:56,3
DA:57,1
DA:58,3
DA:61,348
DA:62,348
DA:63,348
DA:64,348
DA:65,215
DA:66,215
DA:67,215
DA:68,215
DA:69,215
DA:70,215
DA:73,133
DA:74,675
DA:75,675
DA:76,295
DA:77,295
DA:78,8
DA:79,8
DA:80,8
DA:81,8
DA:82,8
DA:83,3
DA:84,8
DA:86,287
DA:88,380
DA:89,263
DA:90,263
DA:91,8
DA:92,8
DA:93,8
DA:94,8
DA:95,8
DA:96,8
DA:98,255
DA:101,117
DA:102,117
DA:107,8
DA:108,8
DA:109,8
DA:110,8
DA:111,8
DA:112,8
DA:113,8
DA:114,8
DA:115,3
DA:116,8
DA:117,8
DA:118,4
DA:120,4
DA:121,1
DA:123,3
DA:125,8
DA:128,3
DA:129,3
DA:130,3
DA:131,3
DA:132,3
DA:133,3
DA:134,3
DA:135,3
DA:136,2
DA:137,3
DA:140,209
DA:141,209
DA:142,209
DA:143,209
DA:144,209
DA:145,209
DA:146,209
DA:147,189
DA:148,2
DA:150,187
DA:153,20
DA:154,209
DA:155,95
DA:156,209
DA:157,209
DA:160,424
DA:161,424
DA:162,18
DA:163,18
DA:165,406
DA:166,406
DA:167,1
DA:168,0
DA:169,1
DA:170,1
DA:172,405
DA:173,405
DA:174,405
DA:175,212
DA:176,209
DA:177,209
DA:180,3
DA:181,3
DA:186,193
DA:187,193
DA:188,193
DA:189,193
DA:190,193
DA:194,60
DA:195,60
DA:196,60
DA:197,135
DA:198,135
DA:199,37
DA:200,98
DA:202,23
DA:205,60
DA:213,0
DA:217,0
DA:220,0
DA:223,49
DA:226,0
DA:230,0
DA:237,0
DA:240,0
DA:243,0
DA:253,0
DA:264,0
DA:267,0
DA:270,0
DA:273,1
LF:160
LH:147
BRDA:27,0,0,162
BRDA:27,0,1,1347
BRDA:27,1,0,464
BRDA:27,1,1,883
BRDA:29,2,0,8
BRDA:39,3,0,8
BRDA:39,3,1,351
BRDA:49,4,0,351
BRDA:49,4,1,0
BRDA:51,5,0,3
BRDA:51,5,1,348
BRDA:56,6,0,1
BRDA:56,6,1,2
BRDA:62,7,0,348
BRDA:62,7,1,0
BRDA:64,8,0,215
BRDA:64,8,1,133
BRDA:75,9,0,295
BRDA:75,9,1,380
BRDA:77,10,0,8
BRDA:77,10,1,287
BRDA:82,11,0,3
BRDA:82,11,1,5
BRDA:88,12,0,263
BRDA:88,12,1,117
BRDA:90,13,0,8
BRDA:90,13,1,255
BRDA:114,14,0,3
BRDA:114,14,1,5
BRDA:117,15,0,4
BRDA:117,15,1,4
BRDA:120,16,0,1
BRDA:120,16,1,3
BRDA:135,17,0,2
BRDA:135,17,1,1
BRDA:146,18,0,189
BRDA:146,18,1,20
BRDA:147,19,0,2
BRDA:147,19,1,187
BRDA:154,20,0,95
BRDA:154,20,1,114
BRDA:161,21,0,18
BRDA:161,21,1,406
BRDA:166,22,0,1
BRDA:166,22,1,405
BRDA:167,23,0,0
BRDA:167,23,1,1
BRDA:173,24,0,405
BRDA:173,24,1,290
BRDA:174,25,0,212
BRDA:174,25,1,193
BRDA:175,26,0,209
BRDA:175,26,1,3
BRDA:198,27,0,37
BRDA:198,27,1,98
BRDA:200,28,0,37
BRDA:200,28,1,61
BRF:57
BRH:54
end_of_record
TN:
SF:src/print/printBinary.ts
FNF:0
FNH:0
DA:2,12
DA:3,12
DA:4,12
LF:3
LH:3
BRF:0
BRH:0
end_of_record
TN:
SF:src/print/printTree.ts
FNF:0
FNH:0
DA:2,11
DA:3,11
DA:4,11
LF:3
LH:3
BRF:0
BRH:0
end_of_record
TN:
SF:src/radix/RadixTree.ts
FN:7,(anonymous_0)
FN:11,(anonymous_1)
FN:14,(anonymous_2)
FN:18,(anonymous_3)
FNF:4
FNH:4
FNDA:19,(anonymous_0)
FNDA:54,(anonymous_1)
FNDA:29,(anonymous_2)
FNDA:11,(anonymous_3)
DA:2,1
DA:3,1
DA:4,1
DA:5,1
DA:8,19
DA:9,19
DA:12,54
DA:15,29
DA:16,29
DA:19,11
DA:20,11
DA:21,8
DA:22,11
DA:25,1
LF:14
LH:14
BRDA:16,0,0,29
BRDA:16,0,1,25
BRDA:20,1,0,8
BRDA:20,1,1,3
BRF:4
BRH:4
end_of_record
TN:
SF:src/radix/radix.ts
FN:8,(anonymous_0)
FN:21,(anonymous_1)
FN:89,(anonymous_2)
FN:96,(anonymous_3)
FN:118,(anonymous_4)
FN:125,(anonymous_5)
FN:147,(anonymous_6)
FN:171,(anonymous_7)
FN:186,(anonymous_8)
FN:198,(anonymous_9)
FN:201,(anonymous_10)
FN:202,(anonymous_11)
FN:202,(anonymous_12)
FNF:13
FNH:8
FNDA:62,(anonymous_0)
FNDA:78,(anonymous_1)
FNDA:29,(anonymous_2)
FNDA:89,(anonymous_3)
FNDA:11,(anonymous_4)
FNDA:48,(anonymous_5)
FNDA:11,(anonymous_6)
FNDA:48,(anonymous_7)
FNDA:0,(anonymous_8)
FNDA:0,(anonymous_9)
FNDA:0,(anonymous_10)
FNDA:0,(anonymous_11)
FNDA:0,(anonymous_12)
DA:2,2
DA:3,2
DA:4,2
DA:5,2
DA:6,2
DA:7,2
DA:8,2
DA:9,62
DA:10,62
DA:11,62
DA:13,62
DA:21,2
DA:22,78
DA:23,78
DA:24,78
DA:25,128
DA:26,128
DA:27,31
DA:28,31
DA:30,97
DA:31,97
DA:32,97
DA:33,97
DA:34,142
DA:35,142
DA:36,142
DA:37,62
DA:38,62
DA:39,62
DA:40,62
DA:41,62
DA:42,6
DA:43,6
DA:45,56
DA:46,41
DA:47,41
DA:48,41
DA:50,15
DA:51,6
DA:52,6
DA:53,6
DA:54,6
DA:55,6
DA:56,6
DA:58,9
DA:59,9
DA:60,9
DA:61,9
DA:62,9
DA:63,9
DA:64,9
DA:65,9
DA:66,9
DA:69,80
DA:70,80
DA:71,28
DA:73,52
DA:75,35
DA:76,35
DA:77,35
DA:78,14
DA:80,21
DA:81,35
DA:83,0
DA:85,0
DA:87,2
DA:89,2
DA:90,29
DA:91,0
DA:92,29
DA:93,29
DA:94,29
DA:96,89
DA:97,58
DA:98,3
DA:99,55
DA:100,55
DA:101,55
DA:102,55
DA:103,55
DA:105,55
DA:106,1
DA:107,54
DA:108,54
DA:109,25
DA:110,29
DA:111,0
DA:112,29
DA:114,0
DA:116,2
DA:118,2
DA:119,11
DA:120,0
DA:121,11
DA:122,11
DA:123,11
DA:124,11
DA:125,48
DA:126,31
DA:127,1
DA:128,30
DA:129,30
DA:130,30
DA:131,30
DA:132,30
DA:134,30
DA:135,1
DA:136,29
DA:137,29
DA:138,0
DA:139,29
DA:140,29
DA:141,9
DA:142,20
DA:144,0
DA:146,2
DA:147,2
DA:148,11
DA:149,0
DA:150,0
DA:151,0
DA:153,11
DA:154,11
DA:155,2
DA:156,9
DA:157,9
DA:158,9
DA:159,9
DA:160,9
DA:161,9
DA:162,16
DA:163,16
DA:164,16
DA:165,8
DA:166,8
DA:168,9
DA:170,2
DA:171,2
DA:172,48
DA:173,0
DA:174,48
DA:175,48
DA:176,36
DA:177,48
DA:178,48
DA:179,28
DA:180,20
DA:181,38
DA:183,20
DA:185,2
DA:186,2
DA:187,0
DA:188,0
DA:197,0
DA:198,0
DA:199,0
DA:201,0
DA:202,0
DA:205,2
LF:159
LH:140
BRDA:11,0,0,157
BRDA:11,0,1,104
BRDA:26,1,0,31
BRDA:26,1,1,97
BRDA:36,2,0,62
BRDA:36,2,1,80
BRDA:40,3,0,62
BRDA:40,3,1,47
BRDA:41,4,0,6
BRDA:41,4,1,56
BRDA:45,5,0,41
BRDA:45,5,1,15
BRDA:50,6,0,6
BRDA:50,6,1,9
BRDA:58,7,0,9
BRDA:58,7,1,0
BRDA:70,8,0,28
BRDA:70,8,1,52
BRDA:75,9,0,35
BRDA:75,9,1,0
BRDA:77,10,0,14
BRDA:77,10,1,21
BRDA:90,11,0,0
BRDA:90,11,1,29
BRDA:96,12,0,27
BRDA:96,12,1,62
BRDA:97,13,0,3
BRDA:97,13,1,55
BRDA:103,14,0,215
BRDA:103,14,1,161
BRDA:105,15,0,1
BRDA:105,15,1,54
BRDA:108,16,0,25
BRDA:108,16,1,29
BRDA:110,17,0,0
BRDA:110,17,1,29
BRDA:119,18,0,0
BRDA:119,18,1,11
BRDA:125,19,0,18
BRDA:125,19,1,30
BRDA:126,20,0,1
BRDA:126,20,1,30
BRDA:132,21,0,61
BRDA:132,21,1,32
BRDA:134,22,0,1
BRDA:134,22,1,29
BRDA:137,23,0,0
BRDA:137,23,1,29
BRDA:140,24,0,9
BRDA:140,24,1,20
BRDA:148,25,0,0
BRDA:148,25,1,11
BRDA:154,26,0,2
BRDA:154,26,1,9
BRDA:164,27,0,8
BRDA:164,27,1,8
BRDA:164,28,0,16
BRDA:164,28,1,15
BRDA:171,29,0,10
BRDA:171,30,0,10
BRDA:172,31,0,0
BRDA:172,31,1,48
BRDA:175,32,0,36
BRDA:175,32,1,12
BRDA:178,33,0,28
BRDA:178,33,1,20
BRDA:186,34,0,0
BRDA:187,35,0,0
BRDA:187,35,1,0
BRDA:187,35,2,0
BRDA:188,36,0,0
BRDA:188,36,1,0
BRDA:188,37,0,0
BRDA:188,37,1,0
BRDA:189,38,0,0
BRDA:189,38,1,0
BRDA:191,39,0,0
BRDA:191,39,1,0
BRDA:194,40,0,0
BRDA:194,40,1,0
BRDA:199,41,0,0
BRDA:199,41,1,0
BRDA:201,42,0,0
BRDA:201,42,1,0
BRF:84
BRH:58
end_of_record
TN:
SF:src/red-black/RbMap.ts
FN:7,(anonymous_0)
FNF:1
FNH:1
FNDA:110895,(anonymous_0)
DA:2,3
DA:3,3
DA:4,3
DA:5,3
DA:8,110895
DA:9,110895
DA:10,110895
DA:11,110895
DA:12,110895
DA:13,110895
DA:16,3
DA:17,3
LF:12
LH:12
BRF:0
BRH:0
end_of_record
TN:
SF:src/red-black/index.ts
FNF:0
FNH:0
DA:2,1
DA:3,1
DA:4,1
DA:5,1
LF:4
LH:4
BRF:0
BRH:0
end_of_record
TN:
SF:src/red-black/types.ts
FNF:0
FNH:0
DA:2,1
LF:1
LH:1
BRF:0
BRH:0
end_of_record
TN:
SF:src/red-black/util.ts
FN:6,(anonymous_0)
FN:7,(anonymous_1)
FN:19,(anonymous_2)
FN:29,(anonymous_3)
FN:39,(anonymous_4)
FN:59,(anonymous_5)
FN:79,(anonymous_6)
FN:98,(anonymous_7)
FN:104,(anonymous_8)
FN:110,(anonymous_9)
FN:122,(anonymous_10)
FN:134,(anonymous_11)
FN:201,(anonymous_12)
FNF:13
FNH:13
FNDA:3,(anonymous_0)
FNDA:5567,(anonymous_1)
FNDA:54992,(anonymous_2)
FNDA:52143,(anonymous_3)
FNDA:35512,(anonymous_4)
FNDA:33477,(anonymous_5)
FNDA:34086,(anonymous_6)
FNDA:19250,(anonymous_7)
FNDA:18479,(anonymous_8)
FNDA:9115,(anonymous_9)
FNDA:8355,(anonymous_10)
FNDA:62271,(anonymous_11)
FNDA:23316,(anonymous_12)
DA:2,6
DA:3,6
DA:4,6
DA:5,6
DA:6,6
DA:7,6
DA:8,5567
DA:9,4670
DA:10,897
DA:11,897
DA:12,897
DA:13,897
DA:14,897
DA:15,5845
DA:16,897
DA:18,6
DA:19,6
DA:20,54992
DA:21,54992
DA:22,54992
DA:23,54992
DA:24,25132
DA:25,29860
DA:26,29860
DA:28,6
DA:29,6
DA:30,52143
DA:31,52143
DA:32,52143
DA:33,52143
DA:34,23819
DA:35,28324
DA:36,28324
DA:38,6
DA:39,6
DA:40,35512
DA:41,35512
DA:42,35512
DA:43,35512
DA:44,35512
DA:45,18135
DA:46,18135
DA:47,9115
DA:50,9115
DA:51,9115
DA:53,9020
DA:54,9020
DA:55,9020
DA:57,17377
DA:59,6
DA:60,33477
DA:61,33477
DA:62,33477
DA:63,33477
DA:64,33477
DA:65,16768
DA:66,16768
DA:67,8355
DA:70,8355
DA:71,8355
DA:73,8413
DA:74,8413
DA:75,8413
DA:77,16709
DA:79,6
DA:80,34086
DA:81,34086
DA:82,34086
DA:83,34086
DA:84,34086
DA:85,26383
DA:86,26383
DA:87,15578
DA:90,7703
DA:91,7703
DA:93,10805
DA:94,10805
DA:95,0
DA:96,10805
DA:98,6
DA:99,19250
DA:100,19250
DA:101,19250
DA:102,19250
DA:104,6
DA:105,18479
DA:106,18479
DA:107,18479
DA:108,18479
DA:110,6
DA:111,9115
DA:112,9115
DA:113,9115
DA:114,9115
DA:115,9115
DA:116,9115
DA:117,9115
DA:118,9115
DA:119,9115
DA:120,9115
DA:122,6
DA:123,8355
DA:124,8355
DA:125,8355
DA:126,8355
DA:127,8355
DA:128,8355
DA:129,8355
DA:130,8355
DA:131,8355
DA:132,8355
DA:134,6
DA:135,62271
DA:136,62271
DA:137,62271
DA:139,62271
DA:140,28511
DA:141,28511
DA:142,28511
DA:143,44458
DA:144,44458
DA:145,15947
DA:147,28511
DA:149,28511
DA:150,28511
DA:152,33760
DA:153,294
DA:154,119
DA:155,119
DA:157,294
DA:160,33466
DA:162,61977
DA:163,28511
DA:164,28511
DA:165,28511
DA:166,28511
DA:167,28511
DA:168,28511
DA:169,28511
DA:171,61977
DA:172,8765
DA:173,8765
DA:174,8765
DA:175,3817
DA:177,4948
DA:178,8765
DA:179,8765
DA:181,0
DA:184,53212
DA:185,23316
DA:186,53212
DA:187,53212
DA:188,53212
DA:189,24672
DA:191,28540
DA:194,0
DA:195,0
DA:198,61977
DA:200,6
DA:201,6
DA:202,23316
DA:203,27916
DA:204,27916
DA:205,1159
DA:206,26757
DA:207,26757
DA:208,26757
DA:209,26757
DA:210,26757
DA:211,2900
DA:212,2900
DA:213,2900
DA:214,1193
DA:216,1707
DA:217,2900
DA:218,2900
DA:219,2900
DA:220,705
DA:223,26757
DA:224,6234
DA:225,6234
DA:226,4600
DA:227,4600
DA:228,4600
DA:231,22157
DA:232,17938
DA:233,17938
DA:234,17938
DA:235,17938
DA:236,12992
DA:237,12992
DA:238,9773
DA:239,9773
DA:240,9773
DA:241,9773
DA:242,9773
DA:247,12384
DA:248,12384
DA:249,12384
DA:250,12384
DA:251,2245
DA:252,2245
DA:253,2245
DA:255,10139
DA:256,2767
DA:257,2767
DA:258,2767
DA:260,12384
DA:261,0
DA:262,12384
DA:263,12384
DA:265,12384
DA:266,12384
DA:267,12384
DA:268,5499
DA:269,5499
DA:272,6885
DA:273,6885
DA:275,12384
LF:219
LH:214
BRDA:8,0,0,4670
BRDA:8,0,1,897
BRDA:14,1,0,3282
BRDA:14,1,1,3460
BRDA:16,2,0,441
BRDA:16,2,1,456
BRDA:23,3,0,25132
BRDA:23,3,1,29860
BRDA:23,4,0,54992
BRDA:23,4,1,29860
BRDA:26,5,0,23045
BRDA:26,5,1,6815
BRDA:33,6,0,23819
BRDA:33,6,1,28324
BRDA:33,7,0,52143
BRDA:33,7,1,28324
BRDA:36,8,0,21565
BRDA:36,8,1,6759
BRDA:42,9,0,17280
BRDA:42,9,1,18232
BRDA:43,10,0,35512
BRDA:43,10,1,20311
BRDA:44,11,0,18135
BRDA:44,11,1,17377
BRDA:46,12,0,9115
BRDA:46,12,1,9020
BRDA:62,13,0,16496
BRDA:62,13,1,16981
BRDA:63,14,0,33477
BRDA:63,14,1,19247
BRDA:64,15,0,16768
BRDA:64,15,1,16709
BRDA:66,16,0,8355
BRDA:66,16,1,8413
BRDA:81,17,0,34086
BRDA:81,17,1,0
BRDA:84,18,0,26383
BRDA:84,18,1,7703
BRDA:86,19,0,15578
BRDA:86,19,1,10805
BRDA:94,20,0,0
BRDA:94,20,1,10805
BRDA:96,21,0,5153
BRDA:96,21,1,5652
BRDA:101,22,0,19250
BRDA:101,22,1,5652
BRDA:102,23,0,19250
BRDA:102,23,1,16367
BRDA:102,24,0,6982
BRDA:102,24,1,9385
BRDA:107,25,0,18479
BRDA:107,25,1,4719
BRDA:108,26,0,18479
BRDA:108,26,1,16399
BRDA:108,27,0,8971
BRDA:108,27,1,7428
BRDA:114,28,0,9115
BRDA:114,28,1,7522
BRDA:114,29,0,3710
BRDA:114,29,1,3812
BRDA:119,30,0,9115
BRDA:119,30,1,1478
BRDA:120,31,0,9115
BRDA:120,31,1,1478
BRDA:126,32,0,8355
BRDA:126,32,1,6979
BRDA:126,33,0,3328
BRDA:126,33,1,3651
BRDA:131,34,0,8355
BRDA:131,34,1,1172
BRDA:132,35,0,8355
BRDA:132,35,1,1172
BRDA:139,36,0,28511
BRDA:139,36,1,33760
BRDA:141,37,0,28511
BRDA:141,37,1,0
BRDA:144,38,0,15947
BRDA:144,38,1,28511
BRDA:152,39,0,294
BRDA:152,39,1,33466
BRDA:153,40,0,119
BRDA:153,40,1,175
BRDA:160,41,0,33466
BRDA:160,41,1,33466
BRDA:162,42,0,28511
BRDA:162,42,1,33466
BRDA:171,43,0,8765
BRDA:171,43,1,53212
BRDA:174,44,0,3817
BRDA:174,44,1,4948
BRDA:178,45,0,8765
BRDA:178,45,1,0
BRDA:184,46,0,23316
BRDA:184,46,1,29896
BRDA:187,47,0,53212
BRDA:187,47,1,0
BRDA:188,48,0,24672
BRDA:188,48,1,28540
BRDA:204,49,0,1159
BRDA:204,49,1,26757
BRDA:208,50,0,11971
BRDA:208,50,1,14786
BRDA:210,51,0,2900
BRDA:210,51,1,23857
BRDA:210,52,0,26757
BRDA:210,52,1,26757
BRDA:210,52,2,2900
BRDA:210,52,3,2900
BRDA:212,53,0,2900
BRDA:212,53,1,0
BRDA:212,54,0,2900
BRDA:212,54,1,2900
BRDA:213,55,0,1193
BRDA:213,55,1,1707
BRDA:219,56,0,705
BRDA:219,56,1,2195
BRDA:223,57,0,6234
BRDA:223,57,1,20523
BRDA:223,58,0,26757
BRDA:223,58,1,8819
BRDA:223,58,2,8819
BRDA:223,58,3,3732
BRDA:225,59,0,4600
BRDA:225,59,1,1634
BRDA:225,60,0,6234
BRDA:225,60,1,2470
BRDA:231,61,0,17938
BRDA:231,61,1,4219
BRDA:233,62,0,8146
BRDA:233,62,1,9792
BRDA:235,63,0,12992
BRDA:235,63,1,4946
BRDA:235,64,0,17938
BRDA:235,64,1,17938
BRDA:235,64,2,6291
BRDA:237,65,0,9773
BRDA:237,65,1,3219
BRDA:237,66,0,12992
BRDA:237,66,1,4248
BRDA:239,67,0,9773
BRDA:239,67,1,0
BRDA:239,68,0,9773
BRDA:239,68,1,1029
BRDA:247,69,0,12384
BRDA:247,69,1,0
BRDA:250,70,0,2245
BRDA:250,70,1,10139
BRDA:250,71,0,12384
BRDA:250,71,1,5499
BRDA:250,71,2,3529
BRDA:250,71,3,2245
BRDA:250,71,4,2245
BRDA:255,72,0,2767
BRDA:255,72,1,7372
BRDA:255,73,0,10139
BRDA:255,73,1,6885
BRDA:255,73,2,4494
BRDA:255,73,3,2767
BRDA:255,73,4,2767
BRDA:260,74,0,0
BRDA:260,74,1,12384
BRDA:263,75,0,5499
BRDA:263,75,1,6885
BRDA:267,76,0,5499
BRDA:267,76,1,6885
BRDA:275,77,0,11028
BRDA:275,77,1,1356
BRF:167
BRH:158
end_of_record
TN:
SF:src/red-black/__tests__/utils.ts
FN:7,(anonymous_0)
FN:16,(anonymous_1)
FN:18,(anonymous_2)
FN:23,(anonymous_3)
FN:28,(anonymous_4)
FN:30,(anonymous_5)
FN:32,(anonymous_6)
FN:33,(anonymous_7)
FN:36,(anonymous_8)
FN:46,(anonymous_9)
FN:60,(anonymous_10)
FNF:11
FNH:11
FNDA:967,(anonymous_0)
FNDA:967,(anonymous_1)
FNDA:23,(anonymous_2)
FNDA:25,(anonymous_3)
FNDA:18644,(anonymous_4)
FNDA:13,(anonymous_5)
FNDA:910,(anonymous_6)
FNDA:910,(anonymous_7)
FNDA:800,(anonymous_8)
FNDA:144297,(anonymous_9)
FNDA:2460,(anonymous_10)
DA:2,4
DA:3,4
DA:4,4
DA:5,4
DA:6,4
DA:7,967
DA:15,4
DA:16,967
DA:17,4
DA:18,4
DA:19,23
DA:20,23
DA:22,4
DA:23,4
DA:24,25
DA:25,25
DA:27,4
DA:28,18644
DA:29,4
DA:30,4
DA:31,13
DA:32,13
DA:33,910
DA:34,910
DA:36,13
DA:37,800
DA:38,800
DA:39,304
DA:40,496
DA:41,496
DA:43,13
DA:45,4
DA:46,4
DA:47,144297
DA:48,144297
DA:49,69484
DA:50,74813
DA:51,74813
DA:52,74813
DA:54,0
DA:55,0
DA:57,74813
DA:59,4
DA:60,4
DA:61,2460
DA:62,56
DA:63,2404
DA:65,0
DA:66,0
DA:68,2404
DA:70,0
DA:71,0
DA:73,2404
DA:74,2404
DA:75,2404
DA:77,2404
DA:78,144297
DA:79,144297
DA:80,141893
DA:82,0
DA:83,0
DA:86,144297
DA:87,31723
DA:89,0
DA:90,0
DA:92,31723
DA:94,0
DA:95,0
DA:97,31723
DA:99,0
DA:100,0
DA:103,144297
DA:104,144297
DA:107,4
LF:74
LH:60
BRDA:7,0,0,0
BRDA:16,1,0,910
BRDA:38,2,0,304
BRDA:38,2,1,496
BRDA:48,3,0,69484
BRDA:48,3,1,74813
BRDA:48,4,0,144297
BRDA:48,4,1,73675
BRDA:49,5,0,52675
BRDA:49,5,1,16809
BRDA:50,6,0,70622
BRDA:50,6,1,4191
BRDA:51,7,0,71271
BRDA:51,7,1,3542
BRDA:52,8,0,0
BRDA:52,8,1,74813
BRDA:57,9,0,59899
BRDA:57,9,1,14914
BRDA:61,10,0,56
BRDA:61,10,1,2404
BRDA:63,11,0,0
BRDA:63,11,1,2404
BRDA:68,12,0,0
BRDA:68,12,1,2404
BRDA:79,13,0,141893
BRDA:79,13,1,2404
BRDA:80,14,0,0
BRDA:80,14,1,141893
BRDA:86,15,0,31723
BRDA:86,15,1,112574
BRDA:87,16,0,0
BRDA:87,16,1,31723
BRDA:87,17,0,31723
BRDA:87,17,1,31723
BRDA:92,18,0,0
BRDA:92,18,1,31723
BRDA:92,19,0,31723
BRDA:92,19,1,14914
BRDA:97,20,0,0
BRDA:97,20,1,31723
BRDA:97,21,0,31723
BRDA:97,21,1,14914
BRF:42
BRH:34
end_of_record
TN:
SF:src/red-black/util/print.ts
FN:6,(anonymous_0)
FN:15,(anonymous_1)
FN:15,(anonymous_2)
FNF:3
FNH:0
FNDA:0,(anonymous_0)
FNDA:0,(anonymous_1)
FNDA:0,(anonymous_2)
DA:2,1
DA:3,1
DA:4,1
DA:5,1
DA:6,1
DA:7,0
DA:8,0
DA:9,0
DA:10,0
DA:11,0
DA:12,0
DA:15,0
DA:17,1
LF:13
LH:6
BRDA:6,0,0,0
BRDA:7,1,0,0
BRDA:7,1,1,0
BRDA:10,2,0,0
BRDA:10,2,1,0
BRDA:11,3,0,0
BRDA:11,3,1,0
BRDA:15,4,0,0
BRDA:15,4,1,0
BRDA:15,5,0,0
BRDA:15,5,1,0
BRF:11
BRH:0
end_of_record
TN:
SF:src/splay/util.ts
FN:4,(anonymous_0)
FN:39,(anonymous_1)
FN:49,(anonymous_2)
FN:59,(anonymous_3)
FN:83,(anonymous_4)
FN:107,(anonymous_5)
FN:131,(anonymous_6)
FNF:7
FNH:5
FNDA:11,(anonymous_0)
FNDA:0,(anonymous_1)
FNDA:2,(anonymous_2)
FNDA:1,(anonymous_3)
FNDA:0,(anonymous_4)
FNDA:2,(anonymous_5)
FNDA:1,(anonymous_6)
DA:2,2
DA:3,2
DA:4,2
DA:5,11
DA:6,11
DA:7,5
DA:8,6
DA:9,6
DA:10,6
DA:11,2
DA:12,0
DA:14,2
DA:15,2
DA:17,4
DA:18,4
DA:19,2
DA:20,0
DA:23,2
DA:27,2
DA:28,1
DA:31,1
DA:34,4
DA:35,4
DA:36,0
DA:38,2
DA:39,2
DA:40,0
DA:41,0
DA:42,0
DA:43,0
DA:44,0
DA:45,0
DA:46,0
DA:48,2
DA:49,2
DA:50,2
DA:51,2
DA:52,2
DA:53,2
DA:54,2
DA:55,2
DA:56,0
DA:58,2
DA:59,2
DA:60,1
DA:61,1
DA:62,1
DA:63,1
DA:64,1
DA:65,1
DA:66,1
DA:67,1
DA:68,1
DA:69,1
DA:70,1
DA:71,1
DA:72,1
DA:73,0
DA:74,1
DA:75,1
DA:76,0
DA:77,0
DA:79,0
DA:80,1
DA:82,2
DA:83,2
DA:84,0
DA:85,0
DA:86,0
DA:87,0
DA:88,0
DA:89,0
DA:90,0
DA:91,0
DA:92,0
DA:93,0
DA:94,0
DA:95,0
DA:96,0
DA:97,0
DA:98,0
DA:99,0
DA:100,0
DA:101,0
DA:103,0
DA:104,0
DA:106,2
DA:107,2
DA:108,2
DA:109,2
DA:110,2
DA:111,2
DA:112,2
DA:113,2
DA:114,2
DA:115,2
DA:116,2
DA:117,2
DA:118,2
DA:119,0
DA:120,2
DA:121,0
DA:122,2
DA:123,2
DA:124,0
DA:125,0
DA:127,0
DA:128,2
DA:130,2
DA:131,2
DA:132,1
DA:133,1
DA:134,1
DA:135,1
DA:136,1
DA:137,1
DA:138,1
DA:139,1
DA:140,1
DA:141,1
DA:142,1
DA:143,0
DA:144,1
DA:145,0
DA:146,1
DA:147,1
DA:148,0
DA:149,0
DA:151,0
DA:152,1
DA:154,2
LF:131
LH:86
BRDA:6,0,0,5
BRDA:6,0,1,6
BRDA:10,1,0,2
BRDA:10,1,1,4
BRDA:11,2,0,0
BRDA:11,2,1,2
BRDA:18,3,0,2
BRDA:18,3,1,2
BRDA:19,4,0,0
BRDA:19,4,1,2
BRDA:27,5,0,1
BRDA:27,5,1,1
BRDA:34,6,0,4
BRDA:34,6,1,0
BRDA:45,7,0,0
BRDA:45,7,1,0
BRDA:55,8,0,0
BRDA:55,8,1,2
BRDA:70,9,0,1
BRDA:70,9,1,0
BRDA:72,10,0,0
BRDA:72,10,1,1
BRDA:74,11,0,1
BRDA:74,11,1,0
BRDA:76,12,0,0
BRDA:76,12,1,0
BRDA:94,13,0,0
BRDA:94,13,1,0
BRDA:96,14,0,0
BRDA:96,14,1,0
BRDA:98,15,0,0
BRDA:98,15,1,0
BRDA:100,16,0,0
BRDA:100,16,1,0
BRDA:118,17,0,0
BRDA:118,17,1,2
BRDA:120,18,0,0
BRDA:120,18,1,2
BRDA:122,19,0,2
BRDA:122,19,1,0
BRDA:124,20,0,0
BRDA:124,20,1,0
BRDA:142,21,0,0
BRDA:142,21,1,1
BRDA:144,22,0,0
BRDA:144,22,1,1
BRDA:146,23,0,1
BRDA:146,23,1,0
BRDA:148,24,0,0
BRDA:148,24,1,0
BRF:50
BRH:21
end_of_record
TN:
SF:src/trie/TrieNode.ts
FN:7,(anonymous_0)
FN:15,(anonymous_1)
FN:24,(anonymous_2)
FN:27,(anonymous_3)
FNF:4
FNH:3
FNDA:103,(anonymous_0)
FNDA:1,(anonymous_1)
FNDA:10,(anonymous_2)
FNDA:0,(anonymous_3)
DA:2,2
DA:3,2
DA:4,2
DA:5,2
DA:8,103
DA:9,103
DA:10,103
DA:11,103
DA:12,103
DA:13,103
DA:16,1
DA:17,1
DA:18,1
DA:19,2
DA:20,2
DA:21,2
DA:25,10
DA:28,0
DA:31,2
LF:19
LH:18
BRDA:27,0,0,0
BRF:1
BRH:0
end_of_record
TN:
SF:src/util/first.ts
FN:4,(anonymous_0)
FNF:1
FNH:1
FNDA:88875,(anonymous_0)
DA:2,16
DA:3,16
DA:4,16
DA:5,88875
DA:6,88875
DA:7,171549
DA:8,82702
DA:10,88847
DA:11,28
DA:13,16
LF:10
LH:10
BRDA:7,0,0,82702
BRDA:7,0,1,88847
BRF:2
BRH:2
end_of_record
TN:
SF:src/util/index.ts
FN:5,(anonymous_0)
FN:7,(anonymous_1)
FN:8,(anonymous_2)
FN:18,(anonymous_3)
FN:33,(anonymous_4)
FN:38,(anonymous_5)
FN:42,(anonymous_6)
FN:53,(anonymous_7)
FN:73,(anonymous_8)
FN:81,(anonymous_9)
FN:89,(anonymous_10)
FN:111,(anonymous_11)
FNF:12
FNH:12
FNDA:3341,(anonymous_0)
FNDA:180256,(anonymous_1)
FNDA:32,(anonymous_2)
FNDA:10733,(anonymous_3)
FNDA:22081,(anonymous_4)
FNDA:428,(anonymous_5)
FNDA:4108,(anonymous_6)
FNDA:110,(anonymous_7)
FNDA:42,(anonymous_8)
FNDA:25,(anonymous_9)
FNDA:41,(anonymous_10)
FNDA:9,(anonymous_11)
DA:2,16
DA:3,16
DA:4,16
DA:5,3341
DA:6,16
DA:7,180256
DA:8,16
DA:9,32
DA:10,32
DA:11,95
DA:12,63
DA:14,32
DA:15,0
DA:17,16
DA:18,16
DA:19,10733
DA:20,2148
DA:21,2148
DA:22,0
DA:23,2148
DA:25,8585
DA:26,8585
DA:27,0
DA:28,0
DA:30,8585
DA:32,16
DA:33,16
DA:34,22081
DA:35,22081
DA:36,22081
DA:38,16
DA:39,428
DA:41,16
DA:42,16
DA:43,4108
DA:44,4108
DA:45,23833
DA:46,23833
DA:47,3682
DA:48,20151
DA:50,426
DA:52,16
DA:53,16
DA:54,110
DA:55,110
DA:56,110
DA:57,172
DA:58,172
DA:59,10
DA:60,162
DA:61,53
DA:63,109
DA:64,109
DA:65,109
DA:66,60
DA:67,49
DA:70,40
DA:72,16
DA:73,16
DA:74,42
DA:75,42
DA:76,42
DA:77,42
DA:78,0
DA:80,16
DA:81,16
DA:82,25
DA:83,25
DA:84,25
DA:85,25
DA:86,0
DA:88,16
DA:89,16
DA:90,41
DA:91,12
DA:92,29
DA:93,29
DA:94,29
DA:95,50
DA:96,50
DA:98,50
DA:99,29
DA:100,10
DA:102,19
DA:103,29
DA:106,21
DA:108,29
DA:110,16
DA:111,16
DA:112,9
DA:113,9
DA:114,9
DA:115,9
DA:116,9
DA:117,4
DA:118,3
DA:119,1
DA:120,1
DA:122,0
DA:123,1
DA:125,5
DA:126,2
DA:127,2
DA:128,0
DA:129,2
DA:130,2
DA:131,2
DA:132,2
DA:133,2
DA:135,0
DA:136,0
DA:138,0
DA:139,0
DA:140,0
DA:142,3
DA:143,3
DA:144,3
DA:145,2
DA:146,1
DA:147,1
DA:149,0
DA:150,1
DA:152,16
LF:123
LH:109
BRDA:11,0,0,63
BRDA:11,0,1,32
BRDA:19,1,0,2148
BRDA:19,1,1,8585
BRDA:26,2,0,8585
BRDA:26,2,1,8259
BRDA:36,3,0,10781
BRDA:36,3,1,11300
BRDA:36,4,0,10877
BRDA:36,4,1,11204
BRDA:39,5,0,423
BRDA:39,5,1,5
BRDA:46,6,0,3682
BRDA:46,6,1,20151
BRDA:48,7,0,9948
BRDA:48,7,1,10203
BRDA:58,8,0,10
BRDA:58,8,1,162
BRDA:60,9,0,53
BRDA:60,9,1,109
BRDA:65,10,0,60
BRDA:65,10,1,49
BRDA:77,11,0,0
BRDA:77,11,1,42
BRDA:85,12,0,0
BRDA:85,12,1,25
BRDA:90,13,0,12
BRDA:90,13,1,29
BRDA:96,14,0,18
BRDA:96,14,1,32
BRDA:98,15,0,29
BRDA:98,15,1,21
BRDA:99,16,0,10
BRDA:99,16,1,19
BRDA:116,17,0,4
BRDA:116,17,1,5
BRDA:116,18,0,9
BRDA:116,18,1,7
BRDA:117,19,0,3
BRDA:117,19,1,1
BRDA:119,20,0,1
BRDA:119,20,1,0
BRDA:125,21,0,2
BRDA:125,21,1,3
BRDA:125,22,0,5
BRDA:125,22,1,2
BRDA:131,23,0,2
BRDA:131,23,1,0
BRDA:135,24,0,0
BRDA:135,24,1,0
BRDA:142,25,0,3
BRDA:142,25,1,3
BRDA:144,26,0,2
BRDA:144,26,1,1
BRDA:146,27,0,1
BRDA:146,27,1,0
BRF:56
BRH:49
end_of_record
TN:
SF:src/util/next.ts
FN:5,(anonymous_0)
FNF:1
FNH:1
FNDA:180123,(anonymous_0)
DA:2,16
DA:3,16
DA:4,16
DA:5,16
DA:6,180123
DA:7,180123
DA:8,85534
DA:9,94589
DA:10,94589
DA:11,83542
DA:12,83542
DA:14,94589
DA:16,16
LF:13
LH:13
BRDA:7,0,0,85534
BRDA:7,0,1,94589
BRDA:10,1,0,178131
BRDA:10,1,1,174507
BRF:4
BRH:4
end_of_record
TN:
SF:src/util/print.ts
FN:6,(anonymous_0)
FN:13,(anonymous_1)
FN:13,(anonymous_2)
FNF:3
FNH:0
FNDA:0,(anonymous_0)
FNDA:0,(anonymous_1)
FNDA:0,(anonymous_2)
DA:2,7
DA:3,7
DA:4,7
DA:5,7
DA:6,7
DA:7,0
DA:8,0
DA:9,0
DA:10,0
DA:11,0
DA:13,0
DA:15,7
LF:12
LH:6
BRDA:6,0,0,0
BRDA:7,1,0,0
BRDA:7,1,1,0
BRDA:10,2,0,0
BRDA:10,2,1,0
BRDA:13,3,0,0
BRDA:13,3,1,0
BRDA:13,4,0,0
BRDA:13,4,1,0
BRF:9
BRH:0
end_of_record
TN:
SF:src/util/swap.ts
FN:11,(anonymous_0)
FNF:1
FNH:1
FNDA:28515,(anonymous_0)
DA:2,6
DA:3,6
DA:11,6
DA:12,28515
DA:13,28515
DA:14,28515
DA:15,28515
DA:16,28515
DA:17,28515
DA:18,28515
DA:19,0
DA:20,0
DA:23,28515
DA:24,28515
DA:25,0
DA:27,28515
DA:28,0
DA:29,0
DA:32,28515
DA:33,28515
DA:34,3843
DA:36,28515
DA:37,2
DA:38,2
DA:41,28513
DA:42,28513
DA:43,23827
DA:45,28515
DA:46,16693
DA:47,16693
DA:50,11822
DA:51,11822
DA:52,11820
DA:54,28515
DA:55,5415
DA:56,5415
DA:58,23100
DA:59,23100
DA:60,23100
DA:61,23100
DA:62,11726
DA:65,11374
DA:69,28515
DA:70,0
DA:71,0
DA:73,28515
DA:74,11820
DA:75,11820
DA:76,11820
DA:77,11820
DA:80,0
DA:84,28515
DA:86,6
LF:53
LH:45
BRDA:18,0,0,0
BRDA:18,0,1,28515
BRDA:24,1,0,0
BRDA:24,1,1,28515
BRDA:27,2,0,0
BRDA:27,2,1,28515
BRDA:33,3,0,3843
BRDA:33,3,1,24672
BRDA:36,4,0,2
BRDA:36,4,1,28513
BRDA:42,5,0,23827
BRDA:42,5,1,4686
BRDA:45,6,0,16693
BRDA:45,6,1,11822
BRDA:51,7,0,11820
BRDA:51,7,1,2
BRDA:54,8,0,5415
BRDA:54,8,1,23100
BRDA:58,9,0,23100
BRDA:58,9,1,0
BRDA:60,10,0,23100
BRDA:60,10,1,0
BRDA:61,11,0,11726
BRDA:61,11,1,11374
BRDA:69,12,0,0
BRDA:69,12,1,28515
BRDA:73,13,0,11820
BRDA:73,13,1,16695
BRDA:75,14,0,11820
BRDA:75,14,1,0
BRDA:76,15,0,11820
BRDA:76,15,1,0
BRF:32
BRH:24
end_of_record
